running develop
running egg_info
creating mecharm_pi.egg-info
writing mecharm_pi.egg-info/PKG-INFO
writing dependency_links to mecharm_pi.egg-info/dependency_links.txt
writing entry points to mecharm_pi.egg-info/entry_points.txt
writing requirements to mecharm_pi.egg-info/requires.txt
writing top-level names to mecharm_pi.egg-info/top_level.txt
writing manifest file 'mecharm_pi.egg-info/SOURCES.txt'
reading manifest file 'mecharm_pi.egg-info/SOURCES.txt'
writing manifest file 'mecharm_pi.egg-info/SOURCES.txt'
running build_ext
Creating /home/tony/colcon_ws/install/mecharm_pi/lib/python3.8/site-packages/site.py
Creating /home/tony/colcon_ws/install/mecharm_pi/lib/python3.8/site-packages/mecharm-pi.egg-link (link to .)
Installing follow_display script to /home/tony/colcon_ws/install/mecharm_pi/lib/mecharm_pi
Installing listen_real script to /home/tony/colcon_ws/install/mecharm_pi/lib/mecharm_pi
Installing listen_real_of_topic script to /home/tony/colcon_ws/install/mecharm_pi/lib/mecharm_pi
Installing listen_real_service script to /home/tony/colcon_ws/install/mecharm_pi/lib/mecharm_pi
Installing simple_gui script to /home/tony/colcon_ws/install/mecharm_pi/lib/mecharm_pi
Installing slider_control script to /home/tony/colcon_ws/install/mecharm_pi/lib/mecharm_pi
Installing slider_control_adaptive_gripper script to /home/tony/colcon_ws/install/mecharm_pi/lib/mecharm_pi
Installing teleop_keyboard script to /home/tony/colcon_ws/install/mecharm_pi/lib/mecharm_pi

Installed /home/tony/colcon_ws/build/mecharm_pi
running symlink_data
creating /home/tony/colcon_ws/install/mecharm_pi/share/ament_index
creating /home/tony/colcon_ws/install/mecharm_pi/share/ament_index/resource_index
creating /home/tony/colcon_ws/install/mecharm_pi/share/ament_index/resource_index/packages
symbolically linking /home/tony/colcon_ws/build/mecharm_pi/resource/mecharm_pi -> /home/tony/colcon_ws/install/mecharm_pi/share/ament_index/resource_index/packages
symbolically linking /home/tony/colcon_ws/build/mecharm_pi/package.xml -> /home/tony/colcon_ws/install/mecharm_pi/share/mecharm_pi
creating /home/tony/colcon_ws/install/mecharm_pi/share/mecharm_pi/launch
symbolically linking /home/tony/colcon_ws/build/mecharm_pi/launch/test.launch.py -> /home/tony/colcon_ws/install/mecharm_pi/share/mecharm_pi/launch
symbolically linking /home/tony/colcon_ws/build/mecharm_pi/launch/slider_control_adaptive_gripper.launch.py -> /home/tony/colcon_ws/install/mecharm_pi/share/mecharm_pi/launch
symbolically linking /home/tony/colcon_ws/build/mecharm_pi/launch/teleop_keyboard.launch.py -> /home/tony/colcon_ws/install/mecharm_pi/share/mecharm_pi/launch
symbolically linking /home/tony/colcon_ws/build/mecharm_pi/launch/follow.launch.py -> /home/tony/colcon_ws/install/mecharm_pi/share/mecharm_pi/launch
symbolically linking /home/tony/colcon_ws/build/mecharm_pi/launch/simple_gui.launch.py -> /home/tony/colcon_ws/install/mecharm_pi/share/mecharm_pi/launch
symbolically linking /home/tony/colcon_ws/build/mecharm_pi/launch/test_adaptive_gripper.launch.py -> /home/tony/colcon_ws/install/mecharm_pi/share/mecharm_pi/launch
symbolically linking /home/tony/colcon_ws/build/mecharm_pi/launch/slider_control.launch.py -> /home/tony/colcon_ws/install/mecharm_pi/share/mecharm_pi/launch
creating /home/tony/colcon_ws/install/mecharm_pi/share/mecharm_pi/config
symbolically linking /home/tony/colcon_ws/build/mecharm_pi/config/mycobot_with_marker.rviz -> /home/tony/colcon_ws/install/mecharm_pi/share/mecharm_pi/config
symbolically linking /home/tony/colcon_ws/build/mecharm_pi/config/mecharm_pi.rviz -> /home/tony/colcon_ws/install/mecharm_pi/share/mecharm_pi/config
