[0.243s] Invoking command in '/home/tony/colcon_ws/build/mecharm_pi': AMENT_PREFIX_PATH=/home/tony/colcon_ws/install/mycobot_description:${AMENT_PREFIX_PATH} PYTHONPATH=/home/tony/colcon_ws/build/mecharm_pi/prefix_override:/usr/lib/python3/dist-packages/colcon_core/task/python/colcon_distutils_commands:/home/tony/colcon_ws/install/mecharm_pi/lib/python3.8/site-packages:/home/tony/colcon_ws/build/mycobot_description:/home/tony/colcon_ws/install/mycobot_description/lib/python3.8/site-packages:${PYTHONPATH} /usr/bin/python3 -W ignore:setup.py install is deprecated -W ignore:easy_install command is deprecated setup.py develop --editable --build-directory /home/tony/colcon_ws/build/mecharm_pi/build --no-deps symlink_data
[0.344s] running develop
[0.389s] running egg_info
[0.389s] creating mecharm_pi.egg-info
[0.390s] writing mecharm_pi.egg-info/PKG-INFO
[0.390s] writing dependency_links to mecharm_pi.egg-info/dependency_links.txt
[0.390s] writing entry points to mecharm_pi.egg-info/entry_points.txt
[0.390s] writing requirements to mecharm_pi.egg-info/requires.txt
[0.390s] writing top-level names to mecharm_pi.egg-info/top_level.txt
[0.391s] writing manifest file 'mecharm_pi.egg-info/SOURCES.txt'
[0.405s] reading manifest file 'mecharm_pi.egg-info/SOURCES.txt'
[0.406s] writing manifest file 'mecharm_pi.egg-info/SOURCES.txt'
[0.423s] running build_ext
[0.424s] Creating /home/tony/colcon_ws/install/mecharm_pi/lib/python3.8/site-packages/site.py
[0.425s] Creating /home/tony/colcon_ws/install/mecharm_pi/lib/python3.8/site-packages/mecharm-pi.egg-link (link to .)
[0.425s] Installing follow_display script to /home/tony/colcon_ws/install/mecharm_pi/lib/mecharm_pi
[0.425s] Installing listen_real script to /home/tony/colcon_ws/install/mecharm_pi/lib/mecharm_pi
[0.425s] Installing listen_real_of_topic script to /home/tony/colcon_ws/install/mecharm_pi/lib/mecharm_pi
[0.425s] Installing listen_real_service script to /home/tony/colcon_ws/install/mecharm_pi/lib/mecharm_pi
[0.425s] Installing simple_gui script to /home/tony/colcon_ws/install/mecharm_pi/lib/mecharm_pi
[0.426s] Installing slider_control script to /home/tony/colcon_ws/install/mecharm_pi/lib/mecharm_pi
[0.426s] Installing slider_control_adaptive_gripper script to /home/tony/colcon_ws/install/mecharm_pi/lib/mecharm_pi
[0.426s] Installing teleop_keyboard script to /home/tony/colcon_ws/install/mecharm_pi/lib/mecharm_pi
[0.426s] 
[0.426s] Installed /home/tony/colcon_ws/build/mecharm_pi
[0.426s] running symlink_data
[0.426s] creating /home/tony/colcon_ws/install/mecharm_pi/share/ament_index
[0.426s] creating /home/tony/colcon_ws/install/mecharm_pi/share/ament_index/resource_index
[0.426s] creating /home/tony/colcon_ws/install/mecharm_pi/share/ament_index/resource_index/packages
[0.426s] symbolically linking /home/tony/colcon_ws/build/mecharm_pi/resource/mecharm_pi -> /home/tony/colcon_ws/install/mecharm_pi/share/ament_index/resource_index/packages
[0.426s] symbolically linking /home/tony/colcon_ws/build/mecharm_pi/package.xml -> /home/tony/colcon_ws/install/mecharm_pi/share/mecharm_pi
[0.426s] creating /home/tony/colcon_ws/install/mecharm_pi/share/mecharm_pi/launch
[0.426s] symbolically linking /home/tony/colcon_ws/build/mecharm_pi/launch/test.launch.py -> /home/tony/colcon_ws/install/mecharm_pi/share/mecharm_pi/launch
[0.426s] symbolically linking /home/tony/colcon_ws/build/mecharm_pi/launch/slider_control_adaptive_gripper.launch.py -> /home/tony/colcon_ws/install/mecharm_pi/share/mecharm_pi/launch
[0.426s] symbolically linking /home/tony/colcon_ws/build/mecharm_pi/launch/teleop_keyboard.launch.py -> /home/tony/colcon_ws/install/mecharm_pi/share/mecharm_pi/launch
[0.427s] symbolically linking /home/tony/colcon_ws/build/mecharm_pi/launch/follow.launch.py -> /home/tony/colcon_ws/install/mecharm_pi/share/mecharm_pi/launch
[0.427s] symbolically linking /home/tony/colcon_ws/build/mecharm_pi/launch/simple_gui.launch.py -> /home/tony/colcon_ws/install/mecharm_pi/share/mecharm_pi/launch
[0.427s] symbolically linking /home/tony/colcon_ws/build/mecharm_pi/launch/test_adaptive_gripper.launch.py -> /home/tony/colcon_ws/install/mecharm_pi/share/mecharm_pi/launch
[0.427s] symbolically linking /home/tony/colcon_ws/build/mecharm_pi/launch/slider_control.launch.py -> /home/tony/colcon_ws/install/mecharm_pi/share/mecharm_pi/launch
[0.427s] creating /home/tony/colcon_ws/install/mecharm_pi/share/mecharm_pi/config
[0.427s] symbolically linking /home/tony/colcon_ws/build/mecharm_pi/config/mycobot_with_marker.rviz -> /home/tony/colcon_ws/install/mecharm_pi/share/mecharm_pi/config
[0.427s] symbolically linking /home/tony/colcon_ws/build/mecharm_pi/config/mecharm_pi.rviz -> /home/tony/colcon_ws/install/mecharm_pi/share/mecharm_pi/config
[0.444s] Invoked command in '/home/tony/colcon_ws/build/mecharm_pi' returned '0': AMENT_PREFIX_PATH=/home/tony/colcon_ws/install/mycobot_description:${AMENT_PREFIX_PATH} PYTHONPATH=/home/tony/colcon_ws/build/mecharm_pi/prefix_override:/usr/lib/python3/dist-packages/colcon_core/task/python/colcon_distutils_commands:/home/tony/colcon_ws/install/mecharm_pi/lib/python3.8/site-packages:/home/tony/colcon_ws/build/mycobot_description:/home/tony/colcon_ws/install/mycobot_description/lib/python3.8/site-packages:${PYTHONPATH} /usr/bin/python3 -W ignore:setup.py install is deprecated -W ignore:easy_install command is deprecated setup.py develop --editable --build-directory /home/tony/colcon_ws/build/mecharm_pi/build --no-deps symlink_data
