[0.002s] Invoking command in '/home/tony/colcon_ws/build/mycobot_pro450_interfaces': CMAKE_PREFIX_PATH=/opt/ros/foxy /usr/bin/cmake /home/tony/colcon_ws/src/mycobot_ros2/mycobot_pro/mycobot_pro450_interfaces -DAMENT_CMAKE_SYMLINK_INSTALL=1 -DCMAKE_INSTALL_PREFIX=/home/tony/colcon_ws/install/mycobot_pro450_interfaces
[0.032s] -- The C compiler identification is GNU 9.4.0
[0.063s] -- The CXX compiler identification is GNU 9.4.0
[0.065s] -- Check for working C compiler: /usr/bin/cc
[0.099s] -- Check for working C compiler: /usr/bin/cc -- works
[0.099s] -- Detecting C compiler ABI info
[0.138s] -- Detecting C compiler ABI info - done
[0.144s] -- Detecting C compile features
[0.144s] -- Detecting C compile features - done
[0.145s] -- Check for working CXX compiler: /usr/bin/c++
[0.190s] -- Check for working CXX compiler: /usr/bin/c++ -- works
[0.191s] -- Detecting CXX compiler ABI info
[0.224s] -- Detecting CXX compiler ABI info - done
[0.229s] -- Detecting CXX compile features
[0.230s] -- Detecting CXX compile features - done
[0.230s] -- Found ament_cmake: 0.9.12 (/opt/ros/foxy/share/ament_cmake/cmake)
[0.241s] -- Found PythonInterp: /usr/bin/python3 (found suitable version "3.8.10", minimum required is "3") 
[0.241s] -- Using PYTHON_EXECUTABLE: /usr/bin/python3
[0.303s] -- Override CMake install command with custom implementation using symlinks instead of copying resources
[0.313s] -- Found rosidl_default_generators: 1.0.1 (/opt/ros/foxy/share/rosidl_default_generators/cmake)
[0.314s] -- Using all available rosidl_typesupport_c: rosidl_typesupport_fastrtps_c;rosidl_typesupport_introspection_c
[0.316s] -- Found rosidl_adapter: 1.3.1 (/opt/ros/foxy/share/rosidl_adapter/cmake)
[0.359s] -- Found OpenSSL: /usr/lib/aarch64-linux-gnu/libcrypto.so (found version "1.1.1f")  
[0.375s] -- Found FastRTPS: /opt/ros/foxy/include  
[0.413s] -- Using all available rosidl_typesupport_cpp: rosidl_typesupport_fastrtps_cpp;rosidl_typesupport_introspection_cpp
[0.424s] -- Found rclpy: 1.0.13 (/opt/ros/foxy/share/rclpy/cmake)
[0.424s] -- Found std_msgs: 2.0.5 (/opt/ros/foxy/share/std_msgs/cmake)
[0.451s] -- Found PythonInterp: /usr/bin/python3 (found version "3.8.10") 
[0.549s] -- Found ament_cmake_ros: 0.9.2 (/opt/ros/foxy/share/ament_cmake_ros/cmake)
[0.634s] -- Using all available rosidl_typesupport_c: rosidl_typesupport_fastrtps_c;rosidl_typesupport_introspection_c
[0.663s] -- Using all available rosidl_typesupport_cpp: rosidl_typesupport_fastrtps_cpp;rosidl_typesupport_introspection_cpp
[0.675s] -- Found PythonInterp: /usr/bin/python3 (found suitable version "3.8.10", minimum required is "3.5") 
[0.676s] -- Found python_cmake_module: 0.8.1 (/opt/ros/foxy/share/python_cmake_module/cmake)
[0.695s] -- Found PythonLibs: /usr/lib/aarch64-linux-gnu/libpython3.8.so (found suitable version "3.8.10", minimum required is "3.5") 
[0.695s] -- Using PYTHON_EXECUTABLE: /usr/bin/python3
[0.695s] -- Using PYTHON_INCLUDE_DIRS: /usr/include/python3.8
[0.695s] -- Using PYTHON_LIBRARIES: /usr/lib/aarch64-linux-gnu/libpython3.8.so
[0.704s] -- Found PythonExtra: .so  
[0.735s] -- Found ament_lint_auto: 0.9.8 (/opt/ros/foxy/share/ament_lint_auto/cmake)
[0.744s] -- Added test 'copyright' to check source files copyright and LICENSE
[0.745s] -- Added test 'lint_cmake' to check CMake code style
[0.746s] -- Added test 'xmllint' to check XML markup files
[0.748s] -- Configuring done
[0.778s] -- Generating done
[0.785s] -- Build files have been written to: /home/tony/colcon_ws/build/mycobot_pro450_interfaces
[0.790s] Invoked command in '/home/tony/colcon_ws/build/mycobot_pro450_interfaces' returned '0': CMAKE_PREFIX_PATH=/opt/ros/foxy /usr/bin/cmake /home/tony/colcon_ws/src/mycobot_ros2/mycobot_pro/mycobot_pro450_interfaces -DAMENT_CMAKE_SYMLINK_INSTALL=1 -DCMAKE_INSTALL_PREFIX=/home/tony/colcon_ws/install/mycobot_pro450_interfaces
[0.790s] Invoking command in '/home/tony/colcon_ws/build/mycobot_pro450_interfaces': CMAKE_PREFIX_PATH=/opt/ros/foxy /usr/bin/cmake --build /home/tony/colcon_ws/build/mycobot_pro450_interfaces -- -j2 -l2
[0.851s] [35m[1mScanning dependencies of target mycobot_pro450_interfaces__cpp[0m
[0.867s] [  1%] [34m[1mGenerating C code for ROS interfaces[0m
[0.886s] [  1%] [34m[1mGenerating C++ code for ROS interfaces[0m
[2.041s] [  1%] Built target mycobot_pro450_interfaces__cpp
[2.057s] [  2%] [34m[1mGenerating C++ type support dispatch for ROS interfaces[0m
[2.102s] [35m[1mScanning dependencies of target mycobot_pro450_interfaces__rosidl_generator_c[0m
[2.113s] [  3%] [32mBuilding C object CMakeFiles/mycobot_pro450_interfaces__rosidl_generator_c.dir/rosidl_generator_c/mycobot_pro450_interfaces/msg/detail/mycobot_angles__functions.c.o[0m
[2.166s] [  4%] [32mBuilding C object CMakeFiles/mycobot_pro450_interfaces__rosidl_generator_c.dir/rosidl_generator_c/mycobot_pro450_interfaces/msg/detail/mycobot_coords__functions.c.o[0m
[2.264s] [  5%] [32mBuilding C object CMakeFiles/mycobot_pro450_interfaces__rosidl_generator_c.dir/rosidl_generator_c/mycobot_pro450_interfaces/msg/detail/mycobot_set_angles__functions.c.o[0m
[2.325s] [  6%] [32mBuilding C object CMakeFiles/mycobot_pro450_interfaces__rosidl_generator_c.dir/rosidl_generator_c/mycobot_pro450_interfaces/msg/detail/mycobot_set_coords__functions.c.o[0m
[2.385s] [  7%] [32mBuilding C object CMakeFiles/mycobot_pro450_interfaces__rosidl_generator_c.dir/rosidl_generator_c/mycobot_pro450_interfaces/msg/detail/mycobot_gripper_status__functions.c.o[0m
[2.402s] [35m[1mScanning dependencies of target mycobot_pro450_interfaces__rosidl_typesupport_cpp[0m
[2.434s] [  8%] [32mBuilding CXX object CMakeFiles/mycobot_pro450_interfaces__rosidl_typesupport_cpp.dir/rosidl_typesupport_cpp/mycobot_pro450_interfaces/msg/mycobot_angles__type_support.cpp.o[0m
[2.454s] [  8%] [32mBuilding C object CMakeFiles/mycobot_pro450_interfaces__rosidl_generator_c.dir/rosidl_generator_c/mycobot_pro450_interfaces/srv/detail/get_angles__functions.c.o[0m
[2.529s] [  9%] [32mBuilding C object CMakeFiles/mycobot_pro450_interfaces__rosidl_generator_c.dir/rosidl_generator_c/mycobot_pro450_interfaces/srv/detail/set_angles__functions.c.o[0m
[2.606s] [ 10%] [32mBuilding C object CMakeFiles/mycobot_pro450_interfaces__rosidl_generator_c.dir/rosidl_generator_c/mycobot_pro450_interfaces/srv/detail/get_coords__functions.c.o[0m
[2.613s] [ 11%] [32mBuilding CXX object CMakeFiles/mycobot_pro450_interfaces__rosidl_typesupport_cpp.dir/rosidl_typesupport_cpp/mycobot_pro450_interfaces/msg/mycobot_coords__type_support.cpp.o[0m
[2.670s] [ 12%] [32mBuilding C object CMakeFiles/mycobot_pro450_interfaces__rosidl_generator_c.dir/rosidl_generator_c/mycobot_pro450_interfaces/srv/detail/set_coords__functions.c.o[0m
[2.758s] [ 13%] [32mBuilding C object CMakeFiles/mycobot_pro450_interfaces__rosidl_generator_c.dir/rosidl_generator_c/mycobot_pro450_interfaces/srv/detail/gripper_status__functions.c.o[0m
[2.805s] [ 14%] [32mBuilding C object CMakeFiles/mycobot_pro450_interfaces__rosidl_generator_c.dir/rosidl_generator_c/mycobot_pro450_interfaces/srv/detail/get_gripper_value__functions.c.o[0m
[2.830s] [ 15%] [32mBuilding CXX object CMakeFiles/mycobot_pro450_interfaces__rosidl_typesupport_cpp.dir/rosidl_typesupport_cpp/mycobot_pro450_interfaces/msg/mycobot_set_angles__type_support.cpp.o[0m
[2.890s] [ 16%] [32m[1mLinking C shared library libmycobot_pro450_interfaces__rosidl_generator_c.so[0m
[2.986s] [ 16%] Built target mycobot_pro450_interfaces__rosidl_generator_c
[3.022s] [ 16%] [34m[1mGenerating C++ type support for eProsima Fast-RTPS[0m
[3.074s] [ 17%] [32mBuilding CXX object CMakeFiles/mycobot_pro450_interfaces__rosidl_typesupport_cpp.dir/rosidl_typesupport_cpp/mycobot_pro450_interfaces/msg/mycobot_set_coords__type_support.cpp.o[0m
[3.322s] [ 18%] [32mBuilding CXX object CMakeFiles/mycobot_pro450_interfaces__rosidl_typesupport_cpp.dir/rosidl_typesupport_cpp/mycobot_pro450_interfaces/msg/mycobot_gripper_status__type_support.cpp.o[0m
[3.462s] [ 19%] [32mBuilding CXX object CMakeFiles/mycobot_pro450_interfaces__rosidl_typesupport_cpp.dir/rosidl_typesupport_cpp/mycobot_pro450_interfaces/srv/get_angles__type_support.cpp.o[0m
[3.671s] [ 20%] [32mBuilding CXX object CMakeFiles/mycobot_pro450_interfaces__rosidl_typesupport_cpp.dir/rosidl_typesupport_cpp/mycobot_pro450_interfaces/srv/set_angles__type_support.cpp.o[0m
[3.827s] [ 20%] [32mBuilding CXX object CMakeFiles/mycobot_pro450_interfaces__rosidl_typesupport_cpp.dir/rosidl_typesupport_cpp/mycobot_pro450_interfaces/srv/get_coords__type_support.cpp.o[0m
[3.840s] [35m[1mScanning dependencies of target mycobot_pro450_interfaces__rosidl_typesupport_fastrtps_cpp[0m
[3.872s] [ 21%] [32mBuilding CXX object CMakeFiles/mycobot_pro450_interfaces__rosidl_typesupport_fastrtps_cpp.dir/rosidl_typesupport_fastrtps_cpp/mycobot_pro450_interfaces/msg/detail/dds_fastrtps/mycobot_angles__type_support.cpp.o[0m
[4.042s] [ 22%] [32mBuilding CXX object CMakeFiles/mycobot_pro450_interfaces__rosidl_typesupport_cpp.dir/rosidl_typesupport_cpp/mycobot_pro450_interfaces/srv/set_coords__type_support.cpp.o[0m
[4.162s] [ 23%] [32mBuilding CXX object CMakeFiles/mycobot_pro450_interfaces__rosidl_typesupport_fastrtps_cpp.dir/rosidl_typesupport_fastrtps_cpp/mycobot_pro450_interfaces/msg/detail/dds_fastrtps/mycobot_coords__type_support.cpp.o[0m
[4.276s] [ 24%] [32mBuilding CXX object CMakeFiles/mycobot_pro450_interfaces__rosidl_typesupport_cpp.dir/rosidl_typesupport_cpp/mycobot_pro450_interfaces/srv/gripper_status__type_support.cpp.o[0m
[4.445s] [ 25%] [32mBuilding CXX object CMakeFiles/mycobot_pro450_interfaces__rosidl_typesupport_fastrtps_cpp.dir/rosidl_typesupport_fastrtps_cpp/mycobot_pro450_interfaces/msg/detail/dds_fastrtps/mycobot_set_angles__type_support.cpp.o[0m
[4.475s] [ 26%] [32mBuilding CXX object CMakeFiles/mycobot_pro450_interfaces__rosidl_typesupport_cpp.dir/rosidl_typesupport_cpp/mycobot_pro450_interfaces/srv/get_gripper_value__type_support.cpp.o[0m
[4.698s] [ 27%] [32m[1mLinking CXX shared library libmycobot_pro450_interfaces__rosidl_typesupport_cpp.so[0m
[4.782s] [ 27%] Built target mycobot_pro450_interfaces__rosidl_typesupport_cpp
[4.783s] [ 28%] [32mBuilding CXX object CMakeFiles/mycobot_pro450_interfaces__rosidl_typesupport_fastrtps_cpp.dir/rosidl_typesupport_fastrtps_cpp/mycobot_pro450_interfaces/msg/detail/dds_fastrtps/mycobot_set_coords__type_support.cpp.o[0m
[4.805s] [ 29%] [34m[1mGenerating C++ introspection for ROS interfaces[0m
[5.066s] [ 30%] [32mBuilding CXX object CMakeFiles/mycobot_pro450_interfaces__rosidl_typesupport_fastrtps_cpp.dir/rosidl_typesupport_fastrtps_cpp/mycobot_pro450_interfaces/msg/detail/dds_fastrtps/mycobot_gripper_status__type_support.cpp.o[0m
[5.297s] [ 31%] [32mBuilding CXX object CMakeFiles/mycobot_pro450_interfaces__rosidl_typesupport_fastrtps_cpp.dir/rosidl_typesupport_fastrtps_cpp/mycobot_pro450_interfaces/srv/detail/dds_fastrtps/get_angles__type_support.cpp.o[0m
[5.370s] [35m[1mScanning dependencies of target mycobot_pro450_interfaces__rosidl_typesupport_introspection_cpp[0m
[5.410s] [ 32%] [32mBuilding CXX object CMakeFiles/mycobot_pro450_interfaces__rosidl_typesupport_introspection_cpp.dir/rosidl_typesupport_introspection_cpp/mycobot_pro450_interfaces/msg/detail/mycobot_angles__type_support.cpp.o[0m
[5.490s] [ 33%] [32mBuilding CXX object CMakeFiles/mycobot_pro450_interfaces__rosidl_typesupport_fastrtps_cpp.dir/rosidl_typesupport_fastrtps_cpp/mycobot_pro450_interfaces/srv/detail/dds_fastrtps/set_angles__type_support.cpp.o[0m
[5.563s] [ 33%] [32mBuilding CXX object CMakeFiles/mycobot_pro450_interfaces__rosidl_typesupport_introspection_cpp.dir/rosidl_typesupport_introspection_cpp/mycobot_pro450_interfaces/msg/detail/mycobot_coords__type_support.cpp.o[0m
[5.761s] [ 34%] [32mBuilding CXX object CMakeFiles/mycobot_pro450_interfaces__rosidl_typesupport_fastrtps_cpp.dir/rosidl_typesupport_fastrtps_cpp/mycobot_pro450_interfaces/srv/detail/dds_fastrtps/get_coords__type_support.cpp.o[0m
[5.811s] [ 35%] [32mBuilding CXX object CMakeFiles/mycobot_pro450_interfaces__rosidl_typesupport_introspection_cpp.dir/rosidl_typesupport_introspection_cpp/mycobot_pro450_interfaces/msg/detail/mycobot_set_angles__type_support.cpp.o[0m
[6.270s] [ 36%] [32mBuilding CXX object CMakeFiles/mycobot_pro450_interfaces__rosidl_typesupport_introspection_cpp.dir/rosidl_typesupport_introspection_cpp/mycobot_pro450_interfaces/msg/detail/mycobot_set_coords__type_support.cpp.o[0m
[6.334s] [ 37%] [32mBuilding CXX object CMakeFiles/mycobot_pro450_interfaces__rosidl_typesupport_fastrtps_cpp.dir/rosidl_typesupport_fastrtps_cpp/mycobot_pro450_interfaces/srv/detail/dds_fastrtps/set_coords__type_support.cpp.o[0m
[6.496s] [ 38%] [32mBuilding CXX object CMakeFiles/mycobot_pro450_interfaces__rosidl_typesupport_introspection_cpp.dir/rosidl_typesupport_introspection_cpp/mycobot_pro450_interfaces/msg/detail/mycobot_gripper_status__type_support.cpp.o[0m
[6.710s] [ 38%] [32mBuilding CXX object CMakeFiles/mycobot_pro450_interfaces__rosidl_typesupport_fastrtps_cpp.dir/rosidl_typesupport_fastrtps_cpp/mycobot_pro450_interfaces/srv/detail/dds_fastrtps/gripper_status__type_support.cpp.o[0m
[6.770s] [ 39%] [32mBuilding CXX object CMakeFiles/mycobot_pro450_interfaces__rosidl_typesupport_introspection_cpp.dir/rosidl_typesupport_introspection_cpp/mycobot_pro450_interfaces/srv/detail/get_angles__type_support.cpp.o[0m
[7.020s] [ 40%] [32mBuilding CXX object CMakeFiles/mycobot_pro450_interfaces__rosidl_typesupport_introspection_cpp.dir/rosidl_typesupport_introspection_cpp/mycobot_pro450_interfaces/srv/detail/set_angles__type_support.cpp.o[0m
[7.074s] [ 41%] [32mBuilding CXX object CMakeFiles/mycobot_pro450_interfaces__rosidl_typesupport_fastrtps_cpp.dir/rosidl_typesupport_fastrtps_cpp/mycobot_pro450_interfaces/srv/detail/dds_fastrtps/get_gripper_value__type_support.cpp.o[0m
[7.219s] [ 42%] [32mBuilding CXX object CMakeFiles/mycobot_pro450_interfaces__rosidl_typesupport_introspection_cpp.dir/rosidl_typesupport_introspection_cpp/mycobot_pro450_interfaces/srv/detail/get_coords__type_support.cpp.o[0m
[7.564s] [ 43%] [32mBuilding CXX object CMakeFiles/mycobot_pro450_interfaces__rosidl_typesupport_introspection_cpp.dir/rosidl_typesupport_introspection_cpp/mycobot_pro450_interfaces/srv/detail/set_coords__type_support.cpp.o[0m
[7.565s] [ 44%] [32m[1mLinking CXX shared library libmycobot_pro450_interfaces__rosidl_typesupport_fastrtps_cpp.so[0m
[7.672s] [ 44%] Built target mycobot_pro450_interfaces__rosidl_typesupport_fastrtps_cpp
[7.687s] [ 45%] [32mBuilding CXX object CMakeFiles/mycobot_pro450_interfaces__rosidl_typesupport_introspection_cpp.dir/rosidl_typesupport_introspection_cpp/mycobot_pro450_interfaces/srv/detail/gripper_status__type_support.cpp.o[0m
[7.693s] [ 46%] [34m[1mGenerating C introspection for ROS interfaces[0m
[7.928s] [ 47%] [32mBuilding CXX object CMakeFiles/mycobot_pro450_interfaces__rosidl_typesupport_introspection_cpp.dir/rosidl_typesupport_introspection_cpp/mycobot_pro450_interfaces/srv/detail/get_gripper_value__type_support.cpp.o[0m
[8.135s] [ 48%] [32m[1mLinking CXX shared library libmycobot_pro450_interfaces__rosidl_typesupport_introspection_cpp.so[0m
[8.153s] [ 48%] Built target mycobot_pro450_interfaces__rosidl_typesupport_introspection_cpp
[8.164s] [ 49%] [34m[1mGenerating C type support dispatch for ROS interfaces[0m
[8.238s] [35m[1mScanning dependencies of target mycobot_pro450_interfaces__rosidl_typesupport_introspection_c[0m
[8.270s] [ 50%] [32mBuilding C object CMakeFiles/mycobot_pro450_interfaces__rosidl_typesupport_introspection_c.dir/rosidl_typesupport_introspection_c/mycobot_pro450_interfaces/msg/detail/mycobot_angles__type_support.c.o[0m
[8.339s] [ 51%] [32mBuilding C object CMakeFiles/mycobot_pro450_interfaces__rosidl_typesupport_introspection_c.dir/rosidl_typesupport_introspection_c/mycobot_pro450_interfaces/msg/detail/mycobot_coords__type_support.c.o[0m
[8.370s] [ 52%] [32mBuilding C object CMakeFiles/mycobot_pro450_interfaces__rosidl_typesupport_introspection_c.dir/rosidl_typesupport_introspection_c/mycobot_pro450_interfaces/msg/detail/mycobot_set_angles__type_support.c.o[0m
[8.423s] [ 53%] [32mBuilding C object CMakeFiles/mycobot_pro450_interfaces__rosidl_typesupport_introspection_c.dir/rosidl_typesupport_introspection_c/mycobot_pro450_interfaces/msg/detail/mycobot_set_coords__type_support.c.o[0m
[8.474s] [35m[1mScanning dependencies of target mycobot_pro450_interfaces__rosidl_typesupport_c[0m
[8.479s] [ 54%] [32mBuilding C object CMakeFiles/mycobot_pro450_interfaces__rosidl_typesupport_introspection_c.dir/rosidl_typesupport_introspection_c/mycobot_pro450_interfaces/msg/detail/mycobot_gripper_status__type_support.c.o[0m
[8.498s] [ 55%] [32mBuilding CXX object CMakeFiles/mycobot_pro450_interfaces__rosidl_typesupport_c.dir/rosidl_typesupport_c/mycobot_pro450_interfaces/msg/mycobot_angles__type_support.cpp.o[0m
[8.515s] [ 56%] [32mBuilding C object CMakeFiles/mycobot_pro450_interfaces__rosidl_typesupport_introspection_c.dir/rosidl_typesupport_introspection_c/mycobot_pro450_interfaces/srv/detail/get_angles__type_support.c.o[0m
[8.547s] [ 56%] [32mBuilding C object CMakeFiles/mycobot_pro450_interfaces__rosidl_typesupport_introspection_c.dir/rosidl_typesupport_introspection_c/mycobot_pro450_interfaces/srv/detail/set_angles__type_support.c.o[0m
[8.551s] [ 57%] [32mBuilding CXX object CMakeFiles/mycobot_pro450_interfaces__rosidl_typesupport_c.dir/rosidl_typesupport_c/mycobot_pro450_interfaces/msg/mycobot_coords__type_support.cpp.o[0m
[8.577s] [ 58%] [32mBuilding C object CMakeFiles/mycobot_pro450_interfaces__rosidl_typesupport_introspection_c.dir/rosidl_typesupport_introspection_c/mycobot_pro450_interfaces/srv/detail/get_coords__type_support.c.o[0m
[8.608s] [ 58%] [32mBuilding CXX object CMakeFiles/mycobot_pro450_interfaces__rosidl_typesupport_c.dir/rosidl_typesupport_c/mycobot_pro450_interfaces/msg/mycobot_set_angles__type_support.cpp.o[0m
[8.622s] [ 59%] [32mBuilding C object CMakeFiles/mycobot_pro450_interfaces__rosidl_typesupport_introspection_c.dir/rosidl_typesupport_introspection_c/mycobot_pro450_interfaces/srv/detail/set_coords__type_support.c.o[0m
[8.652s] [ 60%] [32mBuilding CXX object CMakeFiles/mycobot_pro450_interfaces__rosidl_typesupport_c.dir/rosidl_typesupport_c/mycobot_pro450_interfaces/msg/mycobot_set_coords__type_support.cpp.o[0m
[8.690s] [ 61%] [32mBuilding C object CMakeFiles/mycobot_pro450_interfaces__rosidl_typesupport_introspection_c.dir/rosidl_typesupport_introspection_c/mycobot_pro450_interfaces/srv/detail/gripper_status__type_support.c.o[0m
[8.711s] [ 62%] [32mBuilding CXX object CMakeFiles/mycobot_pro450_interfaces__rosidl_typesupport_c.dir/rosidl_typesupport_c/mycobot_pro450_interfaces/msg/mycobot_gripper_status__type_support.cpp.o[0m
[8.769s] [ 63%] [32mBuilding C object CMakeFiles/mycobot_pro450_interfaces__rosidl_typesupport_introspection_c.dir/rosidl_typesupport_introspection_c/mycobot_pro450_interfaces/srv/detail/get_gripper_value__type_support.c.o[0m
[8.784s] [ 64%] [32mBuilding CXX object CMakeFiles/mycobot_pro450_interfaces__rosidl_typesupport_c.dir/rosidl_typesupport_c/mycobot_pro450_interfaces/srv/get_angles__type_support.cpp.o[0m
[8.867s] [ 65%] [32m[1mLinking C shared library libmycobot_pro450_interfaces__rosidl_typesupport_introspection_c.so[0m
[8.876s] [ 66%] [32mBuilding CXX object CMakeFiles/mycobot_pro450_interfaces__rosidl_typesupport_c.dir/rosidl_typesupport_c/mycobot_pro450_interfaces/srv/set_angles__type_support.cpp.o[0m
[8.929s] [ 67%] [32mBuilding CXX object CMakeFiles/mycobot_pro450_interfaces__rosidl_typesupport_c.dir/rosidl_typesupport_c/mycobot_pro450_interfaces/srv/get_coords__type_support.cpp.o[0m
[8.940s] [ 67%] Built target mycobot_pro450_interfaces__rosidl_typesupport_introspection_c
[8.971s] [ 68%] [32mBuilding CXX object CMakeFiles/mycobot_pro450_interfaces__rosidl_typesupport_c.dir/rosidl_typesupport_c/mycobot_pro450_interfaces/srv/set_coords__type_support.cpp.o[0m
[8.996s] [ 69%] [34m[1mGenerating C type support for eProsima Fast-RTPS[0m
[9.049s] [ 70%] [32mBuilding CXX object CMakeFiles/mycobot_pro450_interfaces__rosidl_typesupport_c.dir/rosidl_typesupport_c/mycobot_pro450_interfaces/srv/gripper_status__type_support.cpp.o[0m
[9.164s] [ 71%] [32mBuilding CXX object CMakeFiles/mycobot_pro450_interfaces__rosidl_typesupport_c.dir/rosidl_typesupport_c/mycobot_pro450_interfaces/srv/get_gripper_value__type_support.cpp.o[0m
[9.228s] [ 72%] [32m[1mLinking CXX shared library libmycobot_pro450_interfaces__rosidl_typesupport_c.so[0m
[9.296s] [ 72%] Built target mycobot_pro450_interfaces__rosidl_typesupport_c
[9.495s] [35m[1mScanning dependencies of target mycobot_pro450_interfaces__rosidl_typesupport_fastrtps_c[0m
[9.538s] [ 73%] [32mBuilding CXX object CMakeFiles/mycobot_pro450_interfaces__rosidl_typesupport_fastrtps_c.dir/rosidl_typesupport_fastrtps_c/mycobot_pro450_interfaces/msg/detail/mycobot_angles__type_support_c.cpp.o[0m
[9.576s] [ 74%] [32mBuilding CXX object CMakeFiles/mycobot_pro450_interfaces__rosidl_typesupport_fastrtps_c.dir/rosidl_typesupport_fastrtps_c/mycobot_pro450_interfaces/msg/detail/mycobot_coords__type_support_c.cpp.o[0m
[9.962s] [ 75%] [32mBuilding CXX object CMakeFiles/mycobot_pro450_interfaces__rosidl_typesupport_fastrtps_c.dir/rosidl_typesupport_fastrtps_c/mycobot_pro450_interfaces/msg/detail/mycobot_set_angles__type_support_c.cpp.o[0m
[9.963s] [ 76%] [32mBuilding CXX object CMakeFiles/mycobot_pro450_interfaces__rosidl_typesupport_fastrtps_c.dir/rosidl_typesupport_fastrtps_c/mycobot_pro450_interfaces/msg/detail/mycobot_set_coords__type_support_c.cpp.o[0m
[10.213s] [ 76%] [32mBuilding CXX object CMakeFiles/mycobot_pro450_interfaces__rosidl_typesupport_fastrtps_c.dir/rosidl_typesupport_fastrtps_c/mycobot_pro450_interfaces/msg/detail/mycobot_gripper_status__type_support_c.cpp.o[0m
[10.220s] [ 77%] [32mBuilding CXX object CMakeFiles/mycobot_pro450_interfaces__rosidl_typesupport_fastrtps_c.dir/rosidl_typesupport_fastrtps_c/mycobot_pro450_interfaces/srv/detail/get_angles__type_support_c.cpp.o[0m
[10.464s] [ 78%] [32mBuilding CXX object CMakeFiles/mycobot_pro450_interfaces__rosidl_typesupport_fastrtps_c.dir/rosidl_typesupport_fastrtps_c/mycobot_pro450_interfaces/srv/detail/set_angles__type_support_c.cpp.o[0m
[10.530s] [ 79%] [32mBuilding CXX object CMakeFiles/mycobot_pro450_interfaces__rosidl_typesupport_fastrtps_c.dir/rosidl_typesupport_fastrtps_c/mycobot_pro450_interfaces/srv/detail/get_coords__type_support_c.cpp.o[0m
[10.727s] [ 80%] [32mBuilding CXX object CMakeFiles/mycobot_pro450_interfaces__rosidl_typesupport_fastrtps_c.dir/rosidl_typesupport_fastrtps_c/mycobot_pro450_interfaces/srv/detail/set_coords__type_support_c.cpp.o[0m
[10.795s] [ 81%] [32mBuilding CXX object CMakeFiles/mycobot_pro450_interfaces__rosidl_typesupport_fastrtps_c.dir/rosidl_typesupport_fastrtps_c/mycobot_pro450_interfaces/srv/detail/gripper_status__type_support_c.cpp.o[0m
[11.025s] [ 82%] [32mBuilding CXX object CMakeFiles/mycobot_pro450_interfaces__rosidl_typesupport_fastrtps_c.dir/rosidl_typesupport_fastrtps_c/mycobot_pro450_interfaces/srv/detail/get_gripper_value__type_support_c.cpp.o[0m
[11.402s] [ 83%] [32m[1mLinking CXX shared library libmycobot_pro450_interfaces__rosidl_typesupport_fastrtps_c.so[0m
[11.452s] [ 83%] Built target mycobot_pro450_interfaces__rosidl_typesupport_fastrtps_c
[11.459s] [35m[1mScanning dependencies of target mycobot_pro450_interfaces[0m
[11.465s] [ 83%] Built target mycobot_pro450_interfaces
[11.471s] [35m[1mScanning dependencies of target mycobot_pro450_interfaces__py[0m
[11.479s] [ 84%] [34m[1mGenerating Python code for ROS interfaces[0m
[12.199s] [ 84%] Built target mycobot_pro450_interfaces__py
[12.205s] [35m[1mScanning dependencies of target mycobot_pro450_interfaces__python[0m
[12.225s] [ 85%] [32mBuilding C object CMakeFiles/mycobot_pro450_interfaces__python.dir/rosidl_generator_py/mycobot_pro450_interfaces/msg/_mycobot_coords_s.c.o[0m
[12.226s] [ 86%] [32mBuilding C object CMakeFiles/mycobot_pro450_interfaces__python.dir/rosidl_generator_py/mycobot_pro450_interfaces/msg/_mycobot_angles_s.c.o[0m
[12.272s] [ 87%] [32mBuilding C object CMakeFiles/mycobot_pro450_interfaces__python.dir/rosidl_generator_py/mycobot_pro450_interfaces/msg/_mycobot_set_angles_s.c.o[0m
[12.299s] [ 88%] [32mBuilding C object CMakeFiles/mycobot_pro450_interfaces__python.dir/rosidl_generator_py/mycobot_pro450_interfaces/msg/_mycobot_set_coords_s.c.o[0m
[12.337s] [ 89%] [32mBuilding C object CMakeFiles/mycobot_pro450_interfaces__python.dir/rosidl_generator_py/mycobot_pro450_interfaces/msg/_mycobot_gripper_status_s.c.o[0m
[12.443s] [ 90%] [32mBuilding C object CMakeFiles/mycobot_pro450_interfaces__python.dir/rosidl_generator_py/mycobot_pro450_interfaces/srv/_get_angles_s.c.o[0m
[12.456s] [ 91%] [32mBuilding C object CMakeFiles/mycobot_pro450_interfaces__python.dir/rosidl_generator_py/mycobot_pro450_interfaces/srv/_set_angles_s.c.o[0m
[12.561s] [ 92%] [32mBuilding C object CMakeFiles/mycobot_pro450_interfaces__python.dir/rosidl_generator_py/mycobot_pro450_interfaces/srv/_get_coords_s.c.o[0m
[12.591s] [ 92%] [32mBuilding C object CMakeFiles/mycobot_pro450_interfaces__python.dir/rosidl_generator_py/mycobot_pro450_interfaces/srv/_set_coords_s.c.o[0m
[12.664s] [ 93%] [32mBuilding C object CMakeFiles/mycobot_pro450_interfaces__python.dir/rosidl_generator_py/mycobot_pro450_interfaces/srv/_gripper_status_s.c.o[0m
[12.666s] [ 94%] [32mBuilding C object CMakeFiles/mycobot_pro450_interfaces__python.dir/rosidl_generator_py/mycobot_pro450_interfaces/srv/_get_gripper_value_s.c.o[0m
[12.747s] [ 95%] [32m[1mLinking C shared library rosidl_generator_py/mycobot_pro450_interfaces/libmycobot_pro450_interfaces__python.so[0m
[12.798s] [ 95%] Built target mycobot_pro450_interfaces__python
[12.805s] [35m[1mScanning dependencies of target mycobot_pro450_interfaces__rosidl_typesupport_c__pyext[0m
[12.808s] [35m[1mScanning dependencies of target mycobot_pro450_interfaces__rosidl_typesupport_fastrtps_c__pyext[0m
[12.828s] [ 95%] [32mBuilding C object CMakeFiles/mycobot_pro450_interfaces__rosidl_typesupport_c__pyext.dir/rosidl_generator_py/mycobot_pro450_interfaces/_mycobot_pro450_interfaces_s.ep.rosidl_typesupport_c.c.o[0m
[12.835s] [ 96%] [32mBuilding C object CMakeFiles/mycobot_pro450_interfaces__rosidl_typesupport_fastrtps_c__pyext.dir/rosidl_generator_py/mycobot_pro450_interfaces/_mycobot_pro450_interfaces_s.ep.rosidl_typesupport_fastrtps_c.c.o[0m
[12.886s] [ 97%] [32m[1mLinking C shared library rosidl_generator_py/mycobot_pro450_interfaces/mycobot_pro450_interfaces_s__rosidl_typesupport_c.cpython-38-aarch64-linux-gnu.so[0m
[12.915s] [ 98%] [32m[1mLinking CXX shared library rosidl_generator_py/mycobot_pro450_interfaces/mycobot_pro450_interfaces_s__rosidl_typesupport_fastrtps_c.cpython-38-aarch64-linux-gnu.so[0m
[12.917s] [ 98%] Built target mycobot_pro450_interfaces__rosidl_typesupport_c__pyext
[12.923s] [35m[1mScanning dependencies of target mycobot_pro450_interfaces__rosidl_typesupport_introspection_c__pyext[0m
[12.935s] [ 99%] [32mBuilding C object CMakeFiles/mycobot_pro450_interfaces__rosidl_typesupport_introspection_c__pyext.dir/rosidl_generator_py/mycobot_pro450_interfaces/_mycobot_pro450_interfaces_s.ep.rosidl_typesupport_introspection_c.c.o[0m
[12.982s] [ 99%] Built target mycobot_pro450_interfaces__rosidl_typesupport_fastrtps_c__pyext
[13.019s] [100%] [32m[1mLinking C shared library rosidl_generator_py/mycobot_pro450_interfaces/mycobot_pro450_interfaces_s__rosidl_typesupport_introspection_c.cpython-38-aarch64-linux-gnu.so[0m
[13.037s] [100%] Built target mycobot_pro450_interfaces__rosidl_typesupport_introspection_c__pyext
[13.045s] Invoked command in '/home/tony/colcon_ws/build/mycobot_pro450_interfaces' returned '0': CMAKE_PREFIX_PATH=/opt/ros/foxy /usr/bin/cmake --build /home/tony/colcon_ws/build/mycobot_pro450_interfaces -- -j2 -l2
[13.046s] Invoking command in '/home/tony/colcon_ws/build/mycobot_pro450_interfaces': CMAKE_PREFIX_PATH=/opt/ros/foxy /usr/bin/cmake --install /home/tony/colcon_ws/build/mycobot_pro450_interfaces
[13.051s] -- Install configuration: ""
[13.051s] -- Execute custom install script
[13.051s] -- Symlinking: /home/tony/colcon_ws/install/mycobot_pro450_interfaces/share/ament_index/resource_index/rosidl_interfaces/mycobot_pro450_interfaces
[13.056s] -- Symlinking: /home/tony/colcon_ws/install/mycobot_pro450_interfaces/include/mycobot_pro450_interfaces/msg/detail/mycobot_angles__functions.h
[13.062s] -- Symlinking: /home/tony/colcon_ws/install/mycobot_pro450_interfaces/include/mycobot_pro450_interfaces/msg/detail/mycobot_angles__struct.h
[13.066s] -- Symlinking: /home/tony/colcon_ws/install/mycobot_pro450_interfaces/include/mycobot_pro450_interfaces/msg/detail/mycobot_angles__type_support.h
[13.072s] -- Symlinking: /home/tony/colcon_ws/install/mycobot_pro450_interfaces/include/mycobot_pro450_interfaces/msg/detail/mycobot_coords__functions.h
[13.075s] -- Symlinking: /home/tony/colcon_ws/install/mycobot_pro450_interfaces/include/mycobot_pro450_interfaces/msg/detail/mycobot_coords__struct.h
[13.080s] -- Symlinking: /home/tony/colcon_ws/install/mycobot_pro450_interfaces/include/mycobot_pro450_interfaces/msg/detail/mycobot_coords__type_support.h
[13.084s] -- Symlinking: /home/tony/colcon_ws/install/mycobot_pro450_interfaces/include/mycobot_pro450_interfaces/msg/detail/mycobot_gripper_status__functions.h
[13.088s] -- Symlinking: /home/tony/colcon_ws/install/mycobot_pro450_interfaces/include/mycobot_pro450_interfaces/msg/detail/mycobot_gripper_status__struct.h
[13.091s] -- Symlinking: /home/tony/colcon_ws/install/mycobot_pro450_interfaces/include/mycobot_pro450_interfaces/msg/detail/mycobot_gripper_status__type_support.h
[13.094s] -- Symlinking: /home/tony/colcon_ws/install/mycobot_pro450_interfaces/include/mycobot_pro450_interfaces/msg/detail/mycobot_set_angles__functions.h
[13.097s] -- Symlinking: /home/tony/colcon_ws/install/mycobot_pro450_interfaces/include/mycobot_pro450_interfaces/msg/detail/mycobot_set_angles__struct.h
[13.100s] -- Symlinking: /home/tony/colcon_ws/install/mycobot_pro450_interfaces/include/mycobot_pro450_interfaces/msg/detail/mycobot_set_angles__type_support.h
[13.103s] -- Symlinking: /home/tony/colcon_ws/install/mycobot_pro450_interfaces/include/mycobot_pro450_interfaces/msg/detail/mycobot_set_coords__functions.h
[13.106s] -- Symlinking: /home/tony/colcon_ws/install/mycobot_pro450_interfaces/include/mycobot_pro450_interfaces/msg/detail/mycobot_set_coords__struct.h
[13.109s] -- Symlinking: /home/tony/colcon_ws/install/mycobot_pro450_interfaces/include/mycobot_pro450_interfaces/msg/detail/mycobot_set_coords__type_support.h
[13.112s] -- Symlinking: /home/tony/colcon_ws/install/mycobot_pro450_interfaces/include/mycobot_pro450_interfaces/msg/mycobot_angles.h
[13.116s] -- Symlinking: /home/tony/colcon_ws/install/mycobot_pro450_interfaces/include/mycobot_pro450_interfaces/msg/mycobot_coords.h
[13.119s] -- Symlinking: /home/tony/colcon_ws/install/mycobot_pro450_interfaces/include/mycobot_pro450_interfaces/msg/mycobot_gripper_status.h
[13.122s] -- Symlinking: /home/tony/colcon_ws/install/mycobot_pro450_interfaces/include/mycobot_pro450_interfaces/msg/mycobot_set_angles.h
[13.126s] -- Symlinking: /home/tony/colcon_ws/install/mycobot_pro450_interfaces/include/mycobot_pro450_interfaces/msg/mycobot_set_coords.h
[13.129s] -- Symlinking: /home/tony/colcon_ws/install/mycobot_pro450_interfaces/include/mycobot_pro450_interfaces/msg/rosidl_generator_c__visibility_control.h
[13.132s] -- Symlinking: /home/tony/colcon_ws/install/mycobot_pro450_interfaces/include/mycobot_pro450_interfaces/srv/detail/get_angles__functions.h
[13.135s] -- Symlinking: /home/tony/colcon_ws/install/mycobot_pro450_interfaces/include/mycobot_pro450_interfaces/srv/detail/get_angles__struct.h
[13.138s] -- Symlinking: /home/tony/colcon_ws/install/mycobot_pro450_interfaces/include/mycobot_pro450_interfaces/srv/detail/get_angles__type_support.h
[13.141s] -- Symlinking: /home/tony/colcon_ws/install/mycobot_pro450_interfaces/include/mycobot_pro450_interfaces/srv/detail/get_coords__functions.h
[13.146s] -- Symlinking: /home/tony/colcon_ws/install/mycobot_pro450_interfaces/include/mycobot_pro450_interfaces/srv/detail/get_coords__struct.h
[13.149s] -- Symlinking: /home/tony/colcon_ws/install/mycobot_pro450_interfaces/include/mycobot_pro450_interfaces/srv/detail/get_coords__type_support.h
[13.153s] -- Symlinking: /home/tony/colcon_ws/install/mycobot_pro450_interfaces/include/mycobot_pro450_interfaces/srv/detail/get_gripper_value__functions.h
[13.156s] -- Symlinking: /home/tony/colcon_ws/install/mycobot_pro450_interfaces/include/mycobot_pro450_interfaces/srv/detail/get_gripper_value__struct.h
[13.159s] -- Symlinking: /home/tony/colcon_ws/install/mycobot_pro450_interfaces/include/mycobot_pro450_interfaces/srv/detail/get_gripper_value__type_support.h
[13.162s] -- Symlinking: /home/tony/colcon_ws/install/mycobot_pro450_interfaces/include/mycobot_pro450_interfaces/srv/detail/gripper_status__functions.h
[13.164s] -- Symlinking: /home/tony/colcon_ws/install/mycobot_pro450_interfaces/include/mycobot_pro450_interfaces/srv/detail/gripper_status__struct.h
[13.167s] -- Symlinking: /home/tony/colcon_ws/install/mycobot_pro450_interfaces/include/mycobot_pro450_interfaces/srv/detail/gripper_status__type_support.h
[13.171s] -- Symlinking: /home/tony/colcon_ws/install/mycobot_pro450_interfaces/include/mycobot_pro450_interfaces/srv/detail/set_angles__functions.h
[13.177s] -- Symlinking: /home/tony/colcon_ws/install/mycobot_pro450_interfaces/include/mycobot_pro450_interfaces/srv/detail/set_angles__struct.h
[13.182s] -- Symlinking: /home/tony/colcon_ws/install/mycobot_pro450_interfaces/include/mycobot_pro450_interfaces/srv/detail/set_angles__type_support.h
[13.185s] -- Symlinking: /home/tony/colcon_ws/install/mycobot_pro450_interfaces/include/mycobot_pro450_interfaces/srv/detail/set_coords__functions.h
[13.188s] -- Symlinking: /home/tony/colcon_ws/install/mycobot_pro450_interfaces/include/mycobot_pro450_interfaces/srv/detail/set_coords__struct.h
[13.192s] -- Symlinking: /home/tony/colcon_ws/install/mycobot_pro450_interfaces/include/mycobot_pro450_interfaces/srv/detail/set_coords__type_support.h
[13.195s] -- Symlinking: /home/tony/colcon_ws/install/mycobot_pro450_interfaces/include/mycobot_pro450_interfaces/srv/get_angles.h
[13.198s] -- Symlinking: /home/tony/colcon_ws/install/mycobot_pro450_interfaces/include/mycobot_pro450_interfaces/srv/get_coords.h
[13.201s] -- Symlinking: /home/tony/colcon_ws/install/mycobot_pro450_interfaces/include/mycobot_pro450_interfaces/srv/get_gripper_value.h
[13.204s] -- Symlinking: /home/tony/colcon_ws/install/mycobot_pro450_interfaces/include/mycobot_pro450_interfaces/srv/gripper_status.h
[13.207s] -- Symlinking: /home/tony/colcon_ws/install/mycobot_pro450_interfaces/include/mycobot_pro450_interfaces/srv/set_angles.h
[13.210s] -- Symlinking: /home/tony/colcon_ws/install/mycobot_pro450_interfaces/include/mycobot_pro450_interfaces/srv/set_coords.h
[13.213s] -- Symlinking: /home/tony/colcon_ws/install/mycobot_pro450_interfaces/share/mycobot_pro450_interfaces/environment/library_path.sh
[13.217s] -- Symlinking: /home/tony/colcon_ws/install/mycobot_pro450_interfaces/share/mycobot_pro450_interfaces/environment/library_path.dsv
[13.220s] -- Symlinking: /home/tony/colcon_ws/install/mycobot_pro450_interfaces/include/mycobot_pro450_interfaces/msg/detail/mycobot_angles__rosidl_typesupport_fastrtps_c.h
[13.224s] -- Symlinking: /home/tony/colcon_ws/install/mycobot_pro450_interfaces/include/mycobot_pro450_interfaces/msg/detail/mycobot_coords__rosidl_typesupport_fastrtps_c.h
[13.227s] -- Symlinking: /home/tony/colcon_ws/install/mycobot_pro450_interfaces/include/mycobot_pro450_interfaces/msg/detail/mycobot_gripper_status__rosidl_typesupport_fastrtps_c.h
[13.230s] -- Symlinking: /home/tony/colcon_ws/install/mycobot_pro450_interfaces/include/mycobot_pro450_interfaces/msg/detail/mycobot_set_angles__rosidl_typesupport_fastrtps_c.h
[13.234s] -- Symlinking: /home/tony/colcon_ws/install/mycobot_pro450_interfaces/include/mycobot_pro450_interfaces/msg/detail/mycobot_set_coords__rosidl_typesupport_fastrtps_c.h
[13.237s] -- Symlinking: /home/tony/colcon_ws/install/mycobot_pro450_interfaces/include/mycobot_pro450_interfaces/msg/rosidl_typesupport_fastrtps_c__visibility_control.h
[13.240s] -- Symlinking: /home/tony/colcon_ws/install/mycobot_pro450_interfaces/include/mycobot_pro450_interfaces/srv/detail/get_angles__rosidl_typesupport_fastrtps_c.h
[13.243s] -- Symlinking: /home/tony/colcon_ws/install/mycobot_pro450_interfaces/include/mycobot_pro450_interfaces/srv/detail/get_coords__rosidl_typesupport_fastrtps_c.h
[13.246s] -- Symlinking: /home/tony/colcon_ws/install/mycobot_pro450_interfaces/include/mycobot_pro450_interfaces/srv/detail/get_gripper_value__rosidl_typesupport_fastrtps_c.h
[13.249s] -- Symlinking: /home/tony/colcon_ws/install/mycobot_pro450_interfaces/include/mycobot_pro450_interfaces/srv/detail/gripper_status__rosidl_typesupport_fastrtps_c.h
[13.252s] -- Symlinking: /home/tony/colcon_ws/install/mycobot_pro450_interfaces/include/mycobot_pro450_interfaces/srv/detail/set_angles__rosidl_typesupport_fastrtps_c.h
[13.256s] -- Symlinking: /home/tony/colcon_ws/install/mycobot_pro450_interfaces/include/mycobot_pro450_interfaces/srv/detail/set_coords__rosidl_typesupport_fastrtps_c.h
[13.259s] -- Symlinking: /home/tony/colcon_ws/install/mycobot_pro450_interfaces/lib/libmycobot_pro450_interfaces__rosidl_typesupport_fastrtps_c.so
[13.263s] -- Symlinking: /home/tony/colcon_ws/install/mycobot_pro450_interfaces/include/mycobot_pro450_interfaces/msg/detail/mycobot_angles__rosidl_typesupport_fastrtps_cpp.hpp
[13.265s] -- Symlinking: /home/tony/colcon_ws/install/mycobot_pro450_interfaces/include/mycobot_pro450_interfaces/msg/detail/mycobot_coords__rosidl_typesupport_fastrtps_cpp.hpp
[13.268s] -- Symlinking: /home/tony/colcon_ws/install/mycobot_pro450_interfaces/include/mycobot_pro450_interfaces/msg/detail/mycobot_gripper_status__rosidl_typesupport_fastrtps_cpp.hpp
[13.271s] -- Symlinking: /home/tony/colcon_ws/install/mycobot_pro450_interfaces/include/mycobot_pro450_interfaces/msg/detail/mycobot_set_angles__rosidl_typesupport_fastrtps_cpp.hpp
[13.274s] -- Symlinking: /home/tony/colcon_ws/install/mycobot_pro450_interfaces/include/mycobot_pro450_interfaces/msg/detail/mycobot_set_coords__rosidl_typesupport_fastrtps_cpp.hpp
[13.277s] -- Symlinking: /home/tony/colcon_ws/install/mycobot_pro450_interfaces/include/mycobot_pro450_interfaces/msg/rosidl_typesupport_fastrtps_cpp__visibility_control.h
[13.280s] -- Symlinking: /home/tony/colcon_ws/install/mycobot_pro450_interfaces/include/mycobot_pro450_interfaces/srv/detail/get_angles__rosidl_typesupport_fastrtps_cpp.hpp
[13.283s] -- Symlinking: /home/tony/colcon_ws/install/mycobot_pro450_interfaces/include/mycobot_pro450_interfaces/srv/detail/get_coords__rosidl_typesupport_fastrtps_cpp.hpp
[13.286s] -- Symlinking: /home/tony/colcon_ws/install/mycobot_pro450_interfaces/include/mycobot_pro450_interfaces/srv/detail/get_gripper_value__rosidl_typesupport_fastrtps_cpp.hpp
[13.289s] -- Symlinking: /home/tony/colcon_ws/install/mycobot_pro450_interfaces/include/mycobot_pro450_interfaces/srv/detail/gripper_status__rosidl_typesupport_fastrtps_cpp.hpp
[13.292s] -- Symlinking: /home/tony/colcon_ws/install/mycobot_pro450_interfaces/include/mycobot_pro450_interfaces/srv/detail/set_angles__rosidl_typesupport_fastrtps_cpp.hpp
[13.295s] -- Symlinking: /home/tony/colcon_ws/install/mycobot_pro450_interfaces/include/mycobot_pro450_interfaces/srv/detail/set_coords__rosidl_typesupport_fastrtps_cpp.hpp
[13.298s] -- Symlinking: /home/tony/colcon_ws/install/mycobot_pro450_interfaces/lib/libmycobot_pro450_interfaces__rosidl_typesupport_fastrtps_cpp.so
[13.302s] -- Symlinking: /home/tony/colcon_ws/install/mycobot_pro450_interfaces/include/mycobot_pro450_interfaces/msg/detail/mycobot_angles__rosidl_typesupport_introspection_c.h
[13.305s] -- Symlinking: /home/tony/colcon_ws/install/mycobot_pro450_interfaces/include/mycobot_pro450_interfaces/msg/detail/mycobot_coords__rosidl_typesupport_introspection_c.h
[13.308s] -- Symlinking: /home/tony/colcon_ws/install/mycobot_pro450_interfaces/include/mycobot_pro450_interfaces/msg/detail/mycobot_gripper_status__rosidl_typesupport_introspection_c.h
[13.311s] -- Symlinking: /home/tony/colcon_ws/install/mycobot_pro450_interfaces/include/mycobot_pro450_interfaces/msg/detail/mycobot_set_angles__rosidl_typesupport_introspection_c.h
[13.314s] -- Symlinking: /home/tony/colcon_ws/install/mycobot_pro450_interfaces/include/mycobot_pro450_interfaces/msg/detail/mycobot_set_coords__rosidl_typesupport_introspection_c.h
[13.317s] -- Symlinking: /home/tony/colcon_ws/install/mycobot_pro450_interfaces/include/mycobot_pro450_interfaces/msg/rosidl_typesupport_introspection_c__visibility_control.h
[13.320s] -- Symlinking: /home/tony/colcon_ws/install/mycobot_pro450_interfaces/include/mycobot_pro450_interfaces/srv/detail/get_angles__rosidl_typesupport_introspection_c.h
[13.323s] -- Symlinking: /home/tony/colcon_ws/install/mycobot_pro450_interfaces/include/mycobot_pro450_interfaces/srv/detail/get_coords__rosidl_typesupport_introspection_c.h
[13.326s] -- Symlinking: /home/tony/colcon_ws/install/mycobot_pro450_interfaces/include/mycobot_pro450_interfaces/srv/detail/get_gripper_value__rosidl_typesupport_introspection_c.h
[13.329s] -- Symlinking: /home/tony/colcon_ws/install/mycobot_pro450_interfaces/include/mycobot_pro450_interfaces/srv/detail/gripper_status__rosidl_typesupport_introspection_c.h
[13.332s] -- Symlinking: /home/tony/colcon_ws/install/mycobot_pro450_interfaces/include/mycobot_pro450_interfaces/srv/detail/set_angles__rosidl_typesupport_introspection_c.h
[13.335s] -- Symlinking: /home/tony/colcon_ws/install/mycobot_pro450_interfaces/include/mycobot_pro450_interfaces/srv/detail/set_coords__rosidl_typesupport_introspection_c.h
[13.339s] -- Symlinking: /home/tony/colcon_ws/install/mycobot_pro450_interfaces/include/mycobot_pro450_interfaces/msg/detail/mycobot_angles__builder.hpp
[13.342s] -- Symlinking: /home/tony/colcon_ws/install/mycobot_pro450_interfaces/include/mycobot_pro450_interfaces/msg/detail/mycobot_angles__struct.hpp
[13.345s] -- Symlinking: /home/tony/colcon_ws/install/mycobot_pro450_interfaces/include/mycobot_pro450_interfaces/msg/detail/mycobot_angles__traits.hpp
[13.348s] -- Symlinking: /home/tony/colcon_ws/install/mycobot_pro450_interfaces/include/mycobot_pro450_interfaces/msg/detail/mycobot_angles__type_support.hpp
[13.351s] -- Symlinking: /home/tony/colcon_ws/install/mycobot_pro450_interfaces/include/mycobot_pro450_interfaces/msg/detail/mycobot_coords__builder.hpp
[13.354s] -- Symlinking: /home/tony/colcon_ws/install/mycobot_pro450_interfaces/include/mycobot_pro450_interfaces/msg/detail/mycobot_coords__struct.hpp
[13.357s] -- Symlinking: /home/tony/colcon_ws/install/mycobot_pro450_interfaces/include/mycobot_pro450_interfaces/msg/detail/mycobot_coords__traits.hpp
[13.360s] -- Symlinking: /home/tony/colcon_ws/install/mycobot_pro450_interfaces/include/mycobot_pro450_interfaces/msg/detail/mycobot_coords__type_support.hpp
[13.363s] -- Symlinking: /home/tony/colcon_ws/install/mycobot_pro450_interfaces/include/mycobot_pro450_interfaces/msg/detail/mycobot_gripper_status__builder.hpp
[13.366s] -- Symlinking: /home/tony/colcon_ws/install/mycobot_pro450_interfaces/include/mycobot_pro450_interfaces/msg/detail/mycobot_gripper_status__struct.hpp
[13.369s] -- Symlinking: /home/tony/colcon_ws/install/mycobot_pro450_interfaces/include/mycobot_pro450_interfaces/msg/detail/mycobot_gripper_status__traits.hpp
[13.373s] -- Symlinking: /home/tony/colcon_ws/install/mycobot_pro450_interfaces/include/mycobot_pro450_interfaces/msg/detail/mycobot_gripper_status__type_support.hpp
[13.376s] -- Symlinking: /home/tony/colcon_ws/install/mycobot_pro450_interfaces/include/mycobot_pro450_interfaces/msg/detail/mycobot_set_angles__builder.hpp
[13.379s] -- Symlinking: /home/tony/colcon_ws/install/mycobot_pro450_interfaces/include/mycobot_pro450_interfaces/msg/detail/mycobot_set_angles__struct.hpp
[13.382s] -- Symlinking: /home/tony/colcon_ws/install/mycobot_pro450_interfaces/include/mycobot_pro450_interfaces/msg/detail/mycobot_set_angles__traits.hpp
[13.385s] -- Symlinking: /home/tony/colcon_ws/install/mycobot_pro450_interfaces/include/mycobot_pro450_interfaces/msg/detail/mycobot_set_angles__type_support.hpp
[13.388s] -- Symlinking: /home/tony/colcon_ws/install/mycobot_pro450_interfaces/include/mycobot_pro450_interfaces/msg/detail/mycobot_set_coords__builder.hpp
[13.391s] -- Symlinking: /home/tony/colcon_ws/install/mycobot_pro450_interfaces/include/mycobot_pro450_interfaces/msg/detail/mycobot_set_coords__struct.hpp
[13.394s] -- Symlinking: /home/tony/colcon_ws/install/mycobot_pro450_interfaces/include/mycobot_pro450_interfaces/msg/detail/mycobot_set_coords__traits.hpp
[13.402s] -- Symlinking: /home/tony/colcon_ws/install/mycobot_pro450_interfaces/include/mycobot_pro450_interfaces/msg/detail/mycobot_set_coords__type_support.hpp
[13.405s] -- Symlinking: /home/tony/colcon_ws/install/mycobot_pro450_interfaces/include/mycobot_pro450_interfaces/msg/mycobot_angles.hpp
[13.408s] -- Symlinking: /home/tony/colcon_ws/install/mycobot_pro450_interfaces/include/mycobot_pro450_interfaces/msg/mycobot_coords.hpp
[13.417s] -- Symlinking: /home/tony/colcon_ws/install/mycobot_pro450_interfaces/include/mycobot_pro450_interfaces/msg/mycobot_gripper_status.hpp
[13.420s] -- Symlinking: /home/tony/colcon_ws/install/mycobot_pro450_interfaces/include/mycobot_pro450_interfaces/msg/mycobot_set_angles.hpp
[13.428s] -- Symlinking: /home/tony/colcon_ws/install/mycobot_pro450_interfaces/include/mycobot_pro450_interfaces/msg/mycobot_set_coords.hpp
[13.432s] -- Symlinking: /home/tony/colcon_ws/install/mycobot_pro450_interfaces/include/mycobot_pro450_interfaces/msg/rosidl_generator_cpp__visibility_control.hpp
[13.445s] -- Symlinking: /home/tony/colcon_ws/install/mycobot_pro450_interfaces/include/mycobot_pro450_interfaces/srv/detail/get_angles__builder.hpp
[13.458s] -- Symlinking: /home/tony/colcon_ws/install/mycobot_pro450_interfaces/include/mycobot_pro450_interfaces/srv/detail/get_angles__struct.hpp
[13.462s] -- Symlinking: /home/tony/colcon_ws/install/mycobot_pro450_interfaces/include/mycobot_pro450_interfaces/srv/detail/get_angles__traits.hpp
[13.473s] -- Symlinking: /home/tony/colcon_ws/install/mycobot_pro450_interfaces/include/mycobot_pro450_interfaces/srv/detail/get_angles__type_support.hpp
[13.485s] -- Symlinking: /home/tony/colcon_ws/install/mycobot_pro450_interfaces/include/mycobot_pro450_interfaces/srv/detail/get_coords__builder.hpp
[13.490s] -- Symlinking: /home/tony/colcon_ws/install/mycobot_pro450_interfaces/include/mycobot_pro450_interfaces/srv/detail/get_coords__struct.hpp
[13.494s] -- Symlinking: /home/tony/colcon_ws/install/mycobot_pro450_interfaces/include/mycobot_pro450_interfaces/srv/detail/get_coords__traits.hpp
[13.497s] -- Symlinking: /home/tony/colcon_ws/install/mycobot_pro450_interfaces/include/mycobot_pro450_interfaces/srv/detail/get_coords__type_support.hpp
[13.509s] -- Symlinking: /home/tony/colcon_ws/install/mycobot_pro450_interfaces/include/mycobot_pro450_interfaces/srv/detail/get_gripper_value__builder.hpp
[13.513s] -- Symlinking: /home/tony/colcon_ws/install/mycobot_pro450_interfaces/include/mycobot_pro450_interfaces/srv/detail/get_gripper_value__struct.hpp
[13.531s] -- Symlinking: /home/tony/colcon_ws/install/mycobot_pro450_interfaces/include/mycobot_pro450_interfaces/srv/detail/get_gripper_value__traits.hpp
[13.539s] -- Symlinking: /home/tony/colcon_ws/install/mycobot_pro450_interfaces/include/mycobot_pro450_interfaces/srv/detail/get_gripper_value__type_support.hpp
[13.549s] -- Symlinking: /home/tony/colcon_ws/install/mycobot_pro450_interfaces/include/mycobot_pro450_interfaces/srv/detail/gripper_status__builder.hpp
[13.559s] -- Symlinking: /home/tony/colcon_ws/install/mycobot_pro450_interfaces/include/mycobot_pro450_interfaces/srv/detail/gripper_status__struct.hpp
[13.568s] -- Symlinking: /home/tony/colcon_ws/install/mycobot_pro450_interfaces/include/mycobot_pro450_interfaces/srv/detail/gripper_status__traits.hpp
[13.574s] -- Symlinking: /home/tony/colcon_ws/install/mycobot_pro450_interfaces/include/mycobot_pro450_interfaces/srv/detail/gripper_status__type_support.hpp
[13.581s] -- Symlinking: /home/tony/colcon_ws/install/mycobot_pro450_interfaces/include/mycobot_pro450_interfaces/srv/detail/set_angles__builder.hpp
[13.585s] -- Symlinking: /home/tony/colcon_ws/install/mycobot_pro450_interfaces/include/mycobot_pro450_interfaces/srv/detail/set_angles__struct.hpp
[13.590s] -- Symlinking: /home/tony/colcon_ws/install/mycobot_pro450_interfaces/include/mycobot_pro450_interfaces/srv/detail/set_angles__traits.hpp
[13.600s] -- Symlinking: /home/tony/colcon_ws/install/mycobot_pro450_interfaces/include/mycobot_pro450_interfaces/srv/detail/set_angles__type_support.hpp
[13.603s] -- Symlinking: /home/tony/colcon_ws/install/mycobot_pro450_interfaces/include/mycobot_pro450_interfaces/srv/detail/set_coords__builder.hpp
[13.613s] -- Symlinking: /home/tony/colcon_ws/install/mycobot_pro450_interfaces/include/mycobot_pro450_interfaces/srv/detail/set_coords__struct.hpp
[13.617s] -- Symlinking: /home/tony/colcon_ws/install/mycobot_pro450_interfaces/include/mycobot_pro450_interfaces/srv/detail/set_coords__traits.hpp
[13.626s] -- Symlinking: /home/tony/colcon_ws/install/mycobot_pro450_interfaces/include/mycobot_pro450_interfaces/srv/detail/set_coords__type_support.hpp
[13.630s] -- Symlinking: /home/tony/colcon_ws/install/mycobot_pro450_interfaces/include/mycobot_pro450_interfaces/srv/get_angles.hpp
[13.638s] -- Symlinking: /home/tony/colcon_ws/install/mycobot_pro450_interfaces/include/mycobot_pro450_interfaces/srv/get_coords.hpp
[13.643s] -- Symlinking: /home/tony/colcon_ws/install/mycobot_pro450_interfaces/include/mycobot_pro450_interfaces/srv/get_gripper_value.hpp
[13.652s] -- Symlinking: /home/tony/colcon_ws/install/mycobot_pro450_interfaces/include/mycobot_pro450_interfaces/srv/gripper_status.hpp
[13.655s] -- Symlinking: /home/tony/colcon_ws/install/mycobot_pro450_interfaces/include/mycobot_pro450_interfaces/srv/set_angles.hpp
[13.664s] -- Symlinking: /home/tony/colcon_ws/install/mycobot_pro450_interfaces/include/mycobot_pro450_interfaces/srv/set_coords.hpp
[13.668s] -- Symlinking: /home/tony/colcon_ws/install/mycobot_pro450_interfaces/include/mycobot_pro450_interfaces/msg/detail/mycobot_angles__rosidl_typesupport_introspection_cpp.hpp
[13.677s] -- Symlinking: /home/tony/colcon_ws/install/mycobot_pro450_interfaces/include/mycobot_pro450_interfaces/msg/detail/mycobot_coords__rosidl_typesupport_introspection_cpp.hpp
[13.680s] -- Symlinking: /home/tony/colcon_ws/install/mycobot_pro450_interfaces/include/mycobot_pro450_interfaces/msg/detail/mycobot_gripper_status__rosidl_typesupport_introspection_cpp.hpp
[13.690s] -- Symlinking: /home/tony/colcon_ws/install/mycobot_pro450_interfaces/include/mycobot_pro450_interfaces/msg/detail/mycobot_set_angles__rosidl_typesupport_introspection_cpp.hpp
[13.695s] -- Symlinking: /home/tony/colcon_ws/install/mycobot_pro450_interfaces/include/mycobot_pro450_interfaces/msg/detail/mycobot_set_coords__rosidl_typesupport_introspection_cpp.hpp
[13.703s] -- Symlinking: /home/tony/colcon_ws/install/mycobot_pro450_interfaces/include/mycobot_pro450_interfaces/srv/detail/get_angles__rosidl_typesupport_introspection_cpp.hpp
[13.708s] -- Symlinking: /home/tony/colcon_ws/install/mycobot_pro450_interfaces/include/mycobot_pro450_interfaces/srv/detail/get_coords__rosidl_typesupport_introspection_cpp.hpp
[13.718s] -- Symlinking: /home/tony/colcon_ws/install/mycobot_pro450_interfaces/include/mycobot_pro450_interfaces/srv/detail/get_gripper_value__rosidl_typesupport_introspection_cpp.hpp
[13.722s] -- Symlinking: /home/tony/colcon_ws/install/mycobot_pro450_interfaces/include/mycobot_pro450_interfaces/srv/detail/gripper_status__rosidl_typesupport_introspection_cpp.hpp
[13.731s] -- Symlinking: /home/tony/colcon_ws/install/mycobot_pro450_interfaces/include/mycobot_pro450_interfaces/srv/detail/set_angles__rosidl_typesupport_introspection_cpp.hpp
[13.735s] -- Symlinking: /home/tony/colcon_ws/install/mycobot_pro450_interfaces/include/mycobot_pro450_interfaces/srv/detail/set_coords__rosidl_typesupport_introspection_cpp.hpp
[13.744s] -- Symlinking: /home/tony/colcon_ws/install/mycobot_pro450_interfaces/share/mycobot_pro450_interfaces/environment/pythonpath.sh
[13.748s] -- Symlinking: /home/tony/colcon_ws/install/mycobot_pro450_interfaces/share/mycobot_pro450_interfaces/environment/pythonpath.dsv
[13.757s] -- Symlinking: /home/tony/colcon_ws/install/mycobot_pro450_interfaces/lib/python3.8/site-packages/mycobot_pro450_interfaces/__init__.py
[13.762s] -- Symlinking: /home/tony/colcon_ws/install/mycobot_pro450_interfaces/lib/python3.8/site-packages/mycobot_pro450_interfaces/msg/__init__.py
[13.772s] -- Symlinking: /home/tony/colcon_ws/install/mycobot_pro450_interfaces/lib/python3.8/site-packages/mycobot_pro450_interfaces/msg/_mycobot_angles.py
[13.775s] -- Symlinking: /home/tony/colcon_ws/install/mycobot_pro450_interfaces/lib/python3.8/site-packages/mycobot_pro450_interfaces/msg/_mycobot_coords.py
[13.784s] -- Symlinking: /home/tony/colcon_ws/install/mycobot_pro450_interfaces/lib/python3.8/site-packages/mycobot_pro450_interfaces/msg/_mycobot_gripper_status.py
[13.788s] -- Symlinking: /home/tony/colcon_ws/install/mycobot_pro450_interfaces/lib/python3.8/site-packages/mycobot_pro450_interfaces/msg/_mycobot_set_angles.py
[13.792s] -- Symlinking: /home/tony/colcon_ws/install/mycobot_pro450_interfaces/lib/python3.8/site-packages/mycobot_pro450_interfaces/msg/_mycobot_set_coords.py
[13.796s] -- Symlinking: /home/tony/colcon_ws/install/mycobot_pro450_interfaces/lib/python3.8/site-packages/mycobot_pro450_interfaces/srv/__init__.py
[13.799s] -- Symlinking: /home/tony/colcon_ws/install/mycobot_pro450_interfaces/lib/python3.8/site-packages/mycobot_pro450_interfaces/srv/_get_angles.py
[13.803s] -- Symlinking: /home/tony/colcon_ws/install/mycobot_pro450_interfaces/lib/python3.8/site-packages/mycobot_pro450_interfaces/srv/_get_coords.py
[13.812s] -- Symlinking: /home/tony/colcon_ws/install/mycobot_pro450_interfaces/lib/python3.8/site-packages/mycobot_pro450_interfaces/srv/_get_gripper_value.py
[13.815s] -- Symlinking: /home/tony/colcon_ws/install/mycobot_pro450_interfaces/lib/python3.8/site-packages/mycobot_pro450_interfaces/srv/_gripper_status.py
[13.822s] -- Symlinking: /home/tony/colcon_ws/install/mycobot_pro450_interfaces/lib/python3.8/site-packages/mycobot_pro450_interfaces/srv/_set_angles.py
[13.826s] -- Symlinking: /home/tony/colcon_ws/install/mycobot_pro450_interfaces/lib/python3.8/site-packages/mycobot_pro450_interfaces/srv/_set_coords.py
[13.830s] -- Symlinking: /home/tony/colcon_ws/install/mycobot_pro450_interfaces/lib/python3.8/site-packages/mycobot_pro450_interfaces/mycobot_pro450_interfaces_s__rosidl_typesupport_fastrtps_c.cpython-38-aarch64-linux-gnu.so
[13.834s] -- Symlinking: /home/tony/colcon_ws/install/mycobot_pro450_interfaces/lib/python3.8/site-packages/mycobot_pro450_interfaces/mycobot_pro450_interfaces_s__rosidl_typesupport_introspection_c.cpython-38-aarch64-linux-gnu.so
[13.837s] -- Symlinking: /home/tony/colcon_ws/install/mycobot_pro450_interfaces/lib/python3.8/site-packages/mycobot_pro450_interfaces/mycobot_pro450_interfaces_s__rosidl_typesupport_c.cpython-38-aarch64-linux-gnu.so
[13.841s] -- Symlinking: /home/tony/colcon_ws/install/mycobot_pro450_interfaces/lib/libmycobot_pro450_interfaces__python.so
[13.845s] -- Symlinking: /home/tony/colcon_ws/install/mycobot_pro450_interfaces/share/mycobot_pro450_interfaces/msg/MycobotAngles.idl
[13.848s] -- Symlinking: /home/tony/colcon_ws/install/mycobot_pro450_interfaces/share/mycobot_pro450_interfaces/msg/MycobotCoords.idl
[13.851s] -- Symlinking: /home/tony/colcon_ws/install/mycobot_pro450_interfaces/share/mycobot_pro450_interfaces/msg/MycobotSetAngles.idl
[13.855s] -- Symlinking: /home/tony/colcon_ws/install/mycobot_pro450_interfaces/share/mycobot_pro450_interfaces/msg/MycobotSetCoords.idl
[13.858s] -- Symlinking: /home/tony/colcon_ws/install/mycobot_pro450_interfaces/share/mycobot_pro450_interfaces/msg/MycobotGripperStatus.idl
[13.861s] -- Symlinking: /home/tony/colcon_ws/install/mycobot_pro450_interfaces/share/mycobot_pro450_interfaces/srv/GetAngles.idl
[13.865s] -- Symlinking: /home/tony/colcon_ws/install/mycobot_pro450_interfaces/share/mycobot_pro450_interfaces/srv/SetAngles.idl
[13.868s] -- Symlinking: /home/tony/colcon_ws/install/mycobot_pro450_interfaces/share/mycobot_pro450_interfaces/srv/GetCoords.idl
[13.871s] -- Symlinking: /home/tony/colcon_ws/install/mycobot_pro450_interfaces/share/mycobot_pro450_interfaces/srv/SetCoords.idl
[13.874s] -- Symlinking: /home/tony/colcon_ws/install/mycobot_pro450_interfaces/share/mycobot_pro450_interfaces/srv/GripperStatus.idl
[13.878s] -- Symlinking: /home/tony/colcon_ws/install/mycobot_pro450_interfaces/share/mycobot_pro450_interfaces/srv/GetGripperValue.idl
[13.881s] -- Symlinking: /home/tony/colcon_ws/install/mycobot_pro450_interfaces/share/mycobot_pro450_interfaces/msg/MycobotAngles.msg
[13.885s] -- Symlinking: /home/tony/colcon_ws/install/mycobot_pro450_interfaces/share/mycobot_pro450_interfaces/msg/MycobotCoords.msg
[13.888s] -- Symlinking: /home/tony/colcon_ws/install/mycobot_pro450_interfaces/share/mycobot_pro450_interfaces/msg/MycobotSetAngles.msg
[13.891s] -- Symlinking: /home/tony/colcon_ws/install/mycobot_pro450_interfaces/share/mycobot_pro450_interfaces/msg/MycobotSetCoords.msg
[13.895s] -- Symlinking: /home/tony/colcon_ws/install/mycobot_pro450_interfaces/share/mycobot_pro450_interfaces/msg/MycobotGripperStatus.msg
[13.898s] -- Symlinking: /home/tony/colcon_ws/install/mycobot_pro450_interfaces/share/mycobot_pro450_interfaces/srv/GetAngles.srv
[13.901s] -- Symlinking: /home/tony/colcon_ws/install/mycobot_pro450_interfaces/share/mycobot_pro450_interfaces/srv/GetAngles_Request.msg
[13.904s] -- Symlinking: /home/tony/colcon_ws/install/mycobot_pro450_interfaces/share/mycobot_pro450_interfaces/srv/GetAngles_Response.msg
[13.908s] -- Symlinking: /home/tony/colcon_ws/install/mycobot_pro450_interfaces/share/mycobot_pro450_interfaces/srv/SetAngles.srv
[13.911s] -- Symlinking: /home/tony/colcon_ws/install/mycobot_pro450_interfaces/share/mycobot_pro450_interfaces/srv/SetAngles_Request.msg
[13.915s] -- Symlinking: /home/tony/colcon_ws/install/mycobot_pro450_interfaces/share/mycobot_pro450_interfaces/srv/SetAngles_Response.msg
[13.918s] -- Symlinking: /home/tony/colcon_ws/install/mycobot_pro450_interfaces/share/mycobot_pro450_interfaces/srv/GetCoords.srv
[13.921s] -- Symlinking: /home/tony/colcon_ws/install/mycobot_pro450_interfaces/share/mycobot_pro450_interfaces/srv/GetCoords_Request.msg
[13.924s] -- Symlinking: /home/tony/colcon_ws/install/mycobot_pro450_interfaces/share/mycobot_pro450_interfaces/srv/GetCoords_Response.msg
[13.927s] -- Symlinking: /home/tony/colcon_ws/install/mycobot_pro450_interfaces/share/mycobot_pro450_interfaces/srv/SetCoords.srv
[13.930s] -- Symlinking: /home/tony/colcon_ws/install/mycobot_pro450_interfaces/share/mycobot_pro450_interfaces/srv/SetCoords_Request.msg
[13.933s] -- Symlinking: /home/tony/colcon_ws/install/mycobot_pro450_interfaces/share/mycobot_pro450_interfaces/srv/SetCoords_Response.msg
[13.936s] -- Symlinking: /home/tony/colcon_ws/install/mycobot_pro450_interfaces/share/mycobot_pro450_interfaces/srv/GripperStatus.srv
[13.939s] -- Symlinking: /home/tony/colcon_ws/install/mycobot_pro450_interfaces/share/mycobot_pro450_interfaces/srv/GripperStatus_Request.msg
[13.942s] -- Symlinking: /home/tony/colcon_ws/install/mycobot_pro450_interfaces/share/mycobot_pro450_interfaces/srv/GripperStatus_Response.msg
[13.945s] -- Symlinking: /home/tony/colcon_ws/install/mycobot_pro450_interfaces/share/mycobot_pro450_interfaces/srv/GetGripperValue.srv
[13.949s] -- Symlinking: /home/tony/colcon_ws/install/mycobot_pro450_interfaces/share/mycobot_pro450_interfaces/srv/GetGripperValue_Request.msg
[13.952s] -- Symlinking: /home/tony/colcon_ws/install/mycobot_pro450_interfaces/share/mycobot_pro450_interfaces/srv/GetGripperValue_Response.msg
[13.955s] -- Symlinking: /home/tony/colcon_ws/install/mycobot_pro450_interfaces/share/ament_index/resource_index/package_run_dependencies/mycobot_pro450_interfaces
[13.959s] -- Symlinking: /home/tony/colcon_ws/install/mycobot_pro450_interfaces/share/ament_index/resource_index/parent_prefix_path/mycobot_pro450_interfaces
[13.962s] -- Symlinking: /home/tony/colcon_ws/install/mycobot_pro450_interfaces/share/mycobot_pro450_interfaces/environment/ament_prefix_path.sh
[13.966s] -- Symlinking: /home/tony/colcon_ws/install/mycobot_pro450_interfaces/share/mycobot_pro450_interfaces/environment/ament_prefix_path.dsv
[13.973s] -- Symlinking: /home/tony/colcon_ws/install/mycobot_pro450_interfaces/share/mycobot_pro450_interfaces/environment/path.sh
[13.980s] -- Symlinking: /home/tony/colcon_ws/install/mycobot_pro450_interfaces/share/mycobot_pro450_interfaces/environment/path.dsv
[13.989s] -- Symlinking: /home/tony/colcon_ws/install/mycobot_pro450_interfaces/share/mycobot_pro450_interfaces/local_setup.bash
[13.992s] -- Symlinking: /home/tony/colcon_ws/install/mycobot_pro450_interfaces/share/mycobot_pro450_interfaces/local_setup.sh
[13.995s] -- Symlinking: /home/tony/colcon_ws/install/mycobot_pro450_interfaces/share/mycobot_pro450_interfaces/local_setup.zsh
[13.998s] -- Symlinking: /home/tony/colcon_ws/install/mycobot_pro450_interfaces/share/mycobot_pro450_interfaces/local_setup.dsv
[14.001s] -- Symlinking: /home/tony/colcon_ws/install/mycobot_pro450_interfaces/share/mycobot_pro450_interfaces/package.dsv
[14.004s] -- Symlinking: /home/tony/colcon_ws/install/mycobot_pro450_interfaces/share/ament_index/resource_index/packages/mycobot_pro450_interfaces
[14.007s] -- Symlinking: /home/tony/colcon_ws/install/mycobot_pro450_interfaces/share/mycobot_pro450_interfaces/cmake/rosidl_cmake-extras.cmake
[14.010s] -- Symlinking: /home/tony/colcon_ws/install/mycobot_pro450_interfaces/share/mycobot_pro450_interfaces/cmake/ament_cmake_export_dependencies-extras.cmake
[14.013s] -- Symlinking: /home/tony/colcon_ws/install/mycobot_pro450_interfaces/share/mycobot_pro450_interfaces/cmake/ament_cmake_export_libraries-extras.cmake
[14.017s] -- Symlinking: /home/tony/colcon_ws/install/mycobot_pro450_interfaces/share/mycobot_pro450_interfaces/cmake/ament_cmake_export_targets-extras.cmake
[14.021s] -- Symlinking: /home/tony/colcon_ws/install/mycobot_pro450_interfaces/share/mycobot_pro450_interfaces/cmake/ament_cmake_export_include_directories-extras.cmake
[14.024s] -- Symlinking: /home/tony/colcon_ws/install/mycobot_pro450_interfaces/share/mycobot_pro450_interfaces/cmake/rosidl_cmake_export_typesupport_libraries-extras.cmake
[14.027s] -- Symlinking: /home/tony/colcon_ws/install/mycobot_pro450_interfaces/share/mycobot_pro450_interfaces/cmake/rosidl_cmake_export_typesupport_targets-extras.cmake
[14.030s] -- Symlinking: /home/tony/colcon_ws/install/mycobot_pro450_interfaces/share/mycobot_pro450_interfaces/cmake/mycobot_pro450_interfacesConfig.cmake
[14.033s] -- Symlinking: /home/tony/colcon_ws/install/mycobot_pro450_interfaces/share/mycobot_pro450_interfaces/cmake/mycobot_pro450_interfacesConfig-version.cmake
[14.037s] -- Symlinking: /home/tony/colcon_ws/install/mycobot_pro450_interfaces/share/mycobot_pro450_interfaces/package.xml
[14.040s] -- Installing: /home/tony/colcon_ws/install/mycobot_pro450_interfaces/lib/libmycobot_pro450_interfaces__rosidl_generator_c.so
[14.040s] -- Set runtime path of "/home/tony/colcon_ws/install/mycobot_pro450_interfaces/lib/libmycobot_pro450_interfaces__rosidl_generator_c.so" to ""
[14.040s] -- Installing: /home/tony/colcon_ws/install/mycobot_pro450_interfaces/lib/libmycobot_pro450_interfaces__rosidl_typesupport_introspection_c.so
[14.040s] -- Set runtime path of "/home/tony/colcon_ws/install/mycobot_pro450_interfaces/lib/libmycobot_pro450_interfaces__rosidl_typesupport_introspection_c.so" to ""
[14.040s] -- Installing: /home/tony/colcon_ws/install/mycobot_pro450_interfaces/lib/libmycobot_pro450_interfaces__rosidl_typesupport_c.so
[14.040s] -- Set runtime path of "/home/tony/colcon_ws/install/mycobot_pro450_interfaces/lib/libmycobot_pro450_interfaces__rosidl_typesupport_c.so" to ""
[14.040s] -- Installing: /home/tony/colcon_ws/install/mycobot_pro450_interfaces/lib/libmycobot_pro450_interfaces__rosidl_typesupport_introspection_cpp.so
[14.040s] -- Set runtime path of "/home/tony/colcon_ws/install/mycobot_pro450_interfaces/lib/libmycobot_pro450_interfaces__rosidl_typesupport_introspection_cpp.so" to ""
[14.041s] -- Installing: /home/tony/colcon_ws/install/mycobot_pro450_interfaces/lib/libmycobot_pro450_interfaces__rosidl_typesupport_cpp.so
[14.041s] -- Set runtime path of "/home/tony/colcon_ws/install/mycobot_pro450_interfaces/lib/libmycobot_pro450_interfaces__rosidl_typesupport_cpp.so" to ""
[14.053s] Compiling '/home/tony/colcon_ws/install/mycobot_pro450_interfaces/lib/python3.8/site-packages/mycobot_pro450_interfaces/__init__.py'...
[14.055s] -- Installing: /home/tony/colcon_ws/install/mycobot_pro450_interfaces/share/mycobot_pro450_interfaces/cmake/mycobot_pro450_interfaces__rosidl_generator_cExport.cmake
[14.055s] -- Installing: /home/tony/colcon_ws/install/mycobot_pro450_interfaces/share/mycobot_pro450_interfaces/cmake/mycobot_pro450_interfaces__rosidl_generator_cExport-noconfig.cmake
[14.055s] -- Installing: /home/tony/colcon_ws/install/mycobot_pro450_interfaces/share/mycobot_pro450_interfaces/cmake/mycobot_pro450_interfaces__rosidl_typesupport_introspection_cExport.cmake
[14.055s] -- Installing: /home/tony/colcon_ws/install/mycobot_pro450_interfaces/share/mycobot_pro450_interfaces/cmake/mycobot_pro450_interfaces__rosidl_typesupport_introspection_cExport-noconfig.cmake
[14.055s] -- Installing: /home/tony/colcon_ws/install/mycobot_pro450_interfaces/share/mycobot_pro450_interfaces/cmake/mycobot_pro450_interfaces__rosidl_typesupport_cExport.cmake
[14.055s] -- Installing: /home/tony/colcon_ws/install/mycobot_pro450_interfaces/share/mycobot_pro450_interfaces/cmake/mycobot_pro450_interfaces__rosidl_typesupport_cExport-noconfig.cmake
[14.055s] -- Installing: /home/tony/colcon_ws/install/mycobot_pro450_interfaces/share/mycobot_pro450_interfaces/cmake/mycobot_pro450_interfaces__rosidl_generator_cppExport.cmake
[14.056s] -- Installing: /home/tony/colcon_ws/install/mycobot_pro450_interfaces/share/mycobot_pro450_interfaces/cmake/mycobot_pro450_interfaces__rosidl_typesupport_introspection_cppExport.cmake
[14.056s] -- Installing: /home/tony/colcon_ws/install/mycobot_pro450_interfaces/share/mycobot_pro450_interfaces/cmake/mycobot_pro450_interfaces__rosidl_typesupport_introspection_cppExport-noconfig.cmake
[14.056s] -- Installing: /home/tony/colcon_ws/install/mycobot_pro450_interfaces/share/mycobot_pro450_interfaces/cmake/mycobot_pro450_interfaces__rosidl_typesupport_cppExport.cmake
[14.056s] -- Installing: /home/tony/colcon_ws/install/mycobot_pro450_interfaces/share/mycobot_pro450_interfaces/cmake/mycobot_pro450_interfaces__rosidl_typesupport_cppExport-noconfig.cmake
[14.062s] Invoked command in '/home/tony/colcon_ws/build/mycobot_pro450_interfaces' returned '0': CMAKE_PREFIX_PATH=/opt/ros/foxy /usr/bin/cmake --install /home/tony/colcon_ws/build/mycobot_pro450_interfaces
