-- Found ament_cmake: 0.9.12 (/opt/ros/foxy/share/ament_cmake/cmake)
-- Found PythonInterp: /usr/bin/python3 (found suitable version "3.8.10", minimum required is "3") 
-- Using PYTHON_EXECUTABLE: /usr/bin/python3
-- Override CMake install command with custom implementation using symlinks instead of copying resources
-- Found rosidl_default_generators: 1.0.1 (/opt/ros/foxy/share/rosidl_default_generators/cmake)
-- Using all available rosidl_typesupport_c: rosidl_typesupport_fastrtps_c;rosidl_typesupport_introspection_c
-- Found rosidl_adapter: 1.3.1 (/opt/ros/foxy/share/rosidl_adapter/cmake)
-- Using all available rosidl_typesupport_cpp: rosidl_typesupport_fastrtps_cpp;rosidl_typesupport_introspection_cpp
-- Found rclpy: 1.0.13 (/opt/ros/foxy/share/rclpy/cmake)
-- Found std_msgs: 2.0.5 (/opt/ros/foxy/share/std_msgs/cmake)
-- Found PythonInterp: /usr/bin/python3 (found version "3.8.10") 
-- Found ament_cmake_ros: 0.9.2 (/opt/ros/foxy/share/ament_cmake_ros/cmake)
-- Using all available rosidl_typesupport_c: rosidl_typesupport_fastrtps_c;rosidl_typesupport_introspection_c
-- Using all available rosidl_typesupport_cpp: rosidl_typesupport_fastrtps_cpp;rosidl_typesupport_introspection_cpp
-- Found PythonInterp: /usr/bin/python3 (found suitable version "3.8.10", minimum required is "3.5") 
-- Found python_cmake_module: 0.8.1 (/opt/ros/foxy/share/python_cmake_module/cmake)
-- Using PYTHON_EXECUTABLE: /usr/bin/python3
-- Using PYTHON_INCLUDE_DIRS: /usr/include/python3.8
-- Using PYTHON_LIBRARIES: /usr/lib/aarch64-linux-gnu/libpython3.8.so
-- Found ament_lint_auto: 0.9.8 (/opt/ros/foxy/share/ament_lint_auto/cmake)
-- Added test 'copyright' to check source files copyright and LICENSE
-- Added test 'lint_cmake' to check CMake code style
-- Added test 'xmllint' to check XML markup files
-- Configuring done
-- Generating done
-- Build files have been written to: /home/tony/colcon_ws/build/mycobot_interfaces
[  0%] Built target mycobot_interfaces__cpp
[  1%] [32mBuilding C object CMakeFiles/mycobot_interfaces__rosidl_generator_c.dir/rosidl_generator_c/mycobot_interfaces/msg/detail/mycobot_angles__functions.c.o[0m
[  2%] [32mBuilding CXX object CMakeFiles/mycobot_interfaces__rosidl_typesupport_cpp.dir/rosidl_typesupport_cpp/mycobot_interfaces/msg/mycobot_angles__type_support.cpp.o[0m
[  3%] [32mBuilding C object CMakeFiles/mycobot_interfaces__rosidl_generator_c.dir/rosidl_generator_c/mycobot_interfaces/msg/detail/mycobot_coords__functions.c.o[0m
[  3%] [32mBuilding C object CMakeFiles/mycobot_interfaces__rosidl_generator_c.dir/rosidl_generator_c/mycobot_interfaces/msg/detail/mycobot_set_angles__functions.c.o[0m
[  4%] [32mBuilding CXX object CMakeFiles/mycobot_interfaces__rosidl_typesupport_cpp.dir/rosidl_typesupport_cpp/mycobot_interfaces/msg/mycobot_coords__type_support.cpp.o[0m
[  5%] [32mBuilding C object CMakeFiles/mycobot_interfaces__rosidl_generator_c.dir/rosidl_generator_c/mycobot_interfaces/msg/detail/mycobot_set_coords__functions.c.o[0m
[  6%] [32mBuilding C object CMakeFiles/mycobot_interfaces__rosidl_generator_c.dir/rosidl_generator_c/mycobot_interfaces/msg/detail/mycobot_gripper_status__functions.c.o[0m
[  7%] [32mBuilding C object CMakeFiles/mycobot_interfaces__rosidl_generator_c.dir/rosidl_generator_c/mycobot_interfaces/msg/detail/mycobot_pump_status__functions.c.o[0m
[  8%] [32mBuilding CXX object CMakeFiles/mycobot_interfaces__rosidl_typesupport_cpp.dir/rosidl_typesupport_cpp/mycobot_interfaces/msg/mycobot_set_angles__type_support.cpp.o[0m
[  9%] [32mBuilding C object CMakeFiles/mycobot_interfaces__rosidl_generator_c.dir/rosidl_generator_c/mycobot_interfaces/srv/detail/get_angles__functions.c.o[0m
[ 10%] [32mBuilding C object CMakeFiles/mycobot_interfaces__rosidl_generator_c.dir/rosidl_generator_c/mycobot_interfaces/srv/detail/set_angles__functions.c.o[0m
[ 11%] [32mBuilding CXX object CMakeFiles/mycobot_interfaces__rosidl_typesupport_cpp.dir/rosidl_typesupport_cpp/mycobot_interfaces/msg/mycobot_set_coords__type_support.cpp.o[0m
[ 12%] [32mBuilding C object CMakeFiles/mycobot_interfaces__rosidl_generator_c.dir/rosidl_generator_c/mycobot_interfaces/srv/detail/get_coords__functions.c.o[0m
[ 12%] [32mBuilding C object CMakeFiles/mycobot_interfaces__rosidl_generator_c.dir/rosidl_generator_c/mycobot_interfaces/srv/detail/set_coords__functions.c.o[0m
[ 12%] [32mBuilding CXX object CMakeFiles/mycobot_interfaces__rosidl_typesupport_cpp.dir/rosidl_typesupport_cpp/mycobot_interfaces/msg/mycobot_gripper_status__type_support.cpp.o[0m
[ 13%] [32mBuilding C object CMakeFiles/mycobot_interfaces__rosidl_generator_c.dir/rosidl_generator_c/mycobot_interfaces/srv/detail/gripper_status__functions.c.o[0m
[ 14%] [32mBuilding C object CMakeFiles/mycobot_interfaces__rosidl_generator_c.dir/rosidl_generator_c/mycobot_interfaces/srv/detail/pump_status__functions.c.o[0m
[ 15%] [32mBuilding CXX object CMakeFiles/mycobot_interfaces__rosidl_typesupport_cpp.dir/rosidl_typesupport_cpp/mycobot_interfaces/msg/mycobot_pump_status__type_support.cpp.o[0m
[ 16%] [32m[1mLinking C shared library libmycobot_interfaces__rosidl_generator_c.so[0m
[ 17%] [32mBuilding CXX object CMakeFiles/mycobot_interfaces__rosidl_typesupport_cpp.dir/rosidl_typesupport_cpp/mycobot_interfaces/srv/get_angles__type_support.cpp.o[0m
[ 18%] Built target mycobot_interfaces__rosidl_generator_c
[ 18%] [32mBuilding CXX object CMakeFiles/mycobot_interfaces__rosidl_typesupport_introspection_cpp.dir/rosidl_typesupport_introspection_cpp/mycobot_interfaces/msg/detail/mycobot_angles__type_support.cpp.o[0m
[ 19%] [32mBuilding CXX object CMakeFiles/mycobot_interfaces__rosidl_typesupport_cpp.dir/rosidl_typesupport_cpp/mycobot_interfaces/srv/set_angles__type_support.cpp.o[0m
[ 20%] [32mBuilding CXX object CMakeFiles/mycobot_interfaces__rosidl_typesupport_cpp.dir/rosidl_typesupport_cpp/mycobot_interfaces/srv/get_coords__type_support.cpp.o[0m
[ 21%] [32mBuilding CXX object CMakeFiles/mycobot_interfaces__rosidl_typesupport_introspection_cpp.dir/rosidl_typesupport_introspection_cpp/mycobot_interfaces/msg/detail/mycobot_coords__type_support.cpp.o[0m
[ 22%] [32mBuilding CXX object CMakeFiles/mycobot_interfaces__rosidl_typesupport_cpp.dir/rosidl_typesupport_cpp/mycobot_interfaces/srv/set_coords__type_support.cpp.o[0m
[ 23%] [32mBuilding CXX object CMakeFiles/mycobot_interfaces__rosidl_typesupport_introspection_cpp.dir/rosidl_typesupport_introspection_cpp/mycobot_interfaces/msg/detail/mycobot_set_angles__type_support.cpp.o[0m
[ 23%] [32mBuilding CXX object CMakeFiles/mycobot_interfaces__rosidl_typesupport_cpp.dir/rosidl_typesupport_cpp/mycobot_interfaces/srv/gripper_status__type_support.cpp.o[0m
[ 24%] [32mBuilding CXX object CMakeFiles/mycobot_interfaces__rosidl_typesupport_introspection_cpp.dir/rosidl_typesupport_introspection_cpp/mycobot_interfaces/msg/detail/mycobot_set_coords__type_support.cpp.o[0m
[ 25%] [32mBuilding CXX object CMakeFiles/mycobot_interfaces__rosidl_typesupport_cpp.dir/rosidl_typesupport_cpp/mycobot_interfaces/srv/pump_status__type_support.cpp.o[0m
[ 26%] [32mBuilding CXX object CMakeFiles/mycobot_interfaces__rosidl_typesupport_introspection_cpp.dir/rosidl_typesupport_introspection_cpp/mycobot_interfaces/msg/detail/mycobot_gripper_status__type_support.cpp.o[0m
[ 27%] [32m[1mLinking CXX shared library libmycobot_interfaces__rosidl_typesupport_cpp.so[0m
[ 28%] Built target mycobot_interfaces__rosidl_typesupport_cpp
[ 29%] [32mBuilding CXX object CMakeFiles/mycobot_interfaces__rosidl_typesupport_fastrtps_cpp.dir/rosidl_typesupport_fastrtps_cpp/mycobot_interfaces/msg/detail/dds_fastrtps/mycobot_angles__type_support.cpp.o[0m
[ 30%] [32mBuilding CXX object CMakeFiles/mycobot_interfaces__rosidl_typesupport_introspection_cpp.dir/rosidl_typesupport_introspection_cpp/mycobot_interfaces/msg/detail/mycobot_pump_status__type_support.cpp.o[0m
[ 30%] [32mBuilding CXX object CMakeFiles/mycobot_interfaces__rosidl_typesupport_introspection_cpp.dir/rosidl_typesupport_introspection_cpp/mycobot_interfaces/srv/detail/get_angles__type_support.cpp.o[0m
[ 31%] [32mBuilding CXX object CMakeFiles/mycobot_interfaces__rosidl_typesupport_fastrtps_cpp.dir/rosidl_typesupport_fastrtps_cpp/mycobot_interfaces/msg/detail/dds_fastrtps/mycobot_coords__type_support.cpp.o[0m
[ 32%] [32mBuilding CXX object CMakeFiles/mycobot_interfaces__rosidl_typesupport_introspection_cpp.dir/rosidl_typesupport_introspection_cpp/mycobot_interfaces/srv/detail/set_angles__type_support.cpp.o[0m
[ 33%] [32mBuilding CXX object CMakeFiles/mycobot_interfaces__rosidl_typesupport_fastrtps_cpp.dir/rosidl_typesupport_fastrtps_cpp/mycobot_interfaces/msg/detail/dds_fastrtps/mycobot_set_angles__type_support.cpp.o[0m
[ 34%] [32mBuilding CXX object CMakeFiles/mycobot_interfaces__rosidl_typesupport_introspection_cpp.dir/rosidl_typesupport_introspection_cpp/mycobot_interfaces/srv/detail/get_coords__type_support.cpp.o[0m
[ 35%] [32mBuilding CXX object CMakeFiles/mycobot_interfaces__rosidl_typesupport_fastrtps_cpp.dir/rosidl_typesupport_fastrtps_cpp/mycobot_interfaces/msg/detail/dds_fastrtps/mycobot_set_coords__type_support.cpp.o[0m
[ 36%] [32mBuilding CXX object CMakeFiles/mycobot_interfaces__rosidl_typesupport_introspection_cpp.dir/rosidl_typesupport_introspection_cpp/mycobot_interfaces/srv/detail/set_coords__type_support.cpp.o[0m
[ 37%] [32mBuilding CXX object CMakeFiles/mycobot_interfaces__rosidl_typesupport_fastrtps_cpp.dir/rosidl_typesupport_fastrtps_cpp/mycobot_interfaces/msg/detail/dds_fastrtps/mycobot_gripper_status__type_support.cpp.o[0m
[ 38%] [32mBuilding CXX object CMakeFiles/mycobot_interfaces__rosidl_typesupport_introspection_cpp.dir/rosidl_typesupport_introspection_cpp/mycobot_interfaces/srv/detail/gripper_status__type_support.cpp.o[0m
[ 38%] [32mBuilding CXX object CMakeFiles/mycobot_interfaces__rosidl_typesupport_fastrtps_cpp.dir/rosidl_typesupport_fastrtps_cpp/mycobot_interfaces/msg/detail/dds_fastrtps/mycobot_pump_status__type_support.cpp.o[0m
[ 39%] [32mBuilding CXX object CMakeFiles/mycobot_interfaces__rosidl_typesupport_introspection_cpp.dir/rosidl_typesupport_introspection_cpp/mycobot_interfaces/srv/detail/pump_status__type_support.cpp.o[0m
[ 40%] [32mBuilding CXX object CMakeFiles/mycobot_interfaces__rosidl_typesupport_fastrtps_cpp.dir/rosidl_typesupport_fastrtps_cpp/mycobot_interfaces/srv/detail/dds_fastrtps/get_angles__type_support.cpp.o[0m
[ 41%] [32m[1mLinking CXX shared library libmycobot_interfaces__rosidl_typesupport_introspection_cpp.so[0m
[ 42%] Built target mycobot_interfaces__rosidl_typesupport_introspection_cpp
[ 43%] [32mBuilding CXX object CMakeFiles/mycobot_interfaces__rosidl_typesupport_c.dir/rosidl_typesupport_c/mycobot_interfaces/msg/mycobot_angles__type_support.cpp.o[0m
[ 43%] [32mBuilding CXX object CMakeFiles/mycobot_interfaces__rosidl_typesupport_c.dir/rosidl_typesupport_c/mycobot_interfaces/msg/mycobot_coords__type_support.cpp.o[0m
[ 44%] [32mBuilding CXX object CMakeFiles/mycobot_interfaces__rosidl_typesupport_c.dir/rosidl_typesupport_c/mycobot_interfaces/msg/mycobot_set_angles__type_support.cpp.o[0m
[ 45%] [32mBuilding CXX object CMakeFiles/mycobot_interfaces__rosidl_typesupport_c.dir/rosidl_typesupport_c/mycobot_interfaces/msg/mycobot_set_coords__type_support.cpp.o[0m
[ 46%] [32mBuilding CXX object CMakeFiles/mycobot_interfaces__rosidl_typesupport_fastrtps_cpp.dir/rosidl_typesupport_fastrtps_cpp/mycobot_interfaces/srv/detail/dds_fastrtps/set_angles__type_support.cpp.o[0m
[ 47%] [32mBuilding CXX object CMakeFiles/mycobot_interfaces__rosidl_typesupport_c.dir/rosidl_typesupport_c/mycobot_interfaces/msg/mycobot_gripper_status__type_support.cpp.o[0m
[ 48%] [32mBuilding CXX object CMakeFiles/mycobot_interfaces__rosidl_typesupport_c.dir/rosidl_typesupport_c/mycobot_interfaces/msg/mycobot_pump_status__type_support.cpp.o[0m
[ 49%] [32mBuilding CXX object CMakeFiles/mycobot_interfaces__rosidl_typesupport_c.dir/rosidl_typesupport_c/mycobot_interfaces/srv/get_angles__type_support.cpp.o[0m
[ 49%] [32mBuilding CXX object CMakeFiles/mycobot_interfaces__rosidl_typesupport_c.dir/rosidl_typesupport_c/mycobot_interfaces/srv/set_angles__type_support.cpp.o[0m
[ 50%] [32mBuilding CXX object CMakeFiles/mycobot_interfaces__rosidl_typesupport_fastrtps_cpp.dir/rosidl_typesupport_fastrtps_cpp/mycobot_interfaces/srv/detail/dds_fastrtps/get_coords__type_support.cpp.o[0m
[ 51%] [32mBuilding CXX object CMakeFiles/mycobot_interfaces__rosidl_typesupport_c.dir/rosidl_typesupport_c/mycobot_interfaces/srv/get_coords__type_support.cpp.o[0m
[ 52%] [32mBuilding CXX object CMakeFiles/mycobot_interfaces__rosidl_typesupport_c.dir/rosidl_typesupport_c/mycobot_interfaces/srv/set_coords__type_support.cpp.o[0m
[ 53%] [32mBuilding CXX object CMakeFiles/mycobot_interfaces__rosidl_typesupport_c.dir/rosidl_typesupport_c/mycobot_interfaces/srv/gripper_status__type_support.cpp.o[0m
[ 54%] [32mBuilding CXX object CMakeFiles/mycobot_interfaces__rosidl_typesupport_c.dir/rosidl_typesupport_c/mycobot_interfaces/srv/pump_status__type_support.cpp.o[0m
[ 55%] [32m[1mLinking CXX shared library libmycobot_interfaces__rosidl_typesupport_c.so[0m
[ 56%] Built target mycobot_interfaces__rosidl_typesupport_c
[ 57%] [32mBuilding CXX object CMakeFiles/mycobot_interfaces__rosidl_typesupport_fastrtps_cpp.dir/rosidl_typesupport_fastrtps_cpp/mycobot_interfaces/srv/detail/dds_fastrtps/set_coords__type_support.cpp.o[0m
[ 58%] [32mBuilding CXX object CMakeFiles/mycobot_interfaces__rosidl_typesupport_fastrtps_cpp.dir/rosidl_typesupport_fastrtps_cpp/mycobot_interfaces/srv/detail/dds_fastrtps/gripper_status__type_support.cpp.o[0m
[ 58%] [32mBuilding CXX object CMakeFiles/mycobot_interfaces__rosidl_typesupport_fastrtps_cpp.dir/rosidl_typesupport_fastrtps_cpp/mycobot_interfaces/srv/detail/dds_fastrtps/pump_status__type_support.cpp.o[0m
[ 59%] [32mBuilding C object CMakeFiles/mycobot_interfaces__rosidl_typesupport_introspection_c.dir/rosidl_typesupport_introspection_c/mycobot_interfaces/msg/detail/mycobot_angles__type_support.c.o[0m
[ 60%] [32mBuilding C object CMakeFiles/mycobot_interfaces__rosidl_typesupport_introspection_c.dir/rosidl_typesupport_introspection_c/mycobot_interfaces/msg/detail/mycobot_coords__type_support.c.o[0m
[ 61%] [32mBuilding C object CMakeFiles/mycobot_interfaces__rosidl_typesupport_introspection_c.dir/rosidl_typesupport_introspection_c/mycobot_interfaces/msg/detail/mycobot_set_angles__type_support.c.o[0m
[ 61%] [32mBuilding C object CMakeFiles/mycobot_interfaces__rosidl_typesupport_introspection_c.dir/rosidl_typesupport_introspection_c/mycobot_interfaces/msg/detail/mycobot_set_coords__type_support.c.o[0m
[ 62%] [32mBuilding C object CMakeFiles/mycobot_interfaces__rosidl_typesupport_introspection_c.dir/rosidl_typesupport_introspection_c/mycobot_interfaces/msg/detail/mycobot_gripper_status__type_support.c.o[0m
[ 63%] [32m[1mLinking CXX shared library libmycobot_interfaces__rosidl_typesupport_fastrtps_cpp.so[0m
[ 64%] [32mBuilding C object CMakeFiles/mycobot_interfaces__rosidl_typesupport_introspection_c.dir/rosidl_typesupport_introspection_c/mycobot_interfaces/msg/detail/mycobot_pump_status__type_support.c.o[0m
[ 64%] Built target mycobot_interfaces__rosidl_typesupport_fastrtps_cpp
[ 65%] [32mBuilding C object CMakeFiles/mycobot_interfaces__rosidl_typesupport_introspection_c.dir/rosidl_typesupport_introspection_c/mycobot_interfaces/srv/detail/get_angles__type_support.c.o[0m
[ 66%] [32mBuilding C object CMakeFiles/mycobot_interfaces__rosidl_typesupport_introspection_c.dir/rosidl_typesupport_introspection_c/mycobot_interfaces/srv/detail/set_angles__type_support.c.o[0m
[ 67%] [32mBuilding C object CMakeFiles/mycobot_interfaces__rosidl_typesupport_introspection_c.dir/rosidl_typesupport_introspection_c/mycobot_interfaces/srv/detail/get_coords__type_support.c.o[0m
[ 68%] [32mBuilding CXX object CMakeFiles/mycobot_interfaces__rosidl_typesupport_fastrtps_c.dir/rosidl_typesupport_fastrtps_c/mycobot_interfaces/msg/detail/mycobot_angles__type_support_c.cpp.o[0m
[ 69%] [32mBuilding C object CMakeFiles/mycobot_interfaces__rosidl_typesupport_introspection_c.dir/rosidl_typesupport_introspection_c/mycobot_interfaces/srv/detail/set_coords__type_support.c.o[0m
[ 69%] [32mBuilding C object CMakeFiles/mycobot_interfaces__rosidl_typesupport_introspection_c.dir/rosidl_typesupport_introspection_c/mycobot_interfaces/srv/detail/gripper_status__type_support.c.o[0m
[ 70%] [32mBuilding C object CMakeFiles/mycobot_interfaces__rosidl_typesupport_introspection_c.dir/rosidl_typesupport_introspection_c/mycobot_interfaces/srv/detail/pump_status__type_support.c.o[0m
[ 71%] [32m[1mLinking C shared library libmycobot_interfaces__rosidl_typesupport_introspection_c.so[0m
[ 72%] Built target mycobot_interfaces__rosidl_typesupport_introspection_c
[ 73%] [32mBuilding CXX object CMakeFiles/mycobot_interfaces__rosidl_typesupport_fastrtps_c.dir/rosidl_typesupport_fastrtps_c/mycobot_interfaces/msg/detail/mycobot_coords__type_support_c.cpp.o[0m
[ 73%] [32mBuilding CXX object CMakeFiles/mycobot_interfaces__rosidl_typesupport_fastrtps_c.dir/rosidl_typesupport_fastrtps_c/mycobot_interfaces/msg/detail/mycobot_set_angles__type_support_c.cpp.o[0m
[ 74%] [32mBuilding CXX object CMakeFiles/mycobot_interfaces__rosidl_typesupport_fastrtps_c.dir/rosidl_typesupport_fastrtps_c/mycobot_interfaces/msg/detail/mycobot_set_coords__type_support_c.cpp.o[0m
[ 75%] [32mBuilding CXX object CMakeFiles/mycobot_interfaces__rosidl_typesupport_fastrtps_c.dir/rosidl_typesupport_fastrtps_c/mycobot_interfaces/msg/detail/mycobot_gripper_status__type_support_c.cpp.o[0m
[ 76%] [32mBuilding CXX object CMakeFiles/mycobot_interfaces__rosidl_typesupport_fastrtps_c.dir/rosidl_typesupport_fastrtps_c/mycobot_interfaces/msg/detail/mycobot_pump_status__type_support_c.cpp.o[0m
[ 77%] [32mBuilding CXX object CMakeFiles/mycobot_interfaces__rosidl_typesupport_fastrtps_c.dir/rosidl_typesupport_fastrtps_c/mycobot_interfaces/srv/detail/get_angles__type_support_c.cpp.o[0m
[ 78%] [32mBuilding CXX object CMakeFiles/mycobot_interfaces__rosidl_typesupport_fastrtps_c.dir/rosidl_typesupport_fastrtps_c/mycobot_interfaces/srv/detail/set_angles__type_support_c.cpp.o[0m
[ 78%] [32mBuilding CXX object CMakeFiles/mycobot_interfaces__rosidl_typesupport_fastrtps_c.dir/rosidl_typesupport_fastrtps_c/mycobot_interfaces/srv/detail/get_coords__type_support_c.cpp.o[0m
[ 79%] [32mBuilding CXX object CMakeFiles/mycobot_interfaces__rosidl_typesupport_fastrtps_c.dir/rosidl_typesupport_fastrtps_c/mycobot_interfaces/srv/detail/set_coords__type_support_c.cpp.o[0m
[ 80%] [32mBuilding CXX object CMakeFiles/mycobot_interfaces__rosidl_typesupport_fastrtps_c.dir/rosidl_typesupport_fastrtps_c/mycobot_interfaces/srv/detail/gripper_status__type_support_c.cpp.o[0m
[ 81%] [32mBuilding CXX object CMakeFiles/mycobot_interfaces__rosidl_typesupport_fastrtps_c.dir/rosidl_typesupport_fastrtps_c/mycobot_interfaces/srv/detail/pump_status__type_support_c.cpp.o[0m
[ 82%] [32m[1mLinking CXX shared library libmycobot_interfaces__rosidl_typesupport_fastrtps_c.so[0m
[ 83%] Built target mycobot_interfaces__rosidl_typesupport_fastrtps_c
[ 83%] Built target mycobot_interfaces
[ 84%] Built target mycobot_interfaces__py
[ 85%] [32mBuilding C object CMakeFiles/mycobot_interfaces__python.dir/rosidl_generator_py/mycobot_interfaces/msg/_mycobot_angles_s.c.o[0m
[ 86%] [32mBuilding C object CMakeFiles/mycobot_interfaces__python.dir/rosidl_generator_py/mycobot_interfaces/msg/_mycobot_coords_s.c.o[0m
[ 87%] [32mBuilding C object CMakeFiles/mycobot_interfaces__python.dir/rosidl_generator_py/mycobot_interfaces/msg/_mycobot_set_angles_s.c.o[0m
[ 88%] [32mBuilding C object CMakeFiles/mycobot_interfaces__python.dir/rosidl_generator_py/mycobot_interfaces/msg/_mycobot_set_coords_s.c.o[0m
[ 88%] [32mBuilding C object CMakeFiles/mycobot_interfaces__python.dir/rosidl_generator_py/mycobot_interfaces/msg/_mycobot_gripper_status_s.c.o[0m
[ 89%] [32mBuilding C object CMakeFiles/mycobot_interfaces__python.dir/rosidl_generator_py/mycobot_interfaces/msg/_mycobot_pump_status_s.c.o[0m
[ 90%] [32mBuilding C object CMakeFiles/mycobot_interfaces__python.dir/rosidl_generator_py/mycobot_interfaces/srv/_get_angles_s.c.o[0m
[ 91%] [32mBuilding C object CMakeFiles/mycobot_interfaces__python.dir/rosidl_generator_py/mycobot_interfaces/srv/_set_angles_s.c.o[0m
[ 92%] [32mBuilding C object CMakeFiles/mycobot_interfaces__python.dir/rosidl_generator_py/mycobot_interfaces/srv/_get_coords_s.c.o[0m
[ 93%] [32mBuilding C object CMakeFiles/mycobot_interfaces__python.dir/rosidl_generator_py/mycobot_interfaces/srv/_set_coords_s.c.o[0m
[ 93%] [32mBuilding C object CMakeFiles/mycobot_interfaces__python.dir/rosidl_generator_py/mycobot_interfaces/srv/_gripper_status_s.c.o[0m
[ 94%] [32mBuilding C object CMakeFiles/mycobot_interfaces__python.dir/rosidl_generator_py/mycobot_interfaces/srv/_pump_status_s.c.o[0m
[ 95%] [32m[1mLinking C shared library rosidl_generator_py/mycobot_interfaces/libmycobot_interfaces__python.so[0m
[ 95%] Built target mycobot_interfaces__python
[ 95%] [32mBuilding C object CMakeFiles/mycobot_interfaces__rosidl_typesupport_c__pyext.dir/rosidl_generator_py/mycobot_interfaces/_mycobot_interfaces_s.ep.rosidl_typesupport_c.c.o[0m
[ 96%] [32mBuilding C object CMakeFiles/mycobot_interfaces__rosidl_typesupport_introspection_c__pyext.dir/rosidl_generator_py/mycobot_interfaces/_mycobot_interfaces_s.ep.rosidl_typesupport_introspection_c.c.o[0m
[ 97%] [32m[1mLinking C shared library rosidl_generator_py/mycobot_interfaces/mycobot_interfaces_s__rosidl_typesupport_introspection_c.cpython-38-aarch64-linux-gnu.so[0m
[ 98%] [32m[1mLinking C shared library rosidl_generator_py/mycobot_interfaces/mycobot_interfaces_s__rosidl_typesupport_c.cpython-38-aarch64-linux-gnu.so[0m
[ 98%] Built target mycobot_interfaces__rosidl_typesupport_introspection_c__pyext
[ 98%] Built target mycobot_interfaces__rosidl_typesupport_c__pyext
[ 99%] [32mBuilding C object CMakeFiles/mycobot_interfaces__rosidl_typesupport_fastrtps_c__pyext.dir/rosidl_generator_py/mycobot_interfaces/_mycobot_interfaces_s.ep.rosidl_typesupport_fastrtps_c.c.o[0m
[100%] [32m[1mLinking CXX shared library rosidl_generator_py/mycobot_interfaces/mycobot_interfaces_s__rosidl_typesupport_fastrtps_c.cpython-38-aarch64-linux-gnu.so[0m
[100%] Built target mycobot_interfaces__rosidl_typesupport_fastrtps_c__pyext
-- Install configuration: "Release"
-- Execute custom install script
-- Up-to-date symlink: /home/tony/colcon_ws/install/mycobot_interfaces/share/ament_index/resource_index/rosidl_interfaces/mycobot_interfaces
-- Up-to-date symlink: /home/tony/colcon_ws/install/mycobot_interfaces/include/mycobot_interfaces/msg/detail/mycobot_angles__functions.h
-- Up-to-date symlink: /home/tony/colcon_ws/install/mycobot_interfaces/include/mycobot_interfaces/msg/detail/mycobot_angles__struct.h
-- Up-to-date symlink: /home/tony/colcon_ws/install/mycobot_interfaces/include/mycobot_interfaces/msg/detail/mycobot_angles__type_support.h
-- Up-to-date symlink: /home/tony/colcon_ws/install/mycobot_interfaces/include/mycobot_interfaces/msg/detail/mycobot_coords__functions.h
-- Up-to-date symlink: /home/tony/colcon_ws/install/mycobot_interfaces/include/mycobot_interfaces/msg/detail/mycobot_coords__struct.h
-- Up-to-date symlink: /home/tony/colcon_ws/install/mycobot_interfaces/include/mycobot_interfaces/msg/detail/mycobot_coords__type_support.h
-- Up-to-date symlink: /home/tony/colcon_ws/install/mycobot_interfaces/include/mycobot_interfaces/msg/detail/mycobot_gripper_status__functions.h
-- Up-to-date symlink: /home/tony/colcon_ws/install/mycobot_interfaces/include/mycobot_interfaces/msg/detail/mycobot_gripper_status__struct.h
-- Up-to-date symlink: /home/tony/colcon_ws/install/mycobot_interfaces/include/mycobot_interfaces/msg/detail/mycobot_gripper_status__type_support.h
-- Up-to-date symlink: /home/tony/colcon_ws/install/mycobot_interfaces/include/mycobot_interfaces/msg/detail/mycobot_pump_status__functions.h
-- Up-to-date symlink: /home/tony/colcon_ws/install/mycobot_interfaces/include/mycobot_interfaces/msg/detail/mycobot_pump_status__struct.h
-- Up-to-date symlink: /home/tony/colcon_ws/install/mycobot_interfaces/include/mycobot_interfaces/msg/detail/mycobot_pump_status__type_support.h
-- Up-to-date symlink: /home/tony/colcon_ws/install/mycobot_interfaces/include/mycobot_interfaces/msg/detail/mycobot_set_angles__functions.h
-- Up-to-date symlink: /home/tony/colcon_ws/install/mycobot_interfaces/include/mycobot_interfaces/msg/detail/mycobot_set_angles__struct.h
-- Up-to-date symlink: /home/tony/colcon_ws/install/mycobot_interfaces/include/mycobot_interfaces/msg/detail/mycobot_set_angles__type_support.h
-- Up-to-date symlink: /home/tony/colcon_ws/install/mycobot_interfaces/include/mycobot_interfaces/msg/detail/mycobot_set_coords__functions.h
-- Up-to-date symlink: /home/tony/colcon_ws/install/mycobot_interfaces/include/mycobot_interfaces/msg/detail/mycobot_set_coords__struct.h
-- Up-to-date symlink: /home/tony/colcon_ws/install/mycobot_interfaces/include/mycobot_interfaces/msg/detail/mycobot_set_coords__type_support.h
-- Up-to-date symlink: /home/tony/colcon_ws/install/mycobot_interfaces/include/mycobot_interfaces/msg/mycobot_angles.h
-- Up-to-date symlink: /home/tony/colcon_ws/install/mycobot_interfaces/include/mycobot_interfaces/msg/mycobot_coords.h
-- Up-to-date symlink: /home/tony/colcon_ws/install/mycobot_interfaces/include/mycobot_interfaces/msg/mycobot_gripper_status.h
-- Up-to-date symlink: /home/tony/colcon_ws/install/mycobot_interfaces/include/mycobot_interfaces/msg/mycobot_pump_status.h
-- Up-to-date symlink: /home/tony/colcon_ws/install/mycobot_interfaces/include/mycobot_interfaces/msg/mycobot_set_angles.h
-- Up-to-date symlink: /home/tony/colcon_ws/install/mycobot_interfaces/include/mycobot_interfaces/msg/mycobot_set_coords.h
-- Up-to-date symlink: /home/tony/colcon_ws/install/mycobot_interfaces/include/mycobot_interfaces/msg/rosidl_generator_c__visibility_control.h
-- Up-to-date symlink: /home/tony/colcon_ws/install/mycobot_interfaces/include/mycobot_interfaces/srv/detail/get_angles__functions.h
-- Up-to-date symlink: /home/tony/colcon_ws/install/mycobot_interfaces/include/mycobot_interfaces/srv/detail/get_angles__struct.h
-- Up-to-date symlink: /home/tony/colcon_ws/install/mycobot_interfaces/include/mycobot_interfaces/srv/detail/get_angles__type_support.h
-- Up-to-date symlink: /home/tony/colcon_ws/install/mycobot_interfaces/include/mycobot_interfaces/srv/detail/get_coords__functions.h
-- Up-to-date symlink: /home/tony/colcon_ws/install/mycobot_interfaces/include/mycobot_interfaces/srv/detail/get_coords__struct.h
-- Up-to-date symlink: /home/tony/colcon_ws/install/mycobot_interfaces/include/mycobot_interfaces/srv/detail/get_coords__type_support.h
-- Up-to-date symlink: /home/tony/colcon_ws/install/mycobot_interfaces/include/mycobot_interfaces/srv/detail/gripper_status__functions.h
-- Up-to-date symlink: /home/tony/colcon_ws/install/mycobot_interfaces/include/mycobot_interfaces/srv/detail/gripper_status__struct.h
-- Up-to-date symlink: /home/tony/colcon_ws/install/mycobot_interfaces/include/mycobot_interfaces/srv/detail/gripper_status__type_support.h
-- Up-to-date symlink: /home/tony/colcon_ws/install/mycobot_interfaces/include/mycobot_interfaces/srv/detail/pump_status__functions.h
-- Up-to-date symlink: /home/tony/colcon_ws/install/mycobot_interfaces/include/mycobot_interfaces/srv/detail/pump_status__struct.h
-- Up-to-date symlink: /home/tony/colcon_ws/install/mycobot_interfaces/include/mycobot_interfaces/srv/detail/pump_status__type_support.h
-- Up-to-date symlink: /home/tony/colcon_ws/install/mycobot_interfaces/include/mycobot_interfaces/srv/detail/set_angles__functions.h
-- Up-to-date symlink: /home/tony/colcon_ws/install/mycobot_interfaces/include/mycobot_interfaces/srv/detail/set_angles__struct.h
-- Up-to-date symlink: /home/tony/colcon_ws/install/mycobot_interfaces/include/mycobot_interfaces/srv/detail/set_angles__type_support.h
-- Up-to-date symlink: /home/tony/colcon_ws/install/mycobot_interfaces/include/mycobot_interfaces/srv/detail/set_coords__functions.h
-- Up-to-date symlink: /home/tony/colcon_ws/install/mycobot_interfaces/include/mycobot_interfaces/srv/detail/set_coords__struct.h
-- Up-to-date symlink: /home/tony/colcon_ws/install/mycobot_interfaces/include/mycobot_interfaces/srv/detail/set_coords__type_support.h
-- Up-to-date symlink: /home/tony/colcon_ws/install/mycobot_interfaces/include/mycobot_interfaces/srv/get_angles.h
-- Up-to-date symlink: /home/tony/colcon_ws/install/mycobot_interfaces/include/mycobot_interfaces/srv/get_coords.h
-- Up-to-date symlink: /home/tony/colcon_ws/install/mycobot_interfaces/include/mycobot_interfaces/srv/gripper_status.h
-- Up-to-date symlink: /home/tony/colcon_ws/install/mycobot_interfaces/include/mycobot_interfaces/srv/pump_status.h
-- Up-to-date symlink: /home/tony/colcon_ws/install/mycobot_interfaces/include/mycobot_interfaces/srv/set_angles.h
-- Up-to-date symlink: /home/tony/colcon_ws/install/mycobot_interfaces/include/mycobot_interfaces/srv/set_coords.h
-- Up-to-date symlink: /home/tony/colcon_ws/install/mycobot_interfaces/share/mycobot_interfaces/environment/library_path.sh
-- Up-to-date symlink: /home/tony/colcon_ws/install/mycobot_interfaces/share/mycobot_interfaces/environment/library_path.dsv
-- Up-to-date symlink: /home/tony/colcon_ws/install/mycobot_interfaces/include/mycobot_interfaces/msg/detail/mycobot_angles__rosidl_typesupport_fastrtps_c.h
-- Up-to-date symlink: /home/tony/colcon_ws/install/mycobot_interfaces/include/mycobot_interfaces/msg/detail/mycobot_coords__rosidl_typesupport_fastrtps_c.h
-- Up-to-date symlink: /home/tony/colcon_ws/install/mycobot_interfaces/include/mycobot_interfaces/msg/detail/mycobot_gripper_status__rosidl_typesupport_fastrtps_c.h
-- Up-to-date symlink: /home/tony/colcon_ws/install/mycobot_interfaces/include/mycobot_interfaces/msg/detail/mycobot_pump_status__rosidl_typesupport_fastrtps_c.h
-- Up-to-date symlink: /home/tony/colcon_ws/install/mycobot_interfaces/include/mycobot_interfaces/msg/detail/mycobot_set_angles__rosidl_typesupport_fastrtps_c.h
-- Up-to-date symlink: /home/tony/colcon_ws/install/mycobot_interfaces/include/mycobot_interfaces/msg/detail/mycobot_set_coords__rosidl_typesupport_fastrtps_c.h
-- Up-to-date symlink: /home/tony/colcon_ws/install/mycobot_interfaces/include/mycobot_interfaces/msg/rosidl_typesupport_fastrtps_c__visibility_control.h
-- Up-to-date symlink: /home/tony/colcon_ws/install/mycobot_interfaces/include/mycobot_interfaces/srv/detail/get_angles__rosidl_typesupport_fastrtps_c.h
-- Up-to-date symlink: /home/tony/colcon_ws/install/mycobot_interfaces/include/mycobot_interfaces/srv/detail/get_coords__rosidl_typesupport_fastrtps_c.h
-- Up-to-date symlink: /home/tony/colcon_ws/install/mycobot_interfaces/include/mycobot_interfaces/srv/detail/gripper_status__rosidl_typesupport_fastrtps_c.h
-- Up-to-date symlink: /home/tony/colcon_ws/install/mycobot_interfaces/include/mycobot_interfaces/srv/detail/pump_status__rosidl_typesupport_fastrtps_c.h
-- Up-to-date symlink: /home/tony/colcon_ws/install/mycobot_interfaces/include/mycobot_interfaces/srv/detail/set_angles__rosidl_typesupport_fastrtps_c.h
-- Up-to-date symlink: /home/tony/colcon_ws/install/mycobot_interfaces/include/mycobot_interfaces/srv/detail/set_coords__rosidl_typesupport_fastrtps_c.h
-- Up-to-date symlink: /home/tony/colcon_ws/install/mycobot_interfaces/lib/libmycobot_interfaces__rosidl_typesupport_fastrtps_c.so
-- Up-to-date symlink: /home/tony/colcon_ws/install/mycobot_interfaces/include/mycobot_interfaces/msg/detail/mycobot_angles__rosidl_typesupport_fastrtps_cpp.hpp
-- Up-to-date symlink: /home/tony/colcon_ws/install/mycobot_interfaces/include/mycobot_interfaces/msg/detail/mycobot_coords__rosidl_typesupport_fastrtps_cpp.hpp
-- Up-to-date symlink: /home/tony/colcon_ws/install/mycobot_interfaces/include/mycobot_interfaces/msg/detail/mycobot_gripper_status__rosidl_typesupport_fastrtps_cpp.hpp
-- Up-to-date symlink: /home/tony/colcon_ws/install/mycobot_interfaces/include/mycobot_interfaces/msg/detail/mycobot_pump_status__rosidl_typesupport_fastrtps_cpp.hpp
-- Up-to-date symlink: /home/tony/colcon_ws/install/mycobot_interfaces/include/mycobot_interfaces/msg/detail/mycobot_set_angles__rosidl_typesupport_fastrtps_cpp.hpp
-- Up-to-date symlink: /home/tony/colcon_ws/install/mycobot_interfaces/include/mycobot_interfaces/msg/detail/mycobot_set_coords__rosidl_typesupport_fastrtps_cpp.hpp
-- Up-to-date symlink: /home/tony/colcon_ws/install/mycobot_interfaces/include/mycobot_interfaces/msg/rosidl_typesupport_fastrtps_cpp__visibility_control.h
-- Up-to-date symlink: /home/tony/colcon_ws/install/mycobot_interfaces/include/mycobot_interfaces/srv/detail/get_angles__rosidl_typesupport_fastrtps_cpp.hpp
-- Up-to-date symlink: /home/tony/colcon_ws/install/mycobot_interfaces/include/mycobot_interfaces/srv/detail/get_coords__rosidl_typesupport_fastrtps_cpp.hpp
-- Up-to-date symlink: /home/tony/colcon_ws/install/mycobot_interfaces/include/mycobot_interfaces/srv/detail/gripper_status__rosidl_typesupport_fastrtps_cpp.hpp
-- Up-to-date symlink: /home/tony/colcon_ws/install/mycobot_interfaces/include/mycobot_interfaces/srv/detail/pump_status__rosidl_typesupport_fastrtps_cpp.hpp
-- Up-to-date symlink: /home/tony/colcon_ws/install/mycobot_interfaces/include/mycobot_interfaces/srv/detail/set_angles__rosidl_typesupport_fastrtps_cpp.hpp
-- Up-to-date symlink: /home/tony/colcon_ws/install/mycobot_interfaces/include/mycobot_interfaces/srv/detail/set_coords__rosidl_typesupport_fastrtps_cpp.hpp
-- Up-to-date symlink: /home/tony/colcon_ws/install/mycobot_interfaces/lib/libmycobot_interfaces__rosidl_typesupport_fastrtps_cpp.so
-- Up-to-date symlink: /home/tony/colcon_ws/install/mycobot_interfaces/include/mycobot_interfaces/msg/detail/mycobot_angles__rosidl_typesupport_introspection_c.h
-- Up-to-date symlink: /home/tony/colcon_ws/install/mycobot_interfaces/include/mycobot_interfaces/msg/detail/mycobot_coords__rosidl_typesupport_introspection_c.h
-- Up-to-date symlink: /home/tony/colcon_ws/install/mycobot_interfaces/include/mycobot_interfaces/msg/detail/mycobot_gripper_status__rosidl_typesupport_introspection_c.h
-- Up-to-date symlink: /home/tony/colcon_ws/install/mycobot_interfaces/include/mycobot_interfaces/msg/detail/mycobot_pump_status__rosidl_typesupport_introspection_c.h
-- Up-to-date symlink: /home/tony/colcon_ws/install/mycobot_interfaces/include/mycobot_interfaces/msg/detail/mycobot_set_angles__rosidl_typesupport_introspection_c.h
-- Up-to-date symlink: /home/tony/colcon_ws/install/mycobot_interfaces/include/mycobot_interfaces/msg/detail/mycobot_set_coords__rosidl_typesupport_introspection_c.h
-- Up-to-date symlink: /home/tony/colcon_ws/install/mycobot_interfaces/include/mycobot_interfaces/msg/rosidl_typesupport_introspection_c__visibility_control.h
-- Up-to-date symlink: /home/tony/colcon_ws/install/mycobot_interfaces/include/mycobot_interfaces/srv/detail/get_angles__rosidl_typesupport_introspection_c.h
-- Up-to-date symlink: /home/tony/colcon_ws/install/mycobot_interfaces/include/mycobot_interfaces/srv/detail/get_coords__rosidl_typesupport_introspection_c.h
-- Up-to-date symlink: /home/tony/colcon_ws/install/mycobot_interfaces/include/mycobot_interfaces/srv/detail/gripper_status__rosidl_typesupport_introspection_c.h
-- Up-to-date symlink: /home/tony/colcon_ws/install/mycobot_interfaces/include/mycobot_interfaces/srv/detail/pump_status__rosidl_typesupport_introspection_c.h
-- Up-to-date symlink: /home/tony/colcon_ws/install/mycobot_interfaces/include/mycobot_interfaces/srv/detail/set_angles__rosidl_typesupport_introspection_c.h
-- Up-to-date symlink: /home/tony/colcon_ws/install/mycobot_interfaces/include/mycobot_interfaces/srv/detail/set_coords__rosidl_typesupport_introspection_c.h
-- Up-to-date symlink: /home/tony/colcon_ws/install/mycobot_interfaces/include/mycobot_interfaces/msg/detail/mycobot_angles__builder.hpp
-- Up-to-date symlink: /home/tony/colcon_ws/install/mycobot_interfaces/include/mycobot_interfaces/msg/detail/mycobot_angles__struct.hpp
-- Up-to-date symlink: /home/tony/colcon_ws/install/mycobot_interfaces/include/mycobot_interfaces/msg/detail/mycobot_angles__traits.hpp
-- Up-to-date symlink: /home/tony/colcon_ws/install/mycobot_interfaces/include/mycobot_interfaces/msg/detail/mycobot_angles__type_support.hpp
-- Up-to-date symlink: /home/tony/colcon_ws/install/mycobot_interfaces/include/mycobot_interfaces/msg/detail/mycobot_coords__builder.hpp
-- Up-to-date symlink: /home/tony/colcon_ws/install/mycobot_interfaces/include/mycobot_interfaces/msg/detail/mycobot_coords__struct.hpp
-- Up-to-date symlink: /home/tony/colcon_ws/install/mycobot_interfaces/include/mycobot_interfaces/msg/detail/mycobot_coords__traits.hpp
-- Up-to-date symlink: /home/tony/colcon_ws/install/mycobot_interfaces/include/mycobot_interfaces/msg/detail/mycobot_coords__type_support.hpp
-- Up-to-date symlink: /home/tony/colcon_ws/install/mycobot_interfaces/include/mycobot_interfaces/msg/detail/mycobot_gripper_status__builder.hpp
-- Up-to-date symlink: /home/tony/colcon_ws/install/mycobot_interfaces/include/mycobot_interfaces/msg/detail/mycobot_gripper_status__struct.hpp
-- Up-to-date symlink: /home/tony/colcon_ws/install/mycobot_interfaces/include/mycobot_interfaces/msg/detail/mycobot_gripper_status__traits.hpp
-- Up-to-date symlink: /home/tony/colcon_ws/install/mycobot_interfaces/include/mycobot_interfaces/msg/detail/mycobot_gripper_status__type_support.hpp
-- Up-to-date symlink: /home/tony/colcon_ws/install/mycobot_interfaces/include/mycobot_interfaces/msg/detail/mycobot_pump_status__builder.hpp
-- Up-to-date symlink: /home/tony/colcon_ws/install/mycobot_interfaces/include/mycobot_interfaces/msg/detail/mycobot_pump_status__struct.hpp
-- Up-to-date symlink: /home/tony/colcon_ws/install/mycobot_interfaces/include/mycobot_interfaces/msg/detail/mycobot_pump_status__traits.hpp
-- Up-to-date symlink: /home/tony/colcon_ws/install/mycobot_interfaces/include/mycobot_interfaces/msg/detail/mycobot_pump_status__type_support.hpp
-- Up-to-date symlink: /home/tony/colcon_ws/install/mycobot_interfaces/include/mycobot_interfaces/msg/detail/mycobot_set_angles__builder.hpp
-- Up-to-date symlink: /home/tony/colcon_ws/install/mycobot_interfaces/include/mycobot_interfaces/msg/detail/mycobot_set_angles__struct.hpp
-- Up-to-date symlink: /home/tony/colcon_ws/install/mycobot_interfaces/include/mycobot_interfaces/msg/detail/mycobot_set_angles__traits.hpp
-- Up-to-date symlink: /home/tony/colcon_ws/install/mycobot_interfaces/include/mycobot_interfaces/msg/detail/mycobot_set_angles__type_support.hpp
-- Up-to-date symlink: /home/tony/colcon_ws/install/mycobot_interfaces/include/mycobot_interfaces/msg/detail/mycobot_set_coords__builder.hpp
-- Up-to-date symlink: /home/tony/colcon_ws/install/mycobot_interfaces/include/mycobot_interfaces/msg/detail/mycobot_set_coords__struct.hpp
-- Up-to-date symlink: /home/tony/colcon_ws/install/mycobot_interfaces/include/mycobot_interfaces/msg/detail/mycobot_set_coords__traits.hpp
-- Up-to-date symlink: /home/tony/colcon_ws/install/mycobot_interfaces/include/mycobot_interfaces/msg/detail/mycobot_set_coords__type_support.hpp
-- Up-to-date symlink: /home/tony/colcon_ws/install/mycobot_interfaces/include/mycobot_interfaces/msg/mycobot_angles.hpp
-- Up-to-date symlink: /home/tony/colcon_ws/install/mycobot_interfaces/include/mycobot_interfaces/msg/mycobot_coords.hpp
-- Up-to-date symlink: /home/tony/colcon_ws/install/mycobot_interfaces/include/mycobot_interfaces/msg/mycobot_gripper_status.hpp
-- Up-to-date symlink: /home/tony/colcon_ws/install/mycobot_interfaces/include/mycobot_interfaces/msg/mycobot_pump_status.hpp
-- Up-to-date symlink: /home/tony/colcon_ws/install/mycobot_interfaces/include/mycobot_interfaces/msg/mycobot_set_angles.hpp
-- Up-to-date symlink: /home/tony/colcon_ws/install/mycobot_interfaces/include/mycobot_interfaces/msg/mycobot_set_coords.hpp
-- Up-to-date symlink: /home/tony/colcon_ws/install/mycobot_interfaces/include/mycobot_interfaces/msg/rosidl_generator_cpp__visibility_control.hpp
-- Up-to-date symlink: /home/tony/colcon_ws/install/mycobot_interfaces/include/mycobot_interfaces/srv/detail/get_angles__builder.hpp
-- Up-to-date symlink: /home/tony/colcon_ws/install/mycobot_interfaces/include/mycobot_interfaces/srv/detail/get_angles__struct.hpp
-- Up-to-date symlink: /home/tony/colcon_ws/install/mycobot_interfaces/include/mycobot_interfaces/srv/detail/get_angles__traits.hpp
-- Up-to-date symlink: /home/tony/colcon_ws/install/mycobot_interfaces/include/mycobot_interfaces/srv/detail/get_angles__type_support.hpp
-- Up-to-date symlink: /home/tony/colcon_ws/install/mycobot_interfaces/include/mycobot_interfaces/srv/detail/get_coords__builder.hpp
-- Up-to-date symlink: /home/tony/colcon_ws/install/mycobot_interfaces/include/mycobot_interfaces/srv/detail/get_coords__struct.hpp
-- Up-to-date symlink: /home/tony/colcon_ws/install/mycobot_interfaces/include/mycobot_interfaces/srv/detail/get_coords__traits.hpp
-- Up-to-date symlink: /home/tony/colcon_ws/install/mycobot_interfaces/include/mycobot_interfaces/srv/detail/get_coords__type_support.hpp
-- Up-to-date symlink: /home/tony/colcon_ws/install/mycobot_interfaces/include/mycobot_interfaces/srv/detail/gripper_status__builder.hpp
-- Up-to-date symlink: /home/tony/colcon_ws/install/mycobot_interfaces/include/mycobot_interfaces/srv/detail/gripper_status__struct.hpp
-- Up-to-date symlink: /home/tony/colcon_ws/install/mycobot_interfaces/include/mycobot_interfaces/srv/detail/gripper_status__traits.hpp
-- Up-to-date symlink: /home/tony/colcon_ws/install/mycobot_interfaces/include/mycobot_interfaces/srv/detail/gripper_status__type_support.hpp
-- Up-to-date symlink: /home/tony/colcon_ws/install/mycobot_interfaces/include/mycobot_interfaces/srv/detail/pump_status__builder.hpp
-- Up-to-date symlink: /home/tony/colcon_ws/install/mycobot_interfaces/include/mycobot_interfaces/srv/detail/pump_status__struct.hpp
-- Up-to-date symlink: /home/tony/colcon_ws/install/mycobot_interfaces/include/mycobot_interfaces/srv/detail/pump_status__traits.hpp
-- Up-to-date symlink: /home/tony/colcon_ws/install/mycobot_interfaces/include/mycobot_interfaces/srv/detail/pump_status__type_support.hpp
-- Up-to-date symlink: /home/tony/colcon_ws/install/mycobot_interfaces/include/mycobot_interfaces/srv/detail/set_angles__builder.hpp
-- Up-to-date symlink: /home/tony/colcon_ws/install/mycobot_interfaces/include/mycobot_interfaces/srv/detail/set_angles__struct.hpp
-- Up-to-date symlink: /home/tony/colcon_ws/install/mycobot_interfaces/include/mycobot_interfaces/srv/detail/set_angles__traits.hpp
-- Up-to-date symlink: /home/tony/colcon_ws/install/mycobot_interfaces/include/mycobot_interfaces/srv/detail/set_angles__type_support.hpp
-- Up-to-date symlink: /home/tony/colcon_ws/install/mycobot_interfaces/include/mycobot_interfaces/srv/detail/set_coords__builder.hpp
-- Up-to-date symlink: /home/tony/colcon_ws/install/mycobot_interfaces/include/mycobot_interfaces/srv/detail/set_coords__struct.hpp
-- Up-to-date symlink: /home/tony/colcon_ws/install/mycobot_interfaces/include/mycobot_interfaces/srv/detail/set_coords__traits.hpp
-- Up-to-date symlink: /home/tony/colcon_ws/install/mycobot_interfaces/include/mycobot_interfaces/srv/detail/set_coords__type_support.hpp
-- Up-to-date symlink: /home/tony/colcon_ws/install/mycobot_interfaces/include/mycobot_interfaces/srv/get_angles.hpp
-- Up-to-date symlink: /home/tony/colcon_ws/install/mycobot_interfaces/include/mycobot_interfaces/srv/get_coords.hpp
-- Up-to-date symlink: /home/tony/colcon_ws/install/mycobot_interfaces/include/mycobot_interfaces/srv/gripper_status.hpp
-- Up-to-date symlink: /home/tony/colcon_ws/install/mycobot_interfaces/include/mycobot_interfaces/srv/pump_status.hpp
-- Up-to-date symlink: /home/tony/colcon_ws/install/mycobot_interfaces/include/mycobot_interfaces/srv/set_angles.hpp
-- Up-to-date symlink: /home/tony/colcon_ws/install/mycobot_interfaces/include/mycobot_interfaces/srv/set_coords.hpp
-- Up-to-date symlink: /home/tony/colcon_ws/install/mycobot_interfaces/include/mycobot_interfaces/msg/detail/mycobot_angles__rosidl_typesupport_introspection_cpp.hpp
-- Up-to-date symlink: /home/tony/colcon_ws/install/mycobot_interfaces/include/mycobot_interfaces/msg/detail/mycobot_coords__rosidl_typesupport_introspection_cpp.hpp
-- Up-to-date symlink: /home/tony/colcon_ws/install/mycobot_interfaces/include/mycobot_interfaces/msg/detail/mycobot_gripper_status__rosidl_typesupport_introspection_cpp.hpp
-- Up-to-date symlink: /home/tony/colcon_ws/install/mycobot_interfaces/include/mycobot_interfaces/msg/detail/mycobot_pump_status__rosidl_typesupport_introspection_cpp.hpp
-- Up-to-date symlink: /home/tony/colcon_ws/install/mycobot_interfaces/include/mycobot_interfaces/msg/detail/mycobot_set_angles__rosidl_typesupport_introspection_cpp.hpp
-- Up-to-date symlink: /home/tony/colcon_ws/install/mycobot_interfaces/include/mycobot_interfaces/msg/detail/mycobot_set_coords__rosidl_typesupport_introspection_cpp.hpp
-- Up-to-date symlink: /home/tony/colcon_ws/install/mycobot_interfaces/include/mycobot_interfaces/srv/detail/get_angles__rosidl_typesupport_introspection_cpp.hpp
-- Up-to-date symlink: /home/tony/colcon_ws/install/mycobot_interfaces/include/mycobot_interfaces/srv/detail/get_coords__rosidl_typesupport_introspection_cpp.hpp
-- Up-to-date symlink: /home/tony/colcon_ws/install/mycobot_interfaces/include/mycobot_interfaces/srv/detail/gripper_status__rosidl_typesupport_introspection_cpp.hpp
-- Up-to-date symlink: /home/tony/colcon_ws/install/mycobot_interfaces/include/mycobot_interfaces/srv/detail/pump_status__rosidl_typesupport_introspection_cpp.hpp
-- Up-to-date symlink: /home/tony/colcon_ws/install/mycobot_interfaces/include/mycobot_interfaces/srv/detail/set_angles__rosidl_typesupport_introspection_cpp.hpp
-- Up-to-date symlink: /home/tony/colcon_ws/install/mycobot_interfaces/include/mycobot_interfaces/srv/detail/set_coords__rosidl_typesupport_introspection_cpp.hpp
-- Up-to-date symlink: /home/tony/colcon_ws/install/mycobot_interfaces/share/mycobot_interfaces/environment/pythonpath.sh
-- Up-to-date symlink: /home/tony/colcon_ws/install/mycobot_interfaces/share/mycobot_interfaces/environment/pythonpath.dsv
-- Up-to-date symlink: /home/tony/colcon_ws/install/mycobot_interfaces/lib/python3.8/site-packages/mycobot_interfaces/__init__.py
-- Up-to-date symlink: /home/tony/colcon_ws/install/mycobot_interfaces/lib/python3.8/site-packages/mycobot_interfaces/msg/__init__.py
-- Up-to-date symlink: /home/tony/colcon_ws/install/mycobot_interfaces/lib/python3.8/site-packages/mycobot_interfaces/msg/_mycobot_angles.py
-- Up-to-date symlink: /home/tony/colcon_ws/install/mycobot_interfaces/lib/python3.8/site-packages/mycobot_interfaces/msg/_mycobot_coords.py
-- Up-to-date symlink: /home/tony/colcon_ws/install/mycobot_interfaces/lib/python3.8/site-packages/mycobot_interfaces/msg/_mycobot_gripper_status.py
-- Up-to-date symlink: /home/tony/colcon_ws/install/mycobot_interfaces/lib/python3.8/site-packages/mycobot_interfaces/msg/_mycobot_pump_status.py
-- Up-to-date symlink: /home/tony/colcon_ws/install/mycobot_interfaces/lib/python3.8/site-packages/mycobot_interfaces/msg/_mycobot_set_angles.py
-- Up-to-date symlink: /home/tony/colcon_ws/install/mycobot_interfaces/lib/python3.8/site-packages/mycobot_interfaces/msg/_mycobot_set_coords.py
-- Up-to-date symlink: /home/tony/colcon_ws/install/mycobot_interfaces/lib/python3.8/site-packages/mycobot_interfaces/srv/__init__.py
-- Up-to-date symlink: /home/tony/colcon_ws/install/mycobot_interfaces/lib/python3.8/site-packages/mycobot_interfaces/srv/_get_angles.py
-- Up-to-date symlink: /home/tony/colcon_ws/install/mycobot_interfaces/lib/python3.8/site-packages/mycobot_interfaces/srv/_get_coords.py
-- Up-to-date symlink: /home/tony/colcon_ws/install/mycobot_interfaces/lib/python3.8/site-packages/mycobot_interfaces/srv/_gripper_status.py
-- Up-to-date symlink: /home/tony/colcon_ws/install/mycobot_interfaces/lib/python3.8/site-packages/mycobot_interfaces/srv/_pump_status.py
-- Up-to-date symlink: /home/tony/colcon_ws/install/mycobot_interfaces/lib/python3.8/site-packages/mycobot_interfaces/srv/_set_angles.py
-- Up-to-date symlink: /home/tony/colcon_ws/install/mycobot_interfaces/lib/python3.8/site-packages/mycobot_interfaces/srv/_set_coords.py
-- Up-to-date symlink: /home/tony/colcon_ws/install/mycobot_interfaces/lib/python3.8/site-packages/mycobot_interfaces/mycobot_interfaces_s__rosidl_typesupport_fastrtps_c.cpython-38-aarch64-linux-gnu.so
-- Up-to-date symlink: /home/tony/colcon_ws/install/mycobot_interfaces/lib/python3.8/site-packages/mycobot_interfaces/mycobot_interfaces_s__rosidl_typesupport_introspection_c.cpython-38-aarch64-linux-gnu.so
-- Up-to-date symlink: /home/tony/colcon_ws/install/mycobot_interfaces/lib/python3.8/site-packages/mycobot_interfaces/mycobot_interfaces_s__rosidl_typesupport_c.cpython-38-aarch64-linux-gnu.so
-- Up-to-date symlink: /home/tony/colcon_ws/install/mycobot_interfaces/lib/libmycobot_interfaces__python.so
-- Up-to-date symlink: /home/tony/colcon_ws/install/mycobot_interfaces/share/mycobot_interfaces/msg/MycobotAngles.idl
-- Up-to-date symlink: /home/tony/colcon_ws/install/mycobot_interfaces/share/mycobot_interfaces/msg/MycobotCoords.idl
-- Up-to-date symlink: /home/tony/colcon_ws/install/mycobot_interfaces/share/mycobot_interfaces/msg/MycobotSetAngles.idl
-- Up-to-date symlink: /home/tony/colcon_ws/install/mycobot_interfaces/share/mycobot_interfaces/msg/MycobotSetCoords.idl
-- Up-to-date symlink: /home/tony/colcon_ws/install/mycobot_interfaces/share/mycobot_interfaces/msg/MycobotGripperStatus.idl
-- Up-to-date symlink: /home/tony/colcon_ws/install/mycobot_interfaces/share/mycobot_interfaces/msg/MycobotPumpStatus.idl
-- Up-to-date symlink: /home/tony/colcon_ws/install/mycobot_interfaces/share/mycobot_interfaces/srv/GetAngles.idl
-- Up-to-date symlink: /home/tony/colcon_ws/install/mycobot_interfaces/share/mycobot_interfaces/srv/SetAngles.idl
-- Up-to-date symlink: /home/tony/colcon_ws/install/mycobot_interfaces/share/mycobot_interfaces/srv/GetCoords.idl
-- Up-to-date symlink: /home/tony/colcon_ws/install/mycobot_interfaces/share/mycobot_interfaces/srv/SetCoords.idl
-- Up-to-date symlink: /home/tony/colcon_ws/install/mycobot_interfaces/share/mycobot_interfaces/srv/GripperStatus.idl
-- Up-to-date symlink: /home/tony/colcon_ws/install/mycobot_interfaces/share/mycobot_interfaces/srv/PumpStatus.idl
-- Up-to-date symlink: /home/tony/colcon_ws/install/mycobot_interfaces/share/mycobot_interfaces/msg/MycobotAngles.msg
-- Up-to-date symlink: /home/tony/colcon_ws/install/mycobot_interfaces/share/mycobot_interfaces/msg/MycobotCoords.msg
-- Up-to-date symlink: /home/tony/colcon_ws/install/mycobot_interfaces/share/mycobot_interfaces/msg/MycobotSetAngles.msg
-- Up-to-date symlink: /home/tony/colcon_ws/install/mycobot_interfaces/share/mycobot_interfaces/msg/MycobotSetCoords.msg
-- Up-to-date symlink: /home/tony/colcon_ws/install/mycobot_interfaces/share/mycobot_interfaces/msg/MycobotGripperStatus.msg
-- Up-to-date symlink: /home/tony/colcon_ws/install/mycobot_interfaces/share/mycobot_interfaces/msg/MycobotPumpStatus.msg
-- Up-to-date symlink: /home/tony/colcon_ws/install/mycobot_interfaces/share/mycobot_interfaces/srv/GetAngles.srv
-- Up-to-date symlink: /home/tony/colcon_ws/install/mycobot_interfaces/share/mycobot_interfaces/srv/GetAngles_Request.msg
-- Up-to-date symlink: /home/tony/colcon_ws/install/mycobot_interfaces/share/mycobot_interfaces/srv/GetAngles_Response.msg
-- Up-to-date symlink: /home/tony/colcon_ws/install/mycobot_interfaces/share/mycobot_interfaces/srv/SetAngles.srv
-- Up-to-date symlink: /home/tony/colcon_ws/install/mycobot_interfaces/share/mycobot_interfaces/srv/SetAngles_Request.msg
-- Up-to-date symlink: /home/tony/colcon_ws/install/mycobot_interfaces/share/mycobot_interfaces/srv/SetAngles_Response.msg
-- Up-to-date symlink: /home/tony/colcon_ws/install/mycobot_interfaces/share/mycobot_interfaces/srv/GetCoords.srv
-- Up-to-date symlink: /home/tony/colcon_ws/install/mycobot_interfaces/share/mycobot_interfaces/srv/GetCoords_Request.msg
-- Up-to-date symlink: /home/tony/colcon_ws/install/mycobot_interfaces/share/mycobot_interfaces/srv/GetCoords_Response.msg
-- Up-to-date symlink: /home/tony/colcon_ws/install/mycobot_interfaces/share/mycobot_interfaces/srv/SetCoords.srv
-- Up-to-date symlink: /home/tony/colcon_ws/install/mycobot_interfaces/share/mycobot_interfaces/srv/SetCoords_Request.msg
-- Up-to-date symlink: /home/tony/colcon_ws/install/mycobot_interfaces/share/mycobot_interfaces/srv/SetCoords_Response.msg
-- Up-to-date symlink: /home/tony/colcon_ws/install/mycobot_interfaces/share/mycobot_interfaces/srv/GripperStatus.srv
-- Up-to-date symlink: /home/tony/colcon_ws/install/mycobot_interfaces/share/mycobot_interfaces/srv/GripperStatus_Request.msg
-- Up-to-date symlink: /home/tony/colcon_ws/install/mycobot_interfaces/share/mycobot_interfaces/srv/GripperStatus_Response.msg
-- Up-to-date symlink: /home/tony/colcon_ws/install/mycobot_interfaces/share/mycobot_interfaces/srv/PumpStatus.srv
-- Up-to-date symlink: /home/tony/colcon_ws/install/mycobot_interfaces/share/mycobot_interfaces/srv/PumpStatus_Request.msg
-- Up-to-date symlink: /home/tony/colcon_ws/install/mycobot_interfaces/share/mycobot_interfaces/srv/PumpStatus_Response.msg
-- Up-to-date symlink: /home/tony/colcon_ws/install/mycobot_interfaces/share/ament_index/resource_index/package_run_dependencies/mycobot_interfaces
-- Up-to-date symlink: /home/tony/colcon_ws/install/mycobot_interfaces/share/ament_index/resource_index/parent_prefix_path/mycobot_interfaces
-- Up-to-date symlink: /home/tony/colcon_ws/install/mycobot_interfaces/share/mycobot_interfaces/environment/ament_prefix_path.sh
-- Up-to-date symlink: /home/tony/colcon_ws/install/mycobot_interfaces/share/mycobot_interfaces/environment/ament_prefix_path.dsv
-- Up-to-date symlink: /home/tony/colcon_ws/install/mycobot_interfaces/share/mycobot_interfaces/environment/path.sh
-- Up-to-date symlink: /home/tony/colcon_ws/install/mycobot_interfaces/share/mycobot_interfaces/environment/path.dsv
-- Up-to-date symlink: /home/tony/colcon_ws/install/mycobot_interfaces/share/mycobot_interfaces/local_setup.bash
-- Up-to-date symlink: /home/tony/colcon_ws/install/mycobot_interfaces/share/mycobot_interfaces/local_setup.sh
-- Up-to-date symlink: /home/tony/colcon_ws/install/mycobot_interfaces/share/mycobot_interfaces/local_setup.zsh
-- Up-to-date symlink: /home/tony/colcon_ws/install/mycobot_interfaces/share/mycobot_interfaces/local_setup.dsv
-- Symlinking: /home/tony/colcon_ws/install/mycobot_interfaces/share/mycobot_interfaces/package.dsv
-- Up-to-date symlink: /home/tony/colcon_ws/install/mycobot_interfaces/share/ament_index/resource_index/packages/mycobot_interfaces
-- Up-to-date symlink: /home/tony/colcon_ws/install/mycobot_interfaces/share/mycobot_interfaces/cmake/rosidl_cmake-extras.cmake
-- Up-to-date symlink: /home/tony/colcon_ws/install/mycobot_interfaces/share/mycobot_interfaces/cmake/ament_cmake_export_dependencies-extras.cmake
-- Up-to-date symlink: /home/tony/colcon_ws/install/mycobot_interfaces/share/mycobot_interfaces/cmake/ament_cmake_export_libraries-extras.cmake
-- Up-to-date symlink: /home/tony/colcon_ws/install/mycobot_interfaces/share/mycobot_interfaces/cmake/ament_cmake_export_targets-extras.cmake
-- Up-to-date symlink: /home/tony/colcon_ws/install/mycobot_interfaces/share/mycobot_interfaces/cmake/ament_cmake_export_include_directories-extras.cmake
-- Up-to-date symlink: /home/tony/colcon_ws/install/mycobot_interfaces/share/mycobot_interfaces/cmake/rosidl_cmake_export_typesupport_libraries-extras.cmake
-- Up-to-date symlink: /home/tony/colcon_ws/install/mycobot_interfaces/share/mycobot_interfaces/cmake/rosidl_cmake_export_typesupport_targets-extras.cmake
-- Up-to-date symlink: /home/tony/colcon_ws/install/mycobot_interfaces/share/mycobot_interfaces/cmake/mycobot_interfacesConfig.cmake
-- Up-to-date symlink: /home/tony/colcon_ws/install/mycobot_interfaces/share/mycobot_interfaces/cmake/mycobot_interfacesConfig-version.cmake
-- Up-to-date symlink: /home/tony/colcon_ws/install/mycobot_interfaces/share/mycobot_interfaces/package.xml
-- Installing: /home/tony/colcon_ws/install/mycobot_interfaces/lib/libmycobot_interfaces__rosidl_generator_c.so
-- Set runtime path of "/home/tony/colcon_ws/install/mycobot_interfaces/lib/libmycobot_interfaces__rosidl_generator_c.so" to ""
-- Installing: /home/tony/colcon_ws/install/mycobot_interfaces/lib/libmycobot_interfaces__rosidl_typesupport_introspection_c.so
-- Set runtime path of "/home/tony/colcon_ws/install/mycobot_interfaces/lib/libmycobot_interfaces__rosidl_typesupport_introspection_c.so" to ""
-- Installing: /home/tony/colcon_ws/install/mycobot_interfaces/lib/libmycobot_interfaces__rosidl_typesupport_c.so
-- Set runtime path of "/home/tony/colcon_ws/install/mycobot_interfaces/lib/libmycobot_interfaces__rosidl_typesupport_c.so" to ""
-- Installing: /home/tony/colcon_ws/install/mycobot_interfaces/lib/libmycobot_interfaces__rosidl_typesupport_introspection_cpp.so
-- Set runtime path of "/home/tony/colcon_ws/install/mycobot_interfaces/lib/libmycobot_interfaces__rosidl_typesupport_introspection_cpp.so" to ""
-- Installing: /home/tony/colcon_ws/install/mycobot_interfaces/lib/libmycobot_interfaces__rosidl_typesupport_cpp.so
-- Set runtime path of "/home/tony/colcon_ws/install/mycobot_interfaces/lib/libmycobot_interfaces__rosidl_typesupport_cpp.so" to ""
Compiling '/home/tony/colcon_ws/install/mycobot_interfaces/lib/python3.8/site-packages/mycobot_interfaces/__init__.py'...
-- Up-to-date: /home/tony/colcon_ws/install/mycobot_interfaces/share/mycobot_interfaces/cmake/mycobot_interfaces__rosidl_generator_cExport.cmake
-- Installing: /home/tony/colcon_ws/install/mycobot_interfaces/share/mycobot_interfaces/cmake/mycobot_interfaces__rosidl_generator_cExport-release.cmake
-- Up-to-date: /home/tony/colcon_ws/install/mycobot_interfaces/share/mycobot_interfaces/cmake/mycobot_interfaces__rosidl_typesupport_introspection_cExport.cmake
-- Installing: /home/tony/colcon_ws/install/mycobot_interfaces/share/mycobot_interfaces/cmake/mycobot_interfaces__rosidl_typesupport_introspection_cExport-release.cmake
-- Up-to-date: /home/tony/colcon_ws/install/mycobot_interfaces/share/mycobot_interfaces/cmake/mycobot_interfaces__rosidl_typesupport_cExport.cmake
-- Installing: /home/tony/colcon_ws/install/mycobot_interfaces/share/mycobot_interfaces/cmake/mycobot_interfaces__rosidl_typesupport_cExport-release.cmake
-- Up-to-date: /home/tony/colcon_ws/install/mycobot_interfaces/share/mycobot_interfaces/cmake/mycobot_interfaces__rosidl_generator_cppExport.cmake
-- Up-to-date: /home/tony/colcon_ws/install/mycobot_interfaces/share/mycobot_interfaces/cmake/mycobot_interfaces__rosidl_typesupport_introspection_cppExport.cmake
-- Installing: /home/tony/colcon_ws/install/mycobot_interfaces/share/mycobot_interfaces/cmake/mycobot_interfaces__rosidl_typesupport_introspection_cppExport-release.cmake
-- Up-to-date: /home/tony/colcon_ws/install/mycobot_interfaces/share/mycobot_interfaces/cmake/mycobot_interfaces__rosidl_typesupport_cppExport.cmake
-- Installing: /home/tony/colcon_ws/install/mycobot_interfaces/share/mycobot_interfaces/cmake/mycobot_interfaces__rosidl_typesupport_cppExport-release.cmake
