[0.402s] Invoking command in '/home/tony/colcon_ws/build/mycobot_280': AMENT_PREFIX_PATH=/home/tony/colcon_ws/install/mycobot_description:/home/tony/colcon_ws/install/mypalletizer_interfaces:/home/tony/colcon_ws/install/mycobot_pro450_interfaces:/home/tony/colcon_ws/install/mycobot_communication:/home/tony/colcon_ws/install/mecharm_communication:/home/tony/colcon_ws/install/mycobot_interfaces:/home/tony/colcon_ws/install/mycobot_280:/home/tony/colcon_ws/install/mybuddy:/home/tony/colcon_ws/install/myarm_300:/home/tony/colcon_ws/install/mecharm_pi:/home/tony/colcon_ws/install/mecharm:/home/tony/colcon_ws/install/mecharm_interfaces:/opt/ros/foxy PYTHONPATH=/home/tony/colcon_ws/build/mycobot_280/prefix_override:/usr/lib/python3/dist-packages/colcon_core/task/python/colcon_distutils_commands:/home/tony/colcon_ws/install/mycobot_280/lib/python3.8/site-packages:/home/tony/colcon_ws/build/mycobot_description:/home/tony/colcon_ws/install/mycobot_description/lib/python3.8/site-packages:/home/tony/colcon_ws/install/mypalletizer_interfaces/lib/python3.8/site-packages:/home/tony/colcon_ws/install/mycobot_pro450_interfaces/lib/python3.8/site-packages:/home/tony/colcon_ws/build/mycobot_communication:/home/tony/colcon_ws/install/mycobot_communication/lib/python3.8/site-packages:/home/tony/colcon_ws/build/mecharm_communication:/home/tony/colcon_ws/install/mecharm_communication/lib/python3.8/site-packages:/home/tony/colcon_ws/install/mycobot_interfaces/lib/python3.8/site-packages:/home/tony/colcon_ws/build/mycobot_280:/home/tony/colcon_ws/install/mycobot_280/lib/python3.8/site-packages:/home/tony/colcon_ws/build/mybuddy:/home/tony/colcon_ws/install/mybuddy/lib/python3.8/site-packages:/home/tony/colcon_ws/build/myarm_300:/home/tony/colcon_ws/install/myarm_300/lib/python3.8/site-packages:/home/tony/colcon_ws/build/mecharm_pi:/home/tony/colcon_ws/install/mecharm_pi/lib/python3.8/site-packages:/home/tony/colcon_ws/build/mecharm:/home/tony/colcon_ws/install/mecharm/lib/python3.8/site-packages:/home/tony/colcon_ws/install/mecharm_interfaces/lib/python3.8/site-packages:/opt/ros/foxy/lib/python3.8/site-packages /usr/bin/python3 -W ignore:setup.py install is deprecated -W ignore:easy_install command is deprecated setup.py develop --editable --build-directory /home/tony/colcon_ws/build/mycobot_280/build --no-deps symlink_data
[0.521s] running develop
[0.575s] running egg_info
[0.575s] writing mycobot_280.egg-info/PKG-INFO
[0.575s] writing dependency_links to mycobot_280.egg-info/dependency_links.txt
[0.576s] writing entry points to mycobot_280.egg-info/entry_points.txt
[0.576s] writing requirements to mycobot_280.egg-info/requires.txt
[0.576s] writing top-level names to mycobot_280.egg-info/top_level.txt
[0.591s] reading manifest file 'mycobot_280.egg-info/SOURCES.txt'
[0.592s] writing manifest file 'mycobot_280.egg-info/SOURCES.txt'
[0.610s] running build_ext
[0.611s] Creating /home/tony/colcon_ws/install/mycobot_280/lib/python3.8/site-packages/mycobot-280.egg-link (link to .)
[0.611s] Installing camera_display script to /home/tony/colcon_ws/install/mycobot_280/lib/mycobot_280
[0.611s] Installing follow_display script to /home/tony/colcon_ws/install/mycobot_280/lib/mycobot_280
[0.611s] Installing listen_real script to /home/tony/colcon_ws/install/mycobot_280/lib/mycobot_280
[0.611s] Installing listen_real_of_topic script to /home/tony/colcon_ws/install/mycobot_280/lib/mycobot_280
[0.612s] Installing listen_real_service script to /home/tony/colcon_ws/install/mycobot_280/lib/mycobot_280
[0.612s] Installing opencv_camera script to /home/tony/colcon_ws/install/mycobot_280/lib/mycobot_280
[0.612s] Installing simple_gui script to /home/tony/colcon_ws/install/mycobot_280/lib/mycobot_280
[0.612s] Installing slider_control script to /home/tony/colcon_ws/install/mycobot_280/lib/mycobot_280
[0.612s] Installing slider_control_adaptive_gripper script to /home/tony/colcon_ws/install/mycobot_280/lib/mycobot_280
[0.612s] Installing teleop_keyboard script to /home/tony/colcon_ws/install/mycobot_280/lib/mycobot_280
[0.612s] 
[0.612s] Installed /home/tony/colcon_ws/build/mycobot_280
[0.612s] running symlink_data
[0.631s] Invoked command in '/home/tony/colcon_ws/build/mycobot_280' returned '0': AMENT_PREFIX_PATH=/home/tony/colcon_ws/install/mycobot_description:/home/tony/colcon_ws/install/mypalletizer_interfaces:/home/tony/colcon_ws/install/mycobot_pro450_interfaces:/home/tony/colcon_ws/install/mycobot_communication:/home/tony/colcon_ws/install/mecharm_communication:/home/tony/colcon_ws/install/mycobot_interfaces:/home/tony/colcon_ws/install/mycobot_280:/home/tony/colcon_ws/install/mybuddy:/home/tony/colcon_ws/install/myarm_300:/home/tony/colcon_ws/install/mecharm_pi:/home/tony/colcon_ws/install/mecharm:/home/tony/colcon_ws/install/mecharm_interfaces:/opt/ros/foxy PYTHONPATH=/home/tony/colcon_ws/build/mycobot_280/prefix_override:/usr/lib/python3/dist-packages/colcon_core/task/python/colcon_distutils_commands:/home/tony/colcon_ws/install/mycobot_280/lib/python3.8/site-packages:/home/tony/colcon_ws/build/mycobot_description:/home/tony/colcon_ws/install/mycobot_description/lib/python3.8/site-packages:/home/tony/colcon_ws/install/mypalletizer_interfaces/lib/python3.8/site-packages:/home/tony/colcon_ws/install/mycobot_pro450_interfaces/lib/python3.8/site-packages:/home/tony/colcon_ws/build/mycobot_communication:/home/tony/colcon_ws/install/mycobot_communication/lib/python3.8/site-packages:/home/tony/colcon_ws/build/mecharm_communication:/home/tony/colcon_ws/install/mecharm_communication/lib/python3.8/site-packages:/home/tony/colcon_ws/install/mycobot_interfaces/lib/python3.8/site-packages:/home/tony/colcon_ws/build/mycobot_280:/home/tony/colcon_ws/install/mycobot_280/lib/python3.8/site-packages:/home/tony/colcon_ws/build/mybuddy:/home/tony/colcon_ws/install/mybuddy/lib/python3.8/site-packages:/home/tony/colcon_ws/build/myarm_300:/home/tony/colcon_ws/install/myarm_300/lib/python3.8/site-packages:/home/tony/colcon_ws/build/mecharm_pi:/home/tony/colcon_ws/install/mecharm_pi/lib/python3.8/site-packages:/home/tony/colcon_ws/build/mecharm:/home/tony/colcon_ws/install/mecharm/lib/python3.8/site-packages:/home/tony/colcon_ws/install/mecharm_interfaces/lib/python3.8/site-packages:/opt/ros/foxy/lib/python3.8/site-packages /usr/bin/python3 -W ignore:setup.py install is deprecated -W ignore:easy_install command is deprecated setup.py develop --editable --build-directory /home/tony/colcon_ws/build/mycobot_280/build --no-deps symlink_data
