[0.028s] Invoking command in '/home/tony/colcon_ws/build/moveit_resources_fanuc_description': CMAKE_PREFIX_PATH=${CMAKE_PREFIX_PATH}:/home/tony/colcon_ws/install/mycobot_630:/home/tony/colcon_ws/install/mycobot_communication:/home/tony/colcon_ws/install/mecharm_communication:/home/tony/colcon_ws/install/mycobot_280:/home/tony/colcon_ws/install/mybuddy:/home/tony/colcon_ws/install/myarm_300:/home/tony/colcon_ws/install/mecharm_pi:/home/tony/colcon_ws/install/mecharm:/home/tony/colcon_ws/install/mycobot_description:/opt/ros/foxy /usr/bin/cmake /home/tony/colcon_ws/ws_moveit2/src/moveit_resources/fanuc_description -DCMAKE_BUILD_TYPE=Release -DCMAKE_INSTALL_PREFIX=/home/tony/colcon_ws/install/moveit_resources_fanuc_description
[0.112s] -- The C compiler identification is GNU 9.4.0
[0.151s] -- The CXX compiler identification is GNU 9.4.0
[0.154s] -- Check for working C compiler: /usr/bin/cc
[0.270s] -- Check for working C compiler: /usr/bin/cc -- works
[0.270s] -- Detecting C compiler ABI info
[0.348s] -- Detecting C compiler ABI info - done
[0.353s] -- Detecting C compile features
[0.353s] -- Detecting C compile features - done
[0.358s] -- Check for working CXX compiler: /usr/bin/c++
[0.416s] -- Check for working CXX compiler: /usr/bin/c++ -- works
[0.417s] -- Detecting CXX compiler ABI info
[0.477s] -- Detecting CXX compiler ABI info - done
[0.483s] -- Detecting CXX compile features
[0.483s] -- Detecting CXX compile features - done
[0.484s] -- Found ament_cmake: 0.9.12 (/opt/ros/foxy/share/ament_cmake/cmake)
[0.508s] -- Found PythonInterp: /usr/bin/python3 (found suitable version "3.8.10", minimum required is "3") 
[0.508s] -- Using PYTHON_EXECUTABLE: /usr/bin/python3
[0.657s] -- Configuring done
[0.658s] -- Generating done
[0.659s] -- Build files have been written to: /home/tony/colcon_ws/build/moveit_resources_fanuc_description
[0.662s] Invoked command in '/home/tony/colcon_ws/build/moveit_resources_fanuc_description' returned '0': CMAKE_PREFIX_PATH=${CMAKE_PREFIX_PATH}:/home/tony/colcon_ws/install/mycobot_630:/home/tony/colcon_ws/install/mycobot_communication:/home/tony/colcon_ws/install/mecharm_communication:/home/tony/colcon_ws/install/mycobot_280:/home/tony/colcon_ws/install/mybuddy:/home/tony/colcon_ws/install/myarm_300:/home/tony/colcon_ws/install/mecharm_pi:/home/tony/colcon_ws/install/mecharm:/home/tony/colcon_ws/install/mycobot_description:/opt/ros/foxy /usr/bin/cmake /home/tony/colcon_ws/ws_moveit2/src/moveit_resources/fanuc_description -DCMAKE_BUILD_TYPE=Release -DCMAKE_INSTALL_PREFIX=/home/tony/colcon_ws/install/moveit_resources_fanuc_description
[0.662s] Invoking command in '/home/tony/colcon_ws/build/moveit_resources_fanuc_description': CMAKE_PREFIX_PATH=${CMAKE_PREFIX_PATH}:/home/tony/colcon_ws/install/mycobot_630:/home/tony/colcon_ws/install/mycobot_communication:/home/tony/colcon_ws/install/mecharm_communication:/home/tony/colcon_ws/install/mycobot_280:/home/tony/colcon_ws/install/mybuddy:/home/tony/colcon_ws/install/myarm_300:/home/tony/colcon_ws/install/mecharm_pi:/home/tony/colcon_ws/install/mecharm:/home/tony/colcon_ws/install/mycobot_description:/opt/ros/foxy /usr/bin/cmake --build /home/tony/colcon_ws/build/moveit_resources_fanuc_description -- -j2 -l2
[0.694s] Invoked command in '/home/tony/colcon_ws/build/moveit_resources_fanuc_description' returned '0': CMAKE_PREFIX_PATH=${CMAKE_PREFIX_PATH}:/home/tony/colcon_ws/install/mycobot_630:/home/tony/colcon_ws/install/mycobot_communication:/home/tony/colcon_ws/install/mecharm_communication:/home/tony/colcon_ws/install/mycobot_280:/home/tony/colcon_ws/install/mybuddy:/home/tony/colcon_ws/install/myarm_300:/home/tony/colcon_ws/install/mecharm_pi:/home/tony/colcon_ws/install/mecharm:/home/tony/colcon_ws/install/mycobot_description:/opt/ros/foxy /usr/bin/cmake --build /home/tony/colcon_ws/build/moveit_resources_fanuc_description -- -j2 -l2
[0.694s] Invoking command in '/home/tony/colcon_ws/build/moveit_resources_fanuc_description': CMAKE_PREFIX_PATH=${CMAKE_PREFIX_PATH}:/home/tony/colcon_ws/install/mycobot_630:/home/tony/colcon_ws/install/mycobot_communication:/home/tony/colcon_ws/install/mecharm_communication:/home/tony/colcon_ws/install/mycobot_280:/home/tony/colcon_ws/install/mybuddy:/home/tony/colcon_ws/install/myarm_300:/home/tony/colcon_ws/install/mecharm_pi:/home/tony/colcon_ws/install/mecharm:/home/tony/colcon_ws/install/mycobot_description:/opt/ros/foxy /usr/bin/cmake --install /home/tony/colcon_ws/build/moveit_resources_fanuc_description
[0.702s] -- Install configuration: "Release"
[0.703s] -- Installing: /home/tony/colcon_ws/install/moveit_resources_fanuc_description/share/ament_index/resource_index/package_run_dependencies/moveit_resources_fanuc_description
[0.703s] -- Installing: /home/tony/colcon_ws/install/moveit_resources_fanuc_description/share/ament_index/resource_index/parent_prefix_path/moveit_resources_fanuc_description
[0.703s] -- Installing: /home/tony/colcon_ws/install/moveit_resources_fanuc_description/share/moveit_resources_fanuc_description/environment/ament_prefix_path.sh
[0.703s] -- Installing: /home/tony/colcon_ws/install/moveit_resources_fanuc_description/share/moveit_resources_fanuc_description/environment/ament_prefix_path.dsv
[0.703s] -- Installing: /home/tony/colcon_ws/install/moveit_resources_fanuc_description/share/moveit_resources_fanuc_description/environment/path.sh
[0.703s] -- Installing: /home/tony/colcon_ws/install/moveit_resources_fanuc_description/share/moveit_resources_fanuc_description/environment/path.dsv
[0.703s] -- Installing: /home/tony/colcon_ws/install/moveit_resources_fanuc_description/share/moveit_resources_fanuc_description/local_setup.bash
[0.703s] -- Installing: /home/tony/colcon_ws/install/moveit_resources_fanuc_description/share/moveit_resources_fanuc_description/local_setup.sh
[0.703s] -- Installing: /home/tony/colcon_ws/install/moveit_resources_fanuc_description/share/moveit_resources_fanuc_description/local_setup.zsh
[0.703s] -- Installing: /home/tony/colcon_ws/install/moveit_resources_fanuc_description/share/moveit_resources_fanuc_description/local_setup.dsv
[0.703s] -- Installing: /home/tony/colcon_ws/install/moveit_resources_fanuc_description/share/moveit_resources_fanuc_description/package.dsv
[0.703s] -- Installing: /home/tony/colcon_ws/install/moveit_resources_fanuc_description/share/ament_index/resource_index/packages/moveit_resources_fanuc_description
[0.703s] -- Installing: /home/tony/colcon_ws/install/moveit_resources_fanuc_description/share/moveit_resources_fanuc_description/cmake/moveit_resources_fanuc_descriptionConfig.cmake
[0.703s] -- Installing: /home/tony/colcon_ws/install/moveit_resources_fanuc_description/share/moveit_resources_fanuc_description/cmake/moveit_resources_fanuc_descriptionConfig-version.cmake
[0.704s] -- Installing: /home/tony/colcon_ws/install/moveit_resources_fanuc_description/share/moveit_resources_fanuc_description/package.xml
[0.704s] -- Installing: /home/tony/colcon_ws/install/moveit_resources_fanuc_description/share/moveit_resources_fanuc_description/meshes
[0.704s] -- Installing: /home/tony/colcon_ws/install/moveit_resources_fanuc_description/share/moveit_resources_fanuc_description/meshes/collision
[0.704s] -- Installing: /home/tony/colcon_ws/install/moveit_resources_fanuc_description/share/moveit_resources_fanuc_description/meshes/collision/link_2.stl
[0.706s] -- Installing: /home/tony/colcon_ws/install/moveit_resources_fanuc_description/share/moveit_resources_fanuc_description/meshes/collision/link_4.stl
[0.706s] -- Installing: /home/tony/colcon_ws/install/moveit_resources_fanuc_description/share/moveit_resources_fanuc_description/meshes/collision/link_6.stl
[0.706s] -- Installing: /home/tony/colcon_ws/install/moveit_resources_fanuc_description/share/moveit_resources_fanuc_description/meshes/collision/link_1.stl
[0.706s] -- Installing: /home/tony/colcon_ws/install/moveit_resources_fanuc_description/share/moveit_resources_fanuc_description/meshes/collision/base_link.stl
[0.707s] -- Installing: /home/tony/colcon_ws/install/moveit_resources_fanuc_description/share/moveit_resources_fanuc_description/meshes/collision/link_5.stl
[0.707s] -- Installing: /home/tony/colcon_ws/install/moveit_resources_fanuc_description/share/moveit_resources_fanuc_description/meshes/collision/link_3.stl
[0.707s] -- Installing: /home/tony/colcon_ws/install/moveit_resources_fanuc_description/share/moveit_resources_fanuc_description/meshes/visual
[0.707s] -- Installing: /home/tony/colcon_ws/install/moveit_resources_fanuc_description/share/moveit_resources_fanuc_description/meshes/visual/link_2.stl
[0.708s] -- Installing: /home/tony/colcon_ws/install/moveit_resources_fanuc_description/share/moveit_resources_fanuc_description/meshes/visual/link_4.stl
[0.708s] -- Installing: /home/tony/colcon_ws/install/moveit_resources_fanuc_description/share/moveit_resources_fanuc_description/meshes/visual/link_6.stl
[0.708s] -- Installing: /home/tony/colcon_ws/install/moveit_resources_fanuc_description/share/moveit_resources_fanuc_description/meshes/visual/link_1.stl
[0.708s] -- Installing: /home/tony/colcon_ws/install/moveit_resources_fanuc_description/share/moveit_resources_fanuc_description/meshes/visual/base_link.stl
[0.708s] -- Installing: /home/tony/colcon_ws/install/moveit_resources_fanuc_description/share/moveit_resources_fanuc_description/meshes/visual/link_5.stl
[0.708s] -- Installing: /home/tony/colcon_ws/install/moveit_resources_fanuc_description/share/moveit_resources_fanuc_description/meshes/visual/link_3.stl
[0.708s] -- Installing: /home/tony/colcon_ws/install/moveit_resources_fanuc_description/share/moveit_resources_fanuc_description/urdf
[0.708s] -- Installing: /home/tony/colcon_ws/install/moveit_resources_fanuc_description/share/moveit_resources_fanuc_description/urdf/fanuc.urdf
[0.714s] Invoked command in '/home/tony/colcon_ws/build/moveit_resources_fanuc_description' returned '0': CMAKE_PREFIX_PATH=${CMAKE_PREFIX_PATH}:/home/tony/colcon_ws/install/mycobot_630:/home/tony/colcon_ws/install/mycobot_communication:/home/tony/colcon_ws/install/mecharm_communication:/home/tony/colcon_ws/install/mycobot_280:/home/tony/colcon_ws/install/mybuddy:/home/tony/colcon_ws/install/myarm_300:/home/tony/colcon_ws/install/mecharm_pi:/home/tony/colcon_ws/install/mecharm:/home/tony/colcon_ws/install/mycobot_description:/opt/ros/foxy /usr/bin/cmake --install /home/tony/colcon_ws/build/moveit_resources_fanuc_description
