running develop
running egg_info
creating mybuddy.egg-info
writing mybuddy.egg-info/PKG-INFO
writing dependency_links to mybuddy.egg-info/dependency_links.txt
writing entry points to mybuddy.egg-info/entry_points.txt
writing requirements to mybuddy.egg-info/requires.txt
writing top-level names to mybuddy.egg-info/top_level.txt
writing manifest file 'mybuddy.egg-info/SOURCES.txt'
reading manifest file 'mybuddy.egg-info/SOURCES.txt'
writing manifest file 'mybuddy.egg-info/SOURCES.txt'
running build_ext
Creating /home/tony/colcon_ws/install/mybuddy/lib/python3.8/site-packages/site.py
Creating /home/tony/colcon_ws/install/mybuddy/lib/python3.8/site-packages/mybuddy.egg-link (link to .)
Installing follow_display script to /home/tony/colcon_ws/install/mybuddy/lib/mybuddy
Installing listen_real script to /home/tony/colcon_ws/install/mybuddy/lib/mybuddy
Installing listen_real_of_topic script to /home/tony/colcon_ws/install/mybuddy/lib/mybuddy
Installing slider_control script to /home/tony/colcon_ws/install/mybuddy/lib/mybuddy

Installed /home/tony/colcon_ws/build/mybuddy
running symlink_data
creating /home/tony/colcon_ws/install/mybuddy/share/ament_index
creating /home/tony/colcon_ws/install/mybuddy/share/ament_index/resource_index
creating /home/tony/colcon_ws/install/mybuddy/share/ament_index/resource_index/packages
symbolically linking /home/tony/colcon_ws/build/mybuddy/resource/mybuddy -> /home/tony/colcon_ws/install/mybuddy/share/ament_index/resource_index/packages
symbolically linking /home/tony/colcon_ws/build/mybuddy/package.xml -> /home/tony/colcon_ws/install/mybuddy/share/mybuddy
creating /home/tony/colcon_ws/install/mybuddy/share/mybuddy/launch
symbolically linking /home/tony/colcon_ws/build/mybuddy/launch/test.launch.py -> /home/tony/colcon_ws/install/mybuddy/share/mybuddy/launch
symbolically linking /home/tony/colcon_ws/build/mybuddy/launch/mybuddy_follow.launch.py -> /home/tony/colcon_ws/install/mybuddy/share/mybuddy/launch
symbolically linking /home/tony/colcon_ws/build/mybuddy/launch/slider_control.launch.py -> /home/tony/colcon_ws/install/mybuddy/share/mybuddy/launch
creating /home/tony/colcon_ws/install/mybuddy/share/mybuddy/config
symbolically linking /home/tony/colcon_ws/build/mybuddy/config/dual_arm.rviz -> /home/tony/colcon_ws/install/mybuddy/share/mybuddy/config
