[0.306s] Invoking command in '/home/tony/colcon_ws/build/mybuddy': AMENT_PREFIX_PATH=/home/tony/colcon_ws/install/mycobot_description:${AMENT_PREFIX_PATH} PYTHONPATH=/home/tony/colcon_ws/build/mybuddy/prefix_override:/usr/lib/python3/dist-packages/colcon_core/task/python/colcon_distutils_commands:/home/tony/colcon_ws/install/mybuddy/lib/python3.8/site-packages:/home/tony/colcon_ws/build/mycobot_description:/home/tony/colcon_ws/install/mycobot_description/lib/python3.8/site-packages:${PYTHONPATH} /usr/bin/python3 -W ignore:setup.py install is deprecated -W ignore:easy_install command is deprecated setup.py develop --editable --build-directory /home/tony/colcon_ws/build/mybuddy/build --no-deps symlink_data
[0.406s] running develop
[0.451s] running egg_info
[0.451s] creating mybuddy.egg-info
[0.451s] writing mybuddy.egg-info/PKG-INFO
[0.451s] writing dependency_links to mybuddy.egg-info/dependency_links.txt
[0.451s] writing entry points to mybuddy.egg-info/entry_points.txt
[0.451s] writing requirements to mybuddy.egg-info/requires.txt
[0.451s] writing top-level names to mybuddy.egg-info/top_level.txt
[0.452s] writing manifest file 'mybuddy.egg-info/SOURCES.txt'
[0.466s] reading manifest file 'mybuddy.egg-info/SOURCES.txt'
[0.466s] writing manifest file 'mybuddy.egg-info/SOURCES.txt'
[0.490s] running build_ext
[0.490s] Creating /home/tony/colcon_ws/install/mybuddy/lib/python3.8/site-packages/site.py
[0.491s] Creating /home/tony/colcon_ws/install/mybuddy/lib/python3.8/site-packages/mybuddy.egg-link (link to .)
[0.491s] Installing follow_display script to /home/tony/colcon_ws/install/mybuddy/lib/mybuddy
[0.491s] Installing listen_real script to /home/tony/colcon_ws/install/mybuddy/lib/mybuddy
[0.491s] Installing listen_real_of_topic script to /home/tony/colcon_ws/install/mybuddy/lib/mybuddy
[0.492s] Installing slider_control script to /home/tony/colcon_ws/install/mybuddy/lib/mybuddy
[0.492s] 
[0.492s] Installed /home/tony/colcon_ws/build/mybuddy
[0.492s] running symlink_data
[0.492s] creating /home/tony/colcon_ws/install/mybuddy/share/ament_index
[0.492s] creating /home/tony/colcon_ws/install/mybuddy/share/ament_index/resource_index
[0.492s] creating /home/tony/colcon_ws/install/mybuddy/share/ament_index/resource_index/packages
[0.492s] symbolically linking /home/tony/colcon_ws/build/mybuddy/resource/mybuddy -> /home/tony/colcon_ws/install/mybuddy/share/ament_index/resource_index/packages
[0.492s] symbolically linking /home/tony/colcon_ws/build/mybuddy/package.xml -> /home/tony/colcon_ws/install/mybuddy/share/mybuddy
[0.492s] creating /home/tony/colcon_ws/install/mybuddy/share/mybuddy/launch
[0.492s] symbolically linking /home/tony/colcon_ws/build/mybuddy/launch/test.launch.py -> /home/tony/colcon_ws/install/mybuddy/share/mybuddy/launch
[0.492s] symbolically linking /home/tony/colcon_ws/build/mybuddy/launch/mybuddy_follow.launch.py -> /home/tony/colcon_ws/install/mybuddy/share/mybuddy/launch
[0.492s] symbolically linking /home/tony/colcon_ws/build/mybuddy/launch/slider_control.launch.py -> /home/tony/colcon_ws/install/mybuddy/share/mybuddy/launch
[0.492s] creating /home/tony/colcon_ws/install/mybuddy/share/mybuddy/config
[0.492s] symbolically linking /home/tony/colcon_ws/build/mybuddy/config/dual_arm.rviz -> /home/tony/colcon_ws/install/mybuddy/share/mybuddy/config
[0.516s] Invoked command in '/home/tony/colcon_ws/build/mybuddy' returned '0': AMENT_PREFIX_PATH=/home/tony/colcon_ws/install/mycobot_description:${AMENT_PREFIX_PATH} PYTHONPATH=/home/tony/colcon_ws/build/mybuddy/prefix_override:/usr/lib/python3/dist-packages/colcon_core/task/python/colcon_distutils_commands:/home/tony/colcon_ws/install/mybuddy/lib/python3.8/site-packages:/home/tony/colcon_ws/build/mycobot_description:/home/tony/colcon_ws/install/mycobot_description/lib/python3.8/site-packages:${PYTHONPATH} /usr/bin/python3 -W ignore:setup.py install is deprecated -W ignore:easy_install command is deprecated setup.py develop --editable --build-directory /home/tony/colcon_ws/build/mybuddy/build --no-deps symlink_data
