[0.000000] (-) TimerEvent: {}
[0.000128] (-) JobUnselected: {'identifier': 'mecharm'}
[0.000146] (-) JobUnselected: {'identifier': 'mecharm_communication'}
[0.000159] (-) JobUnselected: {'identifier': 'mecharm_interfaces'}
[0.000168] (-) JobUnselected: {'identifier': 'mecharm_pi'}
[0.000175] (-) JobUnselected: {'identifier': 'myarm_300'}
[0.000184] (-) JobUnselected: {'identifier': 'myarm_c650'}
[0.000193] (-) JobUnselected: {'identifier': 'myarm_m750'}
[0.000199] (-) JobUnselected: {'identifier': 'mybuddy'}
[0.000206] (-) JobUnselected: {'identifier': 'mycobot_280'}
[0.000215] (-) JobUnselected: {'identifier': 'mycobot_280_arduino'}
[0.000221] (-) JobUnselected: {'identifier': 'mycobot_280_moveit2'}
[0.000230] (-) JobUnselected: {'identifier': 'mycobot_280_moveit2_control'}
[0.000239] (-) JobUnselected: {'identifier': 'mycobot_280_rdkx5'}
[0.000245] (-) JobUnselected: {'identifier': 'mycobot_280_riscv'}
[0.000252] (-) JobUnselected: {'identifier': 'mycobot_280_x3pi'}
[0.000261] (-) JobUnselected: {'identifier': 'mycobot_280arduino_moveit2'}
[0.000268] (-) JobUnselected: {'identifier': 'mycobot_280jn'}
[0.000276] (-) JobUnselected: {'identifier': 'mycobot_280pi'}
[0.000285] (-) JobUnselected: {'identifier': 'mycobot_280rdkx5_moveit2'}
[0.000292] (-) JobUnselected: {'identifier': 'mycobot_320'}
[0.000301] (-) JobUnselected: {'identifier': 'mycobot_320_riscv'}
[0.000308] (-) JobUnselected: {'identifier': 'mycobot_320pi'}
[0.000317] (-) JobUnselected: {'identifier': 'mycobot_600'}
[0.000325] (-) JobUnselected: {'identifier': 'mycobot_630'}
[0.000331] (-) JobUnselected: {'identifier': 'mycobot_communication'}
[0.000338] (-) JobUnselected: {'identifier': 'mycobot_description'}
[0.000347] (-) JobUnselected: {'identifier': 'mycobot_interfaces'}
[0.000359] (-) JobUnselected: {'identifier': 'mycobot_pro450_interfaces'}
[0.000368] (-) JobUnselected: {'identifier': 'mycobot_pro_450'}
[0.000374] (-) JobUnselected: {'identifier': 'mypalletizer_260'}
[0.000382] (-) JobUnselected: {'identifier': 'mypalletizer_260_pi'}
[0.000390] (-) JobUnselected: {'identifier': 'mypalletizer_communication'}
[0.000399] (-) JobUnselected: {'identifier': 'mypalletizer_interfaces'}
[0.000408] (-) JobUnselected: {'identifier': 'pro450_moveit2'}
[0.000414] (-) JobUnselected: {'identifier': 'pro450_moveit2_control'}
[0.000421] (-) JobUnselected: {'identifier': 'ultraarm'}
[0.000527] (-) EventReactorShutdown: {}
