[0.101s] Invoking command in '/home/tony/colcon_ws/build/mycobot_interfaces': CMAKE_PREFIX_PATH=/opt/ros/foxy /usr/bin/cmake /home/tony/colcon_ws/src/mycobot_ros2/mycobot_280/mycobot_interfaces -DAMENT_CMAKE_SYMLINK_INSTALL=1 -DCMAKE_INSTALL_PREFIX=/home/tony/colcon_ws/install/mycobot_interfaces
[0.259s] -- The C compiler identification is GNU 9.4.0
[0.389s] -- The CXX compiler identification is GNU 9.4.0
[0.396s] -- Check for working C compiler: /usr/bin/cc
[0.466s] -- Check for working C compiler: /usr/bin/cc -- works
[0.469s] -- Detecting C compiler ABI info
[0.506s] -- Detecting C compiler ABI info - done
[0.510s] -- Detecting C compile features
[0.511s] -- Detecting C compile features - done
[0.514s] -- Check for working CXX compiler: /usr/bin/c++
[0.559s] -- Check for working CXX compiler: /usr/bin/c++ -- works
[0.559s] -- Detecting CXX compiler ABI info
[0.600s] -- Detecting CXX compiler ABI info - done
[0.607s] -- Detecting CXX compile features
[0.607s] -- Detecting CXX compile features - done
[0.609s] -- Found ament_cmake: 0.9.12 (/opt/ros/foxy/share/ament_cmake/cmake)
[0.623s] -- Found PythonInterp: /usr/bin/python3 (found suitable version "3.8.10", minimum required is "3") 
[0.623s] -- Using PYTHON_EXECUTABLE: /usr/bin/python3
[0.700s] -- Override CMake install command with custom implementation using symlinks instead of copying resources
[0.718s] -- Found rosidl_default_generators: 1.0.1 (/opt/ros/foxy/share/rosidl_default_generators/cmake)
[0.719s] -- Using all available rosidl_typesupport_c: rosidl_typesupport_fastrtps_c;rosidl_typesupport_introspection_c
[0.724s] -- Found rosidl_adapter: 1.3.1 (/opt/ros/foxy/share/rosidl_adapter/cmake)
[0.803s] -- Found OpenSSL: /usr/lib/aarch64-linux-gnu/libcrypto.so (found version "1.1.1f")  
[0.824s] -- Found FastRTPS: /opt/ros/foxy/include  
[0.872s] -- Using all available rosidl_typesupport_cpp: rosidl_typesupport_fastrtps_cpp;rosidl_typesupport_introspection_cpp
[0.887s] -- Found rclpy: 1.0.13 (/opt/ros/foxy/share/rclpy/cmake)
[0.888s] -- Found std_msgs: 2.0.5 (/opt/ros/foxy/share/std_msgs/cmake)
[0.923s] -- Found PythonInterp: /usr/bin/python3 (found version "3.8.10") 
[1.029s] -- Found ament_cmake_ros: 0.9.2 (/opt/ros/foxy/share/ament_cmake_ros/cmake)
[1.135s] -- Using all available rosidl_typesupport_c: rosidl_typesupport_fastrtps_c;rosidl_typesupport_introspection_c
[1.165s] -- Using all available rosidl_typesupport_cpp: rosidl_typesupport_fastrtps_cpp;rosidl_typesupport_introspection_cpp
[1.179s] -- Found PythonInterp: /usr/bin/python3 (found suitable version "3.8.10", minimum required is "3.5") 
[1.180s] -- Found python_cmake_module: 0.8.1 (/opt/ros/foxy/share/python_cmake_module/cmake)
[1.196s] -- Found PythonLibs: /usr/lib/aarch64-linux-gnu/libpython3.8.so (found suitable version "3.8.10", minimum required is "3.5") 
[1.197s] -- Using PYTHON_EXECUTABLE: /usr/bin/python3
[1.197s] -- Using PYTHON_INCLUDE_DIRS: /usr/include/python3.8
[1.197s] -- Using PYTHON_LIBRARIES: /usr/lib/aarch64-linux-gnu/libpython3.8.so
[1.212s] -- Found PythonExtra: .so  
[1.250s] -- Found ament_lint_auto: 0.9.8 (/opt/ros/foxy/share/ament_lint_auto/cmake)
[1.266s] -- Added test 'copyright' to check source files copyright and LICENSE
[1.268s] -- Added test 'lint_cmake' to check CMake code style
[1.269s] -- Added test 'xmllint' to check XML markup files
[1.272s] -- Configuring done
[1.310s] -- Generating done
[1.318s] -- Build files have been written to: /home/tony/colcon_ws/build/mycobot_interfaces
[1.322s] Invoked command in '/home/tony/colcon_ws/build/mycobot_interfaces' returned '0': CMAKE_PREFIX_PATH=/opt/ros/foxy /usr/bin/cmake /home/tony/colcon_ws/src/mycobot_ros2/mycobot_280/mycobot_interfaces -DAMENT_CMAKE_SYMLINK_INSTALL=1 -DCMAKE_INSTALL_PREFIX=/home/tony/colcon_ws/install/mycobot_interfaces
[1.323s] Invoking command in '/home/tony/colcon_ws/build/mycobot_interfaces': CMAKE_PREFIX_PATH=/opt/ros/foxy /usr/bin/cmake --build /home/tony/colcon_ws/build/mycobot_interfaces -- -j2 -l2
[1.351s] [  1%] [34m[1mGenerating C code for ROS interfaces[0m
[1.352s] [35m[1mScanning dependencies of target mycobot_interfaces__cpp[0m
[1.378s] [  1%] [34m[1mGenerating C++ code for ROS interfaces[0m
[2.609s] [  1%] Built target mycobot_interfaces__cpp
[2.624s] [  2%] [34m[1mGenerating C++ type support dispatch for ROS interfaces[0m
[2.629s] [35m[1mScanning dependencies of target mycobot_interfaces__rosidl_generator_c[0m
[2.650s] [  3%] [32mBuilding C object CMakeFiles/mycobot_interfaces__rosidl_generator_c.dir/rosidl_generator_c/mycobot_interfaces/msg/detail/mycobot_angles__functions.c.o[0m
[2.686s] [  4%] [32mBuilding C object CMakeFiles/mycobot_interfaces__rosidl_generator_c.dir/rosidl_generator_c/mycobot_interfaces/msg/detail/mycobot_coords__functions.c.o[0m
[2.720s] [  4%] [32mBuilding C object CMakeFiles/mycobot_interfaces__rosidl_generator_c.dir/rosidl_generator_c/mycobot_interfaces/msg/detail/mycobot_set_angles__functions.c.o[0m
[2.746s] [  5%] [32mBuilding C object CMakeFiles/mycobot_interfaces__rosidl_generator_c.dir/rosidl_generator_c/mycobot_interfaces/msg/detail/mycobot_set_coords__functions.c.o[0m
[2.814s] [  6%] [32mBuilding C object CMakeFiles/mycobot_interfaces__rosidl_generator_c.dir/rosidl_generator_c/mycobot_interfaces/msg/detail/mycobot_gripper_status__functions.c.o[0m
[2.876s] [  7%] [32mBuilding C object CMakeFiles/mycobot_interfaces__rosidl_generator_c.dir/rosidl_generator_c/mycobot_interfaces/msg/detail/mycobot_pump_status__functions.c.o[0m
[2.924s] [  8%] [32mBuilding C object CMakeFiles/mycobot_interfaces__rosidl_generator_c.dir/rosidl_generator_c/mycobot_interfaces/srv/detail/get_angles__functions.c.o[0m
[2.973s] [  9%] [32mBuilding C object CMakeFiles/mycobot_interfaces__rosidl_generator_c.dir/rosidl_generator_c/mycobot_interfaces/srv/detail/set_angles__functions.c.o[0m
[2.976s] [35m[1mScanning dependencies of target mycobot_interfaces__rosidl_typesupport_cpp[0m
[3.004s] [ 10%] [32mBuilding CXX object CMakeFiles/mycobot_interfaces__rosidl_typesupport_cpp.dir/rosidl_typesupport_cpp/mycobot_interfaces/msg/mycobot_angles__type_support.cpp.o[0m
[3.023s] [ 11%] [32mBuilding C object CMakeFiles/mycobot_interfaces__rosidl_generator_c.dir/rosidl_generator_c/mycobot_interfaces/srv/detail/get_coords__functions.c.o[0m
[3.077s] [ 11%] [32mBuilding C object CMakeFiles/mycobot_interfaces__rosidl_generator_c.dir/rosidl_generator_c/mycobot_interfaces/srv/detail/set_coords__functions.c.o[0m
[3.139s] [ 12%] [32mBuilding C object CMakeFiles/mycobot_interfaces__rosidl_generator_c.dir/rosidl_generator_c/mycobot_interfaces/srv/detail/gripper_status__functions.c.o[0m
[3.164s] [ 13%] [32mBuilding CXX object CMakeFiles/mycobot_interfaces__rosidl_typesupport_cpp.dir/rosidl_typesupport_cpp/mycobot_interfaces/msg/mycobot_coords__type_support.cpp.o[0m
[3.224s] [ 14%] [32mBuilding C object CMakeFiles/mycobot_interfaces__rosidl_generator_c.dir/rosidl_generator_c/mycobot_interfaces/srv/detail/pump_status__functions.c.o[0m
[3.293s] [ 15%] [32m[1mLinking C shared library libmycobot_interfaces__rosidl_generator_c.so[0m
[3.379s] [ 15%] Built target mycobot_interfaces__rosidl_generator_c
[3.396s] [ 16%] [32mBuilding CXX object CMakeFiles/mycobot_interfaces__rosidl_typesupport_cpp.dir/rosidl_typesupport_cpp/mycobot_interfaces/msg/mycobot_set_angles__type_support.cpp.o[0m
[3.410s] [ 17%] [34m[1mGenerating C++ introspection for ROS interfaces[0m
[3.606s] [ 18%] [32mBuilding CXX object CMakeFiles/mycobot_interfaces__rosidl_typesupport_cpp.dir/rosidl_typesupport_cpp/mycobot_interfaces/msg/mycobot_set_coords__type_support.cpp.o[0m
[3.833s] [ 18%] [32mBuilding CXX object CMakeFiles/mycobot_interfaces__rosidl_typesupport_cpp.dir/rosidl_typesupport_cpp/mycobot_interfaces/msg/mycobot_gripper_status__type_support.cpp.o[0m
[3.993s] [ 19%] [32mBuilding CXX object CMakeFiles/mycobot_interfaces__rosidl_typesupport_cpp.dir/rosidl_typesupport_cpp/mycobot_interfaces/msg/mycobot_pump_status__type_support.cpp.o[0m
[4.094s] [35m[1mScanning dependencies of target mycobot_interfaces__rosidl_typesupport_introspection_cpp[0m
[4.133s] [ 19%] [32mBuilding CXX object CMakeFiles/mycobot_interfaces__rosidl_typesupport_introspection_cpp.dir/rosidl_typesupport_introspection_cpp/mycobot_interfaces/msg/detail/mycobot_angles__type_support.cpp.o[0m
[4.211s] [ 20%] [32mBuilding CXX object CMakeFiles/mycobot_interfaces__rosidl_typesupport_cpp.dir/rosidl_typesupport_cpp/mycobot_interfaces/srv/get_angles__type_support.cpp.o[0m
[4.378s] [ 21%] [32mBuilding CXX object CMakeFiles/mycobot_interfaces__rosidl_typesupport_introspection_cpp.dir/rosidl_typesupport_introspection_cpp/mycobot_interfaces/msg/detail/mycobot_coords__type_support.cpp.o[0m
[4.459s] [ 22%] [32mBuilding CXX object CMakeFiles/mycobot_interfaces__rosidl_typesupport_cpp.dir/rosidl_typesupport_cpp/mycobot_interfaces/srv/set_angles__type_support.cpp.o[0m
[4.596s] [ 23%] [32mBuilding CXX object CMakeFiles/mycobot_interfaces__rosidl_typesupport_introspection_cpp.dir/rosidl_typesupport_introspection_cpp/mycobot_interfaces/msg/detail/mycobot_set_angles__type_support.cpp.o[0m
[4.624s] [ 24%] [32mBuilding CXX object CMakeFiles/mycobot_interfaces__rosidl_typesupport_cpp.dir/rosidl_typesupport_cpp/mycobot_interfaces/srv/get_coords__type_support.cpp.o[0m
[4.804s] [ 25%] [32mBuilding CXX object CMakeFiles/mycobot_interfaces__rosidl_typesupport_cpp.dir/rosidl_typesupport_cpp/mycobot_interfaces/srv/set_coords__type_support.cpp.o[0m
[4.819s] [ 26%] [32mBuilding CXX object CMakeFiles/mycobot_interfaces__rosidl_typesupport_introspection_cpp.dir/rosidl_typesupport_introspection_cpp/mycobot_interfaces/msg/detail/mycobot_set_coords__type_support.cpp.o[0m
[5.022s] [ 26%] [32mBuilding CXX object CMakeFiles/mycobot_interfaces__rosidl_typesupport_cpp.dir/rosidl_typesupport_cpp/mycobot_interfaces/srv/gripper_status__type_support.cpp.o[0m
[5.085s] [ 27%] [32mBuilding CXX object CMakeFiles/mycobot_interfaces__rosidl_typesupport_introspection_cpp.dir/rosidl_typesupport_introspection_cpp/mycobot_interfaces/msg/detail/mycobot_gripper_status__type_support.cpp.o[0m
[5.256s] [ 29%] [32mBuilding CXX object CMakeFiles/mycobot_interfaces__rosidl_typesupport_cpp.dir/rosidl_typesupport_cpp/mycobot_interfaces/srv/pump_status__type_support.cpp.o[0m
[5.256s] [ 29%] [32mBuilding CXX object CMakeFiles/mycobot_interfaces__rosidl_typesupport_introspection_cpp.dir/rosidl_typesupport_introspection_cpp/mycobot_interfaces/msg/detail/mycobot_pump_status__type_support.cpp.o[0m
[5.476s] [ 29%] [32mBuilding CXX object CMakeFiles/mycobot_interfaces__rosidl_typesupport_introspection_cpp.dir/rosidl_typesupport_introspection_cpp/mycobot_interfaces/srv/detail/get_angles__type_support.cpp.o[0m
[5.487s] [ 30%] [32m[1mLinking CXX shared library libmycobot_interfaces__rosidl_typesupport_cpp.so[0m
[5.585s] [ 30%] Built target mycobot_interfaces__rosidl_typesupport_cpp
[5.623s] [ 30%] [34m[1mGenerating C++ type support for eProsima Fast-RTPS[0m
[5.736s] [ 31%] [32mBuilding CXX object CMakeFiles/mycobot_interfaces__rosidl_typesupport_introspection_cpp.dir/rosidl_typesupport_introspection_cpp/mycobot_interfaces/srv/detail/set_angles__type_support.cpp.o[0m
[5.998s] [ 32%] [32mBuilding CXX object CMakeFiles/mycobot_interfaces__rosidl_typesupport_introspection_cpp.dir/rosidl_typesupport_introspection_cpp/mycobot_interfaces/srv/detail/get_coords__type_support.cpp.o[0m
[6.245s] [ 33%] [32mBuilding CXX object CMakeFiles/mycobot_interfaces__rosidl_typesupport_introspection_cpp.dir/rosidl_typesupport_introspection_cpp/mycobot_interfaces/srv/detail/set_coords__type_support.cpp.o[0m
[6.532s] [ 34%] [32mBuilding CXX object CMakeFiles/mycobot_interfaces__rosidl_typesupport_introspection_cpp.dir/rosidl_typesupport_introspection_cpp/mycobot_interfaces/srv/detail/gripper_status__type_support.cpp.o[0m
[6.564s] [35m[1mScanning dependencies of target mycobot_interfaces__rosidl_typesupport_fastrtps_cpp[0m
[6.626s] [ 35%] [32mBuilding CXX object CMakeFiles/mycobot_interfaces__rosidl_typesupport_fastrtps_cpp.dir/rosidl_typesupport_fastrtps_cpp/mycobot_interfaces/msg/detail/dds_fastrtps/mycobot_angles__type_support.cpp.o[0m
[6.793s] [ 36%] [32mBuilding CXX object CMakeFiles/mycobot_interfaces__rosidl_typesupport_introspection_cpp.dir/rosidl_typesupport_introspection_cpp/mycobot_interfaces/srv/detail/pump_status__type_support.cpp.o[0m
[7.093s] [ 37%] [32m[1mLinking CXX shared library libmycobot_interfaces__rosidl_typesupport_introspection_cpp.so[0m
[7.110s] [ 38%] [32mBuilding CXX object CMakeFiles/mycobot_interfaces__rosidl_typesupport_fastrtps_cpp.dir/rosidl_typesupport_fastrtps_cpp/mycobot_interfaces/msg/detail/dds_fastrtps/mycobot_coords__type_support.cpp.o[0m
[7.171s] [ 38%] Built target mycobot_interfaces__rosidl_typesupport_introspection_cpp
[7.185s] [ 39%] [34m[1mGenerating C type support dispatch for ROS interfaces[0m
[7.425s] [ 40%] [32mBuilding CXX object CMakeFiles/mycobot_interfaces__rosidl_typesupport_fastrtps_cpp.dir/rosidl_typesupport_fastrtps_cpp/mycobot_interfaces/msg/detail/dds_fastrtps/mycobot_set_angles__type_support.cpp.o[0m
[7.591s] [35m[1mScanning dependencies of target mycobot_interfaces__rosidl_typesupport_c[0m
[7.616s] [ 41%] [32mBuilding CXX object CMakeFiles/mycobot_interfaces__rosidl_typesupport_c.dir/rosidl_typesupport_c/mycobot_interfaces/msg/mycobot_angles__type_support.cpp.o[0m
[7.661s] [ 41%] [32mBuilding CXX object CMakeFiles/mycobot_interfaces__rosidl_typesupport_c.dir/rosidl_typesupport_c/mycobot_interfaces/msg/mycobot_coords__type_support.cpp.o[0m
[7.766s] [ 42%] [32mBuilding CXX object CMakeFiles/mycobot_interfaces__rosidl_typesupport_c.dir/rosidl_typesupport_c/mycobot_interfaces/msg/mycobot_set_angles__type_support.cpp.o[0m
[7.801s] [ 43%] [32mBuilding CXX object CMakeFiles/mycobot_interfaces__rosidl_typesupport_fastrtps_cpp.dir/rosidl_typesupport_fastrtps_cpp/mycobot_interfaces/msg/detail/dds_fastrtps/mycobot_set_coords__type_support.cpp.o[0m
[7.804s] [ 44%] [32mBuilding CXX object CMakeFiles/mycobot_interfaces__rosidl_typesupport_c.dir/rosidl_typesupport_c/mycobot_interfaces/msg/mycobot_set_coords__type_support.cpp.o[0m
[7.911s] [ 45%] [32mBuilding CXX object CMakeFiles/mycobot_interfaces__rosidl_typesupport_c.dir/rosidl_typesupport_c/mycobot_interfaces/msg/mycobot_gripper_status__type_support.cpp.o[0m
[7.981s] [ 46%] [32mBuilding CXX object CMakeFiles/mycobot_interfaces__rosidl_typesupport_c.dir/rosidl_typesupport_c/mycobot_interfaces/msg/mycobot_pump_status__type_support.cpp.o[0m
[8.032s] [ 47%] [32mBuilding CXX object CMakeFiles/mycobot_interfaces__rosidl_typesupport_c.dir/rosidl_typesupport_c/mycobot_interfaces/srv/get_angles__type_support.cpp.o[0m
[8.084s] [ 47%] [32mBuilding CXX object CMakeFiles/mycobot_interfaces__rosidl_typesupport_c.dir/rosidl_typesupport_c/mycobot_interfaces/srv/set_angles__type_support.cpp.o[0m
[8.137s] [ 48%] [32mBuilding CXX object CMakeFiles/mycobot_interfaces__rosidl_typesupport_c.dir/rosidl_typesupport_c/mycobot_interfaces/srv/get_coords__type_support.cpp.o[0m
[8.173s] [ 49%] [32mBuilding CXX object CMakeFiles/mycobot_interfaces__rosidl_typesupport_fastrtps_cpp.dir/rosidl_typesupport_fastrtps_cpp/mycobot_interfaces/msg/detail/dds_fastrtps/mycobot_gripper_status__type_support.cpp.o[0m
[8.217s] [ 50%] [32mBuilding CXX object CMakeFiles/mycobot_interfaces__rosidl_typesupport_c.dir/rosidl_typesupport_c/mycobot_interfaces/srv/set_coords__type_support.cpp.o[0m
[8.292s] [ 51%] [32mBuilding CXX object CMakeFiles/mycobot_interfaces__rosidl_typesupport_c.dir/rosidl_typesupport_c/mycobot_interfaces/srv/gripper_status__type_support.cpp.o[0m
[8.357s] [ 52%] [32mBuilding CXX object CMakeFiles/mycobot_interfaces__rosidl_typesupport_c.dir/rosidl_typesupport_c/mycobot_interfaces/srv/pump_status__type_support.cpp.o[0m
[8.435s] [ 53%] [32m[1mLinking CXX shared library libmycobot_interfaces__rosidl_typesupport_c.so[0m
[8.476s] [ 53%] [32mBuilding CXX object CMakeFiles/mycobot_interfaces__rosidl_typesupport_fastrtps_cpp.dir/rosidl_typesupport_fastrtps_cpp/mycobot_interfaces/msg/detail/dds_fastrtps/mycobot_pump_status__type_support.cpp.o[0m
[8.532s] [ 53%] Built target mycobot_interfaces__rosidl_typesupport_c
[8.582s] [ 54%] [32mBuilding CXX object CMakeFiles/mycobot_interfaces__rosidl_typesupport_fastrtps_cpp.dir/rosidl_typesupport_fastrtps_cpp/mycobot_interfaces/srv/detail/dds_fastrtps/get_angles__type_support.cpp.o[0m
[8.869s] [ 55%] [32mBuilding CXX object CMakeFiles/mycobot_interfaces__rosidl_typesupport_fastrtps_cpp.dir/rosidl_typesupport_fastrtps_cpp/mycobot_interfaces/srv/detail/dds_fastrtps/set_angles__type_support.cpp.o[0m
[8.986s] [ 56%] [32mBuilding CXX object CMakeFiles/mycobot_interfaces__rosidl_typesupport_fastrtps_cpp.dir/rosidl_typesupport_fastrtps_cpp/mycobot_interfaces/srv/detail/dds_fastrtps/get_coords__type_support.cpp.o[0m
[9.503s] [ 57%] [32mBuilding CXX object CMakeFiles/mycobot_interfaces__rosidl_typesupport_fastrtps_cpp.dir/rosidl_typesupport_fastrtps_cpp/mycobot_interfaces/srv/detail/dds_fastrtps/set_coords__type_support.cpp.o[0m
[9.523s] [ 58%] [32mBuilding CXX object CMakeFiles/mycobot_interfaces__rosidl_typesupport_fastrtps_cpp.dir/rosidl_typesupport_fastrtps_cpp/mycobot_interfaces/srv/detail/dds_fastrtps/gripper_status__type_support.cpp.o[0m
[9.835s] [ 58%] [32mBuilding CXX object CMakeFiles/mycobot_interfaces__rosidl_typesupport_fastrtps_cpp.dir/rosidl_typesupport_fastrtps_cpp/mycobot_interfaces/srv/detail/dds_fastrtps/pump_status__type_support.cpp.o[0m
[9.982s] [ 59%] [34m[1mGenerating C introspection for ROS interfaces[0m
[10.420s] [ 60%] [32m[1mLinking CXX shared library libmycobot_interfaces__rosidl_typesupport_fastrtps_cpp.so[0m
[10.569s] [ 60%] Built target mycobot_interfaces__rosidl_typesupport_fastrtps_cpp
[10.597s] [ 61%] [34m[1mGenerating C type support for eProsima Fast-RTPS[0m
[10.798s] [35m[1mScanning dependencies of target mycobot_interfaces__rosidl_typesupport_introspection_c[0m
[10.822s] [ 62%] [32mBuilding C object CMakeFiles/mycobot_interfaces__rosidl_typesupport_introspection_c.dir/rosidl_typesupport_introspection_c/mycobot_interfaces/msg/detail/mycobot_angles__type_support.c.o[0m
[10.860s] [ 63%] [32mBuilding C object CMakeFiles/mycobot_interfaces__rosidl_typesupport_introspection_c.dir/rosidl_typesupport_introspection_c/mycobot_interfaces/msg/detail/mycobot_coords__type_support.c.o[0m
[10.921s] [ 64%] [32mBuilding C object CMakeFiles/mycobot_interfaces__rosidl_typesupport_introspection_c.dir/rosidl_typesupport_introspection_c/mycobot_interfaces/msg/detail/mycobot_set_angles__type_support.c.o[0m
[10.981s] [ 64%] [32mBuilding C object CMakeFiles/mycobot_interfaces__rosidl_typesupport_introspection_c.dir/rosidl_typesupport_introspection_c/mycobot_interfaces/msg/detail/mycobot_set_coords__type_support.c.o[0m
[11.026s] [ 65%] [32mBuilding C object CMakeFiles/mycobot_interfaces__rosidl_typesupport_introspection_c.dir/rosidl_typesupport_introspection_c/mycobot_interfaces/msg/detail/mycobot_gripper_status__type_support.c.o[0m
[11.069s] [ 66%] [32mBuilding C object CMakeFiles/mycobot_interfaces__rosidl_typesupport_introspection_c.dir/rosidl_typesupport_introspection_c/mycobot_interfaces/msg/detail/mycobot_pump_status__type_support.c.o[0m
[11.121s] [ 67%] [32mBuilding C object CMakeFiles/mycobot_interfaces__rosidl_typesupport_introspection_c.dir/rosidl_typesupport_introspection_c/mycobot_interfaces/srv/detail/get_angles__type_support.c.o[0m
[11.176s] [ 68%] [32mBuilding C object CMakeFiles/mycobot_interfaces__rosidl_typesupport_introspection_c.dir/rosidl_typesupport_introspection_c/mycobot_interfaces/srv/detail/set_angles__type_support.c.o[0m
[11.188s] [35m[1mScanning dependencies of target mycobot_interfaces__rosidl_typesupport_fastrtps_c[0m
[11.214s] [ 69%] [32mBuilding CXX object CMakeFiles/mycobot_interfaces__rosidl_typesupport_fastrtps_c.dir/rosidl_typesupport_fastrtps_c/mycobot_interfaces/msg/detail/mycobot_angles__type_support_c.cpp.o[0m
[11.223s] [ 70%] [32mBuilding C object CMakeFiles/mycobot_interfaces__rosidl_typesupport_introspection_c.dir/rosidl_typesupport_introspection_c/mycobot_interfaces/srv/detail/get_coords__type_support.c.o[0m
[11.309s] [ 71%] [32mBuilding C object CMakeFiles/mycobot_interfaces__rosidl_typesupport_introspection_c.dir/rosidl_typesupport_introspection_c/mycobot_interfaces/srv/detail/set_coords__type_support.c.o[0m
[11.382s] [ 71%] [32mBuilding C object CMakeFiles/mycobot_interfaces__rosidl_typesupport_introspection_c.dir/rosidl_typesupport_introspection_c/mycobot_interfaces/srv/detail/gripper_status__type_support.c.o[0m
[11.424s] [ 72%] [32mBuilding C object CMakeFiles/mycobot_interfaces__rosidl_typesupport_introspection_c.dir/rosidl_typesupport_introspection_c/mycobot_interfaces/srv/detail/pump_status__type_support.c.o[0m
[11.465s] [ 73%] [32m[1mLinking C shared library libmycobot_interfaces__rosidl_typesupport_introspection_c.so[0m
[11.486s] [ 74%] [32mBuilding CXX object CMakeFiles/mycobot_interfaces__rosidl_typesupport_fastrtps_c.dir/rosidl_typesupport_fastrtps_c/mycobot_interfaces/msg/detail/mycobot_coords__type_support_c.cpp.o[0m
[11.506s] [ 74%] Built target mycobot_interfaces__rosidl_typesupport_introspection_c
[11.519s] [ 74%] [32mBuilding CXX object CMakeFiles/mycobot_interfaces__rosidl_typesupport_fastrtps_c.dir/rosidl_typesupport_fastrtps_c/mycobot_interfaces/msg/detail/mycobot_set_angles__type_support_c.cpp.o[0m
[11.694s] [ 75%] [32mBuilding CXX object CMakeFiles/mycobot_interfaces__rosidl_typesupport_fastrtps_c.dir/rosidl_typesupport_fastrtps_c/mycobot_interfaces/msg/detail/mycobot_set_coords__type_support_c.cpp.o[0m
[11.742s] [ 76%] [32mBuilding CXX object CMakeFiles/mycobot_interfaces__rosidl_typesupport_fastrtps_c.dir/rosidl_typesupport_fastrtps_c/mycobot_interfaces/msg/detail/mycobot_gripper_status__type_support_c.cpp.o[0m
[11.852s] [ 77%] [32mBuilding CXX object CMakeFiles/mycobot_interfaces__rosidl_typesupport_fastrtps_c.dir/rosidl_typesupport_fastrtps_c/mycobot_interfaces/msg/detail/mycobot_pump_status__type_support_c.cpp.o[0m
[11.989s] [ 78%] [32mBuilding CXX object CMakeFiles/mycobot_interfaces__rosidl_typesupport_fastrtps_c.dir/rosidl_typesupport_fastrtps_c/mycobot_interfaces/srv/detail/get_angles__type_support_c.cpp.o[0m
[12.065s] [ 79%] [32mBuilding CXX object CMakeFiles/mycobot_interfaces__rosidl_typesupport_fastrtps_c.dir/rosidl_typesupport_fastrtps_c/mycobot_interfaces/srv/detail/set_angles__type_support_c.cpp.o[0m
[12.127s] [ 79%] [32mBuilding CXX object CMakeFiles/mycobot_interfaces__rosidl_typesupport_fastrtps_c.dir/rosidl_typesupport_fastrtps_c/mycobot_interfaces/srv/detail/get_coords__type_support_c.cpp.o[0m
[12.269s] [ 80%] [32mBuilding CXX object CMakeFiles/mycobot_interfaces__rosidl_typesupport_fastrtps_c.dir/rosidl_typesupport_fastrtps_c/mycobot_interfaces/srv/detail/set_coords__type_support_c.cpp.o[0m
[12.353s] [ 81%] [32mBuilding CXX object CMakeFiles/mycobot_interfaces__rosidl_typesupport_fastrtps_c.dir/rosidl_typesupport_fastrtps_c/mycobot_interfaces/srv/detail/gripper_status__type_support_c.cpp.o[0m
[12.423s] [ 82%] [32mBuilding CXX object CMakeFiles/mycobot_interfaces__rosidl_typesupport_fastrtps_c.dir/rosidl_typesupport_fastrtps_c/mycobot_interfaces/srv/detail/pump_status__type_support_c.cpp.o[0m
[12.664s] [ 83%] [32m[1mLinking CXX shared library libmycobot_interfaces__rosidl_typesupport_fastrtps_c.so[0m
[12.733s] [ 83%] Built target mycobot_interfaces__rosidl_typesupport_fastrtps_c
[12.766s] [35m[1mScanning dependencies of target mycobot_interfaces[0m
[12.813s] [ 83%] Built target mycobot_interfaces
[12.834s] [35m[1mScanning dependencies of target mycobot_interfaces__py[0m
[12.848s] [ 84%] [34m[1mGenerating Python code for ROS interfaces[0m
[13.989s] [ 84%] Built target mycobot_interfaces__py
[13.994s] [35m[1mScanning dependencies of target mycobot_interfaces__python[0m
[14.021s] [ 85%] [32mBuilding C object CMakeFiles/mycobot_interfaces__python.dir/rosidl_generator_py/mycobot_interfaces/msg/_mycobot_angles_s.c.o[0m
[14.030s] [ 86%] [32mBuilding C object CMakeFiles/mycobot_interfaces__python.dir/rosidl_generator_py/mycobot_interfaces/msg/_mycobot_coords_s.c.o[0m
[14.107s] [ 87%] [32mBuilding C object CMakeFiles/mycobot_interfaces__python.dir/rosidl_generator_py/mycobot_interfaces/msg/_mycobot_set_angles_s.c.o[0m
[14.121s] [ 88%] [32mBuilding C object CMakeFiles/mycobot_interfaces__python.dir/rosidl_generator_py/mycobot_interfaces/msg/_mycobot_set_coords_s.c.o[0m
[14.185s] [ 88%] [32mBuilding C object CMakeFiles/mycobot_interfaces__python.dir/rosidl_generator_py/mycobot_interfaces/msg/_mycobot_gripper_status_s.c.o[0m
[14.223s] [ 89%] [32mBuilding C object CMakeFiles/mycobot_interfaces__python.dir/rosidl_generator_py/mycobot_interfaces/msg/_mycobot_pump_status_s.c.o[0m
[14.282s] [ 90%] [32mBuilding C object CMakeFiles/mycobot_interfaces__python.dir/rosidl_generator_py/mycobot_interfaces/srv/_get_angles_s.c.o[0m
[14.349s] [ 91%] [32mBuilding C object CMakeFiles/mycobot_interfaces__python.dir/rosidl_generator_py/mycobot_interfaces/srv/_set_angles_s.c.o[0m
[14.376s] [ 92%] [32mBuilding C object CMakeFiles/mycobot_interfaces__python.dir/rosidl_generator_py/mycobot_interfaces/srv/_get_coords_s.c.o[0m
[14.494s] [ 93%] [32mBuilding C object CMakeFiles/mycobot_interfaces__python.dir/rosidl_generator_py/mycobot_interfaces/srv/_set_coords_s.c.o[0m
[14.534s] [ 93%] [32mBuilding C object CMakeFiles/mycobot_interfaces__python.dir/rosidl_generator_py/mycobot_interfaces/srv/_gripper_status_s.c.o[0m
[14.567s] [ 94%] [32mBuilding C object CMakeFiles/mycobot_interfaces__python.dir/rosidl_generator_py/mycobot_interfaces/srv/_pump_status_s.c.o[0m
[14.627s] [ 95%] [32m[1mLinking C shared library rosidl_generator_py/mycobot_interfaces/libmycobot_interfaces__python.so[0m
[14.644s] [ 95%] Built target mycobot_interfaces__python
[14.649s] [35m[1mScanning dependencies of target mycobot_interfaces__rosidl_typesupport_introspection_c__pyext[0m
[14.656s] [35m[1mScanning dependencies of target mycobot_interfaces__rosidl_typesupport_c__pyext[0m
[14.666s] [ 96%] [32mBuilding C object CMakeFiles/mycobot_interfaces__rosidl_typesupport_introspection_c__pyext.dir/rosidl_generator_py/mycobot_interfaces/_mycobot_interfaces_s.ep.rosidl_typesupport_introspection_c.c.o[0m
[14.673s] [ 96%] [32mBuilding C object CMakeFiles/mycobot_interfaces__rosidl_typesupport_c__pyext.dir/rosidl_generator_py/mycobot_interfaces/_mycobot_interfaces_s.ep.rosidl_typesupport_c.c.o[0m
[14.754s] [ 97%] [32m[1mLinking C shared library rosidl_generator_py/mycobot_interfaces/mycobot_interfaces_s__rosidl_typesupport_introspection_c.cpython-38-aarch64-linux-gnu.so[0m
[14.780s] [ 98%] [32m[1mLinking C shared library rosidl_generator_py/mycobot_interfaces/mycobot_interfaces_s__rosidl_typesupport_c.cpython-38-aarch64-linux-gnu.so[0m
[14.787s] [ 98%] Built target mycobot_interfaces__rosidl_typesupport_introspection_c__pyext
[14.798s] [35m[1mScanning dependencies of target mycobot_interfaces__rosidl_typesupport_fastrtps_c__pyext[0m
[14.806s] [ 98%] Built target mycobot_interfaces__rosidl_typesupport_c__pyext
[14.813s] [ 99%] [32mBuilding C object CMakeFiles/mycobot_interfaces__rosidl_typesupport_fastrtps_c__pyext.dir/rosidl_generator_py/mycobot_interfaces/_mycobot_interfaces_s.ep.rosidl_typesupport_fastrtps_c.c.o[0m
[14.876s] [100%] [32m[1mLinking CXX shared library rosidl_generator_py/mycobot_interfaces/mycobot_interfaces_s__rosidl_typesupport_fastrtps_c.cpython-38-aarch64-linux-gnu.so[0m
[14.907s] [100%] Built target mycobot_interfaces__rosidl_typesupport_fastrtps_c__pyext
[14.913s] Invoked command in '/home/tony/colcon_ws/build/mycobot_interfaces' returned '0': CMAKE_PREFIX_PATH=/opt/ros/foxy /usr/bin/cmake --build /home/tony/colcon_ws/build/mycobot_interfaces -- -j2 -l2
[14.927s] Invoking command in '/home/tony/colcon_ws/build/mycobot_interfaces': CMAKE_PREFIX_PATH=/opt/ros/foxy /usr/bin/cmake --install /home/tony/colcon_ws/build/mycobot_interfaces
[14.942s] -- Install configuration: ""
[14.943s] -- Execute custom install script
[14.943s] -- Symlinking: /home/tony/colcon_ws/install/mycobot_interfaces/share/ament_index/resource_index/rosidl_interfaces/mycobot_interfaces
[14.948s] -- Symlinking: /home/tony/colcon_ws/install/mycobot_interfaces/include/mycobot_interfaces/msg/detail/mycobot_angles__functions.h
[14.954s] -- Symlinking: /home/tony/colcon_ws/install/mycobot_interfaces/include/mycobot_interfaces/msg/detail/mycobot_angles__struct.h
[14.958s] -- Symlinking: /home/tony/colcon_ws/install/mycobot_interfaces/include/mycobot_interfaces/msg/detail/mycobot_angles__type_support.h
[14.961s] -- Symlinking: /home/tony/colcon_ws/install/mycobot_interfaces/include/mycobot_interfaces/msg/detail/mycobot_coords__functions.h
[14.964s] -- Symlinking: /home/tony/colcon_ws/install/mycobot_interfaces/include/mycobot_interfaces/msg/detail/mycobot_coords__struct.h
[14.967s] -- Symlinking: /home/tony/colcon_ws/install/mycobot_interfaces/include/mycobot_interfaces/msg/detail/mycobot_coords__type_support.h
[14.982s] -- Symlinking: /home/tony/colcon_ws/install/mycobot_interfaces/include/mycobot_interfaces/msg/detail/mycobot_gripper_status__functions.h
[14.994s] -- Symlinking: /home/tony/colcon_ws/install/mycobot_interfaces/include/mycobot_interfaces/msg/detail/mycobot_gripper_status__struct.h
[14.998s] -- Symlinking: /home/tony/colcon_ws/install/mycobot_interfaces/include/mycobot_interfaces/msg/detail/mycobot_gripper_status__type_support.h
[15.010s] -- Symlinking: /home/tony/colcon_ws/install/mycobot_interfaces/include/mycobot_interfaces/msg/detail/mycobot_pump_status__functions.h
[15.017s] -- Symlinking: /home/tony/colcon_ws/install/mycobot_interfaces/include/mycobot_interfaces/msg/detail/mycobot_pump_status__struct.h
[15.021s] -- Symlinking: /home/tony/colcon_ws/install/mycobot_interfaces/include/mycobot_interfaces/msg/detail/mycobot_pump_status__type_support.h
[15.026s] -- Symlinking: /home/tony/colcon_ws/install/mycobot_interfaces/include/mycobot_interfaces/msg/detail/mycobot_set_angles__functions.h
[15.030s] -- Symlinking: /home/tony/colcon_ws/install/mycobot_interfaces/include/mycobot_interfaces/msg/detail/mycobot_set_angles__struct.h
[15.033s] -- Symlinking: /home/tony/colcon_ws/install/mycobot_interfaces/include/mycobot_interfaces/msg/detail/mycobot_set_angles__type_support.h
[15.036s] -- Symlinking: /home/tony/colcon_ws/install/mycobot_interfaces/include/mycobot_interfaces/msg/detail/mycobot_set_coords__functions.h
[15.040s] -- Symlinking: /home/tony/colcon_ws/install/mycobot_interfaces/include/mycobot_interfaces/msg/detail/mycobot_set_coords__struct.h
[15.043s] -- Symlinking: /home/tony/colcon_ws/install/mycobot_interfaces/include/mycobot_interfaces/msg/detail/mycobot_set_coords__type_support.h
[15.048s] -- Symlinking: /home/tony/colcon_ws/install/mycobot_interfaces/include/mycobot_interfaces/msg/mycobot_angles.h
[15.052s] -- Symlinking: /home/tony/colcon_ws/install/mycobot_interfaces/include/mycobot_interfaces/msg/mycobot_coords.h
[15.056s] -- Symlinking: /home/tony/colcon_ws/install/mycobot_interfaces/include/mycobot_interfaces/msg/mycobot_gripper_status.h
[15.065s] -- Symlinking: /home/tony/colcon_ws/install/mycobot_interfaces/include/mycobot_interfaces/msg/mycobot_pump_status.h
[15.073s] -- Symlinking: /home/tony/colcon_ws/install/mycobot_interfaces/include/mycobot_interfaces/msg/mycobot_set_angles.h
[15.076s] -- Symlinking: /home/tony/colcon_ws/install/mycobot_interfaces/include/mycobot_interfaces/msg/mycobot_set_coords.h
[15.080s] -- Symlinking: /home/tony/colcon_ws/install/mycobot_interfaces/include/mycobot_interfaces/msg/rosidl_generator_c__visibility_control.h
[15.087s] -- Symlinking: /home/tony/colcon_ws/install/mycobot_interfaces/include/mycobot_interfaces/srv/detail/get_angles__functions.h
[15.090s] -- Symlinking: /home/tony/colcon_ws/install/mycobot_interfaces/include/mycobot_interfaces/srv/detail/get_angles__struct.h
[15.100s] -- Symlinking: /home/tony/colcon_ws/install/mycobot_interfaces/include/mycobot_interfaces/srv/detail/get_angles__type_support.h
[15.104s] -- Symlinking: /home/tony/colcon_ws/install/mycobot_interfaces/include/mycobot_interfaces/srv/detail/get_coords__functions.h
[15.107s] -- Symlinking: /home/tony/colcon_ws/install/mycobot_interfaces/include/mycobot_interfaces/srv/detail/get_coords__struct.h
[15.111s] -- Symlinking: /home/tony/colcon_ws/install/mycobot_interfaces/include/mycobot_interfaces/srv/detail/get_coords__type_support.h
[15.114s] -- Symlinking: /home/tony/colcon_ws/install/mycobot_interfaces/include/mycobot_interfaces/srv/detail/gripper_status__functions.h
[15.117s] -- Symlinking: /home/tony/colcon_ws/install/mycobot_interfaces/include/mycobot_interfaces/srv/detail/gripper_status__struct.h
[15.120s] -- Symlinking: /home/tony/colcon_ws/install/mycobot_interfaces/include/mycobot_interfaces/srv/detail/gripper_status__type_support.h
[15.124s] -- Symlinking: /home/tony/colcon_ws/install/mycobot_interfaces/include/mycobot_interfaces/srv/detail/pump_status__functions.h
[15.127s] -- Symlinking: /home/tony/colcon_ws/install/mycobot_interfaces/include/mycobot_interfaces/srv/detail/pump_status__struct.h
[15.130s] -- Symlinking: /home/tony/colcon_ws/install/mycobot_interfaces/include/mycobot_interfaces/srv/detail/pump_status__type_support.h
[15.133s] -- Symlinking: /home/tony/colcon_ws/install/mycobot_interfaces/include/mycobot_interfaces/srv/detail/set_angles__functions.h
[15.136s] -- Symlinking: /home/tony/colcon_ws/install/mycobot_interfaces/include/mycobot_interfaces/srv/detail/set_angles__struct.h
[15.139s] -- Symlinking: /home/tony/colcon_ws/install/mycobot_interfaces/include/mycobot_interfaces/srv/detail/set_angles__type_support.h
[15.153s] -- Symlinking: /home/tony/colcon_ws/install/mycobot_interfaces/include/mycobot_interfaces/srv/detail/set_coords__functions.h
[15.161s] -- Symlinking: /home/tony/colcon_ws/install/mycobot_interfaces/include/mycobot_interfaces/srv/detail/set_coords__struct.h
[15.169s] -- Symlinking: /home/tony/colcon_ws/install/mycobot_interfaces/include/mycobot_interfaces/srv/detail/set_coords__type_support.h
[15.181s] -- Symlinking: /home/tony/colcon_ws/install/mycobot_interfaces/include/mycobot_interfaces/srv/get_angles.h
[15.188s] -- Symlinking: /home/tony/colcon_ws/install/mycobot_interfaces/include/mycobot_interfaces/srv/get_coords.h
[15.197s] -- Symlinking: /home/tony/colcon_ws/install/mycobot_interfaces/include/mycobot_interfaces/srv/gripper_status.h
[15.202s] -- Symlinking: /home/tony/colcon_ws/install/mycobot_interfaces/include/mycobot_interfaces/srv/pump_status.h
[15.206s] -- Symlinking: /home/tony/colcon_ws/install/mycobot_interfaces/include/mycobot_interfaces/srv/set_angles.h
[15.209s] -- Symlinking: /home/tony/colcon_ws/install/mycobot_interfaces/include/mycobot_interfaces/srv/set_coords.h
[15.217s] -- Symlinking: /home/tony/colcon_ws/install/mycobot_interfaces/share/mycobot_interfaces/environment/library_path.sh
[15.229s] -- Symlinking: /home/tony/colcon_ws/install/mycobot_interfaces/share/mycobot_interfaces/environment/library_path.dsv
[15.234s] -- Symlinking: /home/tony/colcon_ws/install/mycobot_interfaces/include/mycobot_interfaces/msg/detail/mycobot_angles__rosidl_typesupport_fastrtps_c.h
[15.237s] -- Symlinking: /home/tony/colcon_ws/install/mycobot_interfaces/include/mycobot_interfaces/msg/detail/mycobot_coords__rosidl_typesupport_fastrtps_c.h
[15.244s] -- Symlinking: /home/tony/colcon_ws/install/mycobot_interfaces/include/mycobot_interfaces/msg/detail/mycobot_gripper_status__rosidl_typesupport_fastrtps_c.h
[15.248s] -- Symlinking: /home/tony/colcon_ws/install/mycobot_interfaces/include/mycobot_interfaces/msg/detail/mycobot_pump_status__rosidl_typesupport_fastrtps_c.h
[15.251s] -- Symlinking: /home/tony/colcon_ws/install/mycobot_interfaces/include/mycobot_interfaces/msg/detail/mycobot_set_angles__rosidl_typesupport_fastrtps_c.h
[15.254s] -- Symlinking: /home/tony/colcon_ws/install/mycobot_interfaces/include/mycobot_interfaces/msg/detail/mycobot_set_coords__rosidl_typesupport_fastrtps_c.h
[15.257s] -- Symlinking: /home/tony/colcon_ws/install/mycobot_interfaces/include/mycobot_interfaces/msg/rosidl_typesupport_fastrtps_c__visibility_control.h
[15.260s] -- Symlinking: /home/tony/colcon_ws/install/mycobot_interfaces/include/mycobot_interfaces/srv/detail/get_angles__rosidl_typesupport_fastrtps_c.h
[15.265s] -- Symlinking: /home/tony/colcon_ws/install/mycobot_interfaces/include/mycobot_interfaces/srv/detail/get_coords__rosidl_typesupport_fastrtps_c.h
[15.269s] -- Symlinking: /home/tony/colcon_ws/install/mycobot_interfaces/include/mycobot_interfaces/srv/detail/gripper_status__rosidl_typesupport_fastrtps_c.h
[15.273s] -- Symlinking: /home/tony/colcon_ws/install/mycobot_interfaces/include/mycobot_interfaces/srv/detail/pump_status__rosidl_typesupport_fastrtps_c.h
[15.277s] -- Symlinking: /home/tony/colcon_ws/install/mycobot_interfaces/include/mycobot_interfaces/srv/detail/set_angles__rosidl_typesupport_fastrtps_c.h
[15.281s] -- Symlinking: /home/tony/colcon_ws/install/mycobot_interfaces/include/mycobot_interfaces/srv/detail/set_coords__rosidl_typesupport_fastrtps_c.h
[15.291s] -- Symlinking: /home/tony/colcon_ws/install/mycobot_interfaces/lib/libmycobot_interfaces__rosidl_typesupport_fastrtps_c.so
[15.295s] -- Symlinking: /home/tony/colcon_ws/install/mycobot_interfaces/include/mycobot_interfaces/msg/detail/mycobot_angles__rosidl_typesupport_fastrtps_cpp.hpp
[15.304s] -- Symlinking: /home/tony/colcon_ws/install/mycobot_interfaces/include/mycobot_interfaces/msg/detail/mycobot_coords__rosidl_typesupport_fastrtps_cpp.hpp
[15.315s] -- Symlinking: /home/tony/colcon_ws/install/mycobot_interfaces/include/mycobot_interfaces/msg/detail/mycobot_gripper_status__rosidl_typesupport_fastrtps_cpp.hpp
[15.329s] -- Symlinking: /home/tony/colcon_ws/install/mycobot_interfaces/include/mycobot_interfaces/msg/detail/mycobot_pump_status__rosidl_typesupport_fastrtps_cpp.hpp
[15.337s] -- Symlinking: /home/tony/colcon_ws/install/mycobot_interfaces/include/mycobot_interfaces/msg/detail/mycobot_set_angles__rosidl_typesupport_fastrtps_cpp.hpp
[15.348s] -- Symlinking: /home/tony/colcon_ws/install/mycobot_interfaces/include/mycobot_interfaces/msg/detail/mycobot_set_coords__rosidl_typesupport_fastrtps_cpp.hpp
[15.358s] -- Symlinking: /home/tony/colcon_ws/install/mycobot_interfaces/include/mycobot_interfaces/msg/rosidl_typesupport_fastrtps_cpp__visibility_control.h
[15.361s] -- Symlinking: /home/tony/colcon_ws/install/mycobot_interfaces/include/mycobot_interfaces/srv/detail/get_angles__rosidl_typesupport_fastrtps_cpp.hpp
[15.368s] -- Symlinking: /home/tony/colcon_ws/install/mycobot_interfaces/include/mycobot_interfaces/srv/detail/get_coords__rosidl_typesupport_fastrtps_cpp.hpp
[15.374s] -- Symlinking: /home/tony/colcon_ws/install/mycobot_interfaces/include/mycobot_interfaces/srv/detail/gripper_status__rosidl_typesupport_fastrtps_cpp.hpp
[15.378s] -- Symlinking: /home/tony/colcon_ws/install/mycobot_interfaces/include/mycobot_interfaces/srv/detail/pump_status__rosidl_typesupport_fastrtps_cpp.hpp
[15.382s] -- Symlinking: /home/tony/colcon_ws/install/mycobot_interfaces/include/mycobot_interfaces/srv/detail/set_angles__rosidl_typesupport_fastrtps_cpp.hpp
[15.390s] -- Symlinking: /home/tony/colcon_ws/install/mycobot_interfaces/include/mycobot_interfaces/srv/detail/set_coords__rosidl_typesupport_fastrtps_cpp.hpp
[15.394s] -- Symlinking: /home/tony/colcon_ws/install/mycobot_interfaces/lib/libmycobot_interfaces__rosidl_typesupport_fastrtps_cpp.so
[15.397s] -- Symlinking: /home/tony/colcon_ws/install/mycobot_interfaces/include/mycobot_interfaces/msg/detail/mycobot_angles__rosidl_typesupport_introspection_c.h
[15.401s] -- Symlinking: /home/tony/colcon_ws/install/mycobot_interfaces/include/mycobot_interfaces/msg/detail/mycobot_coords__rosidl_typesupport_introspection_c.h
[15.411s] -- Symlinking: /home/tony/colcon_ws/install/mycobot_interfaces/include/mycobot_interfaces/msg/detail/mycobot_gripper_status__rosidl_typesupport_introspection_c.h
[15.418s] -- Symlinking: /home/tony/colcon_ws/install/mycobot_interfaces/include/mycobot_interfaces/msg/detail/mycobot_pump_status__rosidl_typesupport_introspection_c.h
[15.423s] -- Symlinking: /home/tony/colcon_ws/install/mycobot_interfaces/include/mycobot_interfaces/msg/detail/mycobot_set_angles__rosidl_typesupport_introspection_c.h
[15.426s] -- Symlinking: /home/tony/colcon_ws/install/mycobot_interfaces/include/mycobot_interfaces/msg/detail/mycobot_set_coords__rosidl_typesupport_introspection_c.h
[15.429s] -- Symlinking: /home/tony/colcon_ws/install/mycobot_interfaces/include/mycobot_interfaces/msg/rosidl_typesupport_introspection_c__visibility_control.h
[15.432s] -- Symlinking: /home/tony/colcon_ws/install/mycobot_interfaces/include/mycobot_interfaces/srv/detail/get_angles__rosidl_typesupport_introspection_c.h
[15.435s] -- Symlinking: /home/tony/colcon_ws/install/mycobot_interfaces/include/mycobot_interfaces/srv/detail/get_coords__rosidl_typesupport_introspection_c.h
[15.438s] -- Symlinking: /home/tony/colcon_ws/install/mycobot_interfaces/include/mycobot_interfaces/srv/detail/gripper_status__rosidl_typesupport_introspection_c.h
[15.441s] -- Symlinking: /home/tony/colcon_ws/install/mycobot_interfaces/include/mycobot_interfaces/srv/detail/pump_status__rosidl_typesupport_introspection_c.h
[15.444s] -- Symlinking: /home/tony/colcon_ws/install/mycobot_interfaces/include/mycobot_interfaces/srv/detail/set_angles__rosidl_typesupport_introspection_c.h
[15.448s] -- Symlinking: /home/tony/colcon_ws/install/mycobot_interfaces/include/mycobot_interfaces/srv/detail/set_coords__rosidl_typesupport_introspection_c.h
[15.451s] -- Symlinking: /home/tony/colcon_ws/install/mycobot_interfaces/include/mycobot_interfaces/msg/detail/mycobot_angles__builder.hpp
[15.454s] -- Symlinking: /home/tony/colcon_ws/install/mycobot_interfaces/include/mycobot_interfaces/msg/detail/mycobot_angles__struct.hpp
[15.457s] -- Symlinking: /home/tony/colcon_ws/install/mycobot_interfaces/include/mycobot_interfaces/msg/detail/mycobot_angles__traits.hpp
[15.460s] -- Symlinking: /home/tony/colcon_ws/install/mycobot_interfaces/include/mycobot_interfaces/msg/detail/mycobot_angles__type_support.hpp
[15.463s] -- Symlinking: /home/tony/colcon_ws/install/mycobot_interfaces/include/mycobot_interfaces/msg/detail/mycobot_coords__builder.hpp
[15.466s] -- Symlinking: /home/tony/colcon_ws/install/mycobot_interfaces/include/mycobot_interfaces/msg/detail/mycobot_coords__struct.hpp
[15.470s] -- Symlinking: /home/tony/colcon_ws/install/mycobot_interfaces/include/mycobot_interfaces/msg/detail/mycobot_coords__traits.hpp
[15.473s] -- Symlinking: /home/tony/colcon_ws/install/mycobot_interfaces/include/mycobot_interfaces/msg/detail/mycobot_coords__type_support.hpp
[15.477s] -- Symlinking: /home/tony/colcon_ws/install/mycobot_interfaces/include/mycobot_interfaces/msg/detail/mycobot_gripper_status__builder.hpp
[15.483s] -- Symlinking: /home/tony/colcon_ws/install/mycobot_interfaces/include/mycobot_interfaces/msg/detail/mycobot_gripper_status__struct.hpp
[15.486s] -- Symlinking: /home/tony/colcon_ws/install/mycobot_interfaces/include/mycobot_interfaces/msg/detail/mycobot_gripper_status__traits.hpp
[15.490s] -- Symlinking: /home/tony/colcon_ws/install/mycobot_interfaces/include/mycobot_interfaces/msg/detail/mycobot_gripper_status__type_support.hpp
[15.497s] -- Symlinking: /home/tony/colcon_ws/install/mycobot_interfaces/include/mycobot_interfaces/msg/detail/mycobot_pump_status__builder.hpp
[15.501s] -- Symlinking: /home/tony/colcon_ws/install/mycobot_interfaces/include/mycobot_interfaces/msg/detail/mycobot_pump_status__struct.hpp
[15.505s] -- Symlinking: /home/tony/colcon_ws/install/mycobot_interfaces/include/mycobot_interfaces/msg/detail/mycobot_pump_status__traits.hpp
[15.511s] -- Symlinking: /home/tony/colcon_ws/install/mycobot_interfaces/include/mycobot_interfaces/msg/detail/mycobot_pump_status__type_support.hpp
[15.514s] -- Symlinking: /home/tony/colcon_ws/install/mycobot_interfaces/include/mycobot_interfaces/msg/detail/mycobot_set_angles__builder.hpp
[15.518s] -- Symlinking: /home/tony/colcon_ws/install/mycobot_interfaces/include/mycobot_interfaces/msg/detail/mycobot_set_angles__struct.hpp
[15.522s] -- Symlinking: /home/tony/colcon_ws/install/mycobot_interfaces/include/mycobot_interfaces/msg/detail/mycobot_set_angles__traits.hpp
[15.525s] -- Symlinking: /home/tony/colcon_ws/install/mycobot_interfaces/include/mycobot_interfaces/msg/detail/mycobot_set_angles__type_support.hpp
[15.528s] -- Symlinking: /home/tony/colcon_ws/install/mycobot_interfaces/include/mycobot_interfaces/msg/detail/mycobot_set_coords__builder.hpp
[15.531s] -- Symlinking: /home/tony/colcon_ws/install/mycobot_interfaces/include/mycobot_interfaces/msg/detail/mycobot_set_coords__struct.hpp
[15.534s] -- Symlinking: /home/tony/colcon_ws/install/mycobot_interfaces/include/mycobot_interfaces/msg/detail/mycobot_set_coords__traits.hpp
[15.537s] -- Symlinking: /home/tony/colcon_ws/install/mycobot_interfaces/include/mycobot_interfaces/msg/detail/mycobot_set_coords__type_support.hpp
[15.540s] -- Symlinking: /home/tony/colcon_ws/install/mycobot_interfaces/include/mycobot_interfaces/msg/mycobot_angles.hpp
[15.543s] -- Symlinking: /home/tony/colcon_ws/install/mycobot_interfaces/include/mycobot_interfaces/msg/mycobot_coords.hpp
[15.547s] -- Symlinking: /home/tony/colcon_ws/install/mycobot_interfaces/include/mycobot_interfaces/msg/mycobot_gripper_status.hpp
[15.550s] -- Symlinking: /home/tony/colcon_ws/install/mycobot_interfaces/include/mycobot_interfaces/msg/mycobot_pump_status.hpp
[15.553s] -- Symlinking: /home/tony/colcon_ws/install/mycobot_interfaces/include/mycobot_interfaces/msg/mycobot_set_angles.hpp
[15.556s] -- Symlinking: /home/tony/colcon_ws/install/mycobot_interfaces/include/mycobot_interfaces/msg/mycobot_set_coords.hpp
[15.559s] -- Symlinking: /home/tony/colcon_ws/install/mycobot_interfaces/include/mycobot_interfaces/msg/rosidl_generator_cpp__visibility_control.hpp
[15.562s] -- Symlinking: /home/tony/colcon_ws/install/mycobot_interfaces/include/mycobot_interfaces/srv/detail/get_angles__builder.hpp
[15.566s] -- Symlinking: /home/tony/colcon_ws/install/mycobot_interfaces/include/mycobot_interfaces/srv/detail/get_angles__struct.hpp
[15.570s] -- Symlinking: /home/tony/colcon_ws/install/mycobot_interfaces/include/mycobot_interfaces/srv/detail/get_angles__traits.hpp
[15.573s] -- Symlinking: /home/tony/colcon_ws/install/mycobot_interfaces/include/mycobot_interfaces/srv/detail/get_angles__type_support.hpp
[15.583s] -- Symlinking: /home/tony/colcon_ws/install/mycobot_interfaces/include/mycobot_interfaces/srv/detail/get_coords__builder.hpp
[15.586s] -- Symlinking: /home/tony/colcon_ws/install/mycobot_interfaces/include/mycobot_interfaces/srv/detail/get_coords__struct.hpp
[15.590s] -- Symlinking: /home/tony/colcon_ws/install/mycobot_interfaces/include/mycobot_interfaces/srv/detail/get_coords__traits.hpp
[15.593s] -- Symlinking: /home/tony/colcon_ws/install/mycobot_interfaces/include/mycobot_interfaces/srv/detail/get_coords__type_support.hpp
[15.597s] -- Symlinking: /home/tony/colcon_ws/install/mycobot_interfaces/include/mycobot_interfaces/srv/detail/gripper_status__builder.hpp
[15.602s] -- Symlinking: /home/tony/colcon_ws/install/mycobot_interfaces/include/mycobot_interfaces/srv/detail/gripper_status__struct.hpp
[15.605s] -- Symlinking: /home/tony/colcon_ws/install/mycobot_interfaces/include/mycobot_interfaces/srv/detail/gripper_status__traits.hpp
[15.610s] -- Symlinking: /home/tony/colcon_ws/install/mycobot_interfaces/include/mycobot_interfaces/srv/detail/gripper_status__type_support.hpp
[15.613s] -- Symlinking: /home/tony/colcon_ws/install/mycobot_interfaces/include/mycobot_interfaces/srv/detail/pump_status__builder.hpp
[15.617s] -- Symlinking: /home/tony/colcon_ws/install/mycobot_interfaces/include/mycobot_interfaces/srv/detail/pump_status__struct.hpp
[15.622s] -- Symlinking: /home/tony/colcon_ws/install/mycobot_interfaces/include/mycobot_interfaces/srv/detail/pump_status__traits.hpp
[15.626s] -- Symlinking: /home/tony/colcon_ws/install/mycobot_interfaces/include/mycobot_interfaces/srv/detail/pump_status__type_support.hpp
[15.631s] -- Symlinking: /home/tony/colcon_ws/install/mycobot_interfaces/include/mycobot_interfaces/srv/detail/set_angles__builder.hpp
[15.636s] -- Symlinking: /home/tony/colcon_ws/install/mycobot_interfaces/include/mycobot_interfaces/srv/detail/set_angles__struct.hpp
[15.640s] -- Symlinking: /home/tony/colcon_ws/install/mycobot_interfaces/include/mycobot_interfaces/srv/detail/set_angles__traits.hpp
[15.644s] -- Symlinking: /home/tony/colcon_ws/install/mycobot_interfaces/include/mycobot_interfaces/srv/detail/set_angles__type_support.hpp
[15.649s] -- Symlinking: /home/tony/colcon_ws/install/mycobot_interfaces/include/mycobot_interfaces/srv/detail/set_coords__builder.hpp
[15.653s] -- Symlinking: /home/tony/colcon_ws/install/mycobot_interfaces/include/mycobot_interfaces/srv/detail/set_coords__struct.hpp
[15.658s] -- Symlinking: /home/tony/colcon_ws/install/mycobot_interfaces/include/mycobot_interfaces/srv/detail/set_coords__traits.hpp
[15.662s] -- Symlinking: /home/tony/colcon_ws/install/mycobot_interfaces/include/mycobot_interfaces/srv/detail/set_coords__type_support.hpp
[15.666s] -- Symlinking: /home/tony/colcon_ws/install/mycobot_interfaces/include/mycobot_interfaces/srv/get_angles.hpp
[15.670s] -- Symlinking: /home/tony/colcon_ws/install/mycobot_interfaces/include/mycobot_interfaces/srv/get_coords.hpp
[15.674s] -- Symlinking: /home/tony/colcon_ws/install/mycobot_interfaces/include/mycobot_interfaces/srv/gripper_status.hpp
[15.678s] -- Symlinking: /home/tony/colcon_ws/install/mycobot_interfaces/include/mycobot_interfaces/srv/pump_status.hpp
[15.683s] -- Symlinking: /home/tony/colcon_ws/install/mycobot_interfaces/include/mycobot_interfaces/srv/set_angles.hpp
[15.687s] -- Symlinking: /home/tony/colcon_ws/install/mycobot_interfaces/include/mycobot_interfaces/srv/set_coords.hpp
[15.691s] -- Symlinking: /home/tony/colcon_ws/install/mycobot_interfaces/include/mycobot_interfaces/msg/detail/mycobot_angles__rosidl_typesupport_introspection_cpp.hpp
[15.695s] -- Symlinking: /home/tony/colcon_ws/install/mycobot_interfaces/include/mycobot_interfaces/msg/detail/mycobot_coords__rosidl_typesupport_introspection_cpp.hpp
[15.700s] -- Symlinking: /home/tony/colcon_ws/install/mycobot_interfaces/include/mycobot_interfaces/msg/detail/mycobot_gripper_status__rosidl_typesupport_introspection_cpp.hpp
[15.703s] -- Symlinking: /home/tony/colcon_ws/install/mycobot_interfaces/include/mycobot_interfaces/msg/detail/mycobot_pump_status__rosidl_typesupport_introspection_cpp.hpp
[15.707s] -- Symlinking: /home/tony/colcon_ws/install/mycobot_interfaces/include/mycobot_interfaces/msg/detail/mycobot_set_angles__rosidl_typesupport_introspection_cpp.hpp
[15.711s] -- Symlinking: /home/tony/colcon_ws/install/mycobot_interfaces/include/mycobot_interfaces/msg/detail/mycobot_set_coords__rosidl_typesupport_introspection_cpp.hpp
[15.717s] -- Symlinking: /home/tony/colcon_ws/install/mycobot_interfaces/include/mycobot_interfaces/srv/detail/get_angles__rosidl_typesupport_introspection_cpp.hpp
[15.721s] -- Symlinking: /home/tony/colcon_ws/install/mycobot_interfaces/include/mycobot_interfaces/srv/detail/get_coords__rosidl_typesupport_introspection_cpp.hpp
[15.724s] -- Symlinking: /home/tony/colcon_ws/install/mycobot_interfaces/include/mycobot_interfaces/srv/detail/gripper_status__rosidl_typesupport_introspection_cpp.hpp
[15.729s] -- Symlinking: /home/tony/colcon_ws/install/mycobot_interfaces/include/mycobot_interfaces/srv/detail/pump_status__rosidl_typesupport_introspection_cpp.hpp
[15.733s] -- Symlinking: /home/tony/colcon_ws/install/mycobot_interfaces/include/mycobot_interfaces/srv/detail/set_angles__rosidl_typesupport_introspection_cpp.hpp
[15.737s] -- Symlinking: /home/tony/colcon_ws/install/mycobot_interfaces/include/mycobot_interfaces/srv/detail/set_coords__rosidl_typesupport_introspection_cpp.hpp
[15.741s] -- Symlinking: /home/tony/colcon_ws/install/mycobot_interfaces/share/mycobot_interfaces/environment/pythonpath.sh
[15.745s] -- Symlinking: /home/tony/colcon_ws/install/mycobot_interfaces/share/mycobot_interfaces/environment/pythonpath.dsv
[15.751s] -- Symlinking: /home/tony/colcon_ws/install/mycobot_interfaces/lib/python3.8/site-packages/mycobot_interfaces/__init__.py
[15.755s] -- Symlinking: /home/tony/colcon_ws/install/mycobot_interfaces/lib/python3.8/site-packages/mycobot_interfaces/msg/__init__.py
[15.759s] -- Symlinking: /home/tony/colcon_ws/install/mycobot_interfaces/lib/python3.8/site-packages/mycobot_interfaces/msg/_mycobot_angles.py
[15.763s] -- Symlinking: /home/tony/colcon_ws/install/mycobot_interfaces/lib/python3.8/site-packages/mycobot_interfaces/msg/_mycobot_coords.py
[15.767s] -- Symlinking: /home/tony/colcon_ws/install/mycobot_interfaces/lib/python3.8/site-packages/mycobot_interfaces/msg/_mycobot_gripper_status.py
[15.771s] -- Symlinking: /home/tony/colcon_ws/install/mycobot_interfaces/lib/python3.8/site-packages/mycobot_interfaces/msg/_mycobot_pump_status.py
[15.775s] -- Symlinking: /home/tony/colcon_ws/install/mycobot_interfaces/lib/python3.8/site-packages/mycobot_interfaces/msg/_mycobot_set_angles.py
[15.780s] -- Symlinking: /home/tony/colcon_ws/install/mycobot_interfaces/lib/python3.8/site-packages/mycobot_interfaces/msg/_mycobot_set_coords.py
[15.785s] -- Symlinking: /home/tony/colcon_ws/install/mycobot_interfaces/lib/python3.8/site-packages/mycobot_interfaces/srv/__init__.py
[15.789s] -- Symlinking: /home/tony/colcon_ws/install/mycobot_interfaces/lib/python3.8/site-packages/mycobot_interfaces/srv/_get_angles.py
[15.794s] -- Symlinking: /home/tony/colcon_ws/install/mycobot_interfaces/lib/python3.8/site-packages/mycobot_interfaces/srv/_get_coords.py
[15.798s] -- Symlinking: /home/tony/colcon_ws/install/mycobot_interfaces/lib/python3.8/site-packages/mycobot_interfaces/srv/_gripper_status.py
[15.802s] -- Symlinking: /home/tony/colcon_ws/install/mycobot_interfaces/lib/python3.8/site-packages/mycobot_interfaces/srv/_pump_status.py
[15.808s] -- Symlinking: /home/tony/colcon_ws/install/mycobot_interfaces/lib/python3.8/site-packages/mycobot_interfaces/srv/_set_angles.py
[15.811s] -- Symlinking: /home/tony/colcon_ws/install/mycobot_interfaces/lib/python3.8/site-packages/mycobot_interfaces/srv/_set_coords.py
[15.817s] -- Symlinking: /home/tony/colcon_ws/install/mycobot_interfaces/lib/python3.8/site-packages/mycobot_interfaces/mycobot_interfaces_s__rosidl_typesupport_fastrtps_c.cpython-38-aarch64-linux-gnu.so
[15.822s] -- Symlinking: /home/tony/colcon_ws/install/mycobot_interfaces/lib/python3.8/site-packages/mycobot_interfaces/mycobot_interfaces_s__rosidl_typesupport_introspection_c.cpython-38-aarch64-linux-gnu.so
[15.826s] -- Symlinking: /home/tony/colcon_ws/install/mycobot_interfaces/lib/python3.8/site-packages/mycobot_interfaces/mycobot_interfaces_s__rosidl_typesupport_c.cpython-38-aarch64-linux-gnu.so
[15.832s] -- Symlinking: /home/tony/colcon_ws/install/mycobot_interfaces/lib/libmycobot_interfaces__python.so
[15.836s] -- Symlinking: /home/tony/colcon_ws/install/mycobot_interfaces/share/mycobot_interfaces/msg/MycobotAngles.idl
[15.841s] -- Symlinking: /home/tony/colcon_ws/install/mycobot_interfaces/share/mycobot_interfaces/msg/MycobotCoords.idl
[15.846s] -- Symlinking: /home/tony/colcon_ws/install/mycobot_interfaces/share/mycobot_interfaces/msg/MycobotSetAngles.idl
[15.851s] -- Symlinking: /home/tony/colcon_ws/install/mycobot_interfaces/share/mycobot_interfaces/msg/MycobotSetCoords.idl
[15.855s] -- Symlinking: /home/tony/colcon_ws/install/mycobot_interfaces/share/mycobot_interfaces/msg/MycobotGripperStatus.idl
[15.859s] -- Symlinking: /home/tony/colcon_ws/install/mycobot_interfaces/share/mycobot_interfaces/msg/MycobotPumpStatus.idl
[15.863s] -- Symlinking: /home/tony/colcon_ws/install/mycobot_interfaces/share/mycobot_interfaces/srv/GetAngles.idl
[15.869s] -- Symlinking: /home/tony/colcon_ws/install/mycobot_interfaces/share/mycobot_interfaces/srv/SetAngles.idl
[15.874s] -- Symlinking: /home/tony/colcon_ws/install/mycobot_interfaces/share/mycobot_interfaces/srv/GetCoords.idl
[15.879s] -- Symlinking: /home/tony/colcon_ws/install/mycobot_interfaces/share/mycobot_interfaces/srv/SetCoords.idl
[15.885s] -- Symlinking: /home/tony/colcon_ws/install/mycobot_interfaces/share/mycobot_interfaces/srv/GripperStatus.idl
[15.889s] -- Symlinking: /home/tony/colcon_ws/install/mycobot_interfaces/share/mycobot_interfaces/srv/PumpStatus.idl
[15.893s] -- Symlinking: /home/tony/colcon_ws/install/mycobot_interfaces/share/mycobot_interfaces/msg/MycobotAngles.msg
[15.899s] -- Symlinking: /home/tony/colcon_ws/install/mycobot_interfaces/share/mycobot_interfaces/msg/MycobotCoords.msg
[15.903s] -- Symlinking: /home/tony/colcon_ws/install/mycobot_interfaces/share/mycobot_interfaces/msg/MycobotSetAngles.msg
[15.907s] -- Symlinking: /home/tony/colcon_ws/install/mycobot_interfaces/share/mycobot_interfaces/msg/MycobotSetCoords.msg
[15.913s] -- Symlinking: /home/tony/colcon_ws/install/mycobot_interfaces/share/mycobot_interfaces/msg/MycobotGripperStatus.msg
[15.917s] -- Symlinking: /home/tony/colcon_ws/install/mycobot_interfaces/share/mycobot_interfaces/msg/MycobotPumpStatus.msg
[15.921s] -- Symlinking: /home/tony/colcon_ws/install/mycobot_interfaces/share/mycobot_interfaces/srv/GetAngles.srv
[15.926s] -- Symlinking: /home/tony/colcon_ws/install/mycobot_interfaces/share/mycobot_interfaces/srv/GetAngles_Request.msg
[15.931s] -- Symlinking: /home/tony/colcon_ws/install/mycobot_interfaces/share/mycobot_interfaces/srv/GetAngles_Response.msg
[15.935s] -- Symlinking: /home/tony/colcon_ws/install/mycobot_interfaces/share/mycobot_interfaces/srv/SetAngles.srv
[15.941s] -- Symlinking: /home/tony/colcon_ws/install/mycobot_interfaces/share/mycobot_interfaces/srv/SetAngles_Request.msg
[15.946s] -- Symlinking: /home/tony/colcon_ws/install/mycobot_interfaces/share/mycobot_interfaces/srv/SetAngles_Response.msg
[15.952s] -- Symlinking: /home/tony/colcon_ws/install/mycobot_interfaces/share/mycobot_interfaces/srv/GetCoords.srv
[15.955s] -- Symlinking: /home/tony/colcon_ws/install/mycobot_interfaces/share/mycobot_interfaces/srv/GetCoords_Request.msg
[15.960s] -- Symlinking: /home/tony/colcon_ws/install/mycobot_interfaces/share/mycobot_interfaces/srv/GetCoords_Response.msg
[15.966s] -- Symlinking: /home/tony/colcon_ws/install/mycobot_interfaces/share/mycobot_interfaces/srv/SetCoords.srv
[15.971s] -- Symlinking: /home/tony/colcon_ws/install/mycobot_interfaces/share/mycobot_interfaces/srv/SetCoords_Request.msg
[15.975s] -- Symlinking: /home/tony/colcon_ws/install/mycobot_interfaces/share/mycobot_interfaces/srv/SetCoords_Response.msg
[15.980s] -- Symlinking: /home/tony/colcon_ws/install/mycobot_interfaces/share/mycobot_interfaces/srv/GripperStatus.srv
[15.989s] -- Symlinking: /home/tony/colcon_ws/install/mycobot_interfaces/share/mycobot_interfaces/srv/GripperStatus_Request.msg
[15.993s] -- Symlinking: /home/tony/colcon_ws/install/mycobot_interfaces/share/mycobot_interfaces/srv/GripperStatus_Response.msg
[16.003s] -- Symlinking: /home/tony/colcon_ws/install/mycobot_interfaces/share/mycobot_interfaces/srv/PumpStatus.srv
[16.007s] -- Symlinking: /home/tony/colcon_ws/install/mycobot_interfaces/share/mycobot_interfaces/srv/PumpStatus_Request.msg
[16.011s] -- Symlinking: /home/tony/colcon_ws/install/mycobot_interfaces/share/mycobot_interfaces/srv/PumpStatus_Response.msg
[16.015s] -- Symlinking: /home/tony/colcon_ws/install/mycobot_interfaces/share/ament_index/resource_index/package_run_dependencies/mycobot_interfaces
[16.019s] -- Symlinking: /home/tony/colcon_ws/install/mycobot_interfaces/share/ament_index/resource_index/parent_prefix_path/mycobot_interfaces
[16.022s] -- Symlinking: /home/tony/colcon_ws/install/mycobot_interfaces/share/mycobot_interfaces/environment/ament_prefix_path.sh
[16.026s] -- Symlinking: /home/tony/colcon_ws/install/mycobot_interfaces/share/mycobot_interfaces/environment/ament_prefix_path.dsv
[16.030s] -- Symlinking: /home/tony/colcon_ws/install/mycobot_interfaces/share/mycobot_interfaces/environment/path.sh
[16.034s] -- Symlinking: /home/tony/colcon_ws/install/mycobot_interfaces/share/mycobot_interfaces/environment/path.dsv
[16.037s] -- Symlinking: /home/tony/colcon_ws/install/mycobot_interfaces/share/mycobot_interfaces/local_setup.bash
[16.041s] -- Symlinking: /home/tony/colcon_ws/install/mycobot_interfaces/share/mycobot_interfaces/local_setup.sh
[16.044s] -- Symlinking: /home/tony/colcon_ws/install/mycobot_interfaces/share/mycobot_interfaces/local_setup.zsh
[16.049s] -- Symlinking: /home/tony/colcon_ws/install/mycobot_interfaces/share/mycobot_interfaces/local_setup.dsv
[16.052s] -- Symlinking: /home/tony/colcon_ws/install/mycobot_interfaces/share/mycobot_interfaces/package.dsv
[16.056s] -- Symlinking: /home/tony/colcon_ws/install/mycobot_interfaces/share/ament_index/resource_index/packages/mycobot_interfaces
[16.059s] -- Symlinking: /home/tony/colcon_ws/install/mycobot_interfaces/share/mycobot_interfaces/cmake/rosidl_cmake-extras.cmake
[16.063s] -- Symlinking: /home/tony/colcon_ws/install/mycobot_interfaces/share/mycobot_interfaces/cmake/ament_cmake_export_dependencies-extras.cmake
[16.066s] -- Symlinking: /home/tony/colcon_ws/install/mycobot_interfaces/share/mycobot_interfaces/cmake/ament_cmake_export_libraries-extras.cmake
[16.069s] -- Symlinking: /home/tony/colcon_ws/install/mycobot_interfaces/share/mycobot_interfaces/cmake/ament_cmake_export_targets-extras.cmake
[16.072s] -- Symlinking: /home/tony/colcon_ws/install/mycobot_interfaces/share/mycobot_interfaces/cmake/ament_cmake_export_include_directories-extras.cmake
[16.075s] -- Symlinking: /home/tony/colcon_ws/install/mycobot_interfaces/share/mycobot_interfaces/cmake/rosidl_cmake_export_typesupport_libraries-extras.cmake
[16.079s] -- Symlinking: /home/tony/colcon_ws/install/mycobot_interfaces/share/mycobot_interfaces/cmake/rosidl_cmake_export_typesupport_targets-extras.cmake
[16.083s] -- Symlinking: /home/tony/colcon_ws/install/mycobot_interfaces/share/mycobot_interfaces/cmake/mycobot_interfacesConfig.cmake
[16.086s] -- Symlinking: /home/tony/colcon_ws/install/mycobot_interfaces/share/mycobot_interfaces/cmake/mycobot_interfacesConfig-version.cmake
[16.090s] -- Symlinking: /home/tony/colcon_ws/install/mycobot_interfaces/share/mycobot_interfaces/package.xml
[16.093s] -- Installing: /home/tony/colcon_ws/install/mycobot_interfaces/lib/libmycobot_interfaces__rosidl_generator_c.so
[16.093s] -- Set runtime path of "/home/tony/colcon_ws/install/mycobot_interfaces/lib/libmycobot_interfaces__rosidl_generator_c.so" to ""
[16.094s] -- Installing: /home/tony/colcon_ws/install/mycobot_interfaces/lib/libmycobot_interfaces__rosidl_typesupport_introspection_c.so
[16.094s] -- Set runtime path of "/home/tony/colcon_ws/install/mycobot_interfaces/lib/libmycobot_interfaces__rosidl_typesupport_introspection_c.so" to ""
[16.094s] -- Installing: /home/tony/colcon_ws/install/mycobot_interfaces/lib/libmycobot_interfaces__rosidl_typesupport_c.so
[16.094s] -- Set runtime path of "/home/tony/colcon_ws/install/mycobot_interfaces/lib/libmycobot_interfaces__rosidl_typesupport_c.so" to ""
[16.094s] -- Installing: /home/tony/colcon_ws/install/mycobot_interfaces/lib/libmycobot_interfaces__rosidl_typesupport_introspection_cpp.so
[16.094s] -- Set runtime path of "/home/tony/colcon_ws/install/mycobot_interfaces/lib/libmycobot_interfaces__rosidl_typesupport_introspection_cpp.so" to ""
[16.094s] -- Installing: /home/tony/colcon_ws/install/mycobot_interfaces/lib/libmycobot_interfaces__rosidl_typesupport_cpp.so
[16.094s] -- Set runtime path of "/home/tony/colcon_ws/install/mycobot_interfaces/lib/libmycobot_interfaces__rosidl_typesupport_cpp.so" to ""
[16.108s] Compiling '/home/tony/colcon_ws/install/mycobot_interfaces/lib/python3.8/site-packages/mycobot_interfaces/__init__.py'...
[16.110s] -- Installing: /home/tony/colcon_ws/install/mycobot_interfaces/share/mycobot_interfaces/cmake/mycobot_interfaces__rosidl_generator_cExport.cmake
[16.110s] -- Installing: /home/tony/colcon_ws/install/mycobot_interfaces/share/mycobot_interfaces/cmake/mycobot_interfaces__rosidl_generator_cExport-noconfig.cmake
[16.110s] -- Installing: /home/tony/colcon_ws/install/mycobot_interfaces/share/mycobot_interfaces/cmake/mycobot_interfaces__rosidl_typesupport_introspection_cExport.cmake
[16.111s] -- Installing: /home/tony/colcon_ws/install/mycobot_interfaces/share/mycobot_interfaces/cmake/mycobot_interfaces__rosidl_typesupport_introspection_cExport-noconfig.cmake
[16.111s] -- Installing: /home/tony/colcon_ws/install/mycobot_interfaces/share/mycobot_interfaces/cmake/mycobot_interfaces__rosidl_typesupport_cExport.cmake
[16.111s] -- Installing: /home/tony/colcon_ws/install/mycobot_interfaces/share/mycobot_interfaces/cmake/mycobot_interfaces__rosidl_typesupport_cExport-noconfig.cmake
[16.111s] -- Installing: /home/tony/colcon_ws/install/mycobot_interfaces/share/mycobot_interfaces/cmake/mycobot_interfaces__rosidl_generator_cppExport.cmake
[16.111s] -- Installing: /home/tony/colcon_ws/install/mycobot_interfaces/share/mycobot_interfaces/cmake/mycobot_interfaces__rosidl_typesupport_introspection_cppExport.cmake
[16.111s] -- Installing: /home/tony/colcon_ws/install/mycobot_interfaces/share/mycobot_interfaces/cmake/mycobot_interfaces__rosidl_typesupport_introspection_cppExport-noconfig.cmake
[16.111s] -- Installing: /home/tony/colcon_ws/install/mycobot_interfaces/share/mycobot_interfaces/cmake/mycobot_interfaces__rosidl_typesupport_cppExport.cmake
[16.111s] -- Installing: /home/tony/colcon_ws/install/mycobot_interfaces/share/mycobot_interfaces/cmake/mycobot_interfaces__rosidl_typesupport_cppExport-noconfig.cmake
[16.114s] Invoked command in '/home/tony/colcon_ws/build/mycobot_interfaces' returned '0': CMAKE_PREFIX_PATH=/opt/ros/foxy /usr/bin/cmake --install /home/tony/colcon_ws/build/mycobot_interfaces
