[0.009s] Invoking command in '/home/tony/colcon_ws/build/mecharm_interfaces': CMAKE_PREFIX_PATH=/opt/ros/foxy /usr/bin/cmake /home/tony/colcon_ws/src/mycobot_ros2/mecharm/mecharm_interfaces -DAMENT_CMAKE_SYMLINK_INSTALL=1 -DCMAKE_INSTALL_PREFIX=/home/tony/colcon_ws/install/mecharm_interfaces
[0.038s] -- The C compiler identification is GNU 9.4.0
[0.065s] -- The CXX compiler identification is GNU 9.4.0
[0.067s] -- Check for working C compiler: /usr/bin/cc
[0.105s] -- Check for working C compiler: /usr/bin/cc -- works
[0.105s] -- Detecting C compiler ABI info
[0.146s] -- Detecting C compiler ABI info - done
[0.151s] -- Detecting C compile features
[0.151s] -- Detecting C compile features - done
[0.152s] -- Check for working CXX compiler: /usr/bin/c++
[0.193s] -- Check for working CXX compiler: /usr/bin/c++ -- works
[0.194s] -- Detecting CXX compiler ABI info
[0.239s] -- Detecting CXX compiler ABI info - done
[0.245s] -- Detecting CXX compile features
[0.245s] -- Detecting CXX compile features - done
[0.246s] -- Found ament_cmake: 0.9.12 (/opt/ros/foxy/share/ament_cmake/cmake)
[0.257s] -- Found PythonInterp: /usr/bin/python3 (found suitable version "3.8.10", minimum required is "3") 
[0.257s] -- Using PYTHON_EXECUTABLE: /usr/bin/python3
[0.330s] -- Override CMake install command with custom implementation using symlinks instead of copying resources
[0.339s] -- Found rosidl_default_generators: 1.0.1 (/opt/ros/foxy/share/rosidl_default_generators/cmake)
[0.340s] -- Using all available rosidl_typesupport_c: rosidl_typesupport_fastrtps_c;rosidl_typesupport_introspection_c
[0.343s] -- Found rosidl_adapter: 1.3.1 (/opt/ros/foxy/share/rosidl_adapter/cmake)
[0.381s] -- Found OpenSSL: /usr/lib/aarch64-linux-gnu/libcrypto.so (found version "1.1.1f")  
[0.396s] -- Found FastRTPS: /opt/ros/foxy/include  
[0.439s] -- Using all available rosidl_typesupport_cpp: rosidl_typesupport_fastrtps_cpp;rosidl_typesupport_introspection_cpp
[0.452s] -- Found rclpy: 1.0.13 (/opt/ros/foxy/share/rclpy/cmake)
[0.453s] -- Found std_msgs: 2.0.5 (/opt/ros/foxy/share/std_msgs/cmake)
[0.485s] -- Found PythonInterp: /usr/bin/python3 (found version "3.8.10") 
[0.581s] -- Found ament_cmake_ros: 0.9.2 (/opt/ros/foxy/share/ament_cmake_ros/cmake)
[0.665s] -- Using all available rosidl_typesupport_c: rosidl_typesupport_fastrtps_c;rosidl_typesupport_introspection_c
[0.693s] -- Using all available rosidl_typesupport_cpp: rosidl_typesupport_fastrtps_cpp;rosidl_typesupport_introspection_cpp
[0.708s] -- Found PythonInterp: /usr/bin/python3 (found suitable version "3.8.10", minimum required is "3.5") 
[0.709s] -- Found python_cmake_module: 0.8.1 (/opt/ros/foxy/share/python_cmake_module/cmake)
[0.720s] -- Found PythonLibs: /usr/lib/aarch64-linux-gnu/libpython3.8.so (found suitable version "3.8.10", minimum required is "3.5") 
[0.720s] -- Using PYTHON_EXECUTABLE: /usr/bin/python3
[0.720s] -- Using PYTHON_INCLUDE_DIRS: /usr/include/python3.8
[0.720s] -- Using PYTHON_LIBRARIES: /usr/lib/aarch64-linux-gnu/libpython3.8.so
[0.729s] -- Found PythonExtra: .so  
[0.758s] -- Found ament_lint_auto: 0.9.8 (/opt/ros/foxy/share/ament_lint_auto/cmake)
[0.767s] -- Added test 'copyright' to check source files copyright and LICENSE
[0.768s] -- Added test 'lint_cmake' to check CMake code style
[0.769s] -- Added test 'xmllint' to check XML markup files
[0.772s] -- Configuring done
[0.806s] -- Generating done
[0.814s] -- Build files have been written to: /home/tony/colcon_ws/build/mecharm_interfaces
[0.819s] Invoked command in '/home/tony/colcon_ws/build/mecharm_interfaces' returned '0': CMAKE_PREFIX_PATH=/opt/ros/foxy /usr/bin/cmake /home/tony/colcon_ws/src/mycobot_ros2/mecharm/mecharm_interfaces -DAMENT_CMAKE_SYMLINK_INSTALL=1 -DCMAKE_INSTALL_PREFIX=/home/tony/colcon_ws/install/mecharm_interfaces
[0.819s] Invoking command in '/home/tony/colcon_ws/build/mecharm_interfaces': CMAKE_PREFIX_PATH=/opt/ros/foxy /usr/bin/cmake --build /home/tony/colcon_ws/build/mecharm_interfaces -- -j2 -l2
[0.843s] [  1%] [34m[1mGenerating C code for ROS interfaces[0m
[0.846s] [35m[1mScanning dependencies of target mecharm_interfaces__cpp[0m
[0.851s] [  1%] [34m[1mGenerating C++ code for ROS interfaces[0m
[1.822s] [35m[1mScanning dependencies of target mecharm_interfaces__rosidl_generator_c[0m
[1.839s] [  2%] [32mBuilding C object CMakeFiles/mecharm_interfaces__rosidl_generator_c.dir/rosidl_generator_c/mecharm_interfaces/msg/detail/mecharm_angles__functions.c.o[0m
[1.841s] [  2%] Built target mecharm_interfaces__cpp
[1.854s] [  3%] [34m[1mGenerating C++ type support dispatch for ROS interfaces[0m
[1.891s] [  4%] [32mBuilding C object CMakeFiles/mecharm_interfaces__rosidl_generator_c.dir/rosidl_generator_c/mecharm_interfaces/msg/detail/mecharm_coords__functions.c.o[0m
[2.012s] [  4%] [32mBuilding C object CMakeFiles/mecharm_interfaces__rosidl_generator_c.dir/rosidl_generator_c/mecharm_interfaces/msg/detail/mecharm_set_angles__functions.c.o[0m
[2.066s] [  5%] [32mBuilding C object CMakeFiles/mecharm_interfaces__rosidl_generator_c.dir/rosidl_generator_c/mecharm_interfaces/msg/detail/mecharm_set_coords__functions.c.o[0m
[2.131s] [  6%] [32mBuilding C object CMakeFiles/mecharm_interfaces__rosidl_generator_c.dir/rosidl_generator_c/mecharm_interfaces/msg/detail/mecharm_gripper_status__functions.c.o[0m
[2.191s] [  7%] [32mBuilding C object CMakeFiles/mecharm_interfaces__rosidl_generator_c.dir/rosidl_generator_c/mecharm_interfaces/msg/detail/mecharm_pump_status__functions.c.o[0m
[2.214s] [35m[1mScanning dependencies of target mecharm_interfaces__rosidl_typesupport_cpp[0m
[2.243s] [  8%] [32mBuilding CXX object CMakeFiles/mecharm_interfaces__rosidl_typesupport_cpp.dir/rosidl_typesupport_cpp/mecharm_interfaces/msg/mecharm_angles__type_support.cpp.o[0m
[2.250s] [  9%] [32mBuilding C object CMakeFiles/mecharm_interfaces__rosidl_generator_c.dir/rosidl_generator_c/mecharm_interfaces/srv/detail/get_angles__functions.c.o[0m
[2.358s] [ 10%] [32mBuilding C object CMakeFiles/mecharm_interfaces__rosidl_generator_c.dir/rosidl_generator_c/mecharm_interfaces/srv/detail/set_angles__functions.c.o[0m
[2.426s] [ 11%] [32mBuilding CXX object CMakeFiles/mecharm_interfaces__rosidl_typesupport_cpp.dir/rosidl_typesupport_cpp/mecharm_interfaces/msg/mecharm_coords__type_support.cpp.o[0m
[2.430s] [ 12%] [32mBuilding C object CMakeFiles/mecharm_interfaces__rosidl_generator_c.dir/rosidl_generator_c/mecharm_interfaces/srv/detail/get_coords__functions.c.o[0m
[2.489s] [ 12%] [32mBuilding C object CMakeFiles/mecharm_interfaces__rosidl_generator_c.dir/rosidl_generator_c/mecharm_interfaces/srv/detail/set_coords__functions.c.o[0m
[2.547s] [ 13%] [32mBuilding CXX object CMakeFiles/mecharm_interfaces__rosidl_typesupport_cpp.dir/rosidl_typesupport_cpp/mecharm_interfaces/msg/mecharm_set_angles__type_support.cpp.o[0m
[2.550s] [ 14%] [32mBuilding C object CMakeFiles/mecharm_interfaces__rosidl_generator_c.dir/rosidl_generator_c/mecharm_interfaces/srv/detail/gripper_status__functions.c.o[0m
[2.627s] [ 15%] [32mBuilding C object CMakeFiles/mecharm_interfaces__rosidl_generator_c.dir/rosidl_generator_c/mecharm_interfaces/srv/detail/pump_status__functions.c.o[0m
[2.701s] [ 16%] [32m[1mLinking C shared library libmecharm_interfaces__rosidl_generator_c.so[0m
[2.735s] [ 17%] [32mBuilding CXX object CMakeFiles/mecharm_interfaces__rosidl_typesupport_cpp.dir/rosidl_typesupport_cpp/mecharm_interfaces/msg/mecharm_set_coords__type_support.cpp.o[0m
[2.751s] [ 17%] Built target mecharm_interfaces__rosidl_generator_c
[2.774s] [ 17%] [34m[1mGenerating C++ type support for eProsima Fast-RTPS[0m
[2.906s] [ 17%] [32mBuilding CXX object CMakeFiles/mecharm_interfaces__rosidl_typesupport_cpp.dir/rosidl_typesupport_cpp/mecharm_interfaces/msg/mecharm_gripper_status__type_support.cpp.o[0m
[3.062s] [ 18%] [32mBuilding CXX object CMakeFiles/mecharm_interfaces__rosidl_typesupport_cpp.dir/rosidl_typesupport_cpp/mecharm_interfaces/msg/mecharm_pump_status__type_support.cpp.o[0m
[3.294s] [ 19%] [32mBuilding CXX object CMakeFiles/mecharm_interfaces__rosidl_typesupport_cpp.dir/rosidl_typesupport_cpp/mecharm_interfaces/srv/get_angles__type_support.cpp.o[0m
[3.449s] [ 20%] [32mBuilding CXX object CMakeFiles/mecharm_interfaces__rosidl_typesupport_cpp.dir/rosidl_typesupport_cpp/mecharm_interfaces/srv/set_angles__type_support.cpp.o[0m
[3.483s] [35m[1mScanning dependencies of target mecharm_interfaces__rosidl_typesupport_fastrtps_cpp[0m
[3.526s] [ 21%] [32mBuilding CXX object CMakeFiles/mecharm_interfaces__rosidl_typesupport_fastrtps_cpp.dir/rosidl_typesupport_fastrtps_cpp/mecharm_interfaces/msg/detail/dds_fastrtps/mecharm_angles__type_support.cpp.o[0m
[3.672s] [ 22%] [32mBuilding CXX object CMakeFiles/mecharm_interfaces__rosidl_typesupport_cpp.dir/rosidl_typesupport_cpp/mecharm_interfaces/srv/get_coords__type_support.cpp.o[0m
[3.823s] [ 23%] [32mBuilding CXX object CMakeFiles/mecharm_interfaces__rosidl_typesupport_fastrtps_cpp.dir/rosidl_typesupport_fastrtps_cpp/mecharm_interfaces/msg/detail/dds_fastrtps/mecharm_coords__type_support.cpp.o[0m
[3.850s] [ 24%] [32mBuilding CXX object CMakeFiles/mecharm_interfaces__rosidl_typesupport_cpp.dir/rosidl_typesupport_cpp/mecharm_interfaces/srv/set_coords__type_support.cpp.o[0m
[4.091s] [ 24%] [32mBuilding CXX object CMakeFiles/mecharm_interfaces__rosidl_typesupport_cpp.dir/rosidl_typesupport_cpp/mecharm_interfaces/srv/gripper_status__type_support.cpp.o[0m
[4.102s] [ 25%] [32mBuilding CXX object CMakeFiles/mecharm_interfaces__rosidl_typesupport_fastrtps_cpp.dir/rosidl_typesupport_fastrtps_cpp/mecharm_interfaces/msg/detail/dds_fastrtps/mecharm_set_angles__type_support.cpp.o[0m
[4.319s] [ 26%] [32mBuilding CXX object CMakeFiles/mecharm_interfaces__rosidl_typesupport_cpp.dir/rosidl_typesupport_cpp/mecharm_interfaces/srv/pump_status__type_support.cpp.o[0m
[4.427s] [ 27%] [32mBuilding CXX object CMakeFiles/mecharm_interfaces__rosidl_typesupport_fastrtps_cpp.dir/rosidl_typesupport_fastrtps_cpp/mecharm_interfaces/msg/detail/dds_fastrtps/mecharm_set_coords__type_support.cpp.o[0m
[4.507s] [ 28%] [32m[1mLinking CXX shared library libmecharm_interfaces__rosidl_typesupport_cpp.so[0m
[4.564s] [ 28%] Built target mecharm_interfaces__rosidl_typesupport_cpp
[4.603s] [ 29%] [34m[1mGenerating C type support dispatch for ROS interfaces[0m
[4.671s] [ 30%] [32mBuilding CXX object CMakeFiles/mecharm_interfaces__rosidl_typesupport_fastrtps_cpp.dir/rosidl_typesupport_fastrtps_cpp/mecharm_interfaces/msg/detail/dds_fastrtps/mecharm_gripper_status__type_support.cpp.o[0m
[4.935s] [ 30%] [32mBuilding CXX object CMakeFiles/mecharm_interfaces__rosidl_typesupport_fastrtps_cpp.dir/rosidl_typesupport_fastrtps_cpp/mecharm_interfaces/msg/detail/dds_fastrtps/mecharm_pump_status__type_support.cpp.o[0m
[5.111s] [35m[1mScanning dependencies of target mecharm_interfaces__rosidl_typesupport_c[0m
[5.134s] [ 31%] [32mBuilding CXX object CMakeFiles/mecharm_interfaces__rosidl_typesupport_c.dir/rosidl_typesupport_c/mecharm_interfaces/msg/mecharm_angles__type_support.cpp.o[0m
[5.190s] [ 31%] [32mBuilding CXX object CMakeFiles/mecharm_interfaces__rosidl_typesupport_c.dir/rosidl_typesupport_c/mecharm_interfaces/msg/mecharm_coords__type_support.cpp.o[0m
[5.238s] [ 32%] [32mBuilding CXX object CMakeFiles/mecharm_interfaces__rosidl_typesupport_c.dir/rosidl_typesupport_c/mecharm_interfaces/msg/mecharm_set_angles__type_support.cpp.o[0m
[5.279s] [ 33%] [32mBuilding CXX object CMakeFiles/mecharm_interfaces__rosidl_typesupport_fastrtps_cpp.dir/rosidl_typesupport_fastrtps_cpp/mecharm_interfaces/srv/detail/dds_fastrtps/get_angles__type_support.cpp.o[0m
[5.283s] [ 34%] [32mBuilding CXX object CMakeFiles/mecharm_interfaces__rosidl_typesupport_c.dir/rosidl_typesupport_c/mecharm_interfaces/msg/mecharm_set_coords__type_support.cpp.o[0m
[5.359s] [ 35%] [32mBuilding CXX object CMakeFiles/mecharm_interfaces__rosidl_typesupport_c.dir/rosidl_typesupport_c/mecharm_interfaces/msg/mecharm_gripper_status__type_support.cpp.o[0m
[5.429s] [ 36%] [32mBuilding CXX object CMakeFiles/mecharm_interfaces__rosidl_typesupport_c.dir/rosidl_typesupport_c/mecharm_interfaces/msg/mecharm_pump_status__type_support.cpp.o[0m
[5.498s] [ 37%] [32mBuilding CXX object CMakeFiles/mecharm_interfaces__rosidl_typesupport_c.dir/rosidl_typesupport_c/mecharm_interfaces/srv/get_angles__type_support.cpp.o[0m
[5.551s] [ 38%] [32mBuilding CXX object CMakeFiles/mecharm_interfaces__rosidl_typesupport_fastrtps_cpp.dir/rosidl_typesupport_fastrtps_cpp/mecharm_interfaces/srv/detail/dds_fastrtps/set_angles__type_support.cpp.o[0m
[5.551s] [ 38%] [32mBuilding CXX object CMakeFiles/mecharm_interfaces__rosidl_typesupport_c.dir/rosidl_typesupport_c/mecharm_interfaces/srv/set_angles__type_support.cpp.o[0m
[5.614s] [ 39%] [32mBuilding CXX object CMakeFiles/mecharm_interfaces__rosidl_typesupport_c.dir/rosidl_typesupport_c/mecharm_interfaces/srv/get_coords__type_support.cpp.o[0m
[5.672s] [ 40%] [32mBuilding CXX object CMakeFiles/mecharm_interfaces__rosidl_typesupport_c.dir/rosidl_typesupport_c/mecharm_interfaces/srv/set_coords__type_support.cpp.o[0m
[5.755s] [ 41%] [32mBuilding CXX object CMakeFiles/mecharm_interfaces__rosidl_typesupport_c.dir/rosidl_typesupport_c/mecharm_interfaces/srv/gripper_status__type_support.cpp.o[0m
[5.783s] [ 42%] [32mBuilding CXX object CMakeFiles/mecharm_interfaces__rosidl_typesupport_fastrtps_cpp.dir/rosidl_typesupport_fastrtps_cpp/mecharm_interfaces/srv/detail/dds_fastrtps/get_coords__type_support.cpp.o[0m
[5.819s] [ 43%] [32mBuilding CXX object CMakeFiles/mecharm_interfaces__rosidl_typesupport_c.dir/rosidl_typesupport_c/mecharm_interfaces/srv/pump_status__type_support.cpp.o[0m
[5.870s] [ 44%] [32m[1mLinking CXX shared library libmecharm_interfaces__rosidl_typesupport_c.so[0m
[5.982s] [ 44%] Built target mecharm_interfaces__rosidl_typesupport_c
[6.035s] [ 45%] [34m[1mGenerating C++ introspection for ROS interfaces[0m
[6.201s] [ 46%] [32mBuilding CXX object CMakeFiles/mecharm_interfaces__rosidl_typesupport_fastrtps_cpp.dir/rosidl_typesupport_fastrtps_cpp/mecharm_interfaces/srv/detail/dds_fastrtps/set_coords__type_support.cpp.o[0m
[6.593s] [ 47%] [32mBuilding CXX object CMakeFiles/mecharm_interfaces__rosidl_typesupport_fastrtps_cpp.dir/rosidl_typesupport_fastrtps_cpp/mecharm_interfaces/srv/detail/dds_fastrtps/gripper_status__type_support.cpp.o[0m
[6.761s] [ 47%] [32mBuilding CXX object CMakeFiles/mecharm_interfaces__rosidl_typesupport_fastrtps_cpp.dir/rosidl_typesupport_fastrtps_cpp/mecharm_interfaces/srv/detail/dds_fastrtps/pump_status__type_support.cpp.o[0m
[6.898s] [35m[1mScanning dependencies of target mecharm_interfaces__rosidl_typesupport_introspection_cpp[0m
[6.919s] [ 47%] [32mBuilding CXX object CMakeFiles/mecharm_interfaces__rosidl_typesupport_introspection_cpp.dir/rosidl_typesupport_introspection_cpp/mecharm_interfaces/msg/detail/mecharm_angles__type_support.cpp.o[0m
[6.923s] [ 48%] [32m[1mLinking CXX shared library libmecharm_interfaces__rosidl_typesupport_fastrtps_cpp.so[0m
[7.023s] [ 48%] Built target mecharm_interfaces__rosidl_typesupport_fastrtps_cpp
[7.048s] [ 49%] [34m[1mGenerating C introspection for ROS interfaces[0m
[7.102s] [ 50%] [32mBuilding CXX object CMakeFiles/mecharm_interfaces__rosidl_typesupport_introspection_cpp.dir/rosidl_typesupport_introspection_cpp/mecharm_interfaces/msg/detail/mecharm_coords__type_support.cpp.o[0m
[7.383s] [ 51%] [32mBuilding CXX object CMakeFiles/mecharm_interfaces__rosidl_typesupport_introspection_cpp.dir/rosidl_typesupport_introspection_cpp/mecharm_interfaces/msg/detail/mecharm_set_angles__type_support.cpp.o[0m
[7.695s] [ 52%] [32mBuilding CXX object CMakeFiles/mecharm_interfaces__rosidl_typesupport_introspection_cpp.dir/rosidl_typesupport_introspection_cpp/mecharm_interfaces/msg/detail/mecharm_set_coords__type_support.cpp.o[0m
[7.875s] [ 53%] [32mBuilding CXX object CMakeFiles/mecharm_interfaces__rosidl_typesupport_introspection_cpp.dir/rosidl_typesupport_introspection_cpp/mecharm_interfaces/msg/detail/mecharm_gripper_status__type_support.cpp.o[0m
[8.000s] [35m[1mScanning dependencies of target mecharm_interfaces__rosidl_typesupport_introspection_c[0m
[8.029s] [ 54%] [32mBuilding C object CMakeFiles/mecharm_interfaces__rosidl_typesupport_introspection_c.dir/rosidl_typesupport_introspection_c/mecharm_interfaces/msg/detail/mecharm_angles__type_support.c.o[0m
[8.114s] [ 55%] [32mBuilding C object CMakeFiles/mecharm_interfaces__rosidl_typesupport_introspection_c.dir/rosidl_typesupport_introspection_c/mecharm_interfaces/msg/detail/mecharm_coords__type_support.c.o[0m
[8.132s] [ 56%] [32mBuilding CXX object CMakeFiles/mecharm_interfaces__rosidl_typesupport_introspection_cpp.dir/rosidl_typesupport_introspection_cpp/mecharm_interfaces/msg/detail/mecharm_pump_status__type_support.cpp.o[0m
[8.161s] [ 57%] [32mBuilding C object CMakeFiles/mecharm_interfaces__rosidl_typesupport_introspection_c.dir/rosidl_typesupport_introspection_c/mecharm_interfaces/msg/detail/mecharm_set_angles__type_support.c.o[0m
[8.218s] [ 57%] [32mBuilding C object CMakeFiles/mecharm_interfaces__rosidl_typesupport_introspection_c.dir/rosidl_typesupport_introspection_c/mecharm_interfaces/msg/detail/mecharm_set_coords__type_support.c.o[0m
[8.265s] [ 58%] [32mBuilding C object CMakeFiles/mecharm_interfaces__rosidl_typesupport_introspection_c.dir/rosidl_typesupport_introspection_c/mecharm_interfaces/msg/detail/mecharm_gripper_status__type_support.c.o[0m
[8.271s] [ 58%] [32mBuilding CXX object CMakeFiles/mecharm_interfaces__rosidl_typesupport_introspection_cpp.dir/rosidl_typesupport_introspection_cpp/mecharm_interfaces/srv/detail/get_angles__type_support.cpp.o[0m
[8.322s] [ 59%] [32mBuilding C object CMakeFiles/mecharm_interfaces__rosidl_typesupport_introspection_c.dir/rosidl_typesupport_introspection_c/mecharm_interfaces/msg/detail/mecharm_pump_status__type_support.c.o[0m
[8.383s] [ 60%] [32mBuilding C object CMakeFiles/mecharm_interfaces__rosidl_typesupport_introspection_c.dir/rosidl_typesupport_introspection_c/mecharm_interfaces/srv/detail/get_angles__type_support.c.o[0m
[8.446s] [ 61%] [32mBuilding C object CMakeFiles/mecharm_interfaces__rosidl_typesupport_introspection_c.dir/rosidl_typesupport_introspection_c/mecharm_interfaces/srv/detail/set_angles__type_support.c.o[0m
[8.476s] [ 62%] [32mBuilding CXX object CMakeFiles/mecharm_interfaces__rosidl_typesupport_introspection_cpp.dir/rosidl_typesupport_introspection_cpp/mecharm_interfaces/srv/detail/set_angles__type_support.cpp.o[0m
[8.477s] [ 63%] [32mBuilding C object CMakeFiles/mecharm_interfaces__rosidl_typesupport_introspection_c.dir/rosidl_typesupport_introspection_c/mecharm_interfaces/srv/detail/get_coords__type_support.c.o[0m
[8.530s] [ 64%] [32mBuilding C object CMakeFiles/mecharm_interfaces__rosidl_typesupport_introspection_c.dir/rosidl_typesupport_introspection_c/mecharm_interfaces/srv/detail/set_coords__type_support.c.o[0m
[8.570s] [ 64%] [32mBuilding C object CMakeFiles/mecharm_interfaces__rosidl_typesupport_introspection_c.dir/rosidl_typesupport_introspection_c/mecharm_interfaces/srv/detail/gripper_status__type_support.c.o[0m
[8.598s] [ 65%] [32mBuilding CXX object CMakeFiles/mecharm_interfaces__rosidl_typesupport_introspection_cpp.dir/rosidl_typesupport_introspection_cpp/mecharm_interfaces/srv/detail/get_coords__type_support.cpp.o[0m
[8.614s] [ 66%] [32mBuilding C object CMakeFiles/mecharm_interfaces__rosidl_typesupport_introspection_c.dir/rosidl_typesupport_introspection_c/mecharm_interfaces/srv/detail/pump_status__type_support.c.o[0m
[8.665s] [ 67%] [32m[1mLinking C shared library libmecharm_interfaces__rosidl_typesupport_introspection_c.so[0m
[8.713s] [ 67%] Built target mecharm_interfaces__rosidl_typesupport_introspection_c
[8.736s] [ 68%] [34m[1mGenerating C type support for eProsima Fast-RTPS[0m
[8.755s] [ 69%] [32mBuilding CXX object CMakeFiles/mecharm_interfaces__rosidl_typesupport_introspection_cpp.dir/rosidl_typesupport_introspection_cpp/mecharm_interfaces/srv/detail/set_coords__type_support.cpp.o[0m
[8.980s] [ 70%] [32mBuilding CXX object CMakeFiles/mecharm_interfaces__rosidl_typesupport_introspection_cpp.dir/rosidl_typesupport_introspection_cpp/mecharm_interfaces/srv/detail/gripper_status__type_support.cpp.o[0m
[9.352s] [ 71%] [32mBuilding CXX object CMakeFiles/mecharm_interfaces__rosidl_typesupport_introspection_cpp.dir/rosidl_typesupport_introspection_cpp/mecharm_interfaces/srv/detail/pump_status__type_support.cpp.o[0m
[9.524s] [ 72%] [32m[1mLinking CXX shared library libmecharm_interfaces__rosidl_typesupport_introspection_cpp.so[0m
[9.556s] [ 72%] Built target mecharm_interfaces__rosidl_typesupport_introspection_cpp
[9.586s] [35m[1mScanning dependencies of target mecharm_interfaces__rosidl_typesupport_fastrtps_c[0m
[9.612s] [ 74%] [32mBuilding CXX object CMakeFiles/mecharm_interfaces__rosidl_typesupport_fastrtps_c.dir/rosidl_typesupport_fastrtps_c/mecharm_interfaces/msg/detail/mecharm_coords__type_support_c.cpp.o[0m
[9.612s] [ 74%] [32mBuilding CXX object CMakeFiles/mecharm_interfaces__rosidl_typesupport_fastrtps_c.dir/rosidl_typesupport_fastrtps_c/mecharm_interfaces/msg/detail/mecharm_angles__type_support_c.cpp.o[0m
[10.011s] [ 74%] [32mBuilding CXX object CMakeFiles/mecharm_interfaces__rosidl_typesupport_fastrtps_c.dir/rosidl_typesupport_fastrtps_c/mecharm_interfaces/msg/detail/mecharm_set_angles__type_support_c.cpp.o[0m
[10.043s] [ 75%] [32mBuilding CXX object CMakeFiles/mecharm_interfaces__rosidl_typesupport_fastrtps_c.dir/rosidl_typesupport_fastrtps_c/mecharm_interfaces/msg/detail/mecharm_set_coords__type_support_c.cpp.o[0m
[10.277s] [ 76%] [32mBuilding CXX object CMakeFiles/mecharm_interfaces__rosidl_typesupport_fastrtps_c.dir/rosidl_typesupport_fastrtps_c/mecharm_interfaces/msg/detail/mecharm_gripper_status__type_support_c.cpp.o[0m
[10.310s] [ 77%] [32mBuilding CXX object CMakeFiles/mecharm_interfaces__rosidl_typesupport_fastrtps_c.dir/rosidl_typesupport_fastrtps_c/mecharm_interfaces/msg/detail/mecharm_pump_status__type_support_c.cpp.o[0m
[10.555s] [ 78%] [32mBuilding CXX object CMakeFiles/mecharm_interfaces__rosidl_typesupport_fastrtps_c.dir/rosidl_typesupport_fastrtps_c/mecharm_interfaces/srv/detail/get_angles__type_support_c.cpp.o[0m
[10.559s] [ 79%] [32mBuilding CXX object CMakeFiles/mecharm_interfaces__rosidl_typesupport_fastrtps_c.dir/rosidl_typesupport_fastrtps_c/mecharm_interfaces/srv/detail/set_angles__type_support_c.cpp.o[0m
[10.832s] [ 80%] [32mBuilding CXX object CMakeFiles/mecharm_interfaces__rosidl_typesupport_fastrtps_c.dir/rosidl_typesupport_fastrtps_c/mecharm_interfaces/srv/detail/set_coords__type_support_c.cpp.o[0m
[10.838s] [ 80%] [32mBuilding CXX object CMakeFiles/mecharm_interfaces__rosidl_typesupport_fastrtps_c.dir/rosidl_typesupport_fastrtps_c/mecharm_interfaces/srv/detail/get_coords__type_support_c.cpp.o[0m
[11.169s] [ 81%] [32mBuilding CXX object CMakeFiles/mecharm_interfaces__rosidl_typesupport_fastrtps_c.dir/rosidl_typesupport_fastrtps_c/mecharm_interfaces/srv/detail/gripper_status__type_support_c.cpp.o[0m
[11.198s] [ 82%] [32mBuilding CXX object CMakeFiles/mecharm_interfaces__rosidl_typesupport_fastrtps_c.dir/rosidl_typesupport_fastrtps_c/mecharm_interfaces/srv/detail/pump_status__type_support_c.cpp.o[0m
[11.534s] [ 83%] [32m[1mLinking CXX shared library libmecharm_interfaces__rosidl_typesupport_fastrtps_c.so[0m
[11.580s] [ 83%] Built target mecharm_interfaces__rosidl_typesupport_fastrtps_c
[11.586s] [35m[1mScanning dependencies of target mecharm_interfaces[0m
[11.591s] [ 83%] Built target mecharm_interfaces
[11.599s] [35m[1mScanning dependencies of target mecharm_interfaces__py[0m
[11.604s] [ 84%] [34m[1mGenerating Python code for ROS interfaces[0m
[12.369s] [ 84%] Built target mecharm_interfaces__py
[12.380s] [35m[1mScanning dependencies of target mecharm_interfaces__python[0m
[12.404s] [ 85%] [32mBuilding C object CMakeFiles/mecharm_interfaces__python.dir/rosidl_generator_py/mecharm_interfaces/msg/_mecharm_angles_s.c.o[0m
[12.409s] [ 86%] [32mBuilding C object CMakeFiles/mecharm_interfaces__python.dir/rosidl_generator_py/mecharm_interfaces/msg/_mecharm_coords_s.c.o[0m
[12.482s] [ 87%] [32mBuilding C object CMakeFiles/mecharm_interfaces__python.dir/rosidl_generator_py/mecharm_interfaces/msg/_mecharm_set_angles_s.c.o[0m
[12.553s] [ 88%] [32mBuilding C object CMakeFiles/mecharm_interfaces__python.dir/rosidl_generator_py/mecharm_interfaces/msg/_mecharm_set_coords_s.c.o[0m
[12.620s] [ 88%] [32mBuilding C object CMakeFiles/mecharm_interfaces__python.dir/rosidl_generator_py/mecharm_interfaces/msg/_mecharm_gripper_status_s.c.o[0m
[12.696s] [ 89%] [32mBuilding C object CMakeFiles/mecharm_interfaces__python.dir/rosidl_generator_py/mecharm_interfaces/srv/_get_angles_s.c.o[0m
[12.699s] [ 90%] [32mBuilding C object CMakeFiles/mecharm_interfaces__python.dir/rosidl_generator_py/mecharm_interfaces/msg/_mecharm_pump_status_s.c.o[0m
[12.794s] [ 91%] [32mBuilding C object CMakeFiles/mecharm_interfaces__python.dir/rosidl_generator_py/mecharm_interfaces/srv/_get_coords_s.c.o[0m
[12.803s] [ 92%] [32mBuilding C object CMakeFiles/mecharm_interfaces__python.dir/rosidl_generator_py/mecharm_interfaces/srv/_set_angles_s.c.o[0m
[12.851s] [ 93%] [32mBuilding C object CMakeFiles/mecharm_interfaces__python.dir/rosidl_generator_py/mecharm_interfaces/srv/_set_coords_s.c.o[0m
[12.857s] [ 93%] [32mBuilding C object CMakeFiles/mecharm_interfaces__python.dir/rosidl_generator_py/mecharm_interfaces/srv/_gripper_status_s.c.o[0m
[12.902s] [ 94%] [32mBuilding C object CMakeFiles/mecharm_interfaces__python.dir/rosidl_generator_py/mecharm_interfaces/srv/_pump_status_s.c.o[0m
[12.963s] [ 95%] [32m[1mLinking C shared library rosidl_generator_py/mecharm_interfaces/libmecharm_interfaces__python.so[0m
[12.999s] [ 95%] Built target mecharm_interfaces__python
[13.013s] [35m[1mScanning dependencies of target mecharm_interfaces__rosidl_typesupport_c__pyext[0m
[13.013s] [35m[1mScanning dependencies of target mecharm_interfaces__rosidl_typesupport_introspection_c__pyext[0m
[13.033s] [ 95%] [32mBuilding C object CMakeFiles/mecharm_interfaces__rosidl_typesupport_c__pyext.dir/rosidl_generator_py/mecharm_interfaces/_mecharm_interfaces_s.ep.rosidl_typesupport_c.c.o[0m
[13.045s] [ 96%] [32mBuilding C object CMakeFiles/mecharm_interfaces__rosidl_typesupport_introspection_c__pyext.dir/rosidl_generator_py/mecharm_interfaces/_mecharm_interfaces_s.ep.rosidl_typesupport_introspection_c.c.o[0m
[13.122s] [ 97%] [32m[1mLinking C shared library rosidl_generator_py/mecharm_interfaces/mecharm_interfaces_s__rosidl_typesupport_c.cpython-38-aarch64-linux-gnu.so[0m
[13.150s] [ 98%] [32m[1mLinking C shared library rosidl_generator_py/mecharm_interfaces/mecharm_interfaces_s__rosidl_typesupport_introspection_c.cpython-38-aarch64-linux-gnu.so[0m
[13.159s] [ 98%] Built target mecharm_interfaces__rosidl_typesupport_c__pyext
[13.167s] [35m[1mScanning dependencies of target mecharm_interfaces__rosidl_typesupport_fastrtps_c__pyext[0m
[13.169s] [ 98%] Built target mecharm_interfaces__rosidl_typesupport_introspection_c__pyext
[13.181s] [ 99%] [32mBuilding C object CMakeFiles/mecharm_interfaces__rosidl_typesupport_fastrtps_c__pyext.dir/rosidl_generator_py/mecharm_interfaces/_mecharm_interfaces_s.ep.rosidl_typesupport_fastrtps_c.c.o[0m
[13.247s] [100%] [32m[1mLinking CXX shared library rosidl_generator_py/mecharm_interfaces/mecharm_interfaces_s__rosidl_typesupport_fastrtps_c.cpython-38-aarch64-linux-gnu.so[0m
[13.274s] [100%] Built target mecharm_interfaces__rosidl_typesupport_fastrtps_c__pyext
[13.279s] Invoked command in '/home/tony/colcon_ws/build/mecharm_interfaces' returned '0': CMAKE_PREFIX_PATH=/opt/ros/foxy /usr/bin/cmake --build /home/tony/colcon_ws/build/mecharm_interfaces -- -j2 -l2
[13.280s] Invoking command in '/home/tony/colcon_ws/build/mecharm_interfaces': CMAKE_PREFIX_PATH=/opt/ros/foxy /usr/bin/cmake --install /home/tony/colcon_ws/build/mecharm_interfaces
[13.284s] -- Install configuration: ""
[13.284s] -- Execute custom install script
[13.284s] -- Symlinking: /home/tony/colcon_ws/install/mecharm_interfaces/share/ament_index/resource_index/rosidl_interfaces/mecharm_interfaces
[13.288s] -- Symlinking: /home/tony/colcon_ws/install/mecharm_interfaces/include/mecharm_interfaces/msg/detail/mecharm_angles__functions.h
[13.291s] -- Symlinking: /home/tony/colcon_ws/install/mecharm_interfaces/include/mecharm_interfaces/msg/detail/mecharm_angles__struct.h
[13.295s] -- Symlinking: /home/tony/colcon_ws/install/mecharm_interfaces/include/mecharm_interfaces/msg/detail/mecharm_angles__type_support.h
[13.298s] -- Symlinking: /home/tony/colcon_ws/install/mecharm_interfaces/include/mecharm_interfaces/msg/detail/mecharm_coords__functions.h
[13.301s] -- Symlinking: /home/tony/colcon_ws/install/mecharm_interfaces/include/mecharm_interfaces/msg/detail/mecharm_coords__struct.h
[13.304s] -- Symlinking: /home/tony/colcon_ws/install/mecharm_interfaces/include/mecharm_interfaces/msg/detail/mecharm_coords__type_support.h
[13.307s] -- Symlinking: /home/tony/colcon_ws/install/mecharm_interfaces/include/mecharm_interfaces/msg/detail/mecharm_gripper_status__functions.h
[13.310s] -- Symlinking: /home/tony/colcon_ws/install/mecharm_interfaces/include/mecharm_interfaces/msg/detail/mecharm_gripper_status__struct.h
[13.313s] -- Symlinking: /home/tony/colcon_ws/install/mecharm_interfaces/include/mecharm_interfaces/msg/detail/mecharm_gripper_status__type_support.h
[13.317s] -- Symlinking: /home/tony/colcon_ws/install/mecharm_interfaces/include/mecharm_interfaces/msg/detail/mecharm_pump_status__functions.h
[13.321s] -- Symlinking: /home/tony/colcon_ws/install/mecharm_interfaces/include/mecharm_interfaces/msg/detail/mecharm_pump_status__struct.h
[13.324s] -- Symlinking: /home/tony/colcon_ws/install/mecharm_interfaces/include/mecharm_interfaces/msg/detail/mecharm_pump_status__type_support.h
[13.327s] -- Symlinking: /home/tony/colcon_ws/install/mecharm_interfaces/include/mecharm_interfaces/msg/detail/mecharm_set_angles__functions.h
[13.331s] -- Symlinking: /home/tony/colcon_ws/install/mecharm_interfaces/include/mecharm_interfaces/msg/detail/mecharm_set_angles__struct.h
[13.334s] -- Symlinking: /home/tony/colcon_ws/install/mecharm_interfaces/include/mecharm_interfaces/msg/detail/mecharm_set_angles__type_support.h
[13.338s] -- Symlinking: /home/tony/colcon_ws/install/mecharm_interfaces/include/mecharm_interfaces/msg/detail/mecharm_set_coords__functions.h
[13.341s] -- Symlinking: /home/tony/colcon_ws/install/mecharm_interfaces/include/mecharm_interfaces/msg/detail/mecharm_set_coords__struct.h
[13.344s] -- Symlinking: /home/tony/colcon_ws/install/mecharm_interfaces/include/mecharm_interfaces/msg/detail/mecharm_set_coords__type_support.h
[13.347s] -- Symlinking: /home/tony/colcon_ws/install/mecharm_interfaces/include/mecharm_interfaces/msg/mecharm_angles.h
[13.351s] -- Symlinking: /home/tony/colcon_ws/install/mecharm_interfaces/include/mecharm_interfaces/msg/mecharm_coords.h
[13.354s] -- Symlinking: /home/tony/colcon_ws/install/mecharm_interfaces/include/mecharm_interfaces/msg/mecharm_gripper_status.h
[13.357s] -- Symlinking: /home/tony/colcon_ws/install/mecharm_interfaces/include/mecharm_interfaces/msg/mecharm_pump_status.h
[13.360s] -- Symlinking: /home/tony/colcon_ws/install/mecharm_interfaces/include/mecharm_interfaces/msg/mecharm_set_angles.h
[13.364s] -- Symlinking: /home/tony/colcon_ws/install/mecharm_interfaces/include/mecharm_interfaces/msg/mecharm_set_coords.h
[13.367s] -- Symlinking: /home/tony/colcon_ws/install/mecharm_interfaces/include/mecharm_interfaces/msg/rosidl_generator_c__visibility_control.h
[13.371s] -- Symlinking: /home/tony/colcon_ws/install/mecharm_interfaces/include/mecharm_interfaces/srv/detail/get_angles__functions.h
[13.374s] -- Symlinking: /home/tony/colcon_ws/install/mecharm_interfaces/include/mecharm_interfaces/srv/detail/get_angles__struct.h
[13.377s] -- Symlinking: /home/tony/colcon_ws/install/mecharm_interfaces/include/mecharm_interfaces/srv/detail/get_angles__type_support.h
[13.380s] -- Symlinking: /home/tony/colcon_ws/install/mecharm_interfaces/include/mecharm_interfaces/srv/detail/get_coords__functions.h
[13.384s] -- Symlinking: /home/tony/colcon_ws/install/mecharm_interfaces/include/mecharm_interfaces/srv/detail/get_coords__struct.h
[13.387s] -- Symlinking: /home/tony/colcon_ws/install/mecharm_interfaces/include/mecharm_interfaces/srv/detail/get_coords__type_support.h
[13.389s] -- Symlinking: /home/tony/colcon_ws/install/mecharm_interfaces/include/mecharm_interfaces/srv/detail/gripper_status__functions.h
[13.393s] -- Symlinking: /home/tony/colcon_ws/install/mecharm_interfaces/include/mecharm_interfaces/srv/detail/gripper_status__struct.h
[13.396s] -- Symlinking: /home/tony/colcon_ws/install/mecharm_interfaces/include/mecharm_interfaces/srv/detail/gripper_status__type_support.h
[13.399s] -- Symlinking: /home/tony/colcon_ws/install/mecharm_interfaces/include/mecharm_interfaces/srv/detail/pump_status__functions.h
[13.402s] -- Symlinking: /home/tony/colcon_ws/install/mecharm_interfaces/include/mecharm_interfaces/srv/detail/pump_status__struct.h
[13.405s] -- Symlinking: /home/tony/colcon_ws/install/mecharm_interfaces/include/mecharm_interfaces/srv/detail/pump_status__type_support.h
[13.408s] -- Symlinking: /home/tony/colcon_ws/install/mecharm_interfaces/include/mecharm_interfaces/srv/detail/set_angles__functions.h
[13.411s] -- Symlinking: /home/tony/colcon_ws/install/mecharm_interfaces/include/mecharm_interfaces/srv/detail/set_angles__struct.h
[13.414s] -- Symlinking: /home/tony/colcon_ws/install/mecharm_interfaces/include/mecharm_interfaces/srv/detail/set_angles__type_support.h
[13.417s] -- Symlinking: /home/tony/colcon_ws/install/mecharm_interfaces/include/mecharm_interfaces/srv/detail/set_coords__functions.h
[13.420s] -- Symlinking: /home/tony/colcon_ws/install/mecharm_interfaces/include/mecharm_interfaces/srv/detail/set_coords__struct.h
[13.423s] -- Symlinking: /home/tony/colcon_ws/install/mecharm_interfaces/include/mecharm_interfaces/srv/detail/set_coords__type_support.h
[13.427s] -- Symlinking: /home/tony/colcon_ws/install/mecharm_interfaces/include/mecharm_interfaces/srv/get_angles.h
[13.430s] -- Symlinking: /home/tony/colcon_ws/install/mecharm_interfaces/include/mecharm_interfaces/srv/get_coords.h
[13.433s] -- Symlinking: /home/tony/colcon_ws/install/mecharm_interfaces/include/mecharm_interfaces/srv/gripper_status.h
[13.436s] -- Symlinking: /home/tony/colcon_ws/install/mecharm_interfaces/include/mecharm_interfaces/srv/pump_status.h
[13.439s] -- Symlinking: /home/tony/colcon_ws/install/mecharm_interfaces/include/mecharm_interfaces/srv/set_angles.h
[13.442s] -- Symlinking: /home/tony/colcon_ws/install/mecharm_interfaces/include/mecharm_interfaces/srv/set_coords.h
[13.445s] -- Symlinking: /home/tony/colcon_ws/install/mecharm_interfaces/share/mecharm_interfaces/environment/library_path.sh
[13.448s] -- Symlinking: /home/tony/colcon_ws/install/mecharm_interfaces/share/mecharm_interfaces/environment/library_path.dsv
[13.452s] -- Symlinking: /home/tony/colcon_ws/install/mecharm_interfaces/include/mecharm_interfaces/msg/detail/mecharm_angles__rosidl_typesupport_fastrtps_c.h
[13.455s] -- Symlinking: /home/tony/colcon_ws/install/mecharm_interfaces/include/mecharm_interfaces/msg/detail/mecharm_coords__rosidl_typesupport_fastrtps_c.h
[13.458s] -- Symlinking: /home/tony/colcon_ws/install/mecharm_interfaces/include/mecharm_interfaces/msg/detail/mecharm_gripper_status__rosidl_typesupport_fastrtps_c.h
[13.461s] -- Symlinking: /home/tony/colcon_ws/install/mecharm_interfaces/include/mecharm_interfaces/msg/detail/mecharm_pump_status__rosidl_typesupport_fastrtps_c.h
[13.464s] -- Symlinking: /home/tony/colcon_ws/install/mecharm_interfaces/include/mecharm_interfaces/msg/detail/mecharm_set_angles__rosidl_typesupport_fastrtps_c.h
[13.467s] -- Symlinking: /home/tony/colcon_ws/install/mecharm_interfaces/include/mecharm_interfaces/msg/detail/mecharm_set_coords__rosidl_typesupport_fastrtps_c.h
[13.470s] -- Symlinking: /home/tony/colcon_ws/install/mecharm_interfaces/include/mecharm_interfaces/msg/rosidl_typesupport_fastrtps_c__visibility_control.h
[13.473s] -- Symlinking: /home/tony/colcon_ws/install/mecharm_interfaces/include/mecharm_interfaces/srv/detail/get_angles__rosidl_typesupport_fastrtps_c.h
[13.476s] -- Symlinking: /home/tony/colcon_ws/install/mecharm_interfaces/include/mecharm_interfaces/srv/detail/get_coords__rosidl_typesupport_fastrtps_c.h
[13.479s] -- Symlinking: /home/tony/colcon_ws/install/mecharm_interfaces/include/mecharm_interfaces/srv/detail/gripper_status__rosidl_typesupport_fastrtps_c.h
[13.482s] -- Symlinking: /home/tony/colcon_ws/install/mecharm_interfaces/include/mecharm_interfaces/srv/detail/pump_status__rosidl_typesupport_fastrtps_c.h
[13.486s] -- Symlinking: /home/tony/colcon_ws/install/mecharm_interfaces/include/mecharm_interfaces/srv/detail/set_angles__rosidl_typesupport_fastrtps_c.h
[13.489s] -- Symlinking: /home/tony/colcon_ws/install/mecharm_interfaces/include/mecharm_interfaces/srv/detail/set_coords__rosidl_typesupport_fastrtps_c.h
[13.492s] -- Symlinking: /home/tony/colcon_ws/install/mecharm_interfaces/lib/libmecharm_interfaces__rosidl_typesupport_fastrtps_c.so
[13.502s] -- Symlinking: /home/tony/colcon_ws/install/mecharm_interfaces/include/mecharm_interfaces/msg/detail/mecharm_angles__rosidl_typesupport_fastrtps_cpp.hpp
[13.505s] -- Symlinking: /home/tony/colcon_ws/install/mecharm_interfaces/include/mecharm_interfaces/msg/detail/mecharm_coords__rosidl_typesupport_fastrtps_cpp.hpp
[13.509s] -- Symlinking: /home/tony/colcon_ws/install/mecharm_interfaces/include/mecharm_interfaces/msg/detail/mecharm_gripper_status__rosidl_typesupport_fastrtps_cpp.hpp
[13.519s] -- Symlinking: /home/tony/colcon_ws/install/mecharm_interfaces/include/mecharm_interfaces/msg/detail/mecharm_pump_status__rosidl_typesupport_fastrtps_cpp.hpp
[13.522s] -- Symlinking: /home/tony/colcon_ws/install/mecharm_interfaces/include/mecharm_interfaces/msg/detail/mecharm_set_angles__rosidl_typesupport_fastrtps_cpp.hpp
[13.531s] -- Symlinking: /home/tony/colcon_ws/install/mecharm_interfaces/include/mecharm_interfaces/msg/detail/mecharm_set_coords__rosidl_typesupport_fastrtps_cpp.hpp
[13.534s] -- Symlinking: /home/tony/colcon_ws/install/mecharm_interfaces/include/mecharm_interfaces/msg/rosidl_typesupport_fastrtps_cpp__visibility_control.h
[13.540s] -- Symlinking: /home/tony/colcon_ws/install/mecharm_interfaces/include/mecharm_interfaces/srv/detail/get_angles__rosidl_typesupport_fastrtps_cpp.hpp
[13.543s] -- Symlinking: /home/tony/colcon_ws/install/mecharm_interfaces/include/mecharm_interfaces/srv/detail/get_coords__rosidl_typesupport_fastrtps_cpp.hpp
[13.548s] -- Symlinking: /home/tony/colcon_ws/install/mecharm_interfaces/include/mecharm_interfaces/srv/detail/gripper_status__rosidl_typesupport_fastrtps_cpp.hpp
[13.553s] -- Symlinking: /home/tony/colcon_ws/install/mecharm_interfaces/include/mecharm_interfaces/srv/detail/pump_status__rosidl_typesupport_fastrtps_cpp.hpp
[13.556s] -- Symlinking: /home/tony/colcon_ws/install/mecharm_interfaces/include/mecharm_interfaces/srv/detail/set_angles__rosidl_typesupport_fastrtps_cpp.hpp
[13.560s] -- Symlinking: /home/tony/colcon_ws/install/mecharm_interfaces/include/mecharm_interfaces/srv/detail/set_coords__rosidl_typesupport_fastrtps_cpp.hpp
[13.569s] -- Symlinking: /home/tony/colcon_ws/install/mecharm_interfaces/lib/libmecharm_interfaces__rosidl_typesupport_fastrtps_cpp.so
[13.569s] -- Symlinking: /home/tony/colcon_ws/install/mecharm_interfaces/include/mecharm_interfaces/msg/detail/mecharm_angles__rosidl_typesupport_introspection_c.h
[13.577s] -- Symlinking: /home/tony/colcon_ws/install/mecharm_interfaces/include/mecharm_interfaces/msg/detail/mecharm_coords__rosidl_typesupport_introspection_c.h
[13.582s] -- Symlinking: /home/tony/colcon_ws/install/mecharm_interfaces/include/mecharm_interfaces/msg/detail/mecharm_gripper_status__rosidl_typesupport_introspection_c.h
[13.586s] -- Symlinking: /home/tony/colcon_ws/install/mecharm_interfaces/include/mecharm_interfaces/msg/detail/mecharm_pump_status__rosidl_typesupport_introspection_c.h
[13.591s] -- Symlinking: /home/tony/colcon_ws/install/mecharm_interfaces/include/mecharm_interfaces/msg/detail/mecharm_set_angles__rosidl_typesupport_introspection_c.h
[13.595s] -- Symlinking: /home/tony/colcon_ws/install/mecharm_interfaces/include/mecharm_interfaces/msg/detail/mecharm_set_coords__rosidl_typesupport_introspection_c.h
[13.599s] -- Symlinking: /home/tony/colcon_ws/install/mecharm_interfaces/include/mecharm_interfaces/msg/rosidl_typesupport_introspection_c__visibility_control.h
[13.603s] -- Symlinking: /home/tony/colcon_ws/install/mecharm_interfaces/include/mecharm_interfaces/srv/detail/get_angles__rosidl_typesupport_introspection_c.h
[13.606s] -- Symlinking: /home/tony/colcon_ws/install/mecharm_interfaces/include/mecharm_interfaces/srv/detail/get_coords__rosidl_typesupport_introspection_c.h
[13.611s] -- Symlinking: /home/tony/colcon_ws/install/mecharm_interfaces/include/mecharm_interfaces/srv/detail/gripper_status__rosidl_typesupport_introspection_c.h
[13.615s] -- Symlinking: /home/tony/colcon_ws/install/mecharm_interfaces/include/mecharm_interfaces/srv/detail/pump_status__rosidl_typesupport_introspection_c.h
[13.620s] -- Symlinking: /home/tony/colcon_ws/install/mecharm_interfaces/include/mecharm_interfaces/srv/detail/set_angles__rosidl_typesupport_introspection_c.h
[13.631s] -- Symlinking: /home/tony/colcon_ws/install/mecharm_interfaces/include/mecharm_interfaces/srv/detail/set_coords__rosidl_typesupport_introspection_c.h
[13.636s] -- Symlinking: /home/tony/colcon_ws/install/mecharm_interfaces/include/mecharm_interfaces/msg/detail/mecharm_angles__builder.hpp
[13.639s] -- Symlinking: /home/tony/colcon_ws/install/mecharm_interfaces/include/mecharm_interfaces/msg/detail/mecharm_angles__struct.hpp
[13.649s] -- Symlinking: /home/tony/colcon_ws/install/mecharm_interfaces/include/mecharm_interfaces/msg/detail/mecharm_angles__traits.hpp
[13.659s] -- Symlinking: /home/tony/colcon_ws/install/mecharm_interfaces/include/mecharm_interfaces/msg/detail/mecharm_angles__type_support.hpp
[13.668s] -- Symlinking: /home/tony/colcon_ws/install/mecharm_interfaces/include/mecharm_interfaces/msg/detail/mecharm_coords__builder.hpp
[13.675s] -- Symlinking: /home/tony/colcon_ws/install/mecharm_interfaces/include/mecharm_interfaces/msg/detail/mecharm_coords__struct.hpp
[13.688s] -- Symlinking: /home/tony/colcon_ws/install/mecharm_interfaces/include/mecharm_interfaces/msg/detail/mecharm_coords__traits.hpp
[13.691s] -- Symlinking: /home/tony/colcon_ws/install/mecharm_interfaces/include/mecharm_interfaces/msg/detail/mecharm_coords__type_support.hpp
[13.700s] -- Symlinking: /home/tony/colcon_ws/install/mecharm_interfaces/include/mecharm_interfaces/msg/detail/mecharm_gripper_status__builder.hpp
[13.703s] -- Symlinking: /home/tony/colcon_ws/install/mecharm_interfaces/include/mecharm_interfaces/msg/detail/mecharm_gripper_status__struct.hpp
[13.708s] -- Symlinking: /home/tony/colcon_ws/install/mecharm_interfaces/include/mecharm_interfaces/msg/detail/mecharm_gripper_status__traits.hpp
[13.715s] -- Symlinking: /home/tony/colcon_ws/install/mecharm_interfaces/include/mecharm_interfaces/msg/detail/mecharm_gripper_status__type_support.hpp
[13.718s] -- Symlinking: /home/tony/colcon_ws/install/mecharm_interfaces/include/mecharm_interfaces/msg/detail/mecharm_pump_status__builder.hpp
[13.726s] -- Symlinking: /home/tony/colcon_ws/install/mecharm_interfaces/include/mecharm_interfaces/msg/detail/mecharm_pump_status__struct.hpp
[13.731s] -- Symlinking: /home/tony/colcon_ws/install/mecharm_interfaces/include/mecharm_interfaces/msg/detail/mecharm_pump_status__traits.hpp
[13.740s] -- Symlinking: /home/tony/colcon_ws/install/mecharm_interfaces/include/mecharm_interfaces/msg/detail/mecharm_pump_status__type_support.hpp
[13.743s] -- Symlinking: /home/tony/colcon_ws/install/mecharm_interfaces/include/mecharm_interfaces/msg/detail/mecharm_set_angles__builder.hpp
[13.753s] -- Symlinking: /home/tony/colcon_ws/install/mecharm_interfaces/include/mecharm_interfaces/msg/detail/mecharm_set_angles__struct.hpp
[13.756s] -- Symlinking: /home/tony/colcon_ws/install/mecharm_interfaces/include/mecharm_interfaces/msg/detail/mecharm_set_angles__traits.hpp
[13.765s] -- Symlinking: /home/tony/colcon_ws/install/mecharm_interfaces/include/mecharm_interfaces/msg/detail/mecharm_set_angles__type_support.hpp
[13.769s] -- Symlinking: /home/tony/colcon_ws/install/mecharm_interfaces/include/mecharm_interfaces/msg/detail/mecharm_set_coords__builder.hpp
[13.778s] -- Symlinking: /home/tony/colcon_ws/install/mecharm_interfaces/include/mecharm_interfaces/msg/detail/mecharm_set_coords__struct.hpp
[13.781s] -- Symlinking: /home/tony/colcon_ws/install/mecharm_interfaces/include/mecharm_interfaces/msg/detail/mecharm_set_coords__traits.hpp
[13.791s] -- Symlinking: /home/tony/colcon_ws/install/mecharm_interfaces/include/mecharm_interfaces/msg/detail/mecharm_set_coords__type_support.hpp
[13.795s] -- Symlinking: /home/tony/colcon_ws/install/mecharm_interfaces/include/mecharm_interfaces/msg/mecharm_angles.hpp
[13.805s] -- Symlinking: /home/tony/colcon_ws/install/mecharm_interfaces/include/mecharm_interfaces/msg/mecharm_coords.hpp
[13.808s] -- Symlinking: /home/tony/colcon_ws/install/mecharm_interfaces/include/mecharm_interfaces/msg/mecharm_gripper_status.hpp
[13.818s] -- Symlinking: /home/tony/colcon_ws/install/mecharm_interfaces/include/mecharm_interfaces/msg/mecharm_pump_status.hpp
[13.822s] -- Symlinking: /home/tony/colcon_ws/install/mecharm_interfaces/include/mecharm_interfaces/msg/mecharm_set_angles.hpp
[13.832s] -- Symlinking: /home/tony/colcon_ws/install/mecharm_interfaces/include/mecharm_interfaces/msg/mecharm_set_coords.hpp
[13.835s] -- Symlinking: /home/tony/colcon_ws/install/mecharm_interfaces/include/mecharm_interfaces/msg/rosidl_generator_cpp__visibility_control.hpp
[13.846s] -- Symlinking: /home/tony/colcon_ws/install/mecharm_interfaces/include/mecharm_interfaces/srv/detail/get_angles__builder.hpp
[13.849s] -- Symlinking: /home/tony/colcon_ws/install/mecharm_interfaces/include/mecharm_interfaces/srv/detail/get_angles__struct.hpp
[13.858s] -- Symlinking: /home/tony/colcon_ws/install/mecharm_interfaces/include/mecharm_interfaces/srv/detail/get_angles__traits.hpp
[13.864s] -- Symlinking: /home/tony/colcon_ws/install/mecharm_interfaces/include/mecharm_interfaces/srv/detail/get_angles__type_support.hpp
[13.873s] -- Symlinking: /home/tony/colcon_ws/install/mecharm_interfaces/include/mecharm_interfaces/srv/detail/get_coords__builder.hpp
[13.877s] -- Symlinking: /home/tony/colcon_ws/install/mecharm_interfaces/include/mecharm_interfaces/srv/detail/get_coords__struct.hpp
[13.887s] -- Symlinking: /home/tony/colcon_ws/install/mecharm_interfaces/include/mecharm_interfaces/srv/detail/get_coords__traits.hpp
[13.890s] -- Symlinking: /home/tony/colcon_ws/install/mecharm_interfaces/include/mecharm_interfaces/srv/detail/get_coords__type_support.hpp
[13.895s] -- Symlinking: /home/tony/colcon_ws/install/mecharm_interfaces/include/mecharm_interfaces/srv/detail/gripper_status__builder.hpp
[13.899s] -- Symlinking: /home/tony/colcon_ws/install/mecharm_interfaces/include/mecharm_interfaces/srv/detail/gripper_status__struct.hpp
[13.902s] -- Symlinking: /home/tony/colcon_ws/install/mecharm_interfaces/include/mecharm_interfaces/srv/detail/gripper_status__traits.hpp
[13.912s] -- Symlinking: /home/tony/colcon_ws/install/mecharm_interfaces/include/mecharm_interfaces/srv/detail/gripper_status__type_support.hpp
[13.915s] -- Symlinking: /home/tony/colcon_ws/install/mecharm_interfaces/include/mecharm_interfaces/srv/detail/pump_status__builder.hpp
[13.923s] -- Symlinking: /home/tony/colcon_ws/install/mecharm_interfaces/include/mecharm_interfaces/srv/detail/pump_status__struct.hpp
[13.927s] -- Symlinking: /home/tony/colcon_ws/install/mecharm_interfaces/include/mecharm_interfaces/srv/detail/pump_status__traits.hpp
[13.931s] -- Symlinking: /home/tony/colcon_ws/install/mecharm_interfaces/include/mecharm_interfaces/srv/detail/pump_status__type_support.hpp
[13.935s] -- Symlinking: /home/tony/colcon_ws/install/mecharm_interfaces/include/mecharm_interfaces/srv/detail/set_angles__builder.hpp
[13.938s] -- Symlinking: /home/tony/colcon_ws/install/mecharm_interfaces/include/mecharm_interfaces/srv/detail/set_angles__struct.hpp
[13.942s] -- Symlinking: /home/tony/colcon_ws/install/mecharm_interfaces/include/mecharm_interfaces/srv/detail/set_angles__traits.hpp
[13.945s] -- Symlinking: /home/tony/colcon_ws/install/mecharm_interfaces/include/mecharm_interfaces/srv/detail/set_angles__type_support.hpp
[13.949s] -- Symlinking: /home/tony/colcon_ws/install/mecharm_interfaces/include/mecharm_interfaces/srv/detail/set_coords__builder.hpp
[13.952s] -- Symlinking: /home/tony/colcon_ws/install/mecharm_interfaces/include/mecharm_interfaces/srv/detail/set_coords__struct.hpp
[13.955s] -- Symlinking: /home/tony/colcon_ws/install/mecharm_interfaces/include/mecharm_interfaces/srv/detail/set_coords__traits.hpp
[13.959s] -- Symlinking: /home/tony/colcon_ws/install/mecharm_interfaces/include/mecharm_interfaces/srv/detail/set_coords__type_support.hpp
[13.962s] -- Symlinking: /home/tony/colcon_ws/install/mecharm_interfaces/include/mecharm_interfaces/srv/get_angles.hpp
[13.965s] -- Symlinking: /home/tony/colcon_ws/install/mecharm_interfaces/include/mecharm_interfaces/srv/get_coords.hpp
[13.969s] -- Symlinking: /home/tony/colcon_ws/install/mecharm_interfaces/include/mecharm_interfaces/srv/gripper_status.hpp
[13.972s] -- Symlinking: /home/tony/colcon_ws/install/mecharm_interfaces/include/mecharm_interfaces/srv/pump_status.hpp
[13.975s] -- Symlinking: /home/tony/colcon_ws/install/mecharm_interfaces/include/mecharm_interfaces/srv/set_angles.hpp
[13.979s] -- Symlinking: /home/tony/colcon_ws/install/mecharm_interfaces/include/mecharm_interfaces/srv/set_coords.hpp
[13.982s] -- Symlinking: /home/tony/colcon_ws/install/mecharm_interfaces/include/mecharm_interfaces/msg/detail/mecharm_angles__rosidl_typesupport_introspection_cpp.hpp
[13.986s] -- Symlinking: /home/tony/colcon_ws/install/mecharm_interfaces/include/mecharm_interfaces/msg/detail/mecharm_coords__rosidl_typesupport_introspection_cpp.hpp
[13.989s] -- Symlinking: /home/tony/colcon_ws/install/mecharm_interfaces/include/mecharm_interfaces/msg/detail/mecharm_gripper_status__rosidl_typesupport_introspection_cpp.hpp
[13.992s] -- Symlinking: /home/tony/colcon_ws/install/mecharm_interfaces/include/mecharm_interfaces/msg/detail/mecharm_pump_status__rosidl_typesupport_introspection_cpp.hpp
[13.996s] -- Symlinking: /home/tony/colcon_ws/install/mecharm_interfaces/include/mecharm_interfaces/msg/detail/mecharm_set_angles__rosidl_typesupport_introspection_cpp.hpp
[13.999s] -- Symlinking: /home/tony/colcon_ws/install/mecharm_interfaces/include/mecharm_interfaces/msg/detail/mecharm_set_coords__rosidl_typesupport_introspection_cpp.hpp
[14.002s] -- Symlinking: /home/tony/colcon_ws/install/mecharm_interfaces/include/mecharm_interfaces/srv/detail/get_angles__rosidl_typesupport_introspection_cpp.hpp
[14.005s] -- Symlinking: /home/tony/colcon_ws/install/mecharm_interfaces/include/mecharm_interfaces/srv/detail/get_coords__rosidl_typesupport_introspection_cpp.hpp
[14.009s] -- Symlinking: /home/tony/colcon_ws/install/mecharm_interfaces/include/mecharm_interfaces/srv/detail/gripper_status__rosidl_typesupport_introspection_cpp.hpp
[14.012s] -- Symlinking: /home/tony/colcon_ws/install/mecharm_interfaces/include/mecharm_interfaces/srv/detail/pump_status__rosidl_typesupport_introspection_cpp.hpp
[14.016s] -- Symlinking: /home/tony/colcon_ws/install/mecharm_interfaces/include/mecharm_interfaces/srv/detail/set_angles__rosidl_typesupport_introspection_cpp.hpp
[14.019s] -- Symlinking: /home/tony/colcon_ws/install/mecharm_interfaces/include/mecharm_interfaces/srv/detail/set_coords__rosidl_typesupport_introspection_cpp.hpp
[14.022s] -- Symlinking: /home/tony/colcon_ws/install/mecharm_interfaces/share/mecharm_interfaces/environment/pythonpath.sh
[14.026s] -- Symlinking: /home/tony/colcon_ws/install/mecharm_interfaces/share/mecharm_interfaces/environment/pythonpath.dsv
[14.029s] -- Symlinking: /home/tony/colcon_ws/install/mecharm_interfaces/lib/python3.8/site-packages/mecharm_interfaces/__init__.py
[14.032s] -- Symlinking: /home/tony/colcon_ws/install/mecharm_interfaces/lib/python3.8/site-packages/mecharm_interfaces/msg/__init__.py
[14.036s] -- Symlinking: /home/tony/colcon_ws/install/mecharm_interfaces/lib/python3.8/site-packages/mecharm_interfaces/msg/_mecharm_angles.py
[14.039s] -- Symlinking: /home/tony/colcon_ws/install/mecharm_interfaces/lib/python3.8/site-packages/mecharm_interfaces/msg/_mecharm_coords.py
[14.043s] -- Symlinking: /home/tony/colcon_ws/install/mecharm_interfaces/lib/python3.8/site-packages/mecharm_interfaces/msg/_mecharm_gripper_status.py
[14.046s] -- Symlinking: /home/tony/colcon_ws/install/mecharm_interfaces/lib/python3.8/site-packages/mecharm_interfaces/msg/_mecharm_pump_status.py
[14.049s] -- Symlinking: /home/tony/colcon_ws/install/mecharm_interfaces/lib/python3.8/site-packages/mecharm_interfaces/msg/_mecharm_set_angles.py
[14.052s] -- Symlinking: /home/tony/colcon_ws/install/mecharm_interfaces/lib/python3.8/site-packages/mecharm_interfaces/msg/_mecharm_set_coords.py
[14.055s] -- Symlinking: /home/tony/colcon_ws/install/mecharm_interfaces/lib/python3.8/site-packages/mecharm_interfaces/srv/__init__.py
[14.058s] -- Symlinking: /home/tony/colcon_ws/install/mecharm_interfaces/lib/python3.8/site-packages/mecharm_interfaces/srv/_get_angles.py
[14.061s] -- Symlinking: /home/tony/colcon_ws/install/mecharm_interfaces/lib/python3.8/site-packages/mecharm_interfaces/srv/_get_coords.py
[14.067s] -- Symlinking: /home/tony/colcon_ws/install/mecharm_interfaces/lib/python3.8/site-packages/mecharm_interfaces/srv/_gripper_status.py
[14.070s] -- Symlinking: /home/tony/colcon_ws/install/mecharm_interfaces/lib/python3.8/site-packages/mecharm_interfaces/srv/_pump_status.py
[14.073s] -- Symlinking: /home/tony/colcon_ws/install/mecharm_interfaces/lib/python3.8/site-packages/mecharm_interfaces/srv/_set_angles.py
[14.077s] -- Symlinking: /home/tony/colcon_ws/install/mecharm_interfaces/lib/python3.8/site-packages/mecharm_interfaces/srv/_set_coords.py
[14.080s] -- Symlinking: /home/tony/colcon_ws/install/mecharm_interfaces/lib/python3.8/site-packages/mecharm_interfaces/mecharm_interfaces_s__rosidl_typesupport_fastrtps_c.cpython-38-aarch64-linux-gnu.so
[14.083s] -- Symlinking: /home/tony/colcon_ws/install/mecharm_interfaces/lib/python3.8/site-packages/mecharm_interfaces/mecharm_interfaces_s__rosidl_typesupport_introspection_c.cpython-38-aarch64-linux-gnu.so
[14.087s] -- Symlinking: /home/tony/colcon_ws/install/mecharm_interfaces/lib/python3.8/site-packages/mecharm_interfaces/mecharm_interfaces_s__rosidl_typesupport_c.cpython-38-aarch64-linux-gnu.so
[14.091s] -- Symlinking: /home/tony/colcon_ws/install/mecharm_interfaces/lib/libmecharm_interfaces__python.so
[14.094s] -- Symlinking: /home/tony/colcon_ws/install/mecharm_interfaces/share/mecharm_interfaces/msg/MecharmAngles.idl
[14.097s] -- Symlinking: /home/tony/colcon_ws/install/mecharm_interfaces/share/mecharm_interfaces/msg/MecharmCoords.idl
[14.100s] -- Symlinking: /home/tony/colcon_ws/install/mecharm_interfaces/share/mecharm_interfaces/msg/MecharmSetAngles.idl
[14.104s] -- Symlinking: /home/tony/colcon_ws/install/mecharm_interfaces/share/mecharm_interfaces/msg/MecharmSetCoords.idl
[14.107s] -- Symlinking: /home/tony/colcon_ws/install/mecharm_interfaces/share/mecharm_interfaces/msg/MecharmGripperStatus.idl
[14.110s] -- Symlinking: /home/tony/colcon_ws/install/mecharm_interfaces/share/mecharm_interfaces/msg/MecharmPumpStatus.idl
[14.113s] -- Symlinking: /home/tony/colcon_ws/install/mecharm_interfaces/share/mecharm_interfaces/srv/GetAngles.idl
[14.118s] -- Symlinking: /home/tony/colcon_ws/install/mecharm_interfaces/share/mecharm_interfaces/srv/SetAngles.idl
[14.121s] -- Symlinking: /home/tony/colcon_ws/install/mecharm_interfaces/share/mecharm_interfaces/srv/GetCoords.idl
[14.125s] -- Symlinking: /home/tony/colcon_ws/install/mecharm_interfaces/share/mecharm_interfaces/srv/SetCoords.idl
[14.128s] -- Symlinking: /home/tony/colcon_ws/install/mecharm_interfaces/share/mecharm_interfaces/srv/GripperStatus.idl
[14.131s] -- Symlinking: /home/tony/colcon_ws/install/mecharm_interfaces/share/mecharm_interfaces/srv/PumpStatus.idl
[14.134s] -- Symlinking: /home/tony/colcon_ws/install/mecharm_interfaces/share/mecharm_interfaces/msg/MecharmAngles.msg
[14.138s] -- Symlinking: /home/tony/colcon_ws/install/mecharm_interfaces/share/mecharm_interfaces/msg/MecharmCoords.msg
[14.142s] -- Symlinking: /home/tony/colcon_ws/install/mecharm_interfaces/share/mecharm_interfaces/msg/MecharmSetAngles.msg
[14.145s] -- Symlinking: /home/tony/colcon_ws/install/mecharm_interfaces/share/mecharm_interfaces/msg/MecharmSetCoords.msg
[14.148s] -- Symlinking: /home/tony/colcon_ws/install/mecharm_interfaces/share/mecharm_interfaces/msg/MecharmGripperStatus.msg
[14.151s] -- Symlinking: /home/tony/colcon_ws/install/mecharm_interfaces/share/mecharm_interfaces/msg/MecharmPumpStatus.msg
[14.154s] -- Symlinking: /home/tony/colcon_ws/install/mecharm_interfaces/share/mecharm_interfaces/srv/GetAngles.srv
[14.163s] -- Symlinking: /home/tony/colcon_ws/install/mecharm_interfaces/share/mecharm_interfaces/srv/GetAngles_Request.msg
[14.167s] -- Symlinking: /home/tony/colcon_ws/install/mecharm_interfaces/share/mecharm_interfaces/srv/GetAngles_Response.msg
[14.169s] -- Symlinking: /home/tony/colcon_ws/install/mecharm_interfaces/share/mecharm_interfaces/srv/SetAngles.srv
[14.174s] -- Symlinking: /home/tony/colcon_ws/install/mecharm_interfaces/share/mecharm_interfaces/srv/SetAngles_Request.msg
[14.178s] -- Symlinking: /home/tony/colcon_ws/install/mecharm_interfaces/share/mecharm_interfaces/srv/SetAngles_Response.msg
[14.186s] -- Symlinking: /home/tony/colcon_ws/install/mecharm_interfaces/share/mecharm_interfaces/srv/GetCoords.srv
[14.191s] -- Symlinking: /home/tony/colcon_ws/install/mecharm_interfaces/share/mecharm_interfaces/srv/GetCoords_Request.msg
[14.194s] -- Symlinking: /home/tony/colcon_ws/install/mecharm_interfaces/share/mecharm_interfaces/srv/GetCoords_Response.msg
[14.197s] -- Symlinking: /home/tony/colcon_ws/install/mecharm_interfaces/share/mecharm_interfaces/srv/SetCoords.srv
[14.200s] -- Symlinking: /home/tony/colcon_ws/install/mecharm_interfaces/share/mecharm_interfaces/srv/SetCoords_Request.msg
[14.203s] -- Symlinking: /home/tony/colcon_ws/install/mecharm_interfaces/share/mecharm_interfaces/srv/SetCoords_Response.msg
[14.206s] -- Symlinking: /home/tony/colcon_ws/install/mecharm_interfaces/share/mecharm_interfaces/srv/GripperStatus.srv
[14.209s] -- Symlinking: /home/tony/colcon_ws/install/mecharm_interfaces/share/mecharm_interfaces/srv/GripperStatus_Request.msg
[14.213s] -- Symlinking: /home/tony/colcon_ws/install/mecharm_interfaces/share/mecharm_interfaces/srv/GripperStatus_Response.msg
[14.217s] -- Symlinking: /home/tony/colcon_ws/install/mecharm_interfaces/share/mecharm_interfaces/srv/PumpStatus.srv
[14.220s] -- Symlinking: /home/tony/colcon_ws/install/mecharm_interfaces/share/mecharm_interfaces/srv/PumpStatus_Request.msg
[14.223s] -- Symlinking: /home/tony/colcon_ws/install/mecharm_interfaces/share/mecharm_interfaces/srv/PumpStatus_Response.msg
[14.226s] -- Symlinking: /home/tony/colcon_ws/install/mecharm_interfaces/share/ament_index/resource_index/package_run_dependencies/mecharm_interfaces
[14.229s] -- Symlinking: /home/tony/colcon_ws/install/mecharm_interfaces/share/ament_index/resource_index/parent_prefix_path/mecharm_interfaces
[14.232s] -- Symlinking: /home/tony/colcon_ws/install/mecharm_interfaces/share/mecharm_interfaces/environment/ament_prefix_path.sh
[14.235s] -- Symlinking: /home/tony/colcon_ws/install/mecharm_interfaces/share/mecharm_interfaces/environment/ament_prefix_path.dsv
[14.238s] -- Symlinking: /home/tony/colcon_ws/install/mecharm_interfaces/share/mecharm_interfaces/environment/path.sh
[14.241s] -- Symlinking: /home/tony/colcon_ws/install/mecharm_interfaces/share/mecharm_interfaces/environment/path.dsv
[14.244s] -- Symlinking: /home/tony/colcon_ws/install/mecharm_interfaces/share/mecharm_interfaces/local_setup.bash
[14.251s] -- Symlinking: /home/tony/colcon_ws/install/mecharm_interfaces/share/mecharm_interfaces/local_setup.sh
[14.255s] -- Symlinking: /home/tony/colcon_ws/install/mecharm_interfaces/share/mecharm_interfaces/local_setup.zsh
[14.258s] -- Symlinking: /home/tony/colcon_ws/install/mecharm_interfaces/share/mecharm_interfaces/local_setup.dsv
[14.261s] -- Symlinking: /home/tony/colcon_ws/install/mecharm_interfaces/share/mecharm_interfaces/package.dsv
[14.268s] -- Symlinking: /home/tony/colcon_ws/install/mecharm_interfaces/share/ament_index/resource_index/packages/mecharm_interfaces
[14.271s] -- Symlinking: /home/tony/colcon_ws/install/mecharm_interfaces/share/mecharm_interfaces/cmake/rosidl_cmake-extras.cmake
[14.278s] -- Symlinking: /home/tony/colcon_ws/install/mecharm_interfaces/share/mecharm_interfaces/cmake/ament_cmake_export_dependencies-extras.cmake
[14.281s] -- Symlinking: /home/tony/colcon_ws/install/mecharm_interfaces/share/mecharm_interfaces/cmake/ament_cmake_export_libraries-extras.cmake
[14.284s] -- Symlinking: /home/tony/colcon_ws/install/mecharm_interfaces/share/mecharm_interfaces/cmake/ament_cmake_export_targets-extras.cmake
[14.288s] -- Symlinking: /home/tony/colcon_ws/install/mecharm_interfaces/share/mecharm_interfaces/cmake/ament_cmake_export_include_directories-extras.cmake
[14.291s] -- Symlinking: /home/tony/colcon_ws/install/mecharm_interfaces/share/mecharm_interfaces/cmake/rosidl_cmake_export_typesupport_libraries-extras.cmake
[14.294s] -- Symlinking: /home/tony/colcon_ws/install/mecharm_interfaces/share/mecharm_interfaces/cmake/rosidl_cmake_export_typesupport_targets-extras.cmake
[14.298s] -- Symlinking: /home/tony/colcon_ws/install/mecharm_interfaces/share/mecharm_interfaces/cmake/mecharm_interfacesConfig.cmake
[14.301s] -- Symlinking: /home/tony/colcon_ws/install/mecharm_interfaces/share/mecharm_interfaces/cmake/mecharm_interfacesConfig-version.cmake
[14.306s] -- Symlinking: /home/tony/colcon_ws/install/mecharm_interfaces/share/mecharm_interfaces/package.xml
[14.309s] -- Installing: /home/tony/colcon_ws/install/mecharm_interfaces/lib/libmecharm_interfaces__rosidl_generator_c.so
[14.310s] -- Set runtime path of "/home/tony/colcon_ws/install/mecharm_interfaces/lib/libmecharm_interfaces__rosidl_generator_c.so" to ""
[14.310s] -- Installing: /home/tony/colcon_ws/install/mecharm_interfaces/lib/libmecharm_interfaces__rosidl_typesupport_introspection_c.so
[14.310s] -- Set runtime path of "/home/tony/colcon_ws/install/mecharm_interfaces/lib/libmecharm_interfaces__rosidl_typesupport_introspection_c.so" to ""
[14.310s] -- Installing: /home/tony/colcon_ws/install/mecharm_interfaces/lib/libmecharm_interfaces__rosidl_typesupport_c.so
[14.310s] -- Set runtime path of "/home/tony/colcon_ws/install/mecharm_interfaces/lib/libmecharm_interfaces__rosidl_typesupport_c.so" to ""
[14.310s] -- Installing: /home/tony/colcon_ws/install/mecharm_interfaces/lib/libmecharm_interfaces__rosidl_typesupport_introspection_cpp.so
[14.310s] -- Set runtime path of "/home/tony/colcon_ws/install/mecharm_interfaces/lib/libmecharm_interfaces__rosidl_typesupport_introspection_cpp.so" to ""
[14.310s] -- Installing: /home/tony/colcon_ws/install/mecharm_interfaces/lib/libmecharm_interfaces__rosidl_typesupport_cpp.so
[14.310s] -- Set runtime path of "/home/tony/colcon_ws/install/mecharm_interfaces/lib/libmecharm_interfaces__rosidl_typesupport_cpp.so" to ""
[14.323s] Compiling '/home/tony/colcon_ws/install/mecharm_interfaces/lib/python3.8/site-packages/mecharm_interfaces/__init__.py'...
[14.326s] -- Installing: /home/tony/colcon_ws/install/mecharm_interfaces/share/mecharm_interfaces/cmake/mecharm_interfaces__rosidl_generator_cExport.cmake
[14.326s] -- Installing: /home/tony/colcon_ws/install/mecharm_interfaces/share/mecharm_interfaces/cmake/mecharm_interfaces__rosidl_generator_cExport-noconfig.cmake
[14.326s] -- Installing: /home/tony/colcon_ws/install/mecharm_interfaces/share/mecharm_interfaces/cmake/mecharm_interfaces__rosidl_typesupport_introspection_cExport.cmake
[14.326s] -- Installing: /home/tony/colcon_ws/install/mecharm_interfaces/share/mecharm_interfaces/cmake/mecharm_interfaces__rosidl_typesupport_introspection_cExport-noconfig.cmake
[14.326s] -- Installing: /home/tony/colcon_ws/install/mecharm_interfaces/share/mecharm_interfaces/cmake/mecharm_interfaces__rosidl_typesupport_cExport.cmake
[14.326s] -- Installing: /home/tony/colcon_ws/install/mecharm_interfaces/share/mecharm_interfaces/cmake/mecharm_interfaces__rosidl_typesupport_cExport-noconfig.cmake
[14.326s] -- Installing: /home/tony/colcon_ws/install/mecharm_interfaces/share/mecharm_interfaces/cmake/mecharm_interfaces__rosidl_generator_cppExport.cmake
[14.326s] -- Installing: /home/tony/colcon_ws/install/mecharm_interfaces/share/mecharm_interfaces/cmake/mecharm_interfaces__rosidl_typesupport_introspection_cppExport.cmake
[14.326s] -- Installing: /home/tony/colcon_ws/install/mecharm_interfaces/share/mecharm_interfaces/cmake/mecharm_interfaces__rosidl_typesupport_introspection_cppExport-noconfig.cmake
[14.326s] -- Installing: /home/tony/colcon_ws/install/mecharm_interfaces/share/mecharm_interfaces/cmake/mecharm_interfaces__rosidl_typesupport_cppExport.cmake
[14.326s] -- Installing: /home/tony/colcon_ws/install/mecharm_interfaces/share/mecharm_interfaces/cmake/mecharm_interfaces__rosidl_typesupport_cppExport-noconfig.cmake
[14.335s] Invoked command in '/home/tony/colcon_ws/build/mecharm_interfaces' returned '0': CMAKE_PREFIX_PATH=/opt/ros/foxy /usr/bin/cmake --install /home/tony/colcon_ws/build/mecharm_interfaces
