[0.277s] Invoking command in '/home/tony/colcon_ws/build/mycobot_communication': AMENT_PREFIX_PATH=/home/tony/colcon_ws/install/mycobot_interfaces:${AMENT_PREFIX_PATH} CMAKE_PREFIX_PATH=/home/tony/colcon_ws/install/mycobot_interfaces LD_LIBRARY_PATH=/home/tony/colcon_ws/install/mycobot_interfaces/lib:${LD_LIBRARY_PATH} PYTHONPATH=/home/tony/colcon_ws/build/mycobot_communication/prefix_override:/usr/lib/python3/dist-packages/colcon_core/task/python/colcon_distutils_commands:/home/tony/colcon_ws/install/mycobot_communication/lib/python3.8/site-packages:/home/tony/colcon_ws/install/mycobot_interfaces/lib/python3.8/site-packages:${PYTHONPATH} /usr/bin/python3 -W ignore:setup.py install is deprecated -W ignore:easy_install command is deprecated setup.py develop --editable --build-directory /home/tony/colcon_ws/build/mycobot_communication/build --no-deps symlink_data
[0.380s] running develop
[0.419s] running egg_info
[0.419s] creating mycobot_communication.egg-info
[0.419s] writing mycobot_communication.egg-info/PKG-INFO
[0.419s] writing dependency_links to mycobot_communication.egg-info/dependency_links.txt
[0.419s] writing entry points to mycobot_communication.egg-info/entry_points.txt
[0.420s] writing requirements to mycobot_communication.egg-info/requires.txt
[0.420s] writing top-level names to mycobot_communication.egg-info/top_level.txt
[0.420s] writing manifest file 'mycobot_communication.egg-info/SOURCES.txt'
[0.433s] reading manifest file 'mycobot_communication.egg-info/SOURCES.txt'
[0.433s] writing manifest file 'mycobot_communication.egg-info/SOURCES.txt'
[0.448s] running build_ext
[0.448s] Creating /home/tony/colcon_ws/install/mycobot_communication/lib/python3.8/site-packages/site.py
[0.449s] Creating /home/tony/colcon_ws/install/mycobot_communication/lib/python3.8/site-packages/mycobot-communication.egg-link (link to .)
[0.449s] Installing mycobot_services script to /home/tony/colcon_ws/install/mycobot_communication/lib/mycobot_communication
[0.449s] Installing mycobot_topics script to /home/tony/colcon_ws/install/mycobot_communication/lib/mycobot_communication
[0.449s] Installing mycobot_topics_jsnn script to /home/tony/colcon_ws/install/mycobot_communication/lib/mycobot_communication
[0.449s] Installing mycobot_topics_pi script to /home/tony/colcon_ws/install/mycobot_communication/lib/mycobot_communication
[0.449s] Installing mycobot_topics_seeed script to /home/tony/colcon_ws/install/mycobot_communication/lib/mycobot_communication
[0.449s] 
[0.449s] Installed /home/tony/colcon_ws/build/mycobot_communication
[0.449s] running symlink_data
[0.449s] creating /home/tony/colcon_ws/install/mycobot_communication/share/ament_index
[0.449s] creating /home/tony/colcon_ws/install/mycobot_communication/share/ament_index/resource_index
[0.449s] creating /home/tony/colcon_ws/install/mycobot_communication/share/ament_index/resource_index/packages
[0.449s] symbolically linking /home/tony/colcon_ws/build/mycobot_communication/resource/mycobot_communication -> /home/tony/colcon_ws/install/mycobot_communication/share/ament_index/resource_index/packages
[0.449s] symbolically linking /home/tony/colcon_ws/build/mycobot_communication/package.xml -> /home/tony/colcon_ws/install/mycobot_communication/share/mycobot_communication
[0.449s] creating /home/tony/colcon_ws/install/mycobot_communication/share/mycobot_communication/launch
[0.449s] symbolically linking /home/tony/colcon_ws/build/mycobot_communication/launch/communication_topic_pi.launch.py -> /home/tony/colcon_ws/install/mycobot_communication/share/mycobot_communication/launch
[0.449s] symbolically linking /home/tony/colcon_ws/build/mycobot_communication/launch/communication_topic.launch.py -> /home/tony/colcon_ws/install/mycobot_communication/share/mycobot_communication/launch
[0.449s] symbolically linking /home/tony/colcon_ws/build/mycobot_communication/launch/communication_jsnn.launch.py -> /home/tony/colcon_ws/install/mycobot_communication/share/mycobot_communication/launch
[0.449s] symbolically linking /home/tony/colcon_ws/build/mycobot_communication/launch/communication_service.launch.py -> /home/tony/colcon_ws/install/mycobot_communication/share/mycobot_communication/launch
[0.449s] symbolically linking /home/tony/colcon_ws/build/mycobot_communication/launch/communication_seeed.launch.py -> /home/tony/colcon_ws/install/mycobot_communication/share/mycobot_communication/launch
[0.467s] Invoked command in '/home/tony/colcon_ws/build/mycobot_communication' returned '0': AMENT_PREFIX_PATH=/home/tony/colcon_ws/install/mycobot_interfaces:${AMENT_PREFIX_PATH} CMAKE_PREFIX_PATH=/home/tony/colcon_ws/install/mycobot_interfaces LD_LIBRARY_PATH=/home/tony/colcon_ws/install/mycobot_interfaces/lib:${LD_LIBRARY_PATH} PYTHONPATH=/home/tony/colcon_ws/build/mycobot_communication/prefix_override:/usr/lib/python3/dist-packages/colcon_core/task/python/colcon_distutils_commands:/home/tony/colcon_ws/install/mycobot_communication/lib/python3.8/site-packages:/home/tony/colcon_ws/install/mycobot_interfaces/lib/python3.8/site-packages:${PYTHONPATH} /usr/bin/python3 -W ignore:setup.py install is deprecated -W ignore:easy_install command is deprecated setup.py develop --editable --build-directory /home/tony/colcon_ws/build/mycobot_communication/build --no-deps symlink_data
