[0.000000] (-) TimerEvent: {}
[0.000309] (-) JobUnselected: {'identifier': 'mecharm'}
[0.000327] (-) JobUnselected: {'identifier': 'mecharm_communication'}
[0.000338] (-) JobUnselected: {'identifier': 'mecharm_pi'}
[0.000348] (-) JobUnselected: {'identifier': 'myarm_300'}
[0.000354] (-) JobUnselected: {'identifier': 'myarm_c650'}
[0.000363] (-) JobUnselected: {'identifier': 'myarm_m750'}
[0.000372] (-) JobUnselected: {'identifier': 'mybuddy'}
[0.000380] (-) JobUnselected: {'identifier': 'mycobot_280'}
[0.000388] (-) JobUnselected: {'identifier': 'mycobot_280_arduino'}
[0.000395] (-) JobUnselected: {'identifier': 'mycobot_280_moveit2_control'}
[0.000403] (-) JobUnselected: {'identifier': 'mycobot_280_rdkx5'}
[0.000409] (-) JobUnselected: {'identifier': 'mycobot_280_riscv'}
[0.000415] (-) JobUnselected: {'identifier': 'mycobot_280_x3pi'}
[0.000424] (-) JobUnselected: {'identifier': 'mycobot_280jn'}
[0.000430] (-) JobUnselected: {'identifier': 'mycobot_280pi'}
[0.000438] (-) JobUnselected: {'identifier': 'mycobot_320'}
[0.000447] (-) JobUnselected: {'identifier': 'mycobot_320_riscv'}
[0.000453] (-) JobUnselected: {'identifier': 'mycobot_320pi'}
[0.000461] (-) JobUnselected: {'identifier': 'mycobot_600'}
[0.000469] (-) JobUnselected: {'identifier': 'mycobot_630'}
[0.000475] (-) JobUnselected: {'identifier': 'mycobot_630_gazebo'}
[0.000483] (-) JobUnselected: {'identifier': 'mycobot_communication'}
[0.000491] (-) JobUnselected: {'identifier': 'mycobot_description'}
[0.000496] (-) JobUnselected: {'identifier': 'mycobot_pro_450'}
[0.000503] (-) JobUnselected: {'identifier': 'mypalletizer_260'}
[0.000511] (-) JobUnselected: {'identifier': 'mypalletizer_260_pi'}
[0.000517] (-) JobUnselected: {'identifier': 'mypalletizer_communication'}
[0.000523] (-) JobUnselected: {'identifier': 'pro450_moveit2_control'}
[0.000531] (-) JobUnselected: {'identifier': 'ultraarm'}
[0.000600] (-) EventReactorShutdown: {}
