[0.271s] Invoking command in '/home/tony/colcon_ws/src/mycobot_ros2/mycobot_630': AMENT_PREFIX_PATH=/home/tony/colcon_ws/install/mycobot_description:/home/tony/colcon_ws/install/mypalletizer_interfaces:/home/tony/colcon_ws/install/mycobot_pro450_interfaces:/home/tony/colcon_ws/install/mycobot_communication:/home/tony/colcon_ws/install/mecharm_communication:/home/tony/colcon_ws/install/mycobot_interfaces:/home/tony/colcon_ws/install/mycobot_280:/home/tony/colcon_ws/install/mybuddy:/home/tony/colcon_ws/install/myarm_300:/home/tony/colcon_ws/install/mecharm_pi:/home/tony/colcon_ws/install/mecharm:/home/tony/colcon_ws/install/mecharm_interfaces:/opt/ros/foxy PYTHONPATH=/home/tony/colcon_ws/build/mycobot_630/prefix_override:/usr/lib/python3/dist-packages/colcon_core/task/python/colcon_distutils_commands:/home/tony/colcon_ws/install/mycobot_630/lib/python3.8/site-packages:/home/tony/colcon_ws/build/mycobot_description:/home/tony/colcon_ws/install/mycobot_description/lib/python3.8/site-packages:/home/tony/colcon_ws/install/mypalletizer_interfaces/lib/python3.8/site-packages:/home/tony/colcon_ws/install/mycobot_pro450_interfaces/lib/python3.8/site-packages:/home/tony/colcon_ws/build/mycobot_communication:/home/tony/colcon_ws/install/mycobot_communication/lib/python3.8/site-packages:/home/tony/colcon_ws/build/mecharm_communication:/home/tony/colcon_ws/install/mecharm_communication/lib/python3.8/site-packages:/home/tony/colcon_ws/install/mycobot_interfaces/lib/python3.8/site-packages:/home/tony/colcon_ws/build/mycobot_280:/home/tony/colcon_ws/install/mycobot_280/lib/python3.8/site-packages:/home/tony/colcon_ws/build/mybuddy:/home/tony/colcon_ws/install/mybuddy/lib/python3.8/site-packages:/home/tony/colcon_ws/build/myarm_300:/home/tony/colcon_ws/install/myarm_300/lib/python3.8/site-packages:/home/tony/colcon_ws/build/mecharm_pi:/home/tony/colcon_ws/install/mecharm_pi/lib/python3.8/site-packages:/home/tony/colcon_ws/build/mecharm:/home/tony/colcon_ws/install/mecharm/lib/python3.8/site-packages:/home/tony/colcon_ws/install/mecharm_interfaces/lib/python3.8/site-packages:/opt/ros/foxy/lib/python3.8/site-packages /usr/bin/python3 -W ignore:setup.py install is deprecated -W ignore:easy_install command is deprecated setup.py egg_info --egg-base ../../../build/mycobot_630 build --build-base /home/tony/colcon_ws/build/mycobot_630/build install --record /home/tony/colcon_ws/build/mycobot_630/install.log --install-scripts $base/lib/mycobot_630 --single-version-externally-managed install_data
[0.353s] running egg_info
[0.353s] creating ../../../build/mycobot_630/mycobot_630.egg-info
[0.353s] writing ../../../build/mycobot_630/mycobot_630.egg-info/PKG-INFO
[0.353s] writing dependency_links to ../../../build/mycobot_630/mycobot_630.egg-info/dependency_links.txt
[0.353s] writing entry points to ../../../build/mycobot_630/mycobot_630.egg-info/entry_points.txt
[0.353s] writing requirements to ../../../build/mycobot_630/mycobot_630.egg-info/requires.txt
[0.353s] writing top-level names to ../../../build/mycobot_630/mycobot_630.egg-info/top_level.txt
[0.354s] writing manifest file '../../../build/mycobot_630/mycobot_630.egg-info/SOURCES.txt'
[0.367s] reading manifest file '../../../build/mycobot_630/mycobot_630.egg-info/SOURCES.txt'
[0.367s] writing manifest file '../../../build/mycobot_630/mycobot_630.egg-info/SOURCES.txt'
[0.367s] running build
[0.367s] running build_py
[0.368s] creating /home/tony/colcon_ws/build/mycobot_630/build
[0.368s] creating /home/tony/colcon_ws/build/mycobot_630/build/lib
[0.368s] creating /home/tony/colcon_ws/build/mycobot_630/build/lib/mycobot_630
[0.368s] copying mycobot_630/test.py -> /home/tony/colcon_ws/build/mycobot_630/build/lib/mycobot_630
[0.368s] copying mycobot_630/slider_control.py -> /home/tony/colcon_ws/build/mycobot_630/build/lib/mycobot_630
[0.368s] copying mycobot_630/__init__.py -> /home/tony/colcon_ws/build/mycobot_630/build/lib/mycobot_630
[0.368s] running install
[0.368s] running install_lib
[0.368s] creating /home/tony/colcon_ws/install/mycobot_630/lib/python3.8/site-packages/mycobot_630
[0.369s] copying /home/tony/colcon_ws/build/mycobot_630/build/lib/mycobot_630/test.py -> /home/tony/colcon_ws/install/mycobot_630/lib/python3.8/site-packages/mycobot_630
[0.369s] copying /home/tony/colcon_ws/build/mycobot_630/build/lib/mycobot_630/slider_control.py -> /home/tony/colcon_ws/install/mycobot_630/lib/python3.8/site-packages/mycobot_630
[0.369s] copying /home/tony/colcon_ws/build/mycobot_630/build/lib/mycobot_630/__init__.py -> /home/tony/colcon_ws/install/mycobot_630/lib/python3.8/site-packages/mycobot_630
[0.369s] byte-compiling /home/tony/colcon_ws/install/mycobot_630/lib/python3.8/site-packages/mycobot_630/test.py to test.cpython-38.pyc
[0.369s] byte-compiling /home/tony/colcon_ws/install/mycobot_630/lib/python3.8/site-packages/mycobot_630/slider_control.py to slider_control.cpython-38.pyc
[0.370s] byte-compiling /home/tony/colcon_ws/install/mycobot_630/lib/python3.8/site-packages/mycobot_630/__init__.py to __init__.cpython-38.pyc
[0.370s] running install_data
[0.370s] creating /home/tony/colcon_ws/install/mycobot_630/share/ament_index
[0.370s] creating /home/tony/colcon_ws/install/mycobot_630/share/ament_index/resource_index
[0.370s] creating /home/tony/colcon_ws/install/mycobot_630/share/ament_index/resource_index/packages
[0.370s] copying resource/mycobot_630 -> /home/tony/colcon_ws/install/mycobot_630/share/ament_index/resource_index/packages
[0.370s] copying package.xml -> /home/tony/colcon_ws/install/mycobot_630/share/mycobot_630
[0.370s] creating /home/tony/colcon_ws/install/mycobot_630/share/mycobot_630/launch
[0.370s] copying launch/test.launch.py -> /home/tony/colcon_ws/install/mycobot_630/share/mycobot_630/launch
[0.370s] copying launch/slider_control.launch.py -> /home/tony/colcon_ws/install/mycobot_630/share/mycobot_630/launch
[0.370s] creating /home/tony/colcon_ws/install/mycobot_630/share/mycobot_630/config
[0.370s] copying config/mycobot_630.rviz -> /home/tony/colcon_ws/install/mycobot_630/share/mycobot_630/config
[0.370s] running install_egg_info
[0.371s] Copying ../../../build/mycobot_630/mycobot_630.egg-info to /home/tony/colcon_ws/install/mycobot_630/lib/python3.8/site-packages/mycobot_630-0.0.0-py3.8.egg-info
[0.371s] running install_scripts
[0.378s] Installing slider_control script to /home/tony/colcon_ws/install/mycobot_630/lib/mycobot_630
[0.378s] writing list of installed files to '/home/tony/colcon_ws/build/mycobot_630/install.log'
[0.390s] Invoked command in '/home/tony/colcon_ws/src/mycobot_ros2/mycobot_630' returned '0': AMENT_PREFIX_PATH=/home/tony/colcon_ws/install/mycobot_description:/home/tony/colcon_ws/install/mypalletizer_interfaces:/home/tony/colcon_ws/install/mycobot_pro450_interfaces:/home/tony/colcon_ws/install/mycobot_communication:/home/tony/colcon_ws/install/mecharm_communication:/home/tony/colcon_ws/install/mycobot_interfaces:/home/tony/colcon_ws/install/mycobot_280:/home/tony/colcon_ws/install/mybuddy:/home/tony/colcon_ws/install/myarm_300:/home/tony/colcon_ws/install/mecharm_pi:/home/tony/colcon_ws/install/mecharm:/home/tony/colcon_ws/install/mecharm_interfaces:/opt/ros/foxy PYTHONPATH=/home/tony/colcon_ws/build/mycobot_630/prefix_override:/usr/lib/python3/dist-packages/colcon_core/task/python/colcon_distutils_commands:/home/tony/colcon_ws/install/mycobot_630/lib/python3.8/site-packages:/home/tony/colcon_ws/build/mycobot_description:/home/tony/colcon_ws/install/mycobot_description/lib/python3.8/site-packages:/home/tony/colcon_ws/install/mypalletizer_interfaces/lib/python3.8/site-packages:/home/tony/colcon_ws/install/mycobot_pro450_interfaces/lib/python3.8/site-packages:/home/tony/colcon_ws/build/mycobot_communication:/home/tony/colcon_ws/install/mycobot_communication/lib/python3.8/site-packages:/home/tony/colcon_ws/build/mecharm_communication:/home/tony/colcon_ws/install/mecharm_communication/lib/python3.8/site-packages:/home/tony/colcon_ws/install/mycobot_interfaces/lib/python3.8/site-packages:/home/tony/colcon_ws/build/mycobot_280:/home/tony/colcon_ws/install/mycobot_280/lib/python3.8/site-packages:/home/tony/colcon_ws/build/mybuddy:/home/tony/colcon_ws/install/mybuddy/lib/python3.8/site-packages:/home/tony/colcon_ws/build/myarm_300:/home/tony/colcon_ws/install/myarm_300/lib/python3.8/site-packages:/home/tony/colcon_ws/build/mecharm_pi:/home/tony/colcon_ws/install/mecharm_pi/lib/python3.8/site-packages:/home/tony/colcon_ws/build/mecharm:/home/tony/colcon_ws/install/mecharm/lib/python3.8/site-packages:/home/tony/colcon_ws/install/mecharm_interfaces/lib/python3.8/site-packages:/opt/ros/foxy/lib/python3.8/site-packages /usr/bin/python3 -W ignore:setup.py install is deprecated -W ignore:easy_install command is deprecated setup.py egg_info --egg-base ../../../build/mycobot_630 build --build-base /home/tony/colcon_ws/build/mycobot_630/build install --record /home/tony/colcon_ws/build/mycobot_630/install.log --install-scripts $base/lib/mycobot_630 --single-version-externally-managed install_data
