[0.027s] Invoking command in '/home/tony/colcon_ws/build/mypalletizer_interfaces': CMAKE_PREFIX_PATH=${CMAKE_PREFIX_PATH}:/home/tony/colcon_ws/install/mycobot_630:/home/tony/colcon_ws/install/mycobot_communication:/home/tony/colcon_ws/install/mecharm_communication:/home/tony/colcon_ws/install/mycobot_280:/home/tony/colcon_ws/install/mybuddy:/home/tony/colcon_ws/install/myarm_300:/home/tony/colcon_ws/install/mecharm_pi:/home/tony/colcon_ws/install/mecharm:/home/tony/colcon_ws/install/mycobot_description:/opt/ros/foxy /usr/bin/cmake /home/tony/colcon_ws/src/mycobot_ros2/mypalletizer_260/mypalletizer_interfaces -DCMAKE_BUILD_TYPE=Release -DCMAKE_INSTALL_PREFIX=/home/tony/colcon_ws/install/mypalletizer_interfaces
[0.037s] -- Found ament_cmake: 0.9.12 (/opt/ros/foxy/share/ament_cmake/cmake)
[0.056s] -- Found PythonInterp: /usr/bin/python3 (found suitable version "3.8.10", minimum required is "3") 
[0.056s] -- Using PYTHON_EXECUTABLE: /usr/bin/python3
[0.178s] -- Override CMake install command with custom implementation using symlinks instead of copying resources
[0.182s] -- Found rosidl_default_generators: 1.0.1 (/opt/ros/foxy/share/rosidl_default_generators/cmake)
[0.190s] -- Using all available rosidl_typesupport_c: rosidl_typesupport_fastrtps_c;rosidl_typesupport_introspection_c
[0.192s] -- Found rosidl_adapter: 1.3.1 (/opt/ros/foxy/share/rosidl_adapter/cmake)
[0.326s] -- Using all available rosidl_typesupport_cpp: rosidl_typesupport_fastrtps_cpp;rosidl_typesupport_introspection_cpp
[0.343s] -- Found rclpy: 1.0.13 (/opt/ros/foxy/share/rclpy/cmake)
[0.343s] -- Found std_msgs: 2.0.5 (/opt/ros/foxy/share/std_msgs/cmake)
[0.376s] -- Found PythonInterp: /usr/bin/python3 (found version "3.8.10") 
[0.536s] -- Found ament_cmake_ros: 0.9.2 (/opt/ros/foxy/share/ament_cmake_ros/cmake)
[0.681s] -- Using all available rosidl_typesupport_c: rosidl_typesupport_fastrtps_c;rosidl_typesupport_introspection_c
[0.734s] -- Using all available rosidl_typesupport_cpp: rosidl_typesupport_fastrtps_cpp;rosidl_typesupport_introspection_cpp
[0.773s] -- Found PythonInterp: /usr/bin/python3 (found suitable version "3.8.10", minimum required is "3.5") 
[0.773s] -- Found python_cmake_module: 0.8.1 (/opt/ros/foxy/share/python_cmake_module/cmake)
[0.810s] -- Using PYTHON_EXECUTABLE: /usr/bin/python3
[0.810s] -- Using PYTHON_INCLUDE_DIRS: /usr/include/python3.8
[0.810s] -- Using PYTHON_LIBRARIES: /usr/lib/aarch64-linux-gnu/libpython3.8.so
[0.836s] -- Found ament_lint_auto: 0.9.8 (/opt/ros/foxy/share/ament_lint_auto/cmake)
[0.848s] -- Added test 'copyright' to check source files copyright and LICENSE
[0.849s] -- Added test 'lint_cmake' to check CMake code style
[0.850s] -- Added test 'xmllint' to check XML markup files
[0.853s] -- Configuring done
[0.915s] -- Generating done
[0.923s] -- Build files have been written to: /home/tony/colcon_ws/build/mypalletizer_interfaces
[0.927s] Invoked command in '/home/tony/colcon_ws/build/mypalletizer_interfaces' returned '0': CMAKE_PREFIX_PATH=${CMAKE_PREFIX_PATH}:/home/tony/colcon_ws/install/mycobot_630:/home/tony/colcon_ws/install/mycobot_communication:/home/tony/colcon_ws/install/mecharm_communication:/home/tony/colcon_ws/install/mycobot_280:/home/tony/colcon_ws/install/mybuddy:/home/tony/colcon_ws/install/myarm_300:/home/tony/colcon_ws/install/mecharm_pi:/home/tony/colcon_ws/install/mecharm:/home/tony/colcon_ws/install/mycobot_description:/opt/ros/foxy /usr/bin/cmake /home/tony/colcon_ws/src/mycobot_ros2/mypalletizer_260/mypalletizer_interfaces -DCMAKE_BUILD_TYPE=Release -DCMAKE_INSTALL_PREFIX=/home/tony/colcon_ws/install/mypalletizer_interfaces
[0.927s] Invoking command in '/home/tony/colcon_ws/build/mypalletizer_interfaces': CMAKE_PREFIX_PATH=${CMAKE_PREFIX_PATH}:/home/tony/colcon_ws/install/mycobot_630:/home/tony/colcon_ws/install/mycobot_communication:/home/tony/colcon_ws/install/mecharm_communication:/home/tony/colcon_ws/install/mycobot_280:/home/tony/colcon_ws/install/mybuddy:/home/tony/colcon_ws/install/myarm_300:/home/tony/colcon_ws/install/mecharm_pi:/home/tony/colcon_ws/install/mecharm:/home/tony/colcon_ws/install/mycobot_description:/opt/ros/foxy /usr/bin/cmake --build /home/tony/colcon_ws/build/mypalletizer_interfaces -- -j2 -l2
[1.021s] [  0%] Built target mypalletizer_interfaces__cpp
[1.037s] [  1%] [32mBuilding C object CMakeFiles/mypalletizer_interfaces__rosidl_generator_c.dir/rosidl_generator_c/mypalletizer_interfaces/msg/detail/mypal_angles__functions.c.o[0m
[1.068s] [  1%] [32mBuilding CXX object CMakeFiles/mypalletizer_interfaces__rosidl_typesupport_introspection_cpp.dir/rosidl_typesupport_introspection_cpp/mypalletizer_interfaces/msg/detail/mypal_angles__type_support.cpp.o[0m
[1.142s] [  2%] [32mBuilding C object CMakeFiles/mypalletizer_interfaces__rosidl_generator_c.dir/rosidl_generator_c/mypalletizer_interfaces/msg/detail/mypal_coords__functions.c.o[0m
[1.274s] [  2%] [32mBuilding C object CMakeFiles/mypalletizer_interfaces__rosidl_generator_c.dir/rosidl_generator_c/mypalletizer_interfaces/msg/detail/mypal_set_angles__functions.c.o[0m
[1.297s] [  3%] [32mBuilding CXX object CMakeFiles/mypalletizer_interfaces__rosidl_typesupport_introspection_cpp.dir/rosidl_typesupport_introspection_cpp/mypalletizer_interfaces/msg/detail/mypal_coords__type_support.cpp.o[0m
[1.370s] [  4%] [32mBuilding C object CMakeFiles/mypalletizer_interfaces__rosidl_generator_c.dir/rosidl_generator_c/mypalletizer_interfaces/msg/detail/mypal_set_coords__functions.c.o[0m
[1.420s] [  5%] [32mBuilding C object CMakeFiles/mypalletizer_interfaces__rosidl_generator_c.dir/rosidl_generator_c/mypalletizer_interfaces/msg/detail/mypal_gripper_status__functions.c.o[0m
[1.429s] [  6%] [32mBuilding CXX object CMakeFiles/mypalletizer_interfaces__rosidl_typesupport_introspection_cpp.dir/rosidl_typesupport_introspection_cpp/mypalletizer_interfaces/msg/detail/mypal_set_angles__type_support.cpp.o[0m
[1.468s] [  7%] [32mBuilding C object CMakeFiles/mypalletizer_interfaces__rosidl_generator_c.dir/rosidl_generator_c/mypalletizer_interfaces/msg/detail/mypal_pump_status__functions.c.o[0m
[1.513s] [  8%] [32mBuilding C object CMakeFiles/mypalletizer_interfaces__rosidl_generator_c.dir/rosidl_generator_c/mypalletizer_interfaces/srv/detail/get_angles__functions.c.o[0m
[1.554s] [  9%] [32mBuilding CXX object CMakeFiles/mypalletizer_interfaces__rosidl_typesupport_introspection_cpp.dir/rosidl_typesupport_introspection_cpp/mypalletizer_interfaces/msg/detail/mypal_set_coords__type_support.cpp.o[0m
[1.589s] [ 10%] [32mBuilding C object CMakeFiles/mypalletizer_interfaces__rosidl_generator_c.dir/rosidl_generator_c/mypalletizer_interfaces/srv/detail/set_angles__functions.c.o[0m
[1.710s] [ 11%] [32mBuilding C object CMakeFiles/mypalletizer_interfaces__rosidl_generator_c.dir/rosidl_generator_c/mypalletizer_interfaces/srv/detail/get_coords__functions.c.o[0m
[1.719s] [ 12%] [32mBuilding CXX object CMakeFiles/mypalletizer_interfaces__rosidl_typesupport_introspection_cpp.dir/rosidl_typesupport_introspection_cpp/mypalletizer_interfaces/msg/detail/mypal_gripper_status__type_support.cpp.o[0m
[1.825s] [ 12%] [32mBuilding C object CMakeFiles/mypalletizer_interfaces__rosidl_generator_c.dir/rosidl_generator_c/mypalletizer_interfaces/srv/detail/set_coords__functions.c.o[0m
[1.942s] [ 13%] [32mBuilding CXX object CMakeFiles/mypalletizer_interfaces__rosidl_typesupport_introspection_cpp.dir/rosidl_typesupport_introspection_cpp/mypalletizer_interfaces/msg/detail/mypal_pump_status__type_support.cpp.o[0m
[1.976s] [ 14%] [32mBuilding C object CMakeFiles/mypalletizer_interfaces__rosidl_generator_c.dir/rosidl_generator_c/mypalletizer_interfaces/srv/detail/gripper_status__functions.c.o[0m
[2.104s] [ 15%] [32mBuilding C object CMakeFiles/mypalletizer_interfaces__rosidl_generator_c.dir/rosidl_generator_c/mypalletizer_interfaces/srv/detail/pump_status__functions.c.o[0m
[2.156s] [ 15%] [32mBuilding CXX object CMakeFiles/mypalletizer_interfaces__rosidl_typesupport_introspection_cpp.dir/rosidl_typesupport_introspection_cpp/mypalletizer_interfaces/srv/detail/get_angles__type_support.cpp.o[0m
[2.233s] [ 16%] [32m[1mLinking C shared library libmypalletizer_interfaces__rosidl_generator_c.so[0m
[2.264s] [ 17%] Built target mypalletizer_interfaces__rosidl_generator_c
[2.289s] [ 18%] [32mBuilding CXX object CMakeFiles/mypalletizer_interfaces__rosidl_typesupport_fastrtps_cpp.dir/rosidl_typesupport_fastrtps_cpp/mypalletizer_interfaces/msg/detail/dds_fastrtps/mypal_angles__type_support.cpp.o[0m
[2.332s] [ 19%] [32mBuilding CXX object CMakeFiles/mypalletizer_interfaces__rosidl_typesupport_introspection_cpp.dir/rosidl_typesupport_introspection_cpp/mypalletizer_interfaces/srv/detail/set_angles__type_support.cpp.o[0m
[2.556s] [ 20%] [32mBuilding CXX object CMakeFiles/mypalletizer_interfaces__rosidl_typesupport_fastrtps_cpp.dir/rosidl_typesupport_fastrtps_cpp/mypalletizer_interfaces/msg/detail/dds_fastrtps/mypal_coords__type_support.cpp.o[0m
[2.583s] [ 21%] [32mBuilding CXX object CMakeFiles/mypalletizer_interfaces__rosidl_typesupport_introspection_cpp.dir/rosidl_typesupport_introspection_cpp/mypalletizer_interfaces/srv/detail/get_coords__type_support.cpp.o[0m
[2.772s] [ 22%] [32mBuilding CXX object CMakeFiles/mypalletizer_interfaces__rosidl_typesupport_introspection_cpp.dir/rosidl_typesupport_introspection_cpp/mypalletizer_interfaces/srv/detail/set_coords__type_support.cpp.o[0m
[2.775s] [ 23%] [32mBuilding CXX object CMakeFiles/mypalletizer_interfaces__rosidl_typesupport_fastrtps_cpp.dir/rosidl_typesupport_fastrtps_cpp/mypalletizer_interfaces/msg/detail/dds_fastrtps/mypal_set_angles__type_support.cpp.o[0m
[2.957s] [ 24%] [32mBuilding CXX object CMakeFiles/mypalletizer_interfaces__rosidl_typesupport_introspection_cpp.dir/rosidl_typesupport_introspection_cpp/mypalletizer_interfaces/srv/detail/gripper_status__type_support.cpp.o[0m
[3.020s] [ 25%] [32mBuilding CXX object CMakeFiles/mypalletizer_interfaces__rosidl_typesupport_fastrtps_cpp.dir/rosidl_typesupport_fastrtps_cpp/mypalletizer_interfaces/msg/detail/dds_fastrtps/mypal_set_coords__type_support.cpp.o[0m
[3.083s] [ 26%] [32mBuilding CXX object CMakeFiles/mypalletizer_interfaces__rosidl_typesupport_introspection_cpp.dir/rosidl_typesupport_introspection_cpp/mypalletizer_interfaces/srv/detail/pump_status__type_support.cpp.o[0m
[3.234s] [ 27%] [32m[1mLinking CXX shared library libmypalletizer_interfaces__rosidl_typesupport_introspection_cpp.so[0m
[3.254s] [ 28%] [32mBuilding CXX object CMakeFiles/mypalletizer_interfaces__rosidl_typesupport_fastrtps_cpp.dir/rosidl_typesupport_fastrtps_cpp/mypalletizer_interfaces/msg/detail/dds_fastrtps/mypal_gripper_status__type_support.cpp.o[0m
[3.261s] [ 29%] Built target mypalletizer_interfaces__rosidl_typesupport_introspection_cpp
[3.273s] [ 30%] [32mBuilding CXX object CMakeFiles/mypalletizer_interfaces__rosidl_typesupport_cpp.dir/rosidl_typesupport_cpp/mypalletizer_interfaces/msg/mypal_angles__type_support.cpp.o[0m
[3.452s] [ 30%] [32mBuilding CXX object CMakeFiles/mypalletizer_interfaces__rosidl_typesupport_fastrtps_cpp.dir/rosidl_typesupport_fastrtps_cpp/mypalletizer_interfaces/msg/detail/dds_fastrtps/mypal_pump_status__type_support.cpp.o[0m
[3.469s] [ 31%] [32mBuilding CXX object CMakeFiles/mypalletizer_interfaces__rosidl_typesupport_cpp.dir/rosidl_typesupport_cpp/mypalletizer_interfaces/msg/mypal_coords__type_support.cpp.o[0m
[3.615s] [ 32%] [32mBuilding CXX object CMakeFiles/mypalletizer_interfaces__rosidl_typesupport_cpp.dir/rosidl_typesupport_cpp/mypalletizer_interfaces/msg/mypal_set_angles__type_support.cpp.o[0m
[3.734s] [ 33%] [32mBuilding CXX object CMakeFiles/mypalletizer_interfaces__rosidl_typesupport_fastrtps_cpp.dir/rosidl_typesupport_fastrtps_cpp/mypalletizer_interfaces/srv/detail/dds_fastrtps/get_angles__type_support.cpp.o[0m
[3.739s] [ 34%] [32mBuilding CXX object CMakeFiles/mypalletizer_interfaces__rosidl_typesupport_cpp.dir/rosidl_typesupport_cpp/mypalletizer_interfaces/msg/mypal_set_coords__type_support.cpp.o[0m
[3.858s] [ 34%] [32mBuilding CXX object CMakeFiles/mypalletizer_interfaces__rosidl_typesupport_cpp.dir/rosidl_typesupport_cpp/mypalletizer_interfaces/msg/mypal_gripper_status__type_support.cpp.o[0m
[4.017s] [ 35%] [32mBuilding CXX object CMakeFiles/mypalletizer_interfaces__rosidl_typesupport_fastrtps_cpp.dir/rosidl_typesupport_fastrtps_cpp/mypalletizer_interfaces/srv/detail/dds_fastrtps/set_angles__type_support.cpp.o[0m
[4.041s] [ 36%] [32mBuilding CXX object CMakeFiles/mypalletizer_interfaces__rosidl_typesupport_cpp.dir/rosidl_typesupport_cpp/mypalletizer_interfaces/msg/mypal_pump_status__type_support.cpp.o[0m
[4.227s] [ 37%] [32mBuilding CXX object CMakeFiles/mypalletizer_interfaces__rosidl_typesupport_cpp.dir/rosidl_typesupport_cpp/mypalletizer_interfaces/srv/get_angles__type_support.cpp.o[0m
[4.231s] [ 38%] [32mBuilding CXX object CMakeFiles/mypalletizer_interfaces__rosidl_typesupport_fastrtps_cpp.dir/rosidl_typesupport_fastrtps_cpp/mypalletizer_interfaces/srv/detail/dds_fastrtps/get_coords__type_support.cpp.o[0m
[4.353s] [ 39%] [32mBuilding CXX object CMakeFiles/mypalletizer_interfaces__rosidl_typesupport_cpp.dir/rosidl_typesupport_cpp/mypalletizer_interfaces/srv/set_angles__type_support.cpp.o[0m
[4.435s] [ 40%] [32mBuilding CXX object CMakeFiles/mypalletizer_interfaces__rosidl_typesupport_fastrtps_cpp.dir/rosidl_typesupport_fastrtps_cpp/mypalletizer_interfaces/srv/detail/dds_fastrtps/set_coords__type_support.cpp.o[0m
[4.497s] [ 41%] [32mBuilding CXX object CMakeFiles/mypalletizer_interfaces__rosidl_typesupport_cpp.dir/rosidl_typesupport_cpp/mypalletizer_interfaces/srv/get_coords__type_support.cpp.o[0m
[4.619s] [ 42%] [32mBuilding CXX object CMakeFiles/mypalletizer_interfaces__rosidl_typesupport_fastrtps_cpp.dir/rosidl_typesupport_fastrtps_cpp/mypalletizer_interfaces/srv/detail/dds_fastrtps/gripper_status__type_support.cpp.o[0m
[4.633s] [ 43%] [32mBuilding CXX object CMakeFiles/mypalletizer_interfaces__rosidl_typesupport_cpp.dir/rosidl_typesupport_cpp/mypalletizer_interfaces/srv/set_coords__type_support.cpp.o[0m
[4.794s] [ 43%] [32mBuilding CXX object CMakeFiles/mypalletizer_interfaces__rosidl_typesupport_cpp.dir/rosidl_typesupport_cpp/mypalletizer_interfaces/srv/gripper_status__type_support.cpp.o[0m
[4.804s] [ 43%] [32mBuilding CXX object CMakeFiles/mypalletizer_interfaces__rosidl_typesupport_fastrtps_cpp.dir/rosidl_typesupport_fastrtps_cpp/mypalletizer_interfaces/srv/detail/dds_fastrtps/pump_status__type_support.cpp.o[0m
[4.922s] [ 44%] [32mBuilding CXX object CMakeFiles/mypalletizer_interfaces__rosidl_typesupport_cpp.dir/rosidl_typesupport_cpp/mypalletizer_interfaces/srv/pump_status__type_support.cpp.o[0m
[5.066s] [ 45%] [32m[1mLinking CXX shared library libmypalletizer_interfaces__rosidl_typesupport_cpp.so[0m
[5.070s] [ 46%] [32m[1mLinking CXX shared library libmypalletizer_interfaces__rosidl_typesupport_fastrtps_cpp.so[0m
[5.103s] [ 47%] Built target mypalletizer_interfaces__rosidl_typesupport_cpp
[5.125s] [ 47%] Built target mypalletizer_interfaces__rosidl_typesupport_fastrtps_cpp
[5.129s] [ 48%] [32mBuilding C object CMakeFiles/mypalletizer_interfaces__rosidl_typesupport_introspection_c.dir/rosidl_typesupport_introspection_c/mypalletizer_interfaces/msg/detail/mypal_angles__type_support.c.o[0m
[5.139s] [ 49%] [32mBuilding CXX object CMakeFiles/mypalletizer_interfaces__rosidl_typesupport_c.dir/rosidl_typesupport_c/mypalletizer_interfaces/msg/mypal_angles__type_support.cpp.o[0m
[5.155s] [ 50%] [32mBuilding C object CMakeFiles/mypalletizer_interfaces__rosidl_typesupport_introspection_c.dir/rosidl_typesupport_introspection_c/mypalletizer_interfaces/msg/detail/mypal_coords__type_support.c.o[0m
[5.159s] [ 50%] [32mBuilding CXX object CMakeFiles/mypalletizer_interfaces__rosidl_typesupport_c.dir/rosidl_typesupport_c/mypalletizer_interfaces/msg/mypal_coords__type_support.cpp.o[0m
[5.181s] [ 51%] [32mBuilding CXX object CMakeFiles/mypalletizer_interfaces__rosidl_typesupport_c.dir/rosidl_typesupport_c/mypalletizer_interfaces/msg/mypal_set_angles__type_support.cpp.o[0m
[5.184s] [ 52%] [32mBuilding C object CMakeFiles/mypalletizer_interfaces__rosidl_typesupport_introspection_c.dir/rosidl_typesupport_introspection_c/mypalletizer_interfaces/msg/detail/mypal_set_angles__type_support.c.o[0m
[5.207s] [ 53%] [32mBuilding CXX object CMakeFiles/mypalletizer_interfaces__rosidl_typesupport_c.dir/rosidl_typesupport_c/mypalletizer_interfaces/msg/mypal_set_coords__type_support.cpp.o[0m
[5.213s] [ 53%] [32mBuilding C object CMakeFiles/mypalletizer_interfaces__rosidl_typesupport_introspection_c.dir/rosidl_typesupport_introspection_c/mypalletizer_interfaces/msg/detail/mypal_set_coords__type_support.c.o[0m
[5.236s] [ 54%] [32mBuilding CXX object CMakeFiles/mypalletizer_interfaces__rosidl_typesupport_c.dir/rosidl_typesupport_c/mypalletizer_interfaces/msg/mypal_gripper_status__type_support.cpp.o[0m
[5.239s] [ 55%] [32mBuilding C object CMakeFiles/mypalletizer_interfaces__rosidl_typesupport_introspection_c.dir/rosidl_typesupport_introspection_c/mypalletizer_interfaces/msg/detail/mypal_gripper_status__type_support.c.o[0m
[5.271s] [ 56%] [32mBuilding CXX object CMakeFiles/mypalletizer_interfaces__rosidl_typesupport_c.dir/rosidl_typesupport_c/mypalletizer_interfaces/msg/mypal_pump_status__type_support.cpp.o[0m
[5.278s] [ 57%] [32mBuilding C object CMakeFiles/mypalletizer_interfaces__rosidl_typesupport_introspection_c.dir/rosidl_typesupport_introspection_c/mypalletizer_interfaces/msg/detail/mypal_pump_status__type_support.c.o[0m
[5.288s] [ 58%] [32mBuilding CXX object CMakeFiles/mypalletizer_interfaces__rosidl_typesupport_c.dir/rosidl_typesupport_c/mypalletizer_interfaces/srv/get_angles__type_support.cpp.o[0m
[5.306s] [ 59%] [32mBuilding C object CMakeFiles/mypalletizer_interfaces__rosidl_typesupport_introspection_c.dir/rosidl_typesupport_introspection_c/mypalletizer_interfaces/srv/detail/get_angles__type_support.c.o[0m
[5.318s] [ 59%] [32mBuilding CXX object CMakeFiles/mypalletizer_interfaces__rosidl_typesupport_c.dir/rosidl_typesupport_c/mypalletizer_interfaces/srv/set_angles__type_support.cpp.o[0m
[5.339s] [ 60%] [32mBuilding C object CMakeFiles/mypalletizer_interfaces__rosidl_typesupport_introspection_c.dir/rosidl_typesupport_introspection_c/mypalletizer_interfaces/srv/detail/set_angles__type_support.c.o[0m
[5.347s] [ 61%] [32mBuilding CXX object CMakeFiles/mypalletizer_interfaces__rosidl_typesupport_c.dir/rosidl_typesupport_c/mypalletizer_interfaces/srv/get_coords__type_support.cpp.o[0m
[5.368s] [ 62%] [32mBuilding CXX object CMakeFiles/mypalletizer_interfaces__rosidl_typesupport_c.dir/rosidl_typesupport_c/mypalletizer_interfaces/srv/set_coords__type_support.cpp.o[0m
[5.372s] [ 63%] [32mBuilding C object CMakeFiles/mypalletizer_interfaces__rosidl_typesupport_introspection_c.dir/rosidl_typesupport_introspection_c/mypalletizer_interfaces/srv/detail/get_coords__type_support.c.o[0m
[5.389s] [ 64%] [32mBuilding CXX object CMakeFiles/mypalletizer_interfaces__rosidl_typesupport_c.dir/rosidl_typesupport_c/mypalletizer_interfaces/srv/gripper_status__type_support.cpp.o[0m
[5.418s] [ 65%] [32mBuilding C object CMakeFiles/mypalletizer_interfaces__rosidl_typesupport_introspection_c.dir/rosidl_typesupport_introspection_c/mypalletizer_interfaces/srv/detail/set_coords__type_support.c.o[0m
[5.438s] [ 66%] [32mBuilding CXX object CMakeFiles/mypalletizer_interfaces__rosidl_typesupport_c.dir/rosidl_typesupport_c/mypalletizer_interfaces/srv/pump_status__type_support.cpp.o[0m
[5.445s] [ 66%] [32mBuilding C object CMakeFiles/mypalletizer_interfaces__rosidl_typesupport_introspection_c.dir/rosidl_typesupport_introspection_c/mypalletizer_interfaces/srv/detail/gripper_status__type_support.c.o[0m
[5.462s] [ 67%] [32m[1mLinking CXX shared library libmypalletizer_interfaces__rosidl_typesupport_c.so[0m
[5.495s] [ 68%] Built target mypalletizer_interfaces__rosidl_typesupport_c
[5.499s] [ 69%] [32mBuilding C object CMakeFiles/mypalletizer_interfaces__rosidl_typesupport_introspection_c.dir/rosidl_typesupport_introspection_c/mypalletizer_interfaces/srv/detail/pump_status__type_support.c.o[0m
[5.520s] [ 70%] [32m[1mLinking C shared library libmypalletizer_interfaces__rosidl_typesupport_introspection_c.so[0m
[5.531s] [ 71%] [32mBuilding CXX object CMakeFiles/mypalletizer_interfaces__rosidl_typesupport_fastrtps_c.dir/rosidl_typesupport_fastrtps_c/mypalletizer_interfaces/msg/detail/mypal_angles__type_support_c.cpp.o[0m
[5.549s] [ 72%] Built target mypalletizer_interfaces__rosidl_typesupport_introspection_c
[5.559s] [ 73%] [32mBuilding CXX object CMakeFiles/mypalletizer_interfaces__rosidl_typesupport_fastrtps_c.dir/rosidl_typesupport_fastrtps_c/mypalletizer_interfaces/msg/detail/mypal_coords__type_support_c.cpp.o[0m
[5.762s] [ 73%] [32mBuilding CXX object CMakeFiles/mypalletizer_interfaces__rosidl_typesupport_fastrtps_c.dir/rosidl_typesupport_fastrtps_c/mypalletizer_interfaces/msg/detail/mypal_set_angles__type_support_c.cpp.o[0m
[5.778s] [ 74%] [32mBuilding CXX object CMakeFiles/mypalletizer_interfaces__rosidl_typesupport_fastrtps_c.dir/rosidl_typesupport_fastrtps_c/mypalletizer_interfaces/msg/detail/mypal_set_coords__type_support_c.cpp.o[0m
[5.964s] [ 75%] [32mBuilding CXX object CMakeFiles/mypalletizer_interfaces__rosidl_typesupport_fastrtps_c.dir/rosidl_typesupport_fastrtps_c/mypalletizer_interfaces/msg/detail/mypal_gripper_status__type_support_c.cpp.o[0m
[6.031s] [ 76%] [32mBuilding CXX object CMakeFiles/mypalletizer_interfaces__rosidl_typesupport_fastrtps_c.dir/rosidl_typesupport_fastrtps_c/mypalletizer_interfaces/msg/detail/mypal_pump_status__type_support_c.cpp.o[0m
[6.207s] [ 77%] [32mBuilding CXX object CMakeFiles/mypalletizer_interfaces__rosidl_typesupport_fastrtps_c.dir/rosidl_typesupport_fastrtps_c/mypalletizer_interfaces/srv/detail/get_angles__type_support_c.cpp.o[0m
[6.258s] [ 78%] [32mBuilding CXX object CMakeFiles/mypalletizer_interfaces__rosidl_typesupport_fastrtps_c.dir/rosidl_typesupport_fastrtps_c/mypalletizer_interfaces/srv/detail/set_angles__type_support_c.cpp.o[0m
[6.470s] [ 78%] [32mBuilding CXX object CMakeFiles/mypalletizer_interfaces__rosidl_typesupport_fastrtps_c.dir/rosidl_typesupport_fastrtps_c/mypalletizer_interfaces/srv/detail/get_coords__type_support_c.cpp.o[0m
[6.485s] [ 79%] [32mBuilding CXX object CMakeFiles/mypalletizer_interfaces__rosidl_typesupport_fastrtps_c.dir/rosidl_typesupport_fastrtps_c/mypalletizer_interfaces/srv/detail/set_coords__type_support_c.cpp.o[0m
[6.675s] [ 80%] [32mBuilding CXX object CMakeFiles/mypalletizer_interfaces__rosidl_typesupport_fastrtps_c.dir/rosidl_typesupport_fastrtps_c/mypalletizer_interfaces/srv/detail/gripper_status__type_support_c.cpp.o[0m
[6.684s] [ 81%] [32mBuilding CXX object CMakeFiles/mypalletizer_interfaces__rosidl_typesupport_fastrtps_c.dir/rosidl_typesupport_fastrtps_c/mypalletizer_interfaces/srv/detail/pump_status__type_support_c.cpp.o[0m
[6.884s] [ 82%] [32m[1mLinking CXX shared library libmypalletizer_interfaces__rosidl_typesupport_fastrtps_c.so[0m
[6.962s] [ 83%] Built target mypalletizer_interfaces__rosidl_typesupport_fastrtps_c
[6.992s] [ 83%] Built target mypalletizer_interfaces
[7.043s] [ 84%] Built target mypalletizer_interfaces__py
[7.087s] [ 85%] [32mBuilding C object CMakeFiles/mypalletizer_interfaces__python.dir/rosidl_generator_py/mypalletizer_interfaces/msg/_mypal_angles_s.c.o[0m
[7.090s] [ 86%] [32mBuilding C object CMakeFiles/mypalletizer_interfaces__python.dir/rosidl_generator_py/mypalletizer_interfaces/msg/_mypal_coords_s.c.o[0m
[7.173s] [ 87%] [32mBuilding C object CMakeFiles/mypalletizer_interfaces__python.dir/rosidl_generator_py/mypalletizer_interfaces/msg/_mypal_set_angles_s.c.o[0m
[7.213s] [ 88%] [32mBuilding C object CMakeFiles/mypalletizer_interfaces__python.dir/rosidl_generator_py/mypalletizer_interfaces/msg/_mypal_set_coords_s.c.o[0m
[7.273s] [ 88%] [32mBuilding C object CMakeFiles/mypalletizer_interfaces__python.dir/rosidl_generator_py/mypalletizer_interfaces/msg/_mypal_gripper_status_s.c.o[0m
[7.309s] [ 89%] [32mBuilding C object CMakeFiles/mypalletizer_interfaces__python.dir/rosidl_generator_py/mypalletizer_interfaces/msg/_mypal_pump_status_s.c.o[0m
[7.326s] [ 90%] [32mBuilding C object CMakeFiles/mypalletizer_interfaces__python.dir/rosidl_generator_py/mypalletizer_interfaces/srv/_get_angles_s.c.o[0m
[7.435s] [ 91%] [32mBuilding C object CMakeFiles/mypalletizer_interfaces__python.dir/rosidl_generator_py/mypalletizer_interfaces/srv/_set_angles_s.c.o[0m
[7.442s] [ 92%] [32mBuilding C object CMakeFiles/mypalletizer_interfaces__python.dir/rosidl_generator_py/mypalletizer_interfaces/srv/_get_coords_s.c.o[0m
[7.560s] [ 93%] [32mBuilding C object CMakeFiles/mypalletizer_interfaces__python.dir/rosidl_generator_py/mypalletizer_interfaces/srv/_set_coords_s.c.o[0m
[7.564s] [ 93%] [32mBuilding C object CMakeFiles/mypalletizer_interfaces__python.dir/rosidl_generator_py/mypalletizer_interfaces/srv/_gripper_status_s.c.o[0m
[7.723s] [ 94%] [32mBuilding C object CMakeFiles/mypalletizer_interfaces__python.dir/rosidl_generator_py/mypalletizer_interfaces/srv/_pump_status_s.c.o[0m
[7.820s] [ 95%] [32m[1mLinking C shared library rosidl_generator_py/mypalletizer_interfaces/libmypalletizer_interfaces__python.so[0m
[7.850s] [ 95%] Built target mypalletizer_interfaces__python
[7.889s] [ 96%] [32mBuilding C object CMakeFiles/mypalletizer_interfaces__rosidl_typesupport_fastrtps_c__pyext.dir/rosidl_generator_py/mypalletizer_interfaces/_mypalletizer_interfaces_s.ep.rosidl_typesupport_fastrtps_c.c.o[0m
[7.912s] [ 96%] [32mBuilding C object CMakeFiles/mypalletizer_interfaces__rosidl_typesupport_c__pyext.dir/rosidl_generator_py/mypalletizer_interfaces/_mypalletizer_interfaces_s.ep.rosidl_typesupport_c.c.o[0m
[8.139s] [ 97%] [32m[1mLinking C shared library rosidl_generator_py/mypalletizer_interfaces/mypalletizer_interfaces_s__rosidl_typesupport_c.cpython-38-aarch64-linux-gnu.so[0m
[8.221s] [ 97%] Built target mypalletizer_interfaces__rosidl_typesupport_c__pyext
[8.282s] [ 98%] [32mBuilding C object CMakeFiles/mypalletizer_interfaces__rosidl_typesupport_introspection_c__pyext.dir/rosidl_generator_py/mypalletizer_interfaces/_mypalletizer_interfaces_s.ep.rosidl_typesupport_introspection_c.c.o[0m
[8.302s] [ 99%] [32m[1mLinking CXX shared library rosidl_generator_py/mypalletizer_interfaces/mypalletizer_interfaces_s__rosidl_typesupport_fastrtps_c.cpython-38-aarch64-linux-gnu.so[0m
[8.407s] [ 99%] Built target mypalletizer_interfaces__rosidl_typesupport_fastrtps_c__pyext
[8.499s] [100%] [32m[1mLinking C shared library rosidl_generator_py/mypalletizer_interfaces/mypalletizer_interfaces_s__rosidl_typesupport_introspection_c.cpython-38-aarch64-linux-gnu.so[0m
[8.517s] [100%] Built target mypalletizer_interfaces__rosidl_typesupport_introspection_c__pyext
[8.524s] Invoked command in '/home/tony/colcon_ws/build/mypalletizer_interfaces' returned '0': CMAKE_PREFIX_PATH=${CMAKE_PREFIX_PATH}:/home/tony/colcon_ws/install/mycobot_630:/home/tony/colcon_ws/install/mycobot_communication:/home/tony/colcon_ws/install/mecharm_communication:/home/tony/colcon_ws/install/mycobot_280:/home/tony/colcon_ws/install/mybuddy:/home/tony/colcon_ws/install/myarm_300:/home/tony/colcon_ws/install/mecharm_pi:/home/tony/colcon_ws/install/mecharm:/home/tony/colcon_ws/install/mycobot_description:/opt/ros/foxy /usr/bin/cmake --build /home/tony/colcon_ws/build/mypalletizer_interfaces -- -j2 -l2
[8.524s] Invoking command in '/home/tony/colcon_ws/build/mypalletizer_interfaces': CMAKE_PREFIX_PATH=${CMAKE_PREFIX_PATH}:/home/tony/colcon_ws/install/mycobot_630:/home/tony/colcon_ws/install/mycobot_communication:/home/tony/colcon_ws/install/mecharm_communication:/home/tony/colcon_ws/install/mycobot_280:/home/tony/colcon_ws/install/mybuddy:/home/tony/colcon_ws/install/myarm_300:/home/tony/colcon_ws/install/mecharm_pi:/home/tony/colcon_ws/install/mecharm:/home/tony/colcon_ws/install/mycobot_description:/opt/ros/foxy /usr/bin/cmake --install /home/tony/colcon_ws/build/mypalletizer_interfaces
[8.529s] -- Install configuration: "Release"
[8.529s] -- Execute custom install script
[8.533s] -- Up-to-date symlink: /home/tony/colcon_ws/install/mypalletizer_interfaces/share/ament_index/resource_index/rosidl_interfaces/mypalletizer_interfaces
[8.534s] -- Up-to-date symlink: /home/tony/colcon_ws/install/mypalletizer_interfaces/include/mypalletizer_interfaces/msg/detail/mypal_angles__functions.h
[8.534s] -- Up-to-date symlink: /home/tony/colcon_ws/install/mypalletizer_interfaces/include/mypalletizer_interfaces/msg/detail/mypal_angles__struct.h
[8.534s] -- Up-to-date symlink: /home/tony/colcon_ws/install/mypalletizer_interfaces/include/mypalletizer_interfaces/msg/detail/mypal_angles__type_support.h
[8.535s] -- Up-to-date symlink: /home/tony/colcon_ws/install/mypalletizer_interfaces/include/mypalletizer_interfaces/msg/detail/mypal_coords__functions.h
[8.535s] -- Up-to-date symlink: /home/tony/colcon_ws/install/mypalletizer_interfaces/include/mypalletizer_interfaces/msg/detail/mypal_coords__struct.h
[8.535s] -- Up-to-date symlink: /home/tony/colcon_ws/install/mypalletizer_interfaces/include/mypalletizer_interfaces/msg/detail/mypal_coords__type_support.h
[8.535s] -- Up-to-date symlink: /home/tony/colcon_ws/install/mypalletizer_interfaces/include/mypalletizer_interfaces/msg/detail/mypal_gripper_status__functions.h
[8.535s] -- Up-to-date symlink: /home/tony/colcon_ws/install/mypalletizer_interfaces/include/mypalletizer_interfaces/msg/detail/mypal_gripper_status__struct.h
[8.535s] -- Up-to-date symlink: /home/tony/colcon_ws/install/mypalletizer_interfaces/include/mypalletizer_interfaces/msg/detail/mypal_gripper_status__type_support.h
[8.535s] -- Up-to-date symlink: /home/tony/colcon_ws/install/mypalletizer_interfaces/include/mypalletizer_interfaces/msg/detail/mypal_pump_status__functions.h
[8.535s] -- Up-to-date symlink: /home/tony/colcon_ws/install/mypalletizer_interfaces/include/mypalletizer_interfaces/msg/detail/mypal_pump_status__struct.h
[8.536s] -- Up-to-date symlink: /home/tony/colcon_ws/install/mypalletizer_interfaces/include/mypalletizer_interfaces/msg/detail/mypal_pump_status__type_support.h
[8.536s] -- Up-to-date symlink: /home/tony/colcon_ws/install/mypalletizer_interfaces/include/mypalletizer_interfaces/msg/detail/mypal_set_angles__functions.h
[8.536s] -- Up-to-date symlink: /home/tony/colcon_ws/install/mypalletizer_interfaces/include/mypalletizer_interfaces/msg/detail/mypal_set_angles__struct.h
[8.536s] -- Up-to-date symlink: /home/tony/colcon_ws/install/mypalletizer_interfaces/include/mypalletizer_interfaces/msg/detail/mypal_set_angles__type_support.h
[8.536s] -- Up-to-date symlink: /home/tony/colcon_ws/install/mypalletizer_interfaces/include/mypalletizer_interfaces/msg/detail/mypal_set_coords__functions.h
[8.536s] -- Up-to-date symlink: /home/tony/colcon_ws/install/mypalletizer_interfaces/include/mypalletizer_interfaces/msg/detail/mypal_set_coords__struct.h
[8.538s] -- Up-to-date symlink: /home/tony/colcon_ws/install/mypalletizer_interfaces/include/mypalletizer_interfaces/msg/detail/mypal_set_coords__type_support.h
[8.538s] -- Up-to-date symlink: /home/tony/colcon_ws/install/mypalletizer_interfaces/include/mypalletizer_interfaces/msg/mypal_angles.h
[8.538s] -- Up-to-date symlink: /home/tony/colcon_ws/install/mypalletizer_interfaces/include/mypalletizer_interfaces/msg/mypal_coords.h
[8.538s] -- Up-to-date symlink: /home/tony/colcon_ws/install/mypalletizer_interfaces/include/mypalletizer_interfaces/msg/mypal_gripper_status.h
[8.538s] -- Up-to-date symlink: /home/tony/colcon_ws/install/mypalletizer_interfaces/include/mypalletizer_interfaces/msg/mypal_pump_status.h
[8.538s] -- Up-to-date symlink: /home/tony/colcon_ws/install/mypalletizer_interfaces/include/mypalletizer_interfaces/msg/mypal_set_angles.h
[8.538s] -- Up-to-date symlink: /home/tony/colcon_ws/install/mypalletizer_interfaces/include/mypalletizer_interfaces/msg/mypal_set_coords.h
[8.539s] -- Up-to-date symlink: /home/tony/colcon_ws/install/mypalletizer_interfaces/include/mypalletizer_interfaces/msg/rosidl_generator_c__visibility_control.h
[8.539s] -- Up-to-date symlink: /home/tony/colcon_ws/install/mypalletizer_interfaces/include/mypalletizer_interfaces/srv/detail/get_angles__functions.h
[8.539s] -- Up-to-date symlink: /home/tony/colcon_ws/install/mypalletizer_interfaces/include/mypalletizer_interfaces/srv/detail/get_angles__struct.h
[8.539s] -- Up-to-date symlink: /home/tony/colcon_ws/install/mypalletizer_interfaces/include/mypalletizer_interfaces/srv/detail/get_angles__type_support.h
[8.539s] -- Up-to-date symlink: /home/tony/colcon_ws/install/mypalletizer_interfaces/include/mypalletizer_interfaces/srv/detail/get_coords__functions.h
[8.540s] -- Up-to-date symlink: /home/tony/colcon_ws/install/mypalletizer_interfaces/include/mypalletizer_interfaces/srv/detail/get_coords__struct.h
[8.540s] -- Up-to-date symlink: /home/tony/colcon_ws/install/mypalletizer_interfaces/include/mypalletizer_interfaces/srv/detail/get_coords__type_support.h
[8.540s] -- Up-to-date symlink: /home/tony/colcon_ws/install/mypalletizer_interfaces/include/mypalletizer_interfaces/srv/detail/gripper_status__functions.h
[8.540s] -- Up-to-date symlink: /home/tony/colcon_ws/install/mypalletizer_interfaces/include/mypalletizer_interfaces/srv/detail/gripper_status__struct.h
[8.540s] -- Up-to-date symlink: /home/tony/colcon_ws/install/mypalletizer_interfaces/include/mypalletizer_interfaces/srv/detail/gripper_status__type_support.h
[8.540s] -- Up-to-date symlink: /home/tony/colcon_ws/install/mypalletizer_interfaces/include/mypalletizer_interfaces/srv/detail/pump_status__functions.h
[8.540s] -- Up-to-date symlink: /home/tony/colcon_ws/install/mypalletizer_interfaces/include/mypalletizer_interfaces/srv/detail/pump_status__struct.h
[8.540s] -- Up-to-date symlink: /home/tony/colcon_ws/install/mypalletizer_interfaces/include/mypalletizer_interfaces/srv/detail/pump_status__type_support.h
[8.540s] -- Up-to-date symlink: /home/tony/colcon_ws/install/mypalletizer_interfaces/include/mypalletizer_interfaces/srv/detail/set_angles__functions.h
[8.541s] -- Up-to-date symlink: /home/tony/colcon_ws/install/mypalletizer_interfaces/include/mypalletizer_interfaces/srv/detail/set_angles__struct.h
[8.541s] -- Up-to-date symlink: /home/tony/colcon_ws/install/mypalletizer_interfaces/include/mypalletizer_interfaces/srv/detail/set_angles__type_support.h
[8.541s] -- Up-to-date symlink: /home/tony/colcon_ws/install/mypalletizer_interfaces/include/mypalletizer_interfaces/srv/detail/set_coords__functions.h
[8.541s] -- Up-to-date symlink: /home/tony/colcon_ws/install/mypalletizer_interfaces/include/mypalletizer_interfaces/srv/detail/set_coords__struct.h
[8.541s] -- Up-to-date symlink: /home/tony/colcon_ws/install/mypalletizer_interfaces/include/mypalletizer_interfaces/srv/detail/set_coords__type_support.h
[8.541s] -- Up-to-date symlink: /home/tony/colcon_ws/install/mypalletizer_interfaces/include/mypalletizer_interfaces/srv/get_angles.h
[8.541s] -- Up-to-date symlink: /home/tony/colcon_ws/install/mypalletizer_interfaces/include/mypalletizer_interfaces/srv/get_coords.h
[8.541s] -- Up-to-date symlink: /home/tony/colcon_ws/install/mypalletizer_interfaces/include/mypalletizer_interfaces/srv/gripper_status.h
[8.542s] -- Up-to-date symlink: /home/tony/colcon_ws/install/mypalletizer_interfaces/include/mypalletizer_interfaces/srv/pump_status.h
[8.542s] -- Up-to-date symlink: /home/tony/colcon_ws/install/mypalletizer_interfaces/include/mypalletizer_interfaces/srv/set_angles.h
[8.543s] -- Up-to-date symlink: /home/tony/colcon_ws/install/mypalletizer_interfaces/include/mypalletizer_interfaces/srv/set_coords.h
[8.543s] -- Up-to-date symlink: /home/tony/colcon_ws/install/mypalletizer_interfaces/share/mypalletizer_interfaces/environment/library_path.sh
[8.543s] -- Up-to-date symlink: /home/tony/colcon_ws/install/mypalletizer_interfaces/share/mypalletizer_interfaces/environment/library_path.dsv
[8.544s] -- Up-to-date symlink: /home/tony/colcon_ws/install/mypalletizer_interfaces/include/mypalletizer_interfaces/msg/detail/mypal_angles__rosidl_typesupport_fastrtps_c.h
[8.544s] -- Up-to-date symlink: /home/tony/colcon_ws/install/mypalletizer_interfaces/include/mypalletizer_interfaces/msg/detail/mypal_coords__rosidl_typesupport_fastrtps_c.h
[8.544s] -- Up-to-date symlink: /home/tony/colcon_ws/install/mypalletizer_interfaces/include/mypalletizer_interfaces/msg/detail/mypal_gripper_status__rosidl_typesupport_fastrtps_c.h
[8.544s] -- Up-to-date symlink: /home/tony/colcon_ws/install/mypalletizer_interfaces/include/mypalletizer_interfaces/msg/detail/mypal_pump_status__rosidl_typesupport_fastrtps_c.h
[8.544s] -- Up-to-date symlink: /home/tony/colcon_ws/install/mypalletizer_interfaces/include/mypalletizer_interfaces/msg/detail/mypal_set_angles__rosidl_typesupport_fastrtps_c.h
[8.544s] -- Up-to-date symlink: /home/tony/colcon_ws/install/mypalletizer_interfaces/include/mypalletizer_interfaces/msg/detail/mypal_set_coords__rosidl_typesupport_fastrtps_c.h
[8.546s] -- Up-to-date symlink: /home/tony/colcon_ws/install/mypalletizer_interfaces/include/mypalletizer_interfaces/msg/rosidl_typesupport_fastrtps_c__visibility_control.h
[8.546s] -- Up-to-date symlink: /home/tony/colcon_ws/install/mypalletizer_interfaces/include/mypalletizer_interfaces/srv/detail/get_angles__rosidl_typesupport_fastrtps_c.h
[8.546s] -- Up-to-date symlink: /home/tony/colcon_ws/install/mypalletizer_interfaces/include/mypalletizer_interfaces/srv/detail/get_coords__rosidl_typesupport_fastrtps_c.h
[8.546s] -- Up-to-date symlink: /home/tony/colcon_ws/install/mypalletizer_interfaces/include/mypalletizer_interfaces/srv/detail/gripper_status__rosidl_typesupport_fastrtps_c.h
[8.546s] -- Up-to-date symlink: /home/tony/colcon_ws/install/mypalletizer_interfaces/include/mypalletizer_interfaces/srv/detail/pump_status__rosidl_typesupport_fastrtps_c.h
[8.546s] -- Up-to-date symlink: /home/tony/colcon_ws/install/mypalletizer_interfaces/include/mypalletizer_interfaces/srv/detail/set_angles__rosidl_typesupport_fastrtps_c.h
[8.546s] -- Up-to-date symlink: /home/tony/colcon_ws/install/mypalletizer_interfaces/include/mypalletizer_interfaces/srv/detail/set_coords__rosidl_typesupport_fastrtps_c.h
[8.547s] -- Up-to-date symlink: /home/tony/colcon_ws/install/mypalletizer_interfaces/lib/libmypalletizer_interfaces__rosidl_typesupport_fastrtps_c.so
[8.547s] -- Up-to-date symlink: /home/tony/colcon_ws/install/mypalletizer_interfaces/include/mypalletizer_interfaces/msg/detail/mypal_angles__rosidl_typesupport_fastrtps_cpp.hpp
[8.547s] -- Up-to-date symlink: /home/tony/colcon_ws/install/mypalletizer_interfaces/include/mypalletizer_interfaces/msg/detail/mypal_coords__rosidl_typesupport_fastrtps_cpp.hpp
[8.547s] -- Up-to-date symlink: /home/tony/colcon_ws/install/mypalletizer_interfaces/include/mypalletizer_interfaces/msg/detail/mypal_gripper_status__rosidl_typesupport_fastrtps_cpp.hpp
[8.548s] -- Up-to-date symlink: /home/tony/colcon_ws/install/mypalletizer_interfaces/include/mypalletizer_interfaces/msg/detail/mypal_pump_status__rosidl_typesupport_fastrtps_cpp.hpp
[8.548s] -- Up-to-date symlink: /home/tony/colcon_ws/install/mypalletizer_interfaces/include/mypalletizer_interfaces/msg/detail/mypal_set_angles__rosidl_typesupport_fastrtps_cpp.hpp
[8.548s] -- Up-to-date symlink: /home/tony/colcon_ws/install/mypalletizer_interfaces/include/mypalletizer_interfaces/msg/detail/mypal_set_coords__rosidl_typesupport_fastrtps_cpp.hpp
[8.549s] -- Up-to-date symlink: /home/tony/colcon_ws/install/mypalletizer_interfaces/include/mypalletizer_interfaces/msg/rosidl_typesupport_fastrtps_cpp__visibility_control.h
[8.549s] -- Up-to-date symlink: /home/tony/colcon_ws/install/mypalletizer_interfaces/include/mypalletizer_interfaces/srv/detail/get_angles__rosidl_typesupport_fastrtps_cpp.hpp
[8.549s] -- Up-to-date symlink: /home/tony/colcon_ws/install/mypalletizer_interfaces/include/mypalletizer_interfaces/srv/detail/get_coords__rosidl_typesupport_fastrtps_cpp.hpp
[8.549s] -- Up-to-date symlink: /home/tony/colcon_ws/install/mypalletizer_interfaces/include/mypalletizer_interfaces/srv/detail/gripper_status__rosidl_typesupport_fastrtps_cpp.hpp
[8.549s] -- Up-to-date symlink: /home/tony/colcon_ws/install/mypalletizer_interfaces/include/mypalletizer_interfaces/srv/detail/pump_status__rosidl_typesupport_fastrtps_cpp.hpp
[8.549s] -- Up-to-date symlink: /home/tony/colcon_ws/install/mypalletizer_interfaces/include/mypalletizer_interfaces/srv/detail/set_angles__rosidl_typesupport_fastrtps_cpp.hpp
[8.549s] -- Up-to-date symlink: /home/tony/colcon_ws/install/mypalletizer_interfaces/include/mypalletizer_interfaces/srv/detail/set_coords__rosidl_typesupport_fastrtps_cpp.hpp
[8.551s] -- Up-to-date symlink: /home/tony/colcon_ws/install/mypalletizer_interfaces/lib/libmypalletizer_interfaces__rosidl_typesupport_fastrtps_cpp.so
[8.552s] -- Up-to-date symlink: /home/tony/colcon_ws/install/mypalletizer_interfaces/include/mypalletizer_interfaces/msg/detail/mypal_angles__rosidl_typesupport_introspection_c.h
[8.552s] -- Up-to-date symlink: /home/tony/colcon_ws/install/mypalletizer_interfaces/include/mypalletizer_interfaces/msg/detail/mypal_coords__rosidl_typesupport_introspection_c.h
[8.552s] -- Up-to-date symlink: /home/tony/colcon_ws/install/mypalletizer_interfaces/include/mypalletizer_interfaces/msg/detail/mypal_gripper_status__rosidl_typesupport_introspection_c.h
[8.552s] -- Up-to-date symlink: /home/tony/colcon_ws/install/mypalletizer_interfaces/include/mypalletizer_interfaces/msg/detail/mypal_pump_status__rosidl_typesupport_introspection_c.h
[8.552s] -- Up-to-date symlink: /home/tony/colcon_ws/install/mypalletizer_interfaces/include/mypalletizer_interfaces/msg/detail/mypal_set_angles__rosidl_typesupport_introspection_c.h
[8.552s] -- Up-to-date symlink: /home/tony/colcon_ws/install/mypalletizer_interfaces/include/mypalletizer_interfaces/msg/detail/mypal_set_coords__rosidl_typesupport_introspection_c.h
[8.552s] -- Up-to-date symlink: /home/tony/colcon_ws/install/mypalletizer_interfaces/include/mypalletizer_interfaces/msg/rosidl_typesupport_introspection_c__visibility_control.h
[8.553s] -- Up-to-date symlink: /home/tony/colcon_ws/install/mypalletizer_interfaces/include/mypalletizer_interfaces/srv/detail/get_angles__rosidl_typesupport_introspection_c.h
[8.553s] -- Up-to-date symlink: /home/tony/colcon_ws/install/mypalletizer_interfaces/include/mypalletizer_interfaces/srv/detail/get_coords__rosidl_typesupport_introspection_c.h
[8.553s] -- Up-to-date symlink: /home/tony/colcon_ws/install/mypalletizer_interfaces/include/mypalletizer_interfaces/srv/detail/gripper_status__rosidl_typesupport_introspection_c.h
[8.553s] -- Up-to-date symlink: /home/tony/colcon_ws/install/mypalletizer_interfaces/include/mypalletizer_interfaces/srv/detail/pump_status__rosidl_typesupport_introspection_c.h
[8.553s] -- Up-to-date symlink: /home/tony/colcon_ws/install/mypalletizer_interfaces/include/mypalletizer_interfaces/srv/detail/set_angles__rosidl_typesupport_introspection_c.h
[8.553s] -- Up-to-date symlink: /home/tony/colcon_ws/install/mypalletizer_interfaces/include/mypalletizer_interfaces/srv/detail/set_coords__rosidl_typesupport_introspection_c.h
[8.554s] -- Up-to-date symlink: /home/tony/colcon_ws/install/mypalletizer_interfaces/include/mypalletizer_interfaces/msg/detail/mypal_angles__builder.hpp
[8.554s] -- Up-to-date symlink: /home/tony/colcon_ws/install/mypalletizer_interfaces/include/mypalletizer_interfaces/msg/detail/mypal_angles__struct.hpp
[8.554s] -- Up-to-date symlink: /home/tony/colcon_ws/install/mypalletizer_interfaces/include/mypalletizer_interfaces/msg/detail/mypal_angles__traits.hpp
[8.554s] -- Up-to-date symlink: /home/tony/colcon_ws/install/mypalletizer_interfaces/include/mypalletizer_interfaces/msg/detail/mypal_angles__type_support.hpp
[8.554s] -- Up-to-date symlink: /home/tony/colcon_ws/install/mypalletizer_interfaces/include/mypalletizer_interfaces/msg/detail/mypal_coords__builder.hpp
[8.554s] -- Up-to-date symlink: /home/tony/colcon_ws/install/mypalletizer_interfaces/include/mypalletizer_interfaces/msg/detail/mypal_coords__struct.hpp
[8.554s] -- Up-to-date symlink: /home/tony/colcon_ws/install/mypalletizer_interfaces/include/mypalletizer_interfaces/msg/detail/mypal_coords__traits.hpp
[8.558s] -- Up-to-date symlink: /home/tony/colcon_ws/install/mypalletizer_interfaces/include/mypalletizer_interfaces/msg/detail/mypal_coords__type_support.hpp
[8.558s] -- Up-to-date symlink: /home/tony/colcon_ws/install/mypalletizer_interfaces/include/mypalletizer_interfaces/msg/detail/mypal_gripper_status__builder.hpp
[8.558s] -- Up-to-date symlink: /home/tony/colcon_ws/install/mypalletizer_interfaces/include/mypalletizer_interfaces/msg/detail/mypal_gripper_status__struct.hpp
[8.558s] -- Up-to-date symlink: /home/tony/colcon_ws/install/mypalletizer_interfaces/include/mypalletizer_interfaces/msg/detail/mypal_gripper_status__traits.hpp
[8.558s] -- Up-to-date symlink: /home/tony/colcon_ws/install/mypalletizer_interfaces/include/mypalletizer_interfaces/msg/detail/mypal_gripper_status__type_support.hpp
[8.558s] -- Up-to-date symlink: /home/tony/colcon_ws/install/mypalletizer_interfaces/include/mypalletizer_interfaces/msg/detail/mypal_pump_status__builder.hpp
[8.558s] -- Up-to-date symlink: /home/tony/colcon_ws/install/mypalletizer_interfaces/include/mypalletizer_interfaces/msg/detail/mypal_pump_status__struct.hpp
[8.559s] -- Up-to-date symlink: /home/tony/colcon_ws/install/mypalletizer_interfaces/include/mypalletizer_interfaces/msg/detail/mypal_pump_status__traits.hpp
[8.559s] -- Up-to-date symlink: /home/tony/colcon_ws/install/mypalletizer_interfaces/include/mypalletizer_interfaces/msg/detail/mypal_pump_status__type_support.hpp
[8.559s] -- Up-to-date symlink: /home/tony/colcon_ws/install/mypalletizer_interfaces/include/mypalletizer_interfaces/msg/detail/mypal_set_angles__builder.hpp
[8.559s] -- Up-to-date symlink: /home/tony/colcon_ws/install/mypalletizer_interfaces/include/mypalletizer_interfaces/msg/detail/mypal_set_angles__struct.hpp
[8.559s] -- Up-to-date symlink: /home/tony/colcon_ws/install/mypalletizer_interfaces/include/mypalletizer_interfaces/msg/detail/mypal_set_angles__traits.hpp
[8.559s] -- Up-to-date symlink: /home/tony/colcon_ws/install/mypalletizer_interfaces/include/mypalletizer_interfaces/msg/detail/mypal_set_angles__type_support.hpp
[8.559s] -- Up-to-date symlink: /home/tony/colcon_ws/install/mypalletizer_interfaces/include/mypalletizer_interfaces/msg/detail/mypal_set_coords__builder.hpp
[8.559s] -- Up-to-date symlink: /home/tony/colcon_ws/install/mypalletizer_interfaces/include/mypalletizer_interfaces/msg/detail/mypal_set_coords__struct.hpp
[8.560s] -- Up-to-date symlink: /home/tony/colcon_ws/install/mypalletizer_interfaces/include/mypalletizer_interfaces/msg/detail/mypal_set_coords__traits.hpp
[8.560s] -- Up-to-date symlink: /home/tony/colcon_ws/install/mypalletizer_interfaces/include/mypalletizer_interfaces/msg/detail/mypal_set_coords__type_support.hpp
[8.560s] -- Up-to-date symlink: /home/tony/colcon_ws/install/mypalletizer_interfaces/include/mypalletizer_interfaces/msg/mypal_angles.hpp
[8.560s] -- Up-to-date symlink: /home/tony/colcon_ws/install/mypalletizer_interfaces/include/mypalletizer_interfaces/msg/mypal_coords.hpp
[8.560s] -- Up-to-date symlink: /home/tony/colcon_ws/install/mypalletizer_interfaces/include/mypalletizer_interfaces/msg/mypal_gripper_status.hpp
[8.560s] -- Up-to-date symlink: /home/tony/colcon_ws/install/mypalletizer_interfaces/include/mypalletizer_interfaces/msg/mypal_pump_status.hpp
[8.560s] -- Up-to-date symlink: /home/tony/colcon_ws/install/mypalletizer_interfaces/include/mypalletizer_interfaces/msg/mypal_set_angles.hpp
[8.560s] -- Up-to-date symlink: /home/tony/colcon_ws/install/mypalletizer_interfaces/include/mypalletizer_interfaces/msg/mypal_set_coords.hpp
[8.560s] -- Up-to-date symlink: /home/tony/colcon_ws/install/mypalletizer_interfaces/include/mypalletizer_interfaces/msg/rosidl_generator_cpp__visibility_control.hpp
[8.561s] -- Up-to-date symlink: /home/tony/colcon_ws/install/mypalletizer_interfaces/include/mypalletizer_interfaces/srv/detail/get_angles__builder.hpp
[8.561s] -- Up-to-date symlink: /home/tony/colcon_ws/install/mypalletizer_interfaces/include/mypalletizer_interfaces/srv/detail/get_angles__struct.hpp
[8.561s] -- Up-to-date symlink: /home/tony/colcon_ws/install/mypalletizer_interfaces/include/mypalletizer_interfaces/srv/detail/get_angles__traits.hpp
[8.561s] -- Up-to-date symlink: /home/tony/colcon_ws/install/mypalletizer_interfaces/include/mypalletizer_interfaces/srv/detail/get_angles__type_support.hpp
[8.561s] -- Up-to-date symlink: /home/tony/colcon_ws/install/mypalletizer_interfaces/include/mypalletizer_interfaces/srv/detail/get_coords__builder.hpp
[8.561s] -- Up-to-date symlink: /home/tony/colcon_ws/install/mypalletizer_interfaces/include/mypalletizer_interfaces/srv/detail/get_coords__struct.hpp
[8.561s] -- Up-to-date symlink: /home/tony/colcon_ws/install/mypalletizer_interfaces/include/mypalletizer_interfaces/srv/detail/get_coords__traits.hpp
[8.561s] -- Up-to-date symlink: /home/tony/colcon_ws/install/mypalletizer_interfaces/include/mypalletizer_interfaces/srv/detail/get_coords__type_support.hpp
[8.562s] -- Up-to-date symlink: /home/tony/colcon_ws/install/mypalletizer_interfaces/include/mypalletizer_interfaces/srv/detail/gripper_status__builder.hpp
[8.562s] -- Up-to-date symlink: /home/tony/colcon_ws/install/mypalletizer_interfaces/include/mypalletizer_interfaces/srv/detail/gripper_status__struct.hpp
[8.562s] -- Up-to-date symlink: /home/tony/colcon_ws/install/mypalletizer_interfaces/include/mypalletizer_interfaces/srv/detail/gripper_status__traits.hpp
[8.562s] -- Up-to-date symlink: /home/tony/colcon_ws/install/mypalletizer_interfaces/include/mypalletizer_interfaces/srv/detail/gripper_status__type_support.hpp
[8.562s] -- Up-to-date symlink: /home/tony/colcon_ws/install/mypalletizer_interfaces/include/mypalletizer_interfaces/srv/detail/pump_status__builder.hpp
[8.562s] -- Up-to-date symlink: /home/tony/colcon_ws/install/mypalletizer_interfaces/include/mypalletizer_interfaces/srv/detail/pump_status__struct.hpp
[8.562s] -- Up-to-date symlink: /home/tony/colcon_ws/install/mypalletizer_interfaces/include/mypalletizer_interfaces/srv/detail/pump_status__traits.hpp
[8.563s] -- Up-to-date symlink: /home/tony/colcon_ws/install/mypalletizer_interfaces/include/mypalletizer_interfaces/srv/detail/pump_status__type_support.hpp
[8.563s] -- Up-to-date symlink: /home/tony/colcon_ws/install/mypalletizer_interfaces/include/mypalletizer_interfaces/srv/detail/set_angles__builder.hpp
[8.563s] -- Up-to-date symlink: /home/tony/colcon_ws/install/mypalletizer_interfaces/include/mypalletizer_interfaces/srv/detail/set_angles__struct.hpp
[8.563s] -- Up-to-date symlink: /home/tony/colcon_ws/install/mypalletizer_interfaces/include/mypalletizer_interfaces/srv/detail/set_angles__traits.hpp
[8.563s] -- Up-to-date symlink: /home/tony/colcon_ws/install/mypalletizer_interfaces/include/mypalletizer_interfaces/srv/detail/set_angles__type_support.hpp
[8.563s] -- Up-to-date symlink: /home/tony/colcon_ws/install/mypalletizer_interfaces/include/mypalletizer_interfaces/srv/detail/set_coords__builder.hpp
[8.564s] -- Up-to-date symlink: /home/tony/colcon_ws/install/mypalletizer_interfaces/include/mypalletizer_interfaces/srv/detail/set_coords__struct.hpp
[8.564s] -- Up-to-date symlink: /home/tony/colcon_ws/install/mypalletizer_interfaces/include/mypalletizer_interfaces/srv/detail/set_coords__traits.hpp
[8.564s] -- Up-to-date symlink: /home/tony/colcon_ws/install/mypalletizer_interfaces/include/mypalletizer_interfaces/srv/detail/set_coords__type_support.hpp
[8.564s] -- Up-to-date symlink: /home/tony/colcon_ws/install/mypalletizer_interfaces/include/mypalletizer_interfaces/srv/get_angles.hpp
[8.564s] -- Up-to-date symlink: /home/tony/colcon_ws/install/mypalletizer_interfaces/include/mypalletizer_interfaces/srv/get_coords.hpp
[8.564s] -- Up-to-date symlink: /home/tony/colcon_ws/install/mypalletizer_interfaces/include/mypalletizer_interfaces/srv/gripper_status.hpp
[8.564s] -- Up-to-date symlink: /home/tony/colcon_ws/install/mypalletizer_interfaces/include/mypalletizer_interfaces/srv/pump_status.hpp
[8.564s] -- Up-to-date symlink: /home/tony/colcon_ws/install/mypalletizer_interfaces/include/mypalletizer_interfaces/srv/set_angles.hpp
[8.565s] -- Up-to-date symlink: /home/tony/colcon_ws/install/mypalletizer_interfaces/include/mypalletizer_interfaces/srv/set_coords.hpp
[8.565s] -- Up-to-date symlink: /home/tony/colcon_ws/install/mypalletizer_interfaces/include/mypalletizer_interfaces/msg/detail/mypal_angles__rosidl_typesupport_introspection_cpp.hpp
[8.565s] -- Up-to-date symlink: /home/tony/colcon_ws/install/mypalletizer_interfaces/include/mypalletizer_interfaces/msg/detail/mypal_coords__rosidl_typesupport_introspection_cpp.hpp
[8.565s] -- Up-to-date symlink: /home/tony/colcon_ws/install/mypalletizer_interfaces/include/mypalletizer_interfaces/msg/detail/mypal_gripper_status__rosidl_typesupport_introspection_cpp.hpp
[8.565s] -- Up-to-date symlink: /home/tony/colcon_ws/install/mypalletizer_interfaces/include/mypalletizer_interfaces/msg/detail/mypal_pump_status__rosidl_typesupport_introspection_cpp.hpp
[8.565s] -- Up-to-date symlink: /home/tony/colcon_ws/install/mypalletizer_interfaces/include/mypalletizer_interfaces/msg/detail/mypal_set_angles__rosidl_typesupport_introspection_cpp.hpp
[8.565s] -- Up-to-date symlink: /home/tony/colcon_ws/install/mypalletizer_interfaces/include/mypalletizer_interfaces/msg/detail/mypal_set_coords__rosidl_typesupport_introspection_cpp.hpp
[8.566s] -- Up-to-date symlink: /home/tony/colcon_ws/install/mypalletizer_interfaces/include/mypalletizer_interfaces/srv/detail/get_angles__rosidl_typesupport_introspection_cpp.hpp
[8.570s] -- Up-to-date symlink: /home/tony/colcon_ws/install/mypalletizer_interfaces/include/mypalletizer_interfaces/srv/detail/get_coords__rosidl_typesupport_introspection_cpp.hpp
[8.570s] -- Up-to-date symlink: /home/tony/colcon_ws/install/mypalletizer_interfaces/include/mypalletizer_interfaces/srv/detail/gripper_status__rosidl_typesupport_introspection_cpp.hpp
[8.570s] -- Up-to-date symlink: /home/tony/colcon_ws/install/mypalletizer_interfaces/include/mypalletizer_interfaces/srv/detail/pump_status__rosidl_typesupport_introspection_cpp.hpp
[8.570s] -- Up-to-date symlink: /home/tony/colcon_ws/install/mypalletizer_interfaces/include/mypalletizer_interfaces/srv/detail/set_angles__rosidl_typesupport_introspection_cpp.hpp
[8.570s] -- Up-to-date symlink: /home/tony/colcon_ws/install/mypalletizer_interfaces/include/mypalletizer_interfaces/srv/detail/set_coords__rosidl_typesupport_introspection_cpp.hpp
[8.570s] -- Up-to-date symlink: /home/tony/colcon_ws/install/mypalletizer_interfaces/share/mypalletizer_interfaces/environment/pythonpath.sh
[8.571s] -- Up-to-date symlink: /home/tony/colcon_ws/install/mypalletizer_interfaces/share/mypalletizer_interfaces/environment/pythonpath.dsv
[8.571s] -- Up-to-date symlink: /home/tony/colcon_ws/install/mypalletizer_interfaces/lib/python3.8/site-packages/mypalletizer_interfaces/__init__.py
[8.571s] -- Up-to-date symlink: /home/tony/colcon_ws/install/mypalletizer_interfaces/lib/python3.8/site-packages/mypalletizer_interfaces/msg/__init__.py
[8.571s] -- Up-to-date symlink: /home/tony/colcon_ws/install/mypalletizer_interfaces/lib/python3.8/site-packages/mypalletizer_interfaces/msg/_mypal_angles.py
[8.571s] -- Up-to-date symlink: /home/tony/colcon_ws/install/mypalletizer_interfaces/lib/python3.8/site-packages/mypalletizer_interfaces/msg/_mypal_coords.py
[8.572s] -- Up-to-date symlink: /home/tony/colcon_ws/install/mypalletizer_interfaces/lib/python3.8/site-packages/mypalletizer_interfaces/msg/_mypal_gripper_status.py
[8.572s] -- Up-to-date symlink: /home/tony/colcon_ws/install/mypalletizer_interfaces/lib/python3.8/site-packages/mypalletizer_interfaces/msg/_mypal_pump_status.py
[8.572s] -- Up-to-date symlink: /home/tony/colcon_ws/install/mypalletizer_interfaces/lib/python3.8/site-packages/mypalletizer_interfaces/msg/_mypal_set_angles.py
[8.572s] -- Up-to-date symlink: /home/tony/colcon_ws/install/mypalletizer_interfaces/lib/python3.8/site-packages/mypalletizer_interfaces/msg/_mypal_set_coords.py
[8.572s] -- Up-to-date symlink: /home/tony/colcon_ws/install/mypalletizer_interfaces/lib/python3.8/site-packages/mypalletizer_interfaces/srv/__init__.py
[8.572s] -- Up-to-date symlink: /home/tony/colcon_ws/install/mypalletizer_interfaces/lib/python3.8/site-packages/mypalletizer_interfaces/srv/_get_angles.py
[8.572s] -- Up-to-date symlink: /home/tony/colcon_ws/install/mypalletizer_interfaces/lib/python3.8/site-packages/mypalletizer_interfaces/srv/_get_coords.py
[8.573s] -- Up-to-date symlink: /home/tony/colcon_ws/install/mypalletizer_interfaces/lib/python3.8/site-packages/mypalletizer_interfaces/srv/_gripper_status.py
[8.573s] -- Up-to-date symlink: /home/tony/colcon_ws/install/mypalletizer_interfaces/lib/python3.8/site-packages/mypalletizer_interfaces/srv/_pump_status.py
[8.573s] -- Up-to-date symlink: /home/tony/colcon_ws/install/mypalletizer_interfaces/lib/python3.8/site-packages/mypalletizer_interfaces/srv/_set_angles.py
[8.573s] -- Up-to-date symlink: /home/tony/colcon_ws/install/mypalletizer_interfaces/lib/python3.8/site-packages/mypalletizer_interfaces/srv/_set_coords.py
[8.573s] -- Up-to-date symlink: /home/tony/colcon_ws/install/mypalletizer_interfaces/lib/python3.8/site-packages/mypalletizer_interfaces/mypalletizer_interfaces_s__rosidl_typesupport_fastrtps_c.cpython-38-aarch64-linux-gnu.so
[8.573s] -- Up-to-date symlink: /home/tony/colcon_ws/install/mypalletizer_interfaces/lib/python3.8/site-packages/mypalletizer_interfaces/mypalletizer_interfaces_s__rosidl_typesupport_introspection_c.cpython-38-aarch64-linux-gnu.so
[8.574s] -- Up-to-date symlink: /home/tony/colcon_ws/install/mypalletizer_interfaces/lib/python3.8/site-packages/mypalletizer_interfaces/mypalletizer_interfaces_s__rosidl_typesupport_c.cpython-38-aarch64-linux-gnu.so
[8.574s] -- Up-to-date symlink: /home/tony/colcon_ws/install/mypalletizer_interfaces/lib/libmypalletizer_interfaces__python.so
[8.574s] -- Up-to-date symlink: /home/tony/colcon_ws/install/mypalletizer_interfaces/share/mypalletizer_interfaces/msg/MypalAngles.idl
[8.574s] -- Up-to-date symlink: /home/tony/colcon_ws/install/mypalletizer_interfaces/share/mypalletizer_interfaces/msg/MypalCoords.idl
[8.574s] -- Up-to-date symlink: /home/tony/colcon_ws/install/mypalletizer_interfaces/share/mypalletizer_interfaces/msg/MypalSetAngles.idl
[8.575s] -- Up-to-date symlink: /home/tony/colcon_ws/install/mypalletizer_interfaces/share/mypalletizer_interfaces/msg/MypalSetCoords.idl
[8.575s] -- Up-to-date symlink: /home/tony/colcon_ws/install/mypalletizer_interfaces/share/mypalletizer_interfaces/msg/MypalGripperStatus.idl
[8.575s] -- Up-to-date symlink: /home/tony/colcon_ws/install/mypalletizer_interfaces/share/mypalletizer_interfaces/msg/MypalPumpStatus.idl
[8.575s] -- Up-to-date symlink: /home/tony/colcon_ws/install/mypalletizer_interfaces/share/mypalletizer_interfaces/srv/GetAngles.idl
[8.575s] -- Up-to-date symlink: /home/tony/colcon_ws/install/mypalletizer_interfaces/share/mypalletizer_interfaces/srv/SetAngles.idl
[8.575s] -- Up-to-date symlink: /home/tony/colcon_ws/install/mypalletizer_interfaces/share/mypalletizer_interfaces/srv/GetCoords.idl
[8.575s] -- Up-to-date symlink: /home/tony/colcon_ws/install/mypalletizer_interfaces/share/mypalletizer_interfaces/srv/SetCoords.idl
[8.576s] -- Up-to-date symlink: /home/tony/colcon_ws/install/mypalletizer_interfaces/share/mypalletizer_interfaces/srv/GripperStatus.idl
[8.576s] -- Up-to-date symlink: /home/tony/colcon_ws/install/mypalletizer_interfaces/share/mypalletizer_interfaces/srv/PumpStatus.idl
[8.576s] -- Up-to-date symlink: /home/tony/colcon_ws/install/mypalletizer_interfaces/share/mypalletizer_interfaces/msg/MypalAngles.msg
[8.576s] -- Up-to-date symlink: /home/tony/colcon_ws/install/mypalletizer_interfaces/share/mypalletizer_interfaces/msg/MypalCoords.msg
[8.576s] -- Up-to-date symlink: /home/tony/colcon_ws/install/mypalletizer_interfaces/share/mypalletizer_interfaces/msg/MypalSetAngles.msg
[8.576s] -- Up-to-date symlink: /home/tony/colcon_ws/install/mypalletizer_interfaces/share/mypalletizer_interfaces/msg/MypalSetCoords.msg
[8.576s] -- Up-to-date symlink: /home/tony/colcon_ws/install/mypalletizer_interfaces/share/mypalletizer_interfaces/msg/MypalGripperStatus.msg
[8.577s] -- Up-to-date symlink: /home/tony/colcon_ws/install/mypalletizer_interfaces/share/mypalletizer_interfaces/msg/MypalPumpStatus.msg
[8.577s] -- Up-to-date symlink: /home/tony/colcon_ws/install/mypalletizer_interfaces/share/mypalletizer_interfaces/srv/GetAngles.srv
[8.577s] -- Up-to-date symlink: /home/tony/colcon_ws/install/mypalletizer_interfaces/share/mypalletizer_interfaces/srv/GetAngles_Request.msg
[8.577s] -- Up-to-date symlink: /home/tony/colcon_ws/install/mypalletizer_interfaces/share/mypalletizer_interfaces/srv/GetAngles_Response.msg
[8.578s] -- Up-to-date symlink: /home/tony/colcon_ws/install/mypalletizer_interfaces/share/mypalletizer_interfaces/srv/SetAngles.srv
[8.578s] -- Up-to-date symlink: /home/tony/colcon_ws/install/mypalletizer_interfaces/share/mypalletizer_interfaces/srv/SetAngles_Request.msg
[8.578s] -- Up-to-date symlink: /home/tony/colcon_ws/install/mypalletizer_interfaces/share/mypalletizer_interfaces/srv/SetAngles_Response.msg
[8.578s] -- Up-to-date symlink: /home/tony/colcon_ws/install/mypalletizer_interfaces/share/mypalletizer_interfaces/srv/GetCoords.srv
[8.578s] -- Up-to-date symlink: /home/tony/colcon_ws/install/mypalletizer_interfaces/share/mypalletizer_interfaces/srv/GetCoords_Request.msg
[8.583s] -- Up-to-date symlink: /home/tony/colcon_ws/install/mypalletizer_interfaces/share/mypalletizer_interfaces/srv/GetCoords_Response.msg
[8.583s] -- Up-to-date symlink: /home/tony/colcon_ws/install/mypalletizer_interfaces/share/mypalletizer_interfaces/srv/SetCoords.srv
[8.584s] -- Up-to-date symlink: /home/tony/colcon_ws/install/mypalletizer_interfaces/share/mypalletizer_interfaces/srv/SetCoords_Request.msg
[8.584s] -- Up-to-date symlink: /home/tony/colcon_ws/install/mypalletizer_interfaces/share/mypalletizer_interfaces/srv/SetCoords_Response.msg
[8.584s] -- Up-to-date symlink: /home/tony/colcon_ws/install/mypalletizer_interfaces/share/mypalletizer_interfaces/srv/GripperStatus.srv
[8.584s] -- Up-to-date symlink: /home/tony/colcon_ws/install/mypalletizer_interfaces/share/mypalletizer_interfaces/srv/GripperStatus_Request.msg
[8.584s] -- Up-to-date symlink: /home/tony/colcon_ws/install/mypalletizer_interfaces/share/mypalletizer_interfaces/srv/GripperStatus_Response.msg
[8.584s] -- Up-to-date symlink: /home/tony/colcon_ws/install/mypalletizer_interfaces/share/mypalletizer_interfaces/srv/PumpStatus.srv
[8.584s] -- Up-to-date symlink: /home/tony/colcon_ws/install/mypalletizer_interfaces/share/mypalletizer_interfaces/srv/PumpStatus_Request.msg
[8.585s] -- Up-to-date symlink: /home/tony/colcon_ws/install/mypalletizer_interfaces/share/mypalletizer_interfaces/srv/PumpStatus_Response.msg
[8.585s] -- Up-to-date symlink: /home/tony/colcon_ws/install/mypalletizer_interfaces/share/ament_index/resource_index/package_run_dependencies/mypalletizer_interfaces
[8.585s] -- Up-to-date symlink: /home/tony/colcon_ws/install/mypalletizer_interfaces/share/ament_index/resource_index/parent_prefix_path/mypalletizer_interfaces
[8.585s] -- Up-to-date symlink: /home/tony/colcon_ws/install/mypalletizer_interfaces/share/mypalletizer_interfaces/environment/ament_prefix_path.sh
[8.585s] -- Up-to-date symlink: /home/tony/colcon_ws/install/mypalletizer_interfaces/share/mypalletizer_interfaces/environment/ament_prefix_path.dsv
[8.585s] -- Up-to-date symlink: /home/tony/colcon_ws/install/mypalletizer_interfaces/share/mypalletizer_interfaces/environment/path.sh
[8.586s] -- Up-to-date symlink: /home/tony/colcon_ws/install/mypalletizer_interfaces/share/mypalletizer_interfaces/environment/path.dsv
[8.586s] -- Up-to-date symlink: /home/tony/colcon_ws/install/mypalletizer_interfaces/share/mypalletizer_interfaces/local_setup.bash
[8.586s] -- Up-to-date symlink: /home/tony/colcon_ws/install/mypalletizer_interfaces/share/mypalletizer_interfaces/local_setup.sh
[8.586s] -- Up-to-date symlink: /home/tony/colcon_ws/install/mypalletizer_interfaces/share/mypalletizer_interfaces/local_setup.zsh
[8.586s] -- Up-to-date symlink: /home/tony/colcon_ws/install/mypalletizer_interfaces/share/mypalletizer_interfaces/local_setup.dsv
[8.586s] -- Symlinking: /home/tony/colcon_ws/install/mypalletizer_interfaces/share/mypalletizer_interfaces/package.dsv
[8.598s] -- Up-to-date symlink: /home/tony/colcon_ws/install/mypalletizer_interfaces/share/ament_index/resource_index/packages/mypalletizer_interfaces
[8.598s] -- Up-to-date symlink: /home/tony/colcon_ws/install/mypalletizer_interfaces/share/mypalletizer_interfaces/cmake/rosidl_cmake-extras.cmake
[8.598s] -- Up-to-date symlink: /home/tony/colcon_ws/install/mypalletizer_interfaces/share/mypalletizer_interfaces/cmake/ament_cmake_export_dependencies-extras.cmake
[8.598s] -- Up-to-date symlink: /home/tony/colcon_ws/install/mypalletizer_interfaces/share/mypalletizer_interfaces/cmake/ament_cmake_export_libraries-extras.cmake
[8.599s] -- Up-to-date symlink: /home/tony/colcon_ws/install/mypalletizer_interfaces/share/mypalletizer_interfaces/cmake/ament_cmake_export_targets-extras.cmake
[8.599s] -- Up-to-date symlink: /home/tony/colcon_ws/install/mypalletizer_interfaces/share/mypalletizer_interfaces/cmake/ament_cmake_export_include_directories-extras.cmake
[8.599s] -- Up-to-date symlink: /home/tony/colcon_ws/install/mypalletizer_interfaces/share/mypalletizer_interfaces/cmake/rosidl_cmake_export_typesupport_libraries-extras.cmake
[8.599s] -- Up-to-date symlink: /home/tony/colcon_ws/install/mypalletizer_interfaces/share/mypalletizer_interfaces/cmake/rosidl_cmake_export_typesupport_targets-extras.cmake
[8.599s] -- Up-to-date symlink: /home/tony/colcon_ws/install/mypalletizer_interfaces/share/mypalletizer_interfaces/cmake/mypalletizer_interfacesConfig.cmake
[8.599s] -- Up-to-date symlink: /home/tony/colcon_ws/install/mypalletizer_interfaces/share/mypalletizer_interfaces/cmake/mypalletizer_interfacesConfig-version.cmake
[8.599s] -- Up-to-date symlink: /home/tony/colcon_ws/install/mypalletizer_interfaces/share/mypalletizer_interfaces/package.xml
[8.600s] -- Installing: /home/tony/colcon_ws/install/mypalletizer_interfaces/lib/libmypalletizer_interfaces__rosidl_generator_c.so
[8.601s] -- Set runtime path of "/home/tony/colcon_ws/install/mypalletizer_interfaces/lib/libmypalletizer_interfaces__rosidl_generator_c.so" to ""
[8.601s] -- Installing: /home/tony/colcon_ws/install/mypalletizer_interfaces/lib/libmypalletizer_interfaces__rosidl_typesupport_introspection_c.so
[8.601s] -- Set runtime path of "/home/tony/colcon_ws/install/mypalletizer_interfaces/lib/libmypalletizer_interfaces__rosidl_typesupport_introspection_c.so" to ""
[8.601s] -- Installing: /home/tony/colcon_ws/install/mypalletizer_interfaces/lib/libmypalletizer_interfaces__rosidl_typesupport_c.so
[8.601s] -- Set runtime path of "/home/tony/colcon_ws/install/mypalletizer_interfaces/lib/libmypalletizer_interfaces__rosidl_typesupport_c.so" to ""
[8.602s] -- Installing: /home/tony/colcon_ws/install/mypalletizer_interfaces/lib/libmypalletizer_interfaces__rosidl_typesupport_introspection_cpp.so
[8.602s] -- Set runtime path of "/home/tony/colcon_ws/install/mypalletizer_interfaces/lib/libmypalletizer_interfaces__rosidl_typesupport_introspection_cpp.so" to ""
[8.603s] -- Installing: /home/tony/colcon_ws/install/mypalletizer_interfaces/lib/libmypalletizer_interfaces__rosidl_typesupport_cpp.so
[8.603s] -- Set runtime path of "/home/tony/colcon_ws/install/mypalletizer_interfaces/lib/libmypalletizer_interfaces__rosidl_typesupport_cpp.so" to ""
[8.652s] Compiling '/home/tony/colcon_ws/install/mypalletizer_interfaces/lib/python3.8/site-packages/mypalletizer_interfaces/__init__.py'...
[8.654s] -- Up-to-date: /home/tony/colcon_ws/install/mypalletizer_interfaces/share/mypalletizer_interfaces/cmake/mypalletizer_interfaces__rosidl_generator_cExport.cmake
[8.655s] -- Installing: /home/tony/colcon_ws/install/mypalletizer_interfaces/share/mypalletizer_interfaces/cmake/mypalletizer_interfaces__rosidl_generator_cExport-release.cmake
[8.655s] -- Up-to-date: /home/tony/colcon_ws/install/mypalletizer_interfaces/share/mypalletizer_interfaces/cmake/mypalletizer_interfaces__rosidl_typesupport_introspection_cExport.cmake
[8.655s] -- Installing: /home/tony/colcon_ws/install/mypalletizer_interfaces/share/mypalletizer_interfaces/cmake/mypalletizer_interfaces__rosidl_typesupport_introspection_cExport-release.cmake
[8.655s] -- Up-to-date: /home/tony/colcon_ws/install/mypalletizer_interfaces/share/mypalletizer_interfaces/cmake/mypalletizer_interfaces__rosidl_typesupport_cExport.cmake
[8.655s] -- Installing: /home/tony/colcon_ws/install/mypalletizer_interfaces/share/mypalletizer_interfaces/cmake/mypalletizer_interfaces__rosidl_typesupport_cExport-release.cmake
[8.655s] -- Up-to-date: /home/tony/colcon_ws/install/mypalletizer_interfaces/share/mypalletizer_interfaces/cmake/mypalletizer_interfaces__rosidl_generator_cppExport.cmake
[8.656s] -- Up-to-date: /home/tony/colcon_ws/install/mypalletizer_interfaces/share/mypalletizer_interfaces/cmake/mypalletizer_interfaces__rosidl_typesupport_introspection_cppExport.cmake
[8.656s] -- Installing: /home/tony/colcon_ws/install/mypalletizer_interfaces/share/mypalletizer_interfaces/cmake/mypalletizer_interfaces__rosidl_typesupport_introspection_cppExport-release.cmake
[8.656s] -- Up-to-date: /home/tony/colcon_ws/install/mypalletizer_interfaces/share/mypalletizer_interfaces/cmake/mypalletizer_interfaces__rosidl_typesupport_cppExport.cmake
[8.656s] -- Installing: /home/tony/colcon_ws/install/mypalletizer_interfaces/share/mypalletizer_interfaces/cmake/mypalletizer_interfaces__rosidl_typesupport_cppExport-release.cmake
[8.658s] Invoked command in '/home/tony/colcon_ws/build/mypalletizer_interfaces' returned '0': CMAKE_PREFIX_PATH=${CMAKE_PREFIX_PATH}:/home/tony/colcon_ws/install/mycobot_630:/home/tony/colcon_ws/install/mycobot_communication:/home/tony/colcon_ws/install/mecharm_communication:/home/tony/colcon_ws/install/mycobot_280:/home/tony/colcon_ws/install/mybuddy:/home/tony/colcon_ws/install/myarm_300:/home/tony/colcon_ws/install/mecharm_pi:/home/tony/colcon_ws/install/mecharm:/home/tony/colcon_ws/install/mycobot_description:/opt/ros/foxy /usr/bin/cmake --install /home/tony/colcon_ws/build/mypalletizer_interfaces
