running develop
running egg_info
creating myarm_300.egg-info
writing myarm_300.egg-info/PKG-INFO
writing dependency_links to myarm_300.egg-info/dependency_links.txt
writing entry points to myarm_300.egg-info/entry_points.txt
writing requirements to myarm_300.egg-info/requires.txt
writing top-level names to myarm_300.egg-info/top_level.txt
writing manifest file 'myarm_300.egg-info/SOURCES.txt'
reading manifest file 'myarm_300.egg-info/SOURCES.txt'
writing manifest file 'myarm_300.egg-info/SOURCES.txt'
running build_ext
Creating /home/tony/colcon_ws/install/myarm_300/lib/python3.8/site-packages/site.py
Creating /home/tony/colcon_ws/install/myarm_300/lib/python3.8/site-packages/myarm-300.egg-link (link to .)
Installing follow_display script to /home/tony/colcon_ws/install/myarm_300/lib/myarm_300
Installing simple_gui script to /home/tony/colcon_ws/install/myarm_300/lib/myarm_300
Installing slider_control script to /home/tony/colcon_ws/install/myarm_300/lib/myarm_300
Installing teleop_keyboard script to /home/tony/colcon_ws/install/myarm_300/lib/myarm_300

Installed /home/tony/colcon_ws/build/myarm_300
running symlink_data
creating /home/tony/colcon_ws/install/myarm_300/share/ament_index
creating /home/tony/colcon_ws/install/myarm_300/share/ament_index/resource_index
creating /home/tony/colcon_ws/install/myarm_300/share/ament_index/resource_index/packages
symbolically linking /home/tony/colcon_ws/build/myarm_300/resource/myarm_300 -> /home/tony/colcon_ws/install/myarm_300/share/ament_index/resource_index/packages
symbolically linking /home/tony/colcon_ws/build/myarm_300/package.xml -> /home/tony/colcon_ws/install/myarm_300/share/myarm_300
creating /home/tony/colcon_ws/install/myarm_300/share/myarm_300/launch
symbolically linking /home/tony/colcon_ws/build/myarm_300/launch/test.launch.py -> /home/tony/colcon_ws/install/myarm_300/share/myarm_300/launch
symbolically linking /home/tony/colcon_ws/build/myarm_300/launch/teleop_keyboard.launch.py -> /home/tony/colcon_ws/install/myarm_300/share/myarm_300/launch
symbolically linking /home/tony/colcon_ws/build/myarm_300/launch/simple_gui.launch.py -> /home/tony/colcon_ws/install/myarm_300/share/myarm_300/launch
symbolically linking /home/tony/colcon_ws/build/myarm_300/launch/mycobot_follow.launch.py -> /home/tony/colcon_ws/install/myarm_300/share/myarm_300/launch
symbolically linking /home/tony/colcon_ws/build/myarm_300/launch/slider_control.launch.py -> /home/tony/colcon_ws/install/myarm_300/share/myarm_300/launch
creating /home/tony/colcon_ws/install/myarm_300/share/myarm_300/config
symbolically linking /home/tony/colcon_ws/build/myarm_300/config/myarm_300.rviz -> /home/tony/colcon_ws/install/myarm_300/share/myarm_300/config
