running develop
running egg_info
writing mecharm.egg-info/PKG-INFO
writing dependency_links to mecharm.egg-info/dependency_links.txt
writing entry points to mecharm.egg-info/entry_points.txt
writing requirements to mecharm.egg-info/requires.txt
writing top-level names to mecharm.egg-info/top_level.txt
reading manifest file 'mecharm.egg-info/SOURCES.txt'
writing manifest file 'mecharm.egg-info/SOURCES.txt'
running build_ext
Creating /home/tony/colcon_ws/install/mecharm/lib/python3.8/site-packages/mecharm.egg-link (link to .)
Installing follow_display script to /home/tony/colcon_ws/install/mecharm/lib/mecharm
Installing listen_real script to /home/tony/colcon_ws/install/mecharm/lib/mecharm
Installing listen_real_of_topic script to /home/tony/colcon_ws/install/mecharm/lib/mecharm
Installing listen_real_service script to /home/tony/colcon_ws/install/mecharm/lib/mecharm
Installing simple_gui script to /home/tony/colcon_ws/install/mecharm/lib/mecharm
Installing slider_control script to /home/tony/colcon_ws/install/mecharm/lib/mecharm
Installing slider_control_adaptive_gripper script to /home/tony/colcon_ws/install/mecharm/lib/mecharm
Installing teleop_keyboard script to /home/tony/colcon_ws/install/mecharm/lib/mecharm

Installed /home/tony/colcon_ws/build/mecharm
running symlink_data
