running develop
running egg_info
creating mecharm_communication.egg-info
writing mecharm_communication.egg-info/PKG-INFO
writing dependency_links to mecharm_communication.egg-info/dependency_links.txt
writing entry points to mecharm_communication.egg-info/entry_points.txt
writing requirements to mecharm_communication.egg-info/requires.txt
writing top-level names to mecharm_communication.egg-info/top_level.txt
writing manifest file 'mecharm_communication.egg-info/SOURCES.txt'
reading manifest file 'mecharm_communication.egg-info/SOURCES.txt'
writing manifest file 'mecharm_communication.egg-info/SOURCES.txt'
running build_ext
Creating /home/tony/colcon_ws/install/mecharm_communication/lib/python3.8/site-packages/site.py
Creating /home/tony/colcon_ws/install/mecharm_communication/lib/python3.8/site-packages/mecharm-communication.egg-link (link to .)
Installing mecharm_services script to /home/tony/colcon_ws/install/mecharm_communication/lib/mecharm_communication
Installing mycobot_topics script to /home/tony/colcon_ws/install/mecharm_communication/lib/mecharm_communication
Installing mycobot_topics_jsnn script to /home/tony/colcon_ws/install/mecharm_communication/lib/mecharm_communication
Installing mycobot_topics_pi script to /home/tony/colcon_ws/install/mecharm_communication/lib/mecharm_communication
Installing mycobot_topics_seeed script to /home/tony/colcon_ws/install/mecharm_communication/lib/mecharm_communication

Installed /home/tony/colcon_ws/build/mecharm_communication
running symlink_data
creating /home/tony/colcon_ws/install/mecharm_communication/share/ament_index
creating /home/tony/colcon_ws/install/mecharm_communication/share/ament_index/resource_index
creating /home/tony/colcon_ws/install/mecharm_communication/share/ament_index/resource_index/packages
symbolically linking /home/tony/colcon_ws/build/mecharm_communication/resource/mecharm_communication -> /home/tony/colcon_ws/install/mecharm_communication/share/ament_index/resource_index/packages
symbolically linking /home/tony/colcon_ws/build/mecharm_communication/package.xml -> /home/tony/colcon_ws/install/mecharm_communication/share/mecharm_communication
creating /home/tony/colcon_ws/install/mecharm_communication/share/mecharm_communication/launch
symbolically linking /home/tony/colcon_ws/build/mecharm_communication/launch/communication_topic_pi.launch.py -> /home/tony/colcon_ws/install/mecharm_communication/share/mecharm_communication/launch
symbolically linking /home/tony/colcon_ws/build/mecharm_communication/launch/communication_topic.launch.py -> /home/tony/colcon_ws/install/mecharm_communication/share/mecharm_communication/launch
symbolically linking /home/tony/colcon_ws/build/mecharm_communication/launch/communication_jsnn.launch.py -> /home/tony/colcon_ws/install/mecharm_communication/share/mecharm_communication/launch
symbolically linking /home/tony/colcon_ws/build/mecharm_communication/launch/communication_service.launch.py -> /home/tony/colcon_ws/install/mecharm_communication/share/mecharm_communication/launch
symbolically linking /home/tony/colcon_ws/build/mecharm_communication/launch/communication_seeed.launch.py -> /home/tony/colcon_ws/install/mecharm_communication/share/mecharm_communication/launch
