[0.251s] Invoking command in '/home/tony/colcon_ws/build/mecharm_communication': AMENT_PREFIX_PATH=/home/tony/colcon_ws/install/mycobot_interfaces:${AMENT_PREFIX_PATH} CMAKE_PREFIX_PATH=/home/tony/colcon_ws/install/mycobot_interfaces LD_LIBRARY_PATH=/home/tony/colcon_ws/install/mycobot_interfaces/lib:${LD_LIBRARY_PATH} PYTHONPATH=/home/tony/colcon_ws/build/mecharm_communication/prefix_override:/usr/lib/python3/dist-packages/colcon_core/task/python/colcon_distutils_commands:/home/tony/colcon_ws/install/mecharm_communication/lib/python3.8/site-packages:/home/tony/colcon_ws/install/mycobot_interfaces/lib/python3.8/site-packages:${PYTHONPATH} /usr/bin/python3 -W ignore:setup.py install is deprecated -W ignore:easy_install command is deprecated setup.py develop --editable --build-directory /home/tony/colcon_ws/build/mecharm_communication/build --no-deps symlink_data
[0.348s] running develop
[0.387s] running egg_info
[0.387s] creating mecharm_communication.egg-info
[0.387s] writing mecharm_communication.egg-info/PKG-INFO
[0.387s] writing dependency_links to mecharm_communication.egg-info/dependency_links.txt
[0.387s] writing entry points to mecharm_communication.egg-info/entry_points.txt
[0.387s] writing requirements to mecharm_communication.egg-info/requires.txt
[0.388s] writing top-level names to mecharm_communication.egg-info/top_level.txt
[0.388s] writing manifest file 'mecharm_communication.egg-info/SOURCES.txt'
[0.400s] reading manifest file 'mecharm_communication.egg-info/SOURCES.txt'
[0.401s] writing manifest file 'mecharm_communication.egg-info/SOURCES.txt'
[0.415s] running build_ext
[0.415s] Creating /home/tony/colcon_ws/install/mecharm_communication/lib/python3.8/site-packages/site.py
[0.416s] Creating /home/tony/colcon_ws/install/mecharm_communication/lib/python3.8/site-packages/mecharm-communication.egg-link (link to .)
[0.416s] Installing mecharm_services script to /home/tony/colcon_ws/install/mecharm_communication/lib/mecharm_communication
[0.417s] Installing mycobot_topics script to /home/tony/colcon_ws/install/mecharm_communication/lib/mecharm_communication
[0.417s] Installing mycobot_topics_jsnn script to /home/tony/colcon_ws/install/mecharm_communication/lib/mecharm_communication
[0.417s] Installing mycobot_topics_pi script to /home/tony/colcon_ws/install/mecharm_communication/lib/mecharm_communication
[0.417s] Installing mycobot_topics_seeed script to /home/tony/colcon_ws/install/mecharm_communication/lib/mecharm_communication
[0.417s] 
[0.417s] Installed /home/tony/colcon_ws/build/mecharm_communication
[0.417s] running symlink_data
[0.417s] creating /home/tony/colcon_ws/install/mecharm_communication/share/ament_index
[0.417s] creating /home/tony/colcon_ws/install/mecharm_communication/share/ament_index/resource_index
[0.417s] creating /home/tony/colcon_ws/install/mecharm_communication/share/ament_index/resource_index/packages
[0.417s] symbolically linking /home/tony/colcon_ws/build/mecharm_communication/resource/mecharm_communication -> /home/tony/colcon_ws/install/mecharm_communication/share/ament_index/resource_index/packages
[0.417s] symbolically linking /home/tony/colcon_ws/build/mecharm_communication/package.xml -> /home/tony/colcon_ws/install/mecharm_communication/share/mecharm_communication
[0.417s] creating /home/tony/colcon_ws/install/mecharm_communication/share/mecharm_communication/launch
[0.417s] symbolically linking /home/tony/colcon_ws/build/mecharm_communication/launch/communication_topic_pi.launch.py -> /home/tony/colcon_ws/install/mecharm_communication/share/mecharm_communication/launch
[0.417s] symbolically linking /home/tony/colcon_ws/build/mecharm_communication/launch/communication_topic.launch.py -> /home/tony/colcon_ws/install/mecharm_communication/share/mecharm_communication/launch
[0.417s] symbolically linking /home/tony/colcon_ws/build/mecharm_communication/launch/communication_jsnn.launch.py -> /home/tony/colcon_ws/install/mecharm_communication/share/mecharm_communication/launch
[0.418s] symbolically linking /home/tony/colcon_ws/build/mecharm_communication/launch/communication_service.launch.py -> /home/tony/colcon_ws/install/mecharm_communication/share/mecharm_communication/launch
[0.418s] symbolically linking /home/tony/colcon_ws/build/mecharm_communication/launch/communication_seeed.launch.py -> /home/tony/colcon_ws/install/mecharm_communication/share/mecharm_communication/launch
[0.430s] Invoked command in '/home/tony/colcon_ws/build/mecharm_communication' returned '0': AMENT_PREFIX_PATH=/home/tony/colcon_ws/install/mycobot_interfaces:${AMENT_PREFIX_PATH} CMAKE_PREFIX_PATH=/home/tony/colcon_ws/install/mycobot_interfaces LD_LIBRARY_PATH=/home/tony/colcon_ws/install/mycobot_interfaces/lib:${LD_LIBRARY_PATH} PYTHONPATH=/home/tony/colcon_ws/build/mecharm_communication/prefix_override:/usr/lib/python3/dist-packages/colcon_core/task/python/colcon_distutils_commands:/home/tony/colcon_ws/install/mecharm_communication/lib/python3.8/site-packages:/home/tony/colcon_ws/install/mycobot_interfaces/lib/python3.8/site-packages:${PYTHONPATH} /usr/bin/python3 -W ignore:setup.py install is deprecated -W ignore:easy_install command is deprecated setup.py develop --editable --build-directory /home/tony/colcon_ws/build/mecharm_communication/build --no-deps symlink_data
