[  0%] Built target mycobot_pro450_interfaces__cpp
[ 12%] Built target mycobot_pro450_interfaces__rosidl_generator_c
[ 24%] Built target mycobot_pro450_interfaces__rosidl_typesupport_cpp
[ 35%] Built target mycobot_pro450_interfaces__rosidl_typesupport_fastrtps_cpp
[ 47%] Built target mycobot_pro450_interfaces__rosidl_typesupport_introspection_cpp
[ 59%] Built target mycobot_pro450_interfaces__rosidl_typesupport_introspection_c
[ 71%] Built target mycobot_pro450_interfaces__rosidl_typesupport_c
[ 83%] Built target mycobot_pro450_interfaces__rosidl_typesupport_fastrtps_c
[ 83%] Built target mycobot_pro450_interfaces
[ 84%] Built target mycobot_pro450_interfaces__py
[ 95%] Built target mycobot_pro450_interfaces__python
[ 97%] Built target mycobot_pro450_interfaces__rosidl_typesupport_fastrtps_c__pyext
[ 98%] Built target mycobot_pro450_interfaces__rosidl_typesupport_c__pyext
[100%] Built target mycobot_pro450_interfaces__rosidl_typesupport_introspection_c__pyext
-- Install configuration: ""
-- Execute custom install script
-- Up-to-date symlink: /home/tony/colcon_ws/install/mycobot_pro450_interfaces/share/ament_index/resource_index/rosidl_interfaces/mycobot_pro450_interfaces
-- Up-to-date symlink: /home/tony/colcon_ws/install/mycobot_pro450_interfaces/include/mycobot_pro450_interfaces/msg/detail/mycobot_angles__functions.h
-- Up-to-date symlink: /home/tony/colcon_ws/install/mycobot_pro450_interfaces/include/mycobot_pro450_interfaces/msg/detail/mycobot_angles__struct.h
-- Up-to-date symlink: /home/tony/colcon_ws/install/mycobot_pro450_interfaces/include/mycobot_pro450_interfaces/msg/detail/mycobot_angles__type_support.h
-- Up-to-date symlink: /home/tony/colcon_ws/install/mycobot_pro450_interfaces/include/mycobot_pro450_interfaces/msg/detail/mycobot_coords__functions.h
-- Up-to-date symlink: /home/tony/colcon_ws/install/mycobot_pro450_interfaces/include/mycobot_pro450_interfaces/msg/detail/mycobot_coords__struct.h
-- Up-to-date symlink: /home/tony/colcon_ws/install/mycobot_pro450_interfaces/include/mycobot_pro450_interfaces/msg/detail/mycobot_coords__type_support.h
-- Up-to-date symlink: /home/tony/colcon_ws/install/mycobot_pro450_interfaces/include/mycobot_pro450_interfaces/msg/detail/mycobot_gripper_status__functions.h
-- Up-to-date symlink: /home/tony/colcon_ws/install/mycobot_pro450_interfaces/include/mycobot_pro450_interfaces/msg/detail/mycobot_gripper_status__struct.h
-- Up-to-date symlink: /home/tony/colcon_ws/install/mycobot_pro450_interfaces/include/mycobot_pro450_interfaces/msg/detail/mycobot_gripper_status__type_support.h
-- Up-to-date symlink: /home/tony/colcon_ws/install/mycobot_pro450_interfaces/include/mycobot_pro450_interfaces/msg/detail/mycobot_set_angles__functions.h
-- Up-to-date symlink: /home/tony/colcon_ws/install/mycobot_pro450_interfaces/include/mycobot_pro450_interfaces/msg/detail/mycobot_set_angles__struct.h
-- Up-to-date symlink: /home/tony/colcon_ws/install/mycobot_pro450_interfaces/include/mycobot_pro450_interfaces/msg/detail/mycobot_set_angles__type_support.h
-- Up-to-date symlink: /home/tony/colcon_ws/install/mycobot_pro450_interfaces/include/mycobot_pro450_interfaces/msg/detail/mycobot_set_coords__functions.h
-- Up-to-date symlink: /home/tony/colcon_ws/install/mycobot_pro450_interfaces/include/mycobot_pro450_interfaces/msg/detail/mycobot_set_coords__struct.h
-- Up-to-date symlink: /home/tony/colcon_ws/install/mycobot_pro450_interfaces/include/mycobot_pro450_interfaces/msg/detail/mycobot_set_coords__type_support.h
-- Up-to-date symlink: /home/tony/colcon_ws/install/mycobot_pro450_interfaces/include/mycobot_pro450_interfaces/msg/mycobot_angles.h
-- Up-to-date symlink: /home/tony/colcon_ws/install/mycobot_pro450_interfaces/include/mycobot_pro450_interfaces/msg/mycobot_coords.h
-- Up-to-date symlink: /home/tony/colcon_ws/install/mycobot_pro450_interfaces/include/mycobot_pro450_interfaces/msg/mycobot_gripper_status.h
-- Up-to-date symlink: /home/tony/colcon_ws/install/mycobot_pro450_interfaces/include/mycobot_pro450_interfaces/msg/mycobot_set_angles.h
-- Up-to-date symlink: /home/tony/colcon_ws/install/mycobot_pro450_interfaces/include/mycobot_pro450_interfaces/msg/mycobot_set_coords.h
-- Up-to-date symlink: /home/tony/colcon_ws/install/mycobot_pro450_interfaces/include/mycobot_pro450_interfaces/msg/rosidl_generator_c__visibility_control.h
-- Up-to-date symlink: /home/tony/colcon_ws/install/mycobot_pro450_interfaces/include/mycobot_pro450_interfaces/srv/detail/get_angles__functions.h
-- Up-to-date symlink: /home/tony/colcon_ws/install/mycobot_pro450_interfaces/include/mycobot_pro450_interfaces/srv/detail/get_angles__struct.h
-- Up-to-date symlink: /home/tony/colcon_ws/install/mycobot_pro450_interfaces/include/mycobot_pro450_interfaces/srv/detail/get_angles__type_support.h
-- Up-to-date symlink: /home/tony/colcon_ws/install/mycobot_pro450_interfaces/include/mycobot_pro450_interfaces/srv/detail/get_coords__functions.h
-- Up-to-date symlink: /home/tony/colcon_ws/install/mycobot_pro450_interfaces/include/mycobot_pro450_interfaces/srv/detail/get_coords__struct.h
-- Up-to-date symlink: /home/tony/colcon_ws/install/mycobot_pro450_interfaces/include/mycobot_pro450_interfaces/srv/detail/get_coords__type_support.h
-- Up-to-date symlink: /home/tony/colcon_ws/install/mycobot_pro450_interfaces/include/mycobot_pro450_interfaces/srv/detail/get_gripper_value__functions.h
-- Up-to-date symlink: /home/tony/colcon_ws/install/mycobot_pro450_interfaces/include/mycobot_pro450_interfaces/srv/detail/get_gripper_value__struct.h
-- Up-to-date symlink: /home/tony/colcon_ws/install/mycobot_pro450_interfaces/include/mycobot_pro450_interfaces/srv/detail/get_gripper_value__type_support.h
-- Up-to-date symlink: /home/tony/colcon_ws/install/mycobot_pro450_interfaces/include/mycobot_pro450_interfaces/srv/detail/gripper_status__functions.h
-- Up-to-date symlink: /home/tony/colcon_ws/install/mycobot_pro450_interfaces/include/mycobot_pro450_interfaces/srv/detail/gripper_status__struct.h
-- Up-to-date symlink: /home/tony/colcon_ws/install/mycobot_pro450_interfaces/include/mycobot_pro450_interfaces/srv/detail/gripper_status__type_support.h
-- Up-to-date symlink: /home/tony/colcon_ws/install/mycobot_pro450_interfaces/include/mycobot_pro450_interfaces/srv/detail/set_angles__functions.h
-- Up-to-date symlink: /home/tony/colcon_ws/install/mycobot_pro450_interfaces/include/mycobot_pro450_interfaces/srv/detail/set_angles__struct.h
-- Up-to-date symlink: /home/tony/colcon_ws/install/mycobot_pro450_interfaces/include/mycobot_pro450_interfaces/srv/detail/set_angles__type_support.h
-- Up-to-date symlink: /home/tony/colcon_ws/install/mycobot_pro450_interfaces/include/mycobot_pro450_interfaces/srv/detail/set_coords__functions.h
-- Up-to-date symlink: /home/tony/colcon_ws/install/mycobot_pro450_interfaces/include/mycobot_pro450_interfaces/srv/detail/set_coords__struct.h
-- Up-to-date symlink: /home/tony/colcon_ws/install/mycobot_pro450_interfaces/include/mycobot_pro450_interfaces/srv/detail/set_coords__type_support.h
-- Up-to-date symlink: /home/tony/colcon_ws/install/mycobot_pro450_interfaces/include/mycobot_pro450_interfaces/srv/get_angles.h
-- Up-to-date symlink: /home/tony/colcon_ws/install/mycobot_pro450_interfaces/include/mycobot_pro450_interfaces/srv/get_coords.h
-- Up-to-date symlink: /home/tony/colcon_ws/install/mycobot_pro450_interfaces/include/mycobot_pro450_interfaces/srv/get_gripper_value.h
-- Up-to-date symlink: /home/tony/colcon_ws/install/mycobot_pro450_interfaces/include/mycobot_pro450_interfaces/srv/gripper_status.h
-- Up-to-date symlink: /home/tony/colcon_ws/install/mycobot_pro450_interfaces/include/mycobot_pro450_interfaces/srv/set_angles.h
-- Up-to-date symlink: /home/tony/colcon_ws/install/mycobot_pro450_interfaces/include/mycobot_pro450_interfaces/srv/set_coords.h
-- Up-to-date symlink: /home/tony/colcon_ws/install/mycobot_pro450_interfaces/share/mycobot_pro450_interfaces/environment/library_path.sh
-- Up-to-date symlink: /home/tony/colcon_ws/install/mycobot_pro450_interfaces/share/mycobot_pro450_interfaces/environment/library_path.dsv
-- Up-to-date symlink: /home/tony/colcon_ws/install/mycobot_pro450_interfaces/include/mycobot_pro450_interfaces/msg/detail/mycobot_angles__rosidl_typesupport_fastrtps_c.h
-- Up-to-date symlink: /home/tony/colcon_ws/install/mycobot_pro450_interfaces/include/mycobot_pro450_interfaces/msg/detail/mycobot_coords__rosidl_typesupport_fastrtps_c.h
-- Up-to-date symlink: /home/tony/colcon_ws/install/mycobot_pro450_interfaces/include/mycobot_pro450_interfaces/msg/detail/mycobot_gripper_status__rosidl_typesupport_fastrtps_c.h
-- Up-to-date symlink: /home/tony/colcon_ws/install/mycobot_pro450_interfaces/include/mycobot_pro450_interfaces/msg/detail/mycobot_set_angles__rosidl_typesupport_fastrtps_c.h
-- Up-to-date symlink: /home/tony/colcon_ws/install/mycobot_pro450_interfaces/include/mycobot_pro450_interfaces/msg/detail/mycobot_set_coords__rosidl_typesupport_fastrtps_c.h
-- Up-to-date symlink: /home/tony/colcon_ws/install/mycobot_pro450_interfaces/include/mycobot_pro450_interfaces/msg/rosidl_typesupport_fastrtps_c__visibility_control.h
-- Up-to-date symlink: /home/tony/colcon_ws/install/mycobot_pro450_interfaces/include/mycobot_pro450_interfaces/srv/detail/get_angles__rosidl_typesupport_fastrtps_c.h
-- Up-to-date symlink: /home/tony/colcon_ws/install/mycobot_pro450_interfaces/include/mycobot_pro450_interfaces/srv/detail/get_coords__rosidl_typesupport_fastrtps_c.h
-- Up-to-date symlink: /home/tony/colcon_ws/install/mycobot_pro450_interfaces/include/mycobot_pro450_interfaces/srv/detail/get_gripper_value__rosidl_typesupport_fastrtps_c.h
-- Up-to-date symlink: /home/tony/colcon_ws/install/mycobot_pro450_interfaces/include/mycobot_pro450_interfaces/srv/detail/gripper_status__rosidl_typesupport_fastrtps_c.h
-- Up-to-date symlink: /home/tony/colcon_ws/install/mycobot_pro450_interfaces/include/mycobot_pro450_interfaces/srv/detail/set_angles__rosidl_typesupport_fastrtps_c.h
-- Up-to-date symlink: /home/tony/colcon_ws/install/mycobot_pro450_interfaces/include/mycobot_pro450_interfaces/srv/detail/set_coords__rosidl_typesupport_fastrtps_c.h
-- Up-to-date symlink: /home/tony/colcon_ws/install/mycobot_pro450_interfaces/lib/libmycobot_pro450_interfaces__rosidl_typesupport_fastrtps_c.so
-- Up-to-date symlink: /home/tony/colcon_ws/install/mycobot_pro450_interfaces/include/mycobot_pro450_interfaces/msg/detail/mycobot_angles__rosidl_typesupport_fastrtps_cpp.hpp
-- Up-to-date symlink: /home/tony/colcon_ws/install/mycobot_pro450_interfaces/include/mycobot_pro450_interfaces/msg/detail/mycobot_coords__rosidl_typesupport_fastrtps_cpp.hpp
-- Up-to-date symlink: /home/tony/colcon_ws/install/mycobot_pro450_interfaces/include/mycobot_pro450_interfaces/msg/detail/mycobot_gripper_status__rosidl_typesupport_fastrtps_cpp.hpp
-- Up-to-date symlink: /home/tony/colcon_ws/install/mycobot_pro450_interfaces/include/mycobot_pro450_interfaces/msg/detail/mycobot_set_angles__rosidl_typesupport_fastrtps_cpp.hpp
-- Up-to-date symlink: /home/tony/colcon_ws/install/mycobot_pro450_interfaces/include/mycobot_pro450_interfaces/msg/detail/mycobot_set_coords__rosidl_typesupport_fastrtps_cpp.hpp
-- Up-to-date symlink: /home/tony/colcon_ws/install/mycobot_pro450_interfaces/include/mycobot_pro450_interfaces/msg/rosidl_typesupport_fastrtps_cpp__visibility_control.h
-- Up-to-date symlink: /home/tony/colcon_ws/install/mycobot_pro450_interfaces/include/mycobot_pro450_interfaces/srv/detail/get_angles__rosidl_typesupport_fastrtps_cpp.hpp
-- Up-to-date symlink: /home/tony/colcon_ws/install/mycobot_pro450_interfaces/include/mycobot_pro450_interfaces/srv/detail/get_coords__rosidl_typesupport_fastrtps_cpp.hpp
-- Up-to-date symlink: /home/tony/colcon_ws/install/mycobot_pro450_interfaces/include/mycobot_pro450_interfaces/srv/detail/get_gripper_value__rosidl_typesupport_fastrtps_cpp.hpp
-- Up-to-date symlink: /home/tony/colcon_ws/install/mycobot_pro450_interfaces/include/mycobot_pro450_interfaces/srv/detail/gripper_status__rosidl_typesupport_fastrtps_cpp.hpp
-- Up-to-date symlink: /home/tony/colcon_ws/install/mycobot_pro450_interfaces/include/mycobot_pro450_interfaces/srv/detail/set_angles__rosidl_typesupport_fastrtps_cpp.hpp
-- Up-to-date symlink: /home/tony/colcon_ws/install/mycobot_pro450_interfaces/include/mycobot_pro450_interfaces/srv/detail/set_coords__rosidl_typesupport_fastrtps_cpp.hpp
-- Up-to-date symlink: /home/tony/colcon_ws/install/mycobot_pro450_interfaces/lib/libmycobot_pro450_interfaces__rosidl_typesupport_fastrtps_cpp.so
-- Up-to-date symlink: /home/tony/colcon_ws/install/mycobot_pro450_interfaces/include/mycobot_pro450_interfaces/msg/detail/mycobot_angles__rosidl_typesupport_introspection_c.h
-- Up-to-date symlink: /home/tony/colcon_ws/install/mycobot_pro450_interfaces/include/mycobot_pro450_interfaces/msg/detail/mycobot_coords__rosidl_typesupport_introspection_c.h
-- Up-to-date symlink: /home/tony/colcon_ws/install/mycobot_pro450_interfaces/include/mycobot_pro450_interfaces/msg/detail/mycobot_gripper_status__rosidl_typesupport_introspection_c.h
-- Up-to-date symlink: /home/tony/colcon_ws/install/mycobot_pro450_interfaces/include/mycobot_pro450_interfaces/msg/detail/mycobot_set_angles__rosidl_typesupport_introspection_c.h
-- Up-to-date symlink: /home/tony/colcon_ws/install/mycobot_pro450_interfaces/include/mycobot_pro450_interfaces/msg/detail/mycobot_set_coords__rosidl_typesupport_introspection_c.h
-- Up-to-date symlink: /home/tony/colcon_ws/install/mycobot_pro450_interfaces/include/mycobot_pro450_interfaces/msg/rosidl_typesupport_introspection_c__visibility_control.h
-- Up-to-date symlink: /home/tony/colcon_ws/install/mycobot_pro450_interfaces/include/mycobot_pro450_interfaces/srv/detail/get_angles__rosidl_typesupport_introspection_c.h
-- Up-to-date symlink: /home/tony/colcon_ws/install/mycobot_pro450_interfaces/include/mycobot_pro450_interfaces/srv/detail/get_coords__rosidl_typesupport_introspection_c.h
-- Up-to-date symlink: /home/tony/colcon_ws/install/mycobot_pro450_interfaces/include/mycobot_pro450_interfaces/srv/detail/get_gripper_value__rosidl_typesupport_introspection_c.h
-- Up-to-date symlink: /home/tony/colcon_ws/install/mycobot_pro450_interfaces/include/mycobot_pro450_interfaces/srv/detail/gripper_status__rosidl_typesupport_introspection_c.h
-- Up-to-date symlink: /home/tony/colcon_ws/install/mycobot_pro450_interfaces/include/mycobot_pro450_interfaces/srv/detail/set_angles__rosidl_typesupport_introspection_c.h
-- Up-to-date symlink: /home/tony/colcon_ws/install/mycobot_pro450_interfaces/include/mycobot_pro450_interfaces/srv/detail/set_coords__rosidl_typesupport_introspection_c.h
-- Up-to-date symlink: /home/tony/colcon_ws/install/mycobot_pro450_interfaces/include/mycobot_pro450_interfaces/msg/detail/mycobot_angles__builder.hpp
-- Up-to-date symlink: /home/tony/colcon_ws/install/mycobot_pro450_interfaces/include/mycobot_pro450_interfaces/msg/detail/mycobot_angles__struct.hpp
-- Up-to-date symlink: /home/tony/colcon_ws/install/mycobot_pro450_interfaces/include/mycobot_pro450_interfaces/msg/detail/mycobot_angles__traits.hpp
-- Up-to-date symlink: /home/tony/colcon_ws/install/mycobot_pro450_interfaces/include/mycobot_pro450_interfaces/msg/detail/mycobot_angles__type_support.hpp
-- Up-to-date symlink: /home/tony/colcon_ws/install/mycobot_pro450_interfaces/include/mycobot_pro450_interfaces/msg/detail/mycobot_coords__builder.hpp
-- Up-to-date symlink: /home/tony/colcon_ws/install/mycobot_pro450_interfaces/include/mycobot_pro450_interfaces/msg/detail/mycobot_coords__struct.hpp
-- Up-to-date symlink: /home/tony/colcon_ws/install/mycobot_pro450_interfaces/include/mycobot_pro450_interfaces/msg/detail/mycobot_coords__traits.hpp
-- Up-to-date symlink: /home/tony/colcon_ws/install/mycobot_pro450_interfaces/include/mycobot_pro450_interfaces/msg/detail/mycobot_coords__type_support.hpp
-- Up-to-date symlink: /home/tony/colcon_ws/install/mycobot_pro450_interfaces/include/mycobot_pro450_interfaces/msg/detail/mycobot_gripper_status__builder.hpp
-- Up-to-date symlink: /home/tony/colcon_ws/install/mycobot_pro450_interfaces/include/mycobot_pro450_interfaces/msg/detail/mycobot_gripper_status__struct.hpp
-- Up-to-date symlink: /home/tony/colcon_ws/install/mycobot_pro450_interfaces/include/mycobot_pro450_interfaces/msg/detail/mycobot_gripper_status__traits.hpp
-- Up-to-date symlink: /home/tony/colcon_ws/install/mycobot_pro450_interfaces/include/mycobot_pro450_interfaces/msg/detail/mycobot_gripper_status__type_support.hpp
-- Up-to-date symlink: /home/tony/colcon_ws/install/mycobot_pro450_interfaces/include/mycobot_pro450_interfaces/msg/detail/mycobot_set_angles__builder.hpp
-- Up-to-date symlink: /home/tony/colcon_ws/install/mycobot_pro450_interfaces/include/mycobot_pro450_interfaces/msg/detail/mycobot_set_angles__struct.hpp
-- Up-to-date symlink: /home/tony/colcon_ws/install/mycobot_pro450_interfaces/include/mycobot_pro450_interfaces/msg/detail/mycobot_set_angles__traits.hpp
-- Up-to-date symlink: /home/tony/colcon_ws/install/mycobot_pro450_interfaces/include/mycobot_pro450_interfaces/msg/detail/mycobot_set_angles__type_support.hpp
-- Up-to-date symlink: /home/tony/colcon_ws/install/mycobot_pro450_interfaces/include/mycobot_pro450_interfaces/msg/detail/mycobot_set_coords__builder.hpp
-- Up-to-date symlink: /home/tony/colcon_ws/install/mycobot_pro450_interfaces/include/mycobot_pro450_interfaces/msg/detail/mycobot_set_coords__struct.hpp
-- Up-to-date symlink: /home/tony/colcon_ws/install/mycobot_pro450_interfaces/include/mycobot_pro450_interfaces/msg/detail/mycobot_set_coords__traits.hpp
-- Up-to-date symlink: /home/tony/colcon_ws/install/mycobot_pro450_interfaces/include/mycobot_pro450_interfaces/msg/detail/mycobot_set_coords__type_support.hpp
-- Up-to-date symlink: /home/tony/colcon_ws/install/mycobot_pro450_interfaces/include/mycobot_pro450_interfaces/msg/mycobot_angles.hpp
-- Up-to-date symlink: /home/tony/colcon_ws/install/mycobot_pro450_interfaces/include/mycobot_pro450_interfaces/msg/mycobot_coords.hpp
-- Up-to-date symlink: /home/tony/colcon_ws/install/mycobot_pro450_interfaces/include/mycobot_pro450_interfaces/msg/mycobot_gripper_status.hpp
-- Up-to-date symlink: /home/tony/colcon_ws/install/mycobot_pro450_interfaces/include/mycobot_pro450_interfaces/msg/mycobot_set_angles.hpp
-- Up-to-date symlink: /home/tony/colcon_ws/install/mycobot_pro450_interfaces/include/mycobot_pro450_interfaces/msg/mycobot_set_coords.hpp
-- Up-to-date symlink: /home/tony/colcon_ws/install/mycobot_pro450_interfaces/include/mycobot_pro450_interfaces/msg/rosidl_generator_cpp__visibility_control.hpp
-- Up-to-date symlink: /home/tony/colcon_ws/install/mycobot_pro450_interfaces/include/mycobot_pro450_interfaces/srv/detail/get_angles__builder.hpp
-- Up-to-date symlink: /home/tony/colcon_ws/install/mycobot_pro450_interfaces/include/mycobot_pro450_interfaces/srv/detail/get_angles__struct.hpp
-- Up-to-date symlink: /home/tony/colcon_ws/install/mycobot_pro450_interfaces/include/mycobot_pro450_interfaces/srv/detail/get_angles__traits.hpp
-- Up-to-date symlink: /home/tony/colcon_ws/install/mycobot_pro450_interfaces/include/mycobot_pro450_interfaces/srv/detail/get_angles__type_support.hpp
-- Up-to-date symlink: /home/tony/colcon_ws/install/mycobot_pro450_interfaces/include/mycobot_pro450_interfaces/srv/detail/get_coords__builder.hpp
-- Up-to-date symlink: /home/tony/colcon_ws/install/mycobot_pro450_interfaces/include/mycobot_pro450_interfaces/srv/detail/get_coords__struct.hpp
-- Up-to-date symlink: /home/tony/colcon_ws/install/mycobot_pro450_interfaces/include/mycobot_pro450_interfaces/srv/detail/get_coords__traits.hpp
-- Up-to-date symlink: /home/tony/colcon_ws/install/mycobot_pro450_interfaces/include/mycobot_pro450_interfaces/srv/detail/get_coords__type_support.hpp
-- Up-to-date symlink: /home/tony/colcon_ws/install/mycobot_pro450_interfaces/include/mycobot_pro450_interfaces/srv/detail/get_gripper_value__builder.hpp
-- Up-to-date symlink: /home/tony/colcon_ws/install/mycobot_pro450_interfaces/include/mycobot_pro450_interfaces/srv/detail/get_gripper_value__struct.hpp
-- Up-to-date symlink: /home/tony/colcon_ws/install/mycobot_pro450_interfaces/include/mycobot_pro450_interfaces/srv/detail/get_gripper_value__traits.hpp
-- Up-to-date symlink: /home/tony/colcon_ws/install/mycobot_pro450_interfaces/include/mycobot_pro450_interfaces/srv/detail/get_gripper_value__type_support.hpp
-- Up-to-date symlink: /home/tony/colcon_ws/install/mycobot_pro450_interfaces/include/mycobot_pro450_interfaces/srv/detail/gripper_status__builder.hpp
-- Up-to-date symlink: /home/tony/colcon_ws/install/mycobot_pro450_interfaces/include/mycobot_pro450_interfaces/srv/detail/gripper_status__struct.hpp
-- Up-to-date symlink: /home/tony/colcon_ws/install/mycobot_pro450_interfaces/include/mycobot_pro450_interfaces/srv/detail/gripper_status__traits.hpp
-- Up-to-date symlink: /home/tony/colcon_ws/install/mycobot_pro450_interfaces/include/mycobot_pro450_interfaces/srv/detail/gripper_status__type_support.hpp
-- Up-to-date symlink: /home/tony/colcon_ws/install/mycobot_pro450_interfaces/include/mycobot_pro450_interfaces/srv/detail/set_angles__builder.hpp
-- Up-to-date symlink: /home/tony/colcon_ws/install/mycobot_pro450_interfaces/include/mycobot_pro450_interfaces/srv/detail/set_angles__struct.hpp
-- Up-to-date symlink: /home/tony/colcon_ws/install/mycobot_pro450_interfaces/include/mycobot_pro450_interfaces/srv/detail/set_angles__traits.hpp
-- Up-to-date symlink: /home/tony/colcon_ws/install/mycobot_pro450_interfaces/include/mycobot_pro450_interfaces/srv/detail/set_angles__type_support.hpp
-- Up-to-date symlink: /home/tony/colcon_ws/install/mycobot_pro450_interfaces/include/mycobot_pro450_interfaces/srv/detail/set_coords__builder.hpp
-- Up-to-date symlink: /home/tony/colcon_ws/install/mycobot_pro450_interfaces/include/mycobot_pro450_interfaces/srv/detail/set_coords__struct.hpp
-- Up-to-date symlink: /home/tony/colcon_ws/install/mycobot_pro450_interfaces/include/mycobot_pro450_interfaces/srv/detail/set_coords__traits.hpp
-- Up-to-date symlink: /home/tony/colcon_ws/install/mycobot_pro450_interfaces/include/mycobot_pro450_interfaces/srv/detail/set_coords__type_support.hpp
-- Up-to-date symlink: /home/tony/colcon_ws/install/mycobot_pro450_interfaces/include/mycobot_pro450_interfaces/srv/get_angles.hpp
-- Up-to-date symlink: /home/tony/colcon_ws/install/mycobot_pro450_interfaces/include/mycobot_pro450_interfaces/srv/get_coords.hpp
-- Up-to-date symlink: /home/tony/colcon_ws/install/mycobot_pro450_interfaces/include/mycobot_pro450_interfaces/srv/get_gripper_value.hpp
-- Up-to-date symlink: /home/tony/colcon_ws/install/mycobot_pro450_interfaces/include/mycobot_pro450_interfaces/srv/gripper_status.hpp
-- Up-to-date symlink: /home/tony/colcon_ws/install/mycobot_pro450_interfaces/include/mycobot_pro450_interfaces/srv/set_angles.hpp
-- Up-to-date symlink: /home/tony/colcon_ws/install/mycobot_pro450_interfaces/include/mycobot_pro450_interfaces/srv/set_coords.hpp
-- Up-to-date symlink: /home/tony/colcon_ws/install/mycobot_pro450_interfaces/include/mycobot_pro450_interfaces/msg/detail/mycobot_angles__rosidl_typesupport_introspection_cpp.hpp
-- Up-to-date symlink: /home/tony/colcon_ws/install/mycobot_pro450_interfaces/include/mycobot_pro450_interfaces/msg/detail/mycobot_coords__rosidl_typesupport_introspection_cpp.hpp
-- Up-to-date symlink: /home/tony/colcon_ws/install/mycobot_pro450_interfaces/include/mycobot_pro450_interfaces/msg/detail/mycobot_gripper_status__rosidl_typesupport_introspection_cpp.hpp
-- Up-to-date symlink: /home/tony/colcon_ws/install/mycobot_pro450_interfaces/include/mycobot_pro450_interfaces/msg/detail/mycobot_set_angles__rosidl_typesupport_introspection_cpp.hpp
-- Up-to-date symlink: /home/tony/colcon_ws/install/mycobot_pro450_interfaces/include/mycobot_pro450_interfaces/msg/detail/mycobot_set_coords__rosidl_typesupport_introspection_cpp.hpp
-- Up-to-date symlink: /home/tony/colcon_ws/install/mycobot_pro450_interfaces/include/mycobot_pro450_interfaces/srv/detail/get_angles__rosidl_typesupport_introspection_cpp.hpp
-- Up-to-date symlink: /home/tony/colcon_ws/install/mycobot_pro450_interfaces/include/mycobot_pro450_interfaces/srv/detail/get_coords__rosidl_typesupport_introspection_cpp.hpp
-- Up-to-date symlink: /home/tony/colcon_ws/install/mycobot_pro450_interfaces/include/mycobot_pro450_interfaces/srv/detail/get_gripper_value__rosidl_typesupport_introspection_cpp.hpp
-- Up-to-date symlink: /home/tony/colcon_ws/install/mycobot_pro450_interfaces/include/mycobot_pro450_interfaces/srv/detail/gripper_status__rosidl_typesupport_introspection_cpp.hpp
-- Up-to-date symlink: /home/tony/colcon_ws/install/mycobot_pro450_interfaces/include/mycobot_pro450_interfaces/srv/detail/set_angles__rosidl_typesupport_introspection_cpp.hpp
-- Up-to-date symlink: /home/tony/colcon_ws/install/mycobot_pro450_interfaces/include/mycobot_pro450_interfaces/srv/detail/set_coords__rosidl_typesupport_introspection_cpp.hpp
-- Up-to-date symlink: /home/tony/colcon_ws/install/mycobot_pro450_interfaces/share/mycobot_pro450_interfaces/environment/pythonpath.sh
-- Up-to-date symlink: /home/tony/colcon_ws/install/mycobot_pro450_interfaces/share/mycobot_pro450_interfaces/environment/pythonpath.dsv
-- Up-to-date symlink: /home/tony/colcon_ws/install/mycobot_pro450_interfaces/lib/python3.8/site-packages/mycobot_pro450_interfaces/__init__.py
-- Up-to-date symlink: /home/tony/colcon_ws/install/mycobot_pro450_interfaces/lib/python3.8/site-packages/mycobot_pro450_interfaces/msg/__init__.py
-- Up-to-date symlink: /home/tony/colcon_ws/install/mycobot_pro450_interfaces/lib/python3.8/site-packages/mycobot_pro450_interfaces/msg/_mycobot_angles.py
-- Up-to-date symlink: /home/tony/colcon_ws/install/mycobot_pro450_interfaces/lib/python3.8/site-packages/mycobot_pro450_interfaces/msg/_mycobot_coords.py
-- Up-to-date symlink: /home/tony/colcon_ws/install/mycobot_pro450_interfaces/lib/python3.8/site-packages/mycobot_pro450_interfaces/msg/_mycobot_gripper_status.py
-- Up-to-date symlink: /home/tony/colcon_ws/install/mycobot_pro450_interfaces/lib/python3.8/site-packages/mycobot_pro450_interfaces/msg/_mycobot_set_angles.py
-- Up-to-date symlink: /home/tony/colcon_ws/install/mycobot_pro450_interfaces/lib/python3.8/site-packages/mycobot_pro450_interfaces/msg/_mycobot_set_coords.py
-- Up-to-date symlink: /home/tony/colcon_ws/install/mycobot_pro450_interfaces/lib/python3.8/site-packages/mycobot_pro450_interfaces/srv/__init__.py
-- Up-to-date symlink: /home/tony/colcon_ws/install/mycobot_pro450_interfaces/lib/python3.8/site-packages/mycobot_pro450_interfaces/srv/_get_angles.py
-- Up-to-date symlink: /home/tony/colcon_ws/install/mycobot_pro450_interfaces/lib/python3.8/site-packages/mycobot_pro450_interfaces/srv/_get_coords.py
-- Up-to-date symlink: /home/tony/colcon_ws/install/mycobot_pro450_interfaces/lib/python3.8/site-packages/mycobot_pro450_interfaces/srv/_get_gripper_value.py
-- Up-to-date symlink: /home/tony/colcon_ws/install/mycobot_pro450_interfaces/lib/python3.8/site-packages/mycobot_pro450_interfaces/srv/_gripper_status.py
-- Up-to-date symlink: /home/tony/colcon_ws/install/mycobot_pro450_interfaces/lib/python3.8/site-packages/mycobot_pro450_interfaces/srv/_set_angles.py
-- Up-to-date symlink: /home/tony/colcon_ws/install/mycobot_pro450_interfaces/lib/python3.8/site-packages/mycobot_pro450_interfaces/srv/_set_coords.py
-- Up-to-date symlink: /home/tony/colcon_ws/install/mycobot_pro450_interfaces/lib/python3.8/site-packages/mycobot_pro450_interfaces/mycobot_pro450_interfaces_s__rosidl_typesupport_fastrtps_c.cpython-38-aarch64-linux-gnu.so
-- Up-to-date symlink: /home/tony/colcon_ws/install/mycobot_pro450_interfaces/lib/python3.8/site-packages/mycobot_pro450_interfaces/mycobot_pro450_interfaces_s__rosidl_typesupport_introspection_c.cpython-38-aarch64-linux-gnu.so
-- Up-to-date symlink: /home/tony/colcon_ws/install/mycobot_pro450_interfaces/lib/python3.8/site-packages/mycobot_pro450_interfaces/mycobot_pro450_interfaces_s__rosidl_typesupport_c.cpython-38-aarch64-linux-gnu.so
-- Up-to-date symlink: /home/tony/colcon_ws/install/mycobot_pro450_interfaces/lib/libmycobot_pro450_interfaces__python.so
-- Up-to-date symlink: /home/tony/colcon_ws/install/mycobot_pro450_interfaces/share/mycobot_pro450_interfaces/msg/MycobotAngles.idl
-- Up-to-date symlink: /home/tony/colcon_ws/install/mycobot_pro450_interfaces/share/mycobot_pro450_interfaces/msg/MycobotCoords.idl
-- Up-to-date symlink: /home/tony/colcon_ws/install/mycobot_pro450_interfaces/share/mycobot_pro450_interfaces/msg/MycobotSetAngles.idl
-- Up-to-date symlink: /home/tony/colcon_ws/install/mycobot_pro450_interfaces/share/mycobot_pro450_interfaces/msg/MycobotSetCoords.idl
-- Up-to-date symlink: /home/tony/colcon_ws/install/mycobot_pro450_interfaces/share/mycobot_pro450_interfaces/msg/MycobotGripperStatus.idl
-- Up-to-date symlink: /home/tony/colcon_ws/install/mycobot_pro450_interfaces/share/mycobot_pro450_interfaces/srv/GetAngles.idl
-- Up-to-date symlink: /home/tony/colcon_ws/install/mycobot_pro450_interfaces/share/mycobot_pro450_interfaces/srv/SetAngles.idl
-- Up-to-date symlink: /home/tony/colcon_ws/install/mycobot_pro450_interfaces/share/mycobot_pro450_interfaces/srv/GetCoords.idl
-- Up-to-date symlink: /home/tony/colcon_ws/install/mycobot_pro450_interfaces/share/mycobot_pro450_interfaces/srv/SetCoords.idl
-- Up-to-date symlink: /home/tony/colcon_ws/install/mycobot_pro450_interfaces/share/mycobot_pro450_interfaces/srv/GripperStatus.idl
-- Up-to-date symlink: /home/tony/colcon_ws/install/mycobot_pro450_interfaces/share/mycobot_pro450_interfaces/srv/GetGripperValue.idl
-- Up-to-date symlink: /home/tony/colcon_ws/install/mycobot_pro450_interfaces/share/mycobot_pro450_interfaces/msg/MycobotAngles.msg
-- Up-to-date symlink: /home/tony/colcon_ws/install/mycobot_pro450_interfaces/share/mycobot_pro450_interfaces/msg/MycobotCoords.msg
-- Up-to-date symlink: /home/tony/colcon_ws/install/mycobot_pro450_interfaces/share/mycobot_pro450_interfaces/msg/MycobotSetAngles.msg
-- Up-to-date symlink: /home/tony/colcon_ws/install/mycobot_pro450_interfaces/share/mycobot_pro450_interfaces/msg/MycobotSetCoords.msg
-- Up-to-date symlink: /home/tony/colcon_ws/install/mycobot_pro450_interfaces/share/mycobot_pro450_interfaces/msg/MycobotGripperStatus.msg
-- Up-to-date symlink: /home/tony/colcon_ws/install/mycobot_pro450_interfaces/share/mycobot_pro450_interfaces/srv/GetAngles.srv
-- Up-to-date symlink: /home/tony/colcon_ws/install/mycobot_pro450_interfaces/share/mycobot_pro450_interfaces/srv/GetAngles_Request.msg
-- Up-to-date symlink: /home/tony/colcon_ws/install/mycobot_pro450_interfaces/share/mycobot_pro450_interfaces/srv/GetAngles_Response.msg
-- Up-to-date symlink: /home/tony/colcon_ws/install/mycobot_pro450_interfaces/share/mycobot_pro450_interfaces/srv/SetAngles.srv
-- Up-to-date symlink: /home/tony/colcon_ws/install/mycobot_pro450_interfaces/share/mycobot_pro450_interfaces/srv/SetAngles_Request.msg
-- Up-to-date symlink: /home/tony/colcon_ws/install/mycobot_pro450_interfaces/share/mycobot_pro450_interfaces/srv/SetAngles_Response.msg
-- Up-to-date symlink: /home/tony/colcon_ws/install/mycobot_pro450_interfaces/share/mycobot_pro450_interfaces/srv/GetCoords.srv
-- Up-to-date symlink: /home/tony/colcon_ws/install/mycobot_pro450_interfaces/share/mycobot_pro450_interfaces/srv/GetCoords_Request.msg
-- Up-to-date symlink: /home/tony/colcon_ws/install/mycobot_pro450_interfaces/share/mycobot_pro450_interfaces/srv/GetCoords_Response.msg
-- Up-to-date symlink: /home/tony/colcon_ws/install/mycobot_pro450_interfaces/share/mycobot_pro450_interfaces/srv/SetCoords.srv
-- Up-to-date symlink: /home/tony/colcon_ws/install/mycobot_pro450_interfaces/share/mycobot_pro450_interfaces/srv/SetCoords_Request.msg
-- Up-to-date symlink: /home/tony/colcon_ws/install/mycobot_pro450_interfaces/share/mycobot_pro450_interfaces/srv/SetCoords_Response.msg
-- Up-to-date symlink: /home/tony/colcon_ws/install/mycobot_pro450_interfaces/share/mycobot_pro450_interfaces/srv/GripperStatus.srv
-- Up-to-date symlink: /home/tony/colcon_ws/install/mycobot_pro450_interfaces/share/mycobot_pro450_interfaces/srv/GripperStatus_Request.msg
-- Up-to-date symlink: /home/tony/colcon_ws/install/mycobot_pro450_interfaces/share/mycobot_pro450_interfaces/srv/GripperStatus_Response.msg
-- Up-to-date symlink: /home/tony/colcon_ws/install/mycobot_pro450_interfaces/share/mycobot_pro450_interfaces/srv/GetGripperValue.srv
-- Up-to-date symlink: /home/tony/colcon_ws/install/mycobot_pro450_interfaces/share/mycobot_pro450_interfaces/srv/GetGripperValue_Request.msg
-- Up-to-date symlink: /home/tony/colcon_ws/install/mycobot_pro450_interfaces/share/mycobot_pro450_interfaces/srv/GetGripperValue_Response.msg
-- Up-to-date symlink: /home/tony/colcon_ws/install/mycobot_pro450_interfaces/share/ament_index/resource_index/package_run_dependencies/mycobot_pro450_interfaces
-- Up-to-date symlink: /home/tony/colcon_ws/install/mycobot_pro450_interfaces/share/ament_index/resource_index/parent_prefix_path/mycobot_pro450_interfaces
-- Up-to-date symlink: /home/tony/colcon_ws/install/mycobot_pro450_interfaces/share/mycobot_pro450_interfaces/environment/ament_prefix_path.sh
-- Up-to-date symlink: /home/tony/colcon_ws/install/mycobot_pro450_interfaces/share/mycobot_pro450_interfaces/environment/ament_prefix_path.dsv
-- Up-to-date symlink: /home/tony/colcon_ws/install/mycobot_pro450_interfaces/share/mycobot_pro450_interfaces/environment/path.sh
-- Up-to-date symlink: /home/tony/colcon_ws/install/mycobot_pro450_interfaces/share/mycobot_pro450_interfaces/environment/path.dsv
-- Up-to-date symlink: /home/tony/colcon_ws/install/mycobot_pro450_interfaces/share/mycobot_pro450_interfaces/local_setup.bash
-- Up-to-date symlink: /home/tony/colcon_ws/install/mycobot_pro450_interfaces/share/mycobot_pro450_interfaces/local_setup.sh
-- Up-to-date symlink: /home/tony/colcon_ws/install/mycobot_pro450_interfaces/share/mycobot_pro450_interfaces/local_setup.zsh
-- Up-to-date symlink: /home/tony/colcon_ws/install/mycobot_pro450_interfaces/share/mycobot_pro450_interfaces/local_setup.dsv
-- Symlinking: /home/tony/colcon_ws/install/mycobot_pro450_interfaces/share/mycobot_pro450_interfaces/package.dsv
-- Up-to-date symlink: /home/tony/colcon_ws/install/mycobot_pro450_interfaces/share/ament_index/resource_index/packages/mycobot_pro450_interfaces
-- Up-to-date symlink: /home/tony/colcon_ws/install/mycobot_pro450_interfaces/share/mycobot_pro450_interfaces/cmake/rosidl_cmake-extras.cmake
-- Up-to-date symlink: /home/tony/colcon_ws/install/mycobot_pro450_interfaces/share/mycobot_pro450_interfaces/cmake/ament_cmake_export_dependencies-extras.cmake
-- Up-to-date symlink: /home/tony/colcon_ws/install/mycobot_pro450_interfaces/share/mycobot_pro450_interfaces/cmake/ament_cmake_export_libraries-extras.cmake
-- Up-to-date symlink: /home/tony/colcon_ws/install/mycobot_pro450_interfaces/share/mycobot_pro450_interfaces/cmake/ament_cmake_export_targets-extras.cmake
-- Up-to-date symlink: /home/tony/colcon_ws/install/mycobot_pro450_interfaces/share/mycobot_pro450_interfaces/cmake/ament_cmake_export_include_directories-extras.cmake
-- Up-to-date symlink: /home/tony/colcon_ws/install/mycobot_pro450_interfaces/share/mycobot_pro450_interfaces/cmake/rosidl_cmake_export_typesupport_libraries-extras.cmake
-- Up-to-date symlink: /home/tony/colcon_ws/install/mycobot_pro450_interfaces/share/mycobot_pro450_interfaces/cmake/rosidl_cmake_export_typesupport_targets-extras.cmake
-- Up-to-date symlink: /home/tony/colcon_ws/install/mycobot_pro450_interfaces/share/mycobot_pro450_interfaces/cmake/mycobot_pro450_interfacesConfig.cmake
-- Up-to-date symlink: /home/tony/colcon_ws/install/mycobot_pro450_interfaces/share/mycobot_pro450_interfaces/cmake/mycobot_pro450_interfacesConfig-version.cmake
-- Up-to-date symlink: /home/tony/colcon_ws/install/mycobot_pro450_interfaces/share/mycobot_pro450_interfaces/package.xml
-- Up-to-date: /home/tony/colcon_ws/install/mycobot_pro450_interfaces/lib/libmycobot_pro450_interfaces__rosidl_generator_c.so
-- Up-to-date: /home/tony/colcon_ws/install/mycobot_pro450_interfaces/lib/libmycobot_pro450_interfaces__rosidl_typesupport_introspection_c.so
-- Up-to-date: /home/tony/colcon_ws/install/mycobot_pro450_interfaces/lib/libmycobot_pro450_interfaces__rosidl_typesupport_c.so
-- Up-to-date: /home/tony/colcon_ws/install/mycobot_pro450_interfaces/lib/libmycobot_pro450_interfaces__rosidl_typesupport_introspection_cpp.so
-- Up-to-date: /home/tony/colcon_ws/install/mycobot_pro450_interfaces/lib/libmycobot_pro450_interfaces__rosidl_typesupport_cpp.so
-- Up-to-date: /home/tony/colcon_ws/install/mycobot_pro450_interfaces/share/mycobot_pro450_interfaces/cmake/mycobot_pro450_interfaces__rosidl_generator_cExport.cmake
-- Up-to-date: /home/tony/colcon_ws/install/mycobot_pro450_interfaces/share/mycobot_pro450_interfaces/cmake/mycobot_pro450_interfaces__rosidl_generator_cExport-noconfig.cmake
-- Up-to-date: /home/tony/colcon_ws/install/mycobot_pro450_interfaces/share/mycobot_pro450_interfaces/cmake/mycobot_pro450_interfaces__rosidl_typesupport_introspection_cExport.cmake
-- Up-to-date: /home/tony/colcon_ws/install/mycobot_pro450_interfaces/share/mycobot_pro450_interfaces/cmake/mycobot_pro450_interfaces__rosidl_typesupport_introspection_cExport-noconfig.cmake
-- Up-to-date: /home/tony/colcon_ws/install/mycobot_pro450_interfaces/share/mycobot_pro450_interfaces/cmake/mycobot_pro450_interfaces__rosidl_typesupport_cExport.cmake
-- Up-to-date: /home/tony/colcon_ws/install/mycobot_pro450_interfaces/share/mycobot_pro450_interfaces/cmake/mycobot_pro450_interfaces__rosidl_typesupport_cExport-noconfig.cmake
-- Up-to-date: /home/tony/colcon_ws/install/mycobot_pro450_interfaces/share/mycobot_pro450_interfaces/cmake/mycobot_pro450_interfaces__rosidl_generator_cppExport.cmake
-- Up-to-date: /home/tony/colcon_ws/install/mycobot_pro450_interfaces/share/mycobot_pro450_interfaces/cmake/mycobot_pro450_interfaces__rosidl_typesupport_introspection_cppExport.cmake
-- Up-to-date: /home/tony/colcon_ws/install/mycobot_pro450_interfaces/share/mycobot_pro450_interfaces/cmake/mycobot_pro450_interfaces__rosidl_typesupport_introspection_cppExport-noconfig.cmake
-- Up-to-date: /home/tony/colcon_ws/install/mycobot_pro450_interfaces/share/mycobot_pro450_interfaces/cmake/mycobot_pro450_interfaces__rosidl_typesupport_cppExport.cmake
-- Up-to-date: /home/tony/colcon_ws/install/mycobot_pro450_interfaces/share/mycobot_pro450_interfaces/cmake/mycobot_pro450_interfaces__rosidl_typesupport_cppExport-noconfig.cmake
