[0.534s] Invoking command in '/home/tony/colcon_ws/build/mybuddy': AMENT_PREFIX_PATH=/home/tony/colcon_ws/install/mycobot_description:/home/tony/colcon_ws/install/mypalletizer_interfaces:/home/tony/colcon_ws/install/mycobot_pro450_interfaces:/home/tony/colcon_ws/install/mycobot_communication:/home/tony/colcon_ws/install/mecharm_communication:/home/tony/colcon_ws/install/mycobot_interfaces:/home/tony/colcon_ws/install/mycobot_280:/home/tony/colcon_ws/install/mybuddy:/home/tony/colcon_ws/install/myarm_300:/home/tony/colcon_ws/install/mecharm_pi:/home/tony/colcon_ws/install/mecharm:/home/tony/colcon_ws/install/mecharm_interfaces:/opt/ros/foxy PYTHONPATH=/home/tony/colcon_ws/build/mybuddy/prefix_override:/usr/lib/python3/dist-packages/colcon_core/task/python/colcon_distutils_commands:/home/tony/colcon_ws/install/mybuddy/lib/python3.8/site-packages:/home/tony/colcon_ws/build/mycobot_description:/home/tony/colcon_ws/install/mycobot_description/lib/python3.8/site-packages:/home/tony/colcon_ws/install/mypalletizer_interfaces/lib/python3.8/site-packages:/home/tony/colcon_ws/install/mycobot_pro450_interfaces/lib/python3.8/site-packages:/home/tony/colcon_ws/build/mycobot_communication:/home/tony/colcon_ws/install/mycobot_communication/lib/python3.8/site-packages:/home/tony/colcon_ws/build/mecharm_communication:/home/tony/colcon_ws/install/mecharm_communication/lib/python3.8/site-packages:/home/tony/colcon_ws/install/mycobot_interfaces/lib/python3.8/site-packages:/home/tony/colcon_ws/build/mycobot_280:/home/tony/colcon_ws/install/mycobot_280/lib/python3.8/site-packages:/home/tony/colcon_ws/build/mybuddy:/home/tony/colcon_ws/install/mybuddy/lib/python3.8/site-packages:/home/tony/colcon_ws/build/myarm_300:/home/tony/colcon_ws/install/myarm_300/lib/python3.8/site-packages:/home/tony/colcon_ws/build/mecharm_pi:/home/tony/colcon_ws/install/mecharm_pi/lib/python3.8/site-packages:/home/tony/colcon_ws/build/mecharm:/home/tony/colcon_ws/install/mecharm/lib/python3.8/site-packages:/home/tony/colcon_ws/install/mecharm_interfaces/lib/python3.8/site-packages:/opt/ros/foxy/lib/python3.8/site-packages /usr/bin/python3 -W ignore:setup.py install is deprecated -W ignore:easy_install command is deprecated setup.py develop --editable --build-directory /home/tony/colcon_ws/build/mybuddy/build --no-deps symlink_data
[0.664s] running develop
[0.727s] running egg_info
[0.727s] writing mybuddy.egg-info/PKG-INFO
[0.727s] writing dependency_links to mybuddy.egg-info/dependency_links.txt
[0.728s] writing entry points to mybuddy.egg-info/entry_points.txt
[0.728s] writing requirements to mybuddy.egg-info/requires.txt
[0.728s] writing top-level names to mybuddy.egg-info/top_level.txt
[0.754s] reading manifest file 'mybuddy.egg-info/SOURCES.txt'
[0.758s] writing manifest file 'mybuddy.egg-info/SOURCES.txt'
[0.775s] running build_ext
[0.775s] Creating /home/tony/colcon_ws/install/mybuddy/lib/python3.8/site-packages/mybuddy.egg-link (link to .)
[0.776s] Installing follow_display script to /home/tony/colcon_ws/install/mybuddy/lib/mybuddy
[0.776s] Installing listen_real script to /home/tony/colcon_ws/install/mybuddy/lib/mybuddy
[0.776s] Installing listen_real_of_topic script to /home/tony/colcon_ws/install/mybuddy/lib/mybuddy
[0.776s] Installing slider_control script to /home/tony/colcon_ws/install/mybuddy/lib/mybuddy
[0.776s] 
[0.776s] Installed /home/tony/colcon_ws/build/mybuddy
[0.776s] running symlink_data
[0.880s] Invoked command in '/home/tony/colcon_ws/build/mybuddy' returned '0': AMENT_PREFIX_PATH=/home/tony/colcon_ws/install/mycobot_description:/home/tony/colcon_ws/install/mypalletizer_interfaces:/home/tony/colcon_ws/install/mycobot_pro450_interfaces:/home/tony/colcon_ws/install/mycobot_communication:/home/tony/colcon_ws/install/mecharm_communication:/home/tony/colcon_ws/install/mycobot_interfaces:/home/tony/colcon_ws/install/mycobot_280:/home/tony/colcon_ws/install/mybuddy:/home/tony/colcon_ws/install/myarm_300:/home/tony/colcon_ws/install/mecharm_pi:/home/tony/colcon_ws/install/mecharm:/home/tony/colcon_ws/install/mecharm_interfaces:/opt/ros/foxy PYTHONPATH=/home/tony/colcon_ws/build/mybuddy/prefix_override:/usr/lib/python3/dist-packages/colcon_core/task/python/colcon_distutils_commands:/home/tony/colcon_ws/install/mybuddy/lib/python3.8/site-packages:/home/tony/colcon_ws/build/mycobot_description:/home/tony/colcon_ws/install/mycobot_description/lib/python3.8/site-packages:/home/tony/colcon_ws/install/mypalletizer_interfaces/lib/python3.8/site-packages:/home/tony/colcon_ws/install/mycobot_pro450_interfaces/lib/python3.8/site-packages:/home/tony/colcon_ws/build/mycobot_communication:/home/tony/colcon_ws/install/mycobot_communication/lib/python3.8/site-packages:/home/tony/colcon_ws/build/mecharm_communication:/home/tony/colcon_ws/install/mecharm_communication/lib/python3.8/site-packages:/home/tony/colcon_ws/install/mycobot_interfaces/lib/python3.8/site-packages:/home/tony/colcon_ws/build/mycobot_280:/home/tony/colcon_ws/install/mycobot_280/lib/python3.8/site-packages:/home/tony/colcon_ws/build/mybuddy:/home/tony/colcon_ws/install/mybuddy/lib/python3.8/site-packages:/home/tony/colcon_ws/build/myarm_300:/home/tony/colcon_ws/install/myarm_300/lib/python3.8/site-packages:/home/tony/colcon_ws/build/mecharm_pi:/home/tony/colcon_ws/install/mecharm_pi/lib/python3.8/site-packages:/home/tony/colcon_ws/build/mecharm:/home/tony/colcon_ws/install/mecharm/lib/python3.8/site-packages:/home/tony/colcon_ws/install/mecharm_interfaces/lib/python3.8/site-packages:/opt/ros/foxy/lib/python3.8/site-packages /usr/bin/python3 -W ignore:setup.py install is deprecated -W ignore:easy_install command is deprecated setup.py develop --editable --build-directory /home/tony/colcon_ws/build/mybuddy/build --no-deps symlink_data
