[0.399s] Invoking command in '/home/tony/colcon_ws/build/mycobot_description': PYTHONPATH=/home/tony/colcon_ws/build/mycobot_description/prefix_override:/usr/lib/python3/dist-packages/colcon_core/task/python/colcon_distutils_commands:/home/tony/colcon_ws/install/mycobot_description/lib/python3.8/site-packages:${PYTHONPATH} /usr/bin/python3 -W ignore:setup.py install is deprecated -W ignore:easy_install command is deprecated setup.py develop --uninstall --editable --build-directory /home/tony/colcon_ws/build/mycobot_description/build
[0.503s] running develop
[0.549s] Removing /home/tony/colcon_ws/install/mycobot_description/lib/python3.8/site-packages/mycobot-description.egg-link (link to .)
[0.560s] Invoked command in '/home/tony/colcon_ws/build/mycobot_description' returned '0': PYTHONPATH=/home/tony/colcon_ws/build/mycobot_description/prefix_override:/usr/lib/python3/dist-packages/colcon_core/task/python/colcon_distutils_commands:/home/tony/colcon_ws/install/mycobot_description/lib/python3.8/site-packages:${PYTHONPATH} /usr/bin/python3 -W ignore:setup.py install is deprecated -W ignore:easy_install command is deprecated setup.py develop --uninstall --editable --build-directory /home/tony/colcon_ws/build/mycobot_description/build
[0.561s] Invoking command in '/home/tony/colcon_ws/src/mycobot_ros2/mycobot_description': PYTHONPATH=/home/tony/colcon_ws/build/mycobot_description/prefix_override:/usr/lib/python3/dist-packages/colcon_core/task/python/colcon_distutils_commands:/home/tony/colcon_ws/install/mycobot_description/lib/python3.8/site-packages:${PYTHONPATH} /usr/bin/python3 -W ignore:setup.py install is deprecated -W ignore:easy_install command is deprecated setup.py egg_info --egg-base ../../../build/mycobot_description build --build-base /home/tony/colcon_ws/build/mycobot_description/build install --record /home/tony/colcon_ws/build/mycobot_description/install.log --install-scripts $base/lib/mycobot_description --single-version-externally-managed install_data --force
[0.656s] running egg_info
[0.656s] writing ../../../build/mycobot_description/mycobot_description.egg-info/PKG-INFO
[0.656s] writing dependency_links to ../../../build/mycobot_description/mycobot_description.egg-info/dependency_links.txt
[0.656s] writing entry points to ../../../build/mycobot_description/mycobot_description.egg-info/entry_points.txt
[0.657s] writing requirements to ../../../build/mycobot_description/mycobot_description.egg-info/requires.txt
[0.657s] writing top-level names to ../../../build/mycobot_description/mycobot_description.egg-info/top_level.txt
[0.673s] reading manifest file '../../../build/mycobot_description/mycobot_description.egg-info/SOURCES.txt'
[0.675s] writing manifest file '../../../build/mycobot_description/mycobot_description.egg-info/SOURCES.txt'
[0.675s] running build
[0.675s] running build_py
[0.675s] creating /home/tony/colcon_ws/build/mycobot_description/build
[0.676s] creating /home/tony/colcon_ws/build/mycobot_description/build/lib
[0.676s] creating /home/tony/colcon_ws/build/mycobot_description/build/lib/mycobot_description
[0.676s] copying mycobot_description/__init__.py -> /home/tony/colcon_ws/build/mycobot_description/build/lib/mycobot_description
[0.676s] running install
[0.676s] running install_lib
[0.677s] creating /home/tony/colcon_ws/install/mycobot_description/lib/python3.8/site-packages/mycobot_description
[0.677s] copying /home/tony/colcon_ws/build/mycobot_description/build/lib/mycobot_description/__init__.py -> /home/tony/colcon_ws/install/mycobot_description/lib/python3.8/site-packages/mycobot_description
[0.677s] byte-compiling /home/tony/colcon_ws/install/mycobot_description/lib/python3.8/site-packages/mycobot_description/__init__.py to __init__.cpython-38.pyc
[0.678s] running install_data
[0.678s] copying resource/mycobot_description -> /home/tony/colcon_ws/install/mycobot_description/share/ament_index/resource_index/packages
[0.678s] copying package.xml -> /home/tony/colcon_ws/install/mycobot_description/share/mycobot_description
[0.678s] copying urdf/mypalletizer_260_pi/mypalletizer_260_pi_adaptive_gripper.urdf -> /home/tony/colcon_ws/install/mycobot_description/share/mycobot_description/urdf/mypalletizer_260_pi
[0.678s] copying urdf/mypalletizer_260_pi/link1.dae -> /home/tony/colcon_ws/install/mycobot_description/share/mycobot_description/urdf/mypalletizer_260_pi
[0.681s] copying urdf/mypalletizer_260_pi/mypalletizer_260_pi.urdf -> /home/tony/colcon_ws/install/mycobot_description/share/mycobot_description/urdf/mypalletizer_260_pi
[0.682s] copying urdf/mypalletizer_260_pi/base.dae -> /home/tony/colcon_ws/install/mycobot_description/share/mycobot_description/urdf/mypalletizer_260_pi
[0.688s] copying urdf/mypalletizer_260_pi/link5.dae -> /home/tony/colcon_ws/install/mycobot_description/share/mycobot_description/urdf/mypalletizer_260_pi
[0.690s] copying urdf/mypalletizer_260_pi/link2.dae -> /home/tony/colcon_ws/install/mycobot_description/share/mycobot_description/urdf/mypalletizer_260_pi
[0.701s] copying urdf/mypalletizer_260_pi/link4.dae -> /home/tony/colcon_ws/install/mycobot_description/share/mycobot_description/urdf/mypalletizer_260_pi
[0.703s] copying urdf/mypalletizer_260_pi/suit_env.dae -> /home/tony/colcon_ws/install/mycobot_description/share/mycobot_description/urdf/mypalletizer_260_pi
[0.711s] copying urdf/mypalletizer_260_pi/link3.dae -> /home/tony/colcon_ws/install/mycobot_description/share/mycobot_description/urdf/mypalletizer_260_pi
[0.734s] copying urdf/mypalletizer_260_pi/mypalletizer_260_pi_aikit.urdf -> /home/tony/colcon_ws/install/mycobot_description/share/mycobot_description/urdf/mypalletizer_260_pi
[0.734s] copying urdf/mypalletizer_260_m5/link1.dae -> /home/tony/colcon_ws/install/mycobot_description/share/mycobot_description/urdf/mypalletizer_260_m5
[0.745s] copying urdf/mypalletizer_260_m5/base.dae -> /home/tony/colcon_ws/install/mycobot_description/share/mycobot_description/urdf/mypalletizer_260_m5
[0.754s] copying urdf/mypalletizer_260_m5/link5.dae -> /home/tony/colcon_ws/install/mycobot_description/share/mycobot_description/urdf/mypalletizer_260_m5
[0.757s] copying urdf/mypalletizer_260_m5/link2.dae -> /home/tony/colcon_ws/install/mycobot_description/share/mycobot_description/urdf/mypalletizer_260_m5
[0.765s] copying urdf/mypalletizer_260_m5/mypalletizer_260_m5_adaptive_gripper.urdf -> /home/tony/colcon_ws/install/mycobot_description/share/mycobot_description/urdf/mypalletizer_260_m5
[0.765s] copying urdf/mypalletizer_260_m5/link4.dae -> /home/tony/colcon_ws/install/mycobot_description/share/mycobot_description/urdf/mypalletizer_260_m5
[0.769s] copying urdf/mypalletizer_260_m5/link3.dae -> /home/tony/colcon_ws/install/mycobot_description/share/mycobot_description/urdf/mypalletizer_260_m5
[0.779s] copying urdf/mypalletizer_260_m5/mypalletizer_260_m5.urdf -> /home/tony/colcon_ws/install/mycobot_description/share/mycobot_description/urdf/mypalletizer_260_m5
[0.780s] copying urdf/mycobot_280_jn/mycobot_280_jn_adaptive_gripper.urdf -> /home/tony/colcon_ws/install/mycobot_description/share/mycobot_description/urdf/mycobot_280_jn
[0.780s] copying urdf/mycobot_280_jn/joint1_jet.dae -> /home/tony/colcon_ws/install/mycobot_description/share/mycobot_description/urdf/mycobot_280_jn
[0.813s] copying urdf/mycobot_280_jn/joint5.png -> /home/tony/colcon_ws/install/mycobot_description/share/mycobot_description/urdf/mycobot_280_jn
[0.813s] copying urdf/mycobot_280_jn/joint3.png -> /home/tony/colcon_ws/install/mycobot_description/share/mycobot_description/urdf/mycobot_280_jn
[0.813s] copying urdf/mycobot_280_jn/joint2.dae -> /home/tony/colcon_ws/install/mycobot_description/share/mycobot_description/urdf/mycobot_280_jn
[0.818s] copying urdf/mycobot_280_jn/joint6.png -> /home/tony/colcon_ws/install/mycobot_description/share/mycobot_description/urdf/mycobot_280_jn
[0.819s] copying urdf/mycobot_280_jn/joint6.dae -> /home/tony/colcon_ws/install/mycobot_description/share/mycobot_description/urdf/mycobot_280_jn
[0.823s] copying urdf/mycobot_280_jn/mycobot_280_jn.urdf -> /home/tony/colcon_ws/install/mycobot_description/share/mycobot_description/urdf/mycobot_280_jn
[0.823s] copying urdf/mycobot_280_jn/joint7.dae -> /home/tony/colcon_ws/install/mycobot_description/share/mycobot_description/urdf/mycobot_280_jn
[0.827s] copying urdf/mycobot_280_jn/joint3.dae -> /home/tony/colcon_ws/install/mycobot_description/share/mycobot_description/urdf/mycobot_280_jn
[0.836s] copying urdf/mycobot_280_jn/joint7.png -> /home/tony/colcon_ws/install/mycobot_description/share/mycobot_description/urdf/mycobot_280_jn
[0.836s] copying urdf/mycobot_280_jn/joint4.dae -> /home/tony/colcon_ws/install/mycobot_description/share/mycobot_description/urdf/mycobot_280_jn
[0.839s] copying urdf/mycobot_280_jn/joint2.png -> /home/tony/colcon_ws/install/mycobot_description/share/mycobot_description/urdf/mycobot_280_jn
[0.839s] copying urdf/mycobot_280_jn/joint5.dae -> /home/tony/colcon_ws/install/mycobot_description/share/mycobot_description/urdf/mycobot_280_jn
[0.843s] copying urdf/mycobot_280_jn/joint4.png -> /home/tony/colcon_ws/install/mycobot_description/share/mycobot_description/urdf/mycobot_280_jn
[0.843s] copying urdf/mycobot_320_m5_2022/mycobot_320_m5_2022.urdf -> /home/tony/colcon_ws/install/mycobot_description/share/mycobot_description/urdf/mycobot_320_m5_2022
[0.843s] copying urdf/mycobot_320_m5_2022/link6.dae -> /home/tony/colcon_ws/install/mycobot_description/share/mycobot_description/urdf/mycobot_320_m5_2022
[0.844s] copying urdf/mycobot_320_m5_2022/link1.dae -> /home/tony/colcon_ws/install/mycobot_description/share/mycobot_description/urdf/mycobot_320_m5_2022
[0.849s] copying urdf/mycobot_320_m5_2022/mycobot_320_m5_2022_force_gripper.urdf -> /home/tony/colcon_ws/install/mycobot_description/share/mycobot_description/urdf/mycobot_320_m5_2022
[0.849s] copying urdf/mycobot_320_m5_2022/mycobot_320_m5_2022_adaptive_gripper.urdf -> /home/tony/colcon_ws/install/mycobot_description/share/mycobot_description/urdf/mycobot_320_m5_2022
[0.849s] copying urdf/mycobot_320_m5_2022/base.dae -> /home/tony/colcon_ws/install/mycobot_description/share/mycobot_description/urdf/mycobot_320_m5_2022
[0.879s] copying urdf/mycobot_320_m5_2022/link5.dae -> /home/tony/colcon_ws/install/mycobot_description/share/mycobot_description/urdf/mycobot_320_m5_2022
[0.906s] copying urdf/mycobot_320_m5_2022/link2.dae -> /home/tony/colcon_ws/install/mycobot_description/share/mycobot_description/urdf/mycobot_320_m5_2022
[0.913s] copying urdf/mycobot_320_m5_2022/link4.dae -> /home/tony/colcon_ws/install/mycobot_description/share/mycobot_description/urdf/mycobot_320_m5_2022
[0.916s] copying urdf/mycobot_320_m5_2022/link3.dae -> /home/tony/colcon_ws/install/mycobot_description/share/mycobot_description/urdf/mycobot_320_m5_2022
[0.934s] copying urdf/mycobot_pro_600/link6.dae -> /home/tony/colcon_ws/install/mycobot_description/share/mycobot_description/urdf/mycobot_pro_600
[0.938s] copying urdf/mycobot_pro_600/mycobot_pro_600.urdf -> /home/tony/colcon_ws/install/mycobot_description/share/mycobot_description/urdf/mycobot_pro_600
[0.938s] copying urdf/mycobot_pro_600/link1.dae -> /home/tony/colcon_ws/install/mycobot_description/share/mycobot_description/urdf/mycobot_pro_600
[0.941s] copying urdf/mycobot_pro_600/base.dae -> /home/tony/colcon_ws/install/mycobot_description/share/mycobot_description/urdf/mycobot_pro_600
[0.949s] copying urdf/mycobot_pro_600/link5.dae -> /home/tony/colcon_ws/install/mycobot_description/share/mycobot_description/urdf/mycobot_pro_600
[1.017s] copying urdf/mycobot_pro_600/link2.dae -> /home/tony/colcon_ws/install/mycobot_description/share/mycobot_description/urdf/mycobot_pro_600
[1.026s] copying urdf/mycobot_pro_600/link4.dae -> /home/tony/colcon_ws/install/mycobot_description/share/mycobot_description/urdf/mycobot_pro_600
[1.038s] copying urdf/mycobot_pro_600/link3.dae -> /home/tony/colcon_ws/install/mycobot_description/share/mycobot_description/urdf/mycobot_pro_600
[1.046s] copying urdf/mycobot_280_m5/mycobot_with_vision_copy.urdf -> /home/tony/colcon_ws/install/mycobot_description/share/mycobot_description/urdf/mycobot_280_m5
[1.046s] copying urdf/mycobot_280_m5/mycobot_280_m5_with_camera_flange_pump.urdf -> /home/tony/colcon_ws/install/mycobot_description/share/mycobot_description/urdf/mycobot_280_m5
[1.047s] copying urdf/mycobot_280_m5/joint5.png -> /home/tony/colcon_ws/install/mycobot_description/share/mycobot_description/urdf/mycobot_280_m5
[1.047s] copying urdf/mycobot_280_m5/joint1.dae -> /home/tony/colcon_ws/install/mycobot_description/share/mycobot_description/urdf/mycobot_280_m5
[1.051s] copying urdf/mycobot_280_m5/mycobot_280_m5.urdf -> /home/tony/colcon_ws/install/mycobot_description/share/mycobot_description/urdf/mycobot_280_m5
[1.052s] copying urdf/mycobot_280_m5/camera_flange.dae -> /home/tony/colcon_ws/install/mycobot_description/share/mycobot_description/urdf/mycobot_280_m5
[1.067s] copying urdf/mycobot_280_m5/joint3.png -> /home/tony/colcon_ws/install/mycobot_description/share/mycobot_description/urdf/mycobot_280_m5
[1.071s] copying urdf/mycobot_280_m5/joint2.dae -> /home/tony/colcon_ws/install/mycobot_description/share/mycobot_description/urdf/mycobot_280_m5
[1.071s] copying urdf/mycobot_280_m5/withenv.urdf -> /home/tony/colcon_ws/install/mycobot_description/share/mycobot_description/urdf/mycobot_280_m5
[1.072s] copying urdf/mycobot_280_m5/joint6.png -> /home/tony/colcon_ws/install/mycobot_description/share/mycobot_description/urdf/mycobot_280_m5
[1.073s] copying urdf/mycobot_280_m5/G_base.dae -> /home/tony/colcon_ws/install/mycobot_description/share/mycobot_description/urdf/mycobot_280_m5
[1.086s] copying urdf/mycobot_280_m5/joint6.dae -> /home/tony/colcon_ws/install/mycobot_description/share/mycobot_description/urdf/mycobot_280_m5
[1.089s] copying urdf/mycobot_280_m5/mycobot_with_vision.urdf -> /home/tony/colcon_ws/install/mycobot_description/share/mycobot_description/urdf/mycobot_280_m5
[1.090s] copying urdf/mycobot_280_m5/joint7.dae -> /home/tony/colcon_ws/install/mycobot_description/share/mycobot_description/urdf/mycobot_280_m5
[1.092s] copying urdf/mycobot_280_m5/joint3.dae -> /home/tony/colcon_ws/install/mycobot_description/share/mycobot_description/urdf/mycobot_280_m5
[1.103s] copying urdf/mycobot_280_m5/joint7.png -> /home/tony/colcon_ws/install/mycobot_description/share/mycobot_description/urdf/mycobot_280_m5
[1.104s] copying urdf/mycobot_280_m5/joint4.dae -> /home/tony/colcon_ws/install/mycobot_description/share/mycobot_description/urdf/mycobot_280_m5
[1.106s] copying urdf/mycobot_280_m5/joint2.png -> /home/tony/colcon_ws/install/mycobot_description/share/mycobot_description/urdf/mycobot_280_m5
[1.107s] copying urdf/mycobot_280_m5/mycobot_280_m5_with_pump.urdf -> /home/tony/colcon_ws/install/mycobot_description/share/mycobot_description/urdf/mycobot_280_m5
[1.107s] copying urdf/mycobot_280_m5/suit_env.dae -> /home/tony/colcon_ws/install/mycobot_description/share/mycobot_description/urdf/mycobot_280_m5
[1.142s] copying urdf/mycobot_280_m5/joint5.dae -> /home/tony/colcon_ws/install/mycobot_description/share/mycobot_description/urdf/mycobot_280_m5
[1.150s] copying urdf/mycobot_280_m5/mycobot_280_m5_adaptive_gripper.urdf -> /home/tony/colcon_ws/install/mycobot_description/share/mycobot_description/urdf/mycobot_280_m5
[1.154s] copying urdf/mycobot_280_m5/mycobot_step.STEP -> /home/tony/colcon_ws/install/mycobot_description/share/mycobot_description/urdf/mycobot_280_m5
[1.337s] copying urdf/mycobot_280_m5/pump_head.dae -> /home/tony/colcon_ws/install/mycobot_description/share/mycobot_description/urdf/mycobot_280_m5
[1.339s] copying urdf/mycobot_280_m5/noenv.urdf -> /home/tony/colcon_ws/install/mycobot_description/share/mycobot_description/urdf/mycobot_280_m5
[1.340s] copying urdf/mycobot_280_m5/mycobot_280_m5_with_camera_flange.urdf -> /home/tony/colcon_ws/install/mycobot_description/share/mycobot_description/urdf/mycobot_280_m5
[1.341s] copying urdf/mycobot_280_m5/joint1.png -> /home/tony/colcon_ws/install/mycobot_description/share/mycobot_description/urdf/mycobot_280_m5
[1.342s] copying urdf/mycobot_280_m5/pump_box.dae -> /home/tony/colcon_ws/install/mycobot_description/share/mycobot_description/urdf/mycobot_280_m5
[1.347s] copying urdf/mycobot_280_m5/joint4.png -> /home/tony/colcon_ws/install/mycobot_description/share/mycobot_description/urdf/mycobot_280_m5
[1.347s] copying urdf/mycobot_280_pi/joint5.png -> /home/tony/colcon_ws/install/mycobot_description/share/mycobot_description/urdf/mycobot_280_pi
[1.349s] copying urdf/mycobot_280_pi/camera_flange.dae -> /home/tony/colcon_ws/install/mycobot_description/share/mycobot_description/urdf/mycobot_280_pi
[1.356s] copying urdf/mycobot_280_pi/joint3.png -> /home/tony/colcon_ws/install/mycobot_description/share/mycobot_description/urdf/mycobot_280_pi
[1.356s] copying urdf/mycobot_280_pi/joint2.dae -> /home/tony/colcon_ws/install/mycobot_description/share/mycobot_description/urdf/mycobot_280_pi
[1.359s] copying urdf/mycobot_280_pi/joint6.png -> /home/tony/colcon_ws/install/mycobot_description/share/mycobot_description/urdf/mycobot_280_pi
[1.359s] copying urdf/mycobot_280_pi/G_base.dae -> /home/tony/colcon_ws/install/mycobot_description/share/mycobot_description/urdf/mycobot_280_pi
[1.364s] copying urdf/mycobot_280_pi/joint6.dae -> /home/tony/colcon_ws/install/mycobot_description/share/mycobot_description/urdf/mycobot_280_pi
[1.373s] copying urdf/mycobot_280_pi/joint7.dae -> /home/tony/colcon_ws/install/mycobot_description/share/mycobot_description/urdf/mycobot_280_pi
[1.375s] copying urdf/mycobot_280_pi/joint3.dae -> /home/tony/colcon_ws/install/mycobot_description/share/mycobot_description/urdf/mycobot_280_pi
[1.378s] copying urdf/mycobot_280_pi/joint7.png -> /home/tony/colcon_ws/install/mycobot_description/share/mycobot_description/urdf/mycobot_280_pi
[1.379s] copying urdf/mycobot_280_pi/joint4.dae -> /home/tony/colcon_ws/install/mycobot_description/share/mycobot_description/urdf/mycobot_280_pi
[1.388s] copying urdf/mycobot_280_pi/joint2.png -> /home/tony/colcon_ws/install/mycobot_description/share/mycobot_description/urdf/mycobot_280_pi
[1.388s] copying urdf/mycobot_280_pi/mycobot_280_pi_with_camera_flange_pump.urdf -> /home/tony/colcon_ws/install/mycobot_description/share/mycobot_description/urdf/mycobot_280_pi
[1.389s] copying urdf/mycobot_280_pi/mycobot_280_pi_adaptive_gripper.urdf -> /home/tony/colcon_ws/install/mycobot_description/share/mycobot_description/urdf/mycobot_280_pi
[1.389s] copying urdf/mycobot_280_pi/mycobot_280_pi.urdf -> /home/tony/colcon_ws/install/mycobot_description/share/mycobot_description/urdf/mycobot_280_pi
[1.389s] copying urdf/mycobot_280_pi/mycobot_280_pi_with_pump.urdf -> /home/tony/colcon_ws/install/mycobot_description/share/mycobot_description/urdf/mycobot_280_pi
[1.389s] copying urdf/mycobot_280_pi/joint5.dae -> /home/tony/colcon_ws/install/mycobot_description/share/mycobot_description/urdf/mycobot_280_pi
[1.391s] copying urdf/mycobot_280_pi/joint1_pi.dae -> /home/tony/colcon_ws/install/mycobot_description/share/mycobot_description/urdf/mycobot_280_pi
[1.411s] copying urdf/mycobot_280_pi/pump_head.dae -> /home/tony/colcon_ws/install/mycobot_description/share/mycobot_description/urdf/mycobot_280_pi
[1.415s] copying urdf/mycobot_280_pi/mycobot_280_pi_with_camera_flange.urdf -> /home/tony/colcon_ws/install/mycobot_description/share/mycobot_description/urdf/mycobot_280_pi
[1.415s] copying urdf/mycobot_280_pi/joint1.png -> /home/tony/colcon_ws/install/mycobot_description/share/mycobot_description/urdf/mycobot_280_pi
[1.415s] copying urdf/mycobot_280_pi/pump_box.dae -> /home/tony/colcon_ws/install/mycobot_description/share/mycobot_description/urdf/mycobot_280_pi
[1.420s] copying urdf/mycobot_280_pi/joint4.png -> /home/tony/colcon_ws/install/mycobot_description/share/mycobot_description/urdf/mycobot_280_pi
[1.420s] copying urdf/mecharm_270_m5/link6.dae -> /home/tony/colcon_ws/install/mycobot_description/share/mycobot_description/urdf/mecharm_270_m5
[1.423s] copying urdf/mecharm_270_m5/link1.dae -> /home/tony/colcon_ws/install/mycobot_description/share/mycobot_description/urdf/mecharm_270_m5
[1.438s] copying urdf/mecharm_270_m5/base.dae -> /home/tony/colcon_ws/install/mycobot_description/share/mycobot_description/urdf/mecharm_270_m5
[1.441s] copying urdf/mecharm_270_m5/link5.dae -> /home/tony/colcon_ws/install/mycobot_description/share/mycobot_description/urdf/mecharm_270_m5
[1.445s] copying urdf/mecharm_270_m5/link2.dae -> /home/tony/colcon_ws/install/mycobot_description/share/mycobot_description/urdf/mecharm_270_m5
[1.457s] copying urdf/mecharm_270_m5/mecharm_270_m5_adaptive_gripper.urdf -> /home/tony/colcon_ws/install/mycobot_description/share/mycobot_description/urdf/mecharm_270_m5
[1.461s] copying urdf/mecharm_270_m5/link4.dae -> /home/tony/colcon_ws/install/mycobot_description/share/mycobot_description/urdf/mecharm_270_m5
[1.466s] copying urdf/mecharm_270_m5/link3.dae -> /home/tony/colcon_ws/install/mycobot_description/share/mycobot_description/urdf/mecharm_270_m5
[1.473s] copying urdf/mecharm_270_m5/mecharm_270_m5.urdf -> /home/tony/colcon_ws/install/mycobot_description/share/mycobot_description/urdf/mecharm_270_m5
[1.475s] copying urdf/mecharm_270_pi/link6.dae -> /home/tony/colcon_ws/install/mycobot_description/share/mycobot_description/urdf/mecharm_270_pi
[1.482s] copying urdf/mecharm_270_pi/link1.dae -> /home/tony/colcon_ws/install/mycobot_description/share/mycobot_description/urdf/mecharm_270_pi
[1.485s] copying urdf/mecharm_270_pi/base.dae -> /home/tony/colcon_ws/install/mycobot_description/share/mycobot_description/urdf/mecharm_270_pi
[1.494s] copying urdf/mecharm_270_pi/link5.dae -> /home/tony/colcon_ws/install/mycobot_description/share/mycobot_description/urdf/mecharm_270_pi
[1.505s] copying urdf/mecharm_270_pi/link2.dae -> /home/tony/colcon_ws/install/mycobot_description/share/mycobot_description/urdf/mecharm_270_pi
[1.516s] copying urdf/mecharm_270_pi/mecharm_270_pi_adaptive_gripper.urdf -> /home/tony/colcon_ws/install/mycobot_description/share/mycobot_description/urdf/mecharm_270_pi
[1.518s] copying urdf/mecharm_270_pi/link4.dae -> /home/tony/colcon_ws/install/mycobot_description/share/mycobot_description/urdf/mecharm_270_pi
[1.530s] copying urdf/mecharm_270_pi/link3.dae -> /home/tony/colcon_ws/install/mycobot_description/share/mycobot_description/urdf/mecharm_270_pi
[1.537s] copying urdf/mecharm_270_pi/mecharm_270_pi.urdf -> /home/tony/colcon_ws/install/mycobot_description/share/mycobot_description/urdf/mecharm_270_pi
[1.537s] copying urdf/mycobot_320_pi_2022/link6.dae -> /home/tony/colcon_ws/install/mycobot_description/share/mycobot_description/urdf/mycobot_320_pi_2022
[1.539s] copying urdf/mycobot_320_pi_2022/link1.dae -> /home/tony/colcon_ws/install/mycobot_description/share/mycobot_description/urdf/mycobot_320_pi_2022
[1.544s] copying urdf/mycobot_320_pi_2022/mycobot_320_pi_2022_force_gripper.urdf -> /home/tony/colcon_ws/install/mycobot_description/share/mycobot_description/urdf/mycobot_320_pi_2022
[1.545s] copying urdf/mycobot_320_pi_2022/base.dae -> /home/tony/colcon_ws/install/mycobot_description/share/mycobot_description/urdf/mycobot_320_pi_2022
[1.679s] copying urdf/mycobot_320_pi_2022/link5.dae -> /home/tony/colcon_ws/install/mycobot_description/share/mycobot_description/urdf/mycobot_320_pi_2022
[1.691s] copying urdf/mycobot_320_pi_2022/link2.dae -> /home/tony/colcon_ws/install/mycobot_description/share/mycobot_description/urdf/mycobot_320_pi_2022
[1.694s] copying urdf/mycobot_320_pi_2022/mycobot_320_pi_2022_adaptive_gripper.urdf -> /home/tony/colcon_ws/install/mycobot_description/share/mycobot_description/urdf/mycobot_320_pi_2022
[1.694s] copying urdf/mycobot_320_pi_2022/link4.dae -> /home/tony/colcon_ws/install/mycobot_description/share/mycobot_description/urdf/mycobot_320_pi_2022
[1.697s] copying urdf/mycobot_320_pi_2022/mycobot_320_pi_2022.urdf -> /home/tony/colcon_ws/install/mycobot_description/share/mycobot_description/urdf/mycobot_320_pi_2022
[1.697s] copying urdf/mycobot_320_pi_2022/link3.dae -> /home/tony/colcon_ws/install/mycobot_description/share/mycobot_description/urdf/mycobot_320_pi_2022
[1.702s] copying urdf/mybuddy/joint5.png -> /home/tony/colcon_ws/install/mycobot_description/share/mycobot_description/urdf/mybuddy
[1.705s] copying urdf/mybuddy/joint6_R.dae -> /home/tony/colcon_ws/install/mycobot_description/share/mycobot_description/urdf/mybuddy
[1.708s] copying urdf/mybuddy/joint3.png -> /home/tony/colcon_ws/install/mycobot_description/share/mycobot_description/urdf/mybuddy
[1.708s] copying urdf/mybuddy/joint5_L.dae -> /home/tony/colcon_ws/install/mycobot_description/share/mycobot_description/urdf/mybuddy
[1.711s] copying urdf/mybuddy/joint6.png -> /home/tony/colcon_ws/install/mycobot_description/share/mycobot_description/urdf/mybuddy
[1.714s] copying urdf/mybuddy/joint1_R.dae -> /home/tony/colcon_ws/install/mycobot_description/share/mycobot_description/urdf/mybuddy
[1.728s] copying urdf/mybuddy/joint3.dae -> /home/tony/colcon_ws/install/mycobot_description/share/mycobot_description/urdf/mybuddy
[1.735s] copying urdf/mybuddy/joint7.png -> /home/tony/colcon_ws/install/mycobot_description/share/mycobot_description/urdf/mybuddy
[1.735s] copying urdf/mybuddy/joint2.png -> /home/tony/colcon_ws/install/mycobot_description/share/mycobot_description/urdf/mybuddy
[1.736s] copying urdf/mybuddy/joint2_R.dae -> /home/tony/colcon_ws/install/mycobot_description/share/mycobot_description/urdf/mybuddy
[1.741s] copying urdf/mybuddy/joint6_L.dae -> /home/tony/colcon_ws/install/mycobot_description/share/mycobot_description/urdf/mybuddy
[1.743s] copying urdf/mybuddy/joint2_L.dae -> /home/tony/colcon_ws/install/mycobot_description/share/mycobot_description/urdf/mybuddy
[1.748s] copying urdf/mybuddy/mybuddy.urdf -> /home/tony/colcon_ws/install/mycobot_description/share/mycobot_description/urdf/mybuddy
[1.748s] copying urdf/mybuddy/joint3_L.dae -> /home/tony/colcon_ws/install/mycobot_description/share/mycobot_description/urdf/mybuddy
[1.749s] copying urdf/mybuddy/joint4_R.dae -> /home/tony/colcon_ws/install/mycobot_description/share/mycobot_description/urdf/mybuddy
[1.761s] copying urdf/mybuddy/joint3_R.dae -> /home/tony/colcon_ws/install/mycobot_description/share/mycobot_description/urdf/mybuddy
[1.762s] copying urdf/mybuddy/mybuddy-down.dae -> /home/tony/colcon_ws/install/mycobot_description/share/mycobot_description/urdf/mybuddy
[1.764s] copying urdf/mybuddy/joint1_L.dae -> /home/tony/colcon_ws/install/mycobot_description/share/mycobot_description/urdf/mybuddy
[1.767s] copying urdf/mybuddy/joint4_L.dae -> /home/tony/colcon_ws/install/mycobot_description/share/mycobot_description/urdf/mybuddy
[1.772s] copying urdf/mybuddy/mybuddy-up.dae -> /home/tony/colcon_ws/install/mycobot_description/share/mycobot_description/urdf/mybuddy
[1.783s] copying urdf/mybuddy/joint4.png -> /home/tony/colcon_ws/install/mycobot_description/share/mycobot_description/urdf/mybuddy
[1.784s] copying urdf/mybuddy/joint5_R.dae -> /home/tony/colcon_ws/install/mycobot_description/share/mycobot_description/urdf/mybuddy
[1.785s] copying urdf/ultraArm_p340/ultraArm_p340.urdf -> /home/tony/colcon_ws/install/mycobot_description/share/mycobot_description/urdf/ultraArm_p340
[1.786s] copying urdf/ultraArm_p340/ultraArm-base.dae -> /home/tony/colcon_ws/install/mycobot_description/share/mycobot_description/urdf/ultraArm_p340
[1.788s] copying urdf/ultraArm_p340/ultraArm-1.dae -> /home/tony/colcon_ws/install/mycobot_description/share/mycobot_description/urdf/ultraArm_p340
[1.792s] copying urdf/ultraArm_p340/suit_env.dae -> /home/tony/colcon_ws/install/mycobot_description/share/mycobot_description/urdf/ultraArm_p340
[1.802s] copying urdf/ultraArm_p340/ultraArm_p340_aiki.urdf -> /home/tony/colcon_ws/install/mycobot_description/share/mycobot_description/urdf/ultraArm_p340
[1.802s] copying urdf/ultraArm_p340/ultraArm-2.dae -> /home/tony/colcon_ws/install/mycobot_description/share/mycobot_description/urdf/ultraArm_p340
[1.804s] copying urdf/ultraArm_p340/ultraArm-3.dae -> /home/tony/colcon_ws/install/mycobot_description/share/mycobot_description/urdf/ultraArm_p340
[1.807s] copying urdf/mycobot_280_x3pi/joint5.png -> /home/tony/colcon_ws/install/mycobot_description/share/mycobot_description/urdf/mycobot_280_x3pi
[1.807s] copying urdf/mycobot_280_x3pi/joint3.png -> /home/tony/colcon_ws/install/mycobot_description/share/mycobot_description/urdf/mycobot_280_x3pi
[1.808s] copying urdf/mycobot_280_x3pi/mycobot_280_x3pi.urdf -> /home/tony/colcon_ws/install/mycobot_description/share/mycobot_description/urdf/mycobot_280_x3pi
[1.808s] copying urdf/mycobot_280_x3pi/joint2.dae -> /home/tony/colcon_ws/install/mycobot_description/share/mycobot_description/urdf/mycobot_280_x3pi
[1.814s] copying urdf/mycobot_280_x3pi/joint6.png -> /home/tony/colcon_ws/install/mycobot_description/share/mycobot_description/urdf/mycobot_280_x3pi
[1.814s] copying urdf/mycobot_280_x3pi/joint6.dae -> /home/tony/colcon_ws/install/mycobot_description/share/mycobot_description/urdf/mycobot_280_x3pi
[1.814s] copying urdf/mycobot_280_x3pi/joint7.dae -> /home/tony/colcon_ws/install/mycobot_description/share/mycobot_description/urdf/mycobot_280_x3pi
[1.815s] copying urdf/mycobot_280_x3pi/joint3.dae -> /home/tony/colcon_ws/install/mycobot_description/share/mycobot_description/urdf/mycobot_280_x3pi
[1.818s] copying urdf/mycobot_280_x3pi/joint7.png -> /home/tony/colcon_ws/install/mycobot_description/share/mycobot_description/urdf/mycobot_280_x3pi
[1.818s] copying urdf/mycobot_280_x3pi/joint4.dae -> /home/tony/colcon_ws/install/mycobot_description/share/mycobot_description/urdf/mycobot_280_x3pi
[1.819s] copying urdf/mycobot_280_x3pi/joint2.png -> /home/tony/colcon_ws/install/mycobot_description/share/mycobot_description/urdf/mycobot_280_x3pi
[1.819s] copying urdf/mycobot_280_x3pi/joint5.dae -> /home/tony/colcon_ws/install/mycobot_description/share/mycobot_description/urdf/mycobot_280_x3pi
[1.823s] copying urdf/mycobot_280_x3pi/joint1_pi.dae -> /home/tony/colcon_ws/install/mycobot_description/share/mycobot_description/urdf/mycobot_280_x3pi
[1.892s] copying urdf/mycobot_280_x3pi/joint1.png -> /home/tony/colcon_ws/install/mycobot_description/share/mycobot_description/urdf/mycobot_280_x3pi
[1.899s] copying urdf/mycobot_280_x3pi/joint4.png -> /home/tony/colcon_ws/install/mycobot_description/share/mycobot_description/urdf/mycobot_280_x3pi
[1.899s] copying urdf/myarm_300_pi/j4.dae -> /home/tony/colcon_ws/install/mycobot_description/share/mycobot_description/urdf/myarm_300_pi
[1.922s] copying urdf/myarm_300_pi/j3.dae -> /home/tony/colcon_ws/install/mycobot_description/share/mycobot_description/urdf/myarm_300_pi
[1.927s] copying urdf/myarm_300_pi/base.dae -> /home/tony/colcon_ws/install/mycobot_description/share/mycobot_description/urdf/myarm_300_pi
[1.939s] copying urdf/myarm_300_pi/j7.dae -> /home/tony/colcon_ws/install/mycobot_description/share/mycobot_description/urdf/myarm_300_pi
[1.942s] copying urdf/myarm_300_pi/j5.dae -> /home/tony/colcon_ws/install/mycobot_description/share/mycobot_description/urdf/myarm_300_pi
[1.945s] copying urdf/myarm_300_pi/j1.dae -> /home/tony/colcon_ws/install/mycobot_description/share/mycobot_description/urdf/myarm_300_pi
[1.952s] copying urdf/myarm_300_pi/myarm_300_pi.urdf -> /home/tony/colcon_ws/install/mycobot_description/share/mycobot_description/urdf/myarm_300_pi
[1.961s] copying urdf/myarm_300_pi/j6.dae -> /home/tony/colcon_ws/install/mycobot_description/share/mycobot_description/urdf/myarm_300_pi
[1.963s] copying urdf/myarm_300_pi/j2.dae -> /home/tony/colcon_ws/install/mycobot_description/share/mycobot_description/urdf/myarm_300_pi
[1.967s] copying urdf/myarm_c650/joint1.dae -> /home/tony/colcon_ws/install/mycobot_description/share/mycobot_description/urdf/myarm_c650
[1.981s] copying urdf/myarm_c650/myarm_c_grip_Base.dae -> /home/tony/colcon_ws/install/mycobot_description/share/mycobot_description/urdf/myarm_c650
[1.992s] copying urdf/myarm_c650/joint2.dae -> /home/tony/colcon_ws/install/mycobot_description/share/mycobot_description/urdf/myarm_c650
[2.007s] copying urdf/myarm_c650/base.dae -> /home/tony/colcon_ws/install/mycobot_description/share/mycobot_description/urdf/myarm_c650
[2.032s] copying urdf/myarm_c650/myarm_c_grip_R.dae -> /home/tony/colcon_ws/install/mycobot_description/share/mycobot_description/urdf/myarm_c650
[2.033s] copying urdf/myarm_c650/myarm_c650.urdf.xacro -> /home/tony/colcon_ws/install/mycobot_description/share/mycobot_description/urdf/myarm_c650
[2.033s] copying urdf/myarm_c650/joint3.dae -> /home/tony/colcon_ws/install/mycobot_description/share/mycobot_description/urdf/myarm_c650
[2.139s] copying urdf/myarm_c650/joint4.dae -> /home/tony/colcon_ws/install/mycobot_description/share/mycobot_description/urdf/myarm_c650
[2.162s] copying urdf/myarm_c650/joint5.dae -> /home/tony/colcon_ws/install/mycobot_description/share/mycobot_description/urdf/myarm_c650
[2.218s] copying urdf/myarm_c650/myarm_basic_base.dae -> /home/tony/colcon_ws/install/mycobot_description/share/mycobot_description/urdf/myarm_c650
[2.288s] copying urdf/myarm_c650/myarm_c_grip_L.dae -> /home/tony/colcon_ws/install/mycobot_description/share/mycobot_description/urdf/myarm_c650
[2.288s] copying urdf/myarm_c650/myarm_c650.urdf -> /home/tony/colcon_ws/install/mycobot_description/share/mycobot_description/urdf/myarm_c650
[2.288s] copying urdf/myarm_c650/endeffector.dae -> /home/tony/colcon_ws/install/mycobot_description/share/mycobot_description/urdf/myarm_c650
[2.391s] copying urdf/myarm_m750/link1.dae -> /home/tony/colcon_ws/install/mycobot_description/share/mycobot_description/urdf/myarm_m750
[2.472s] copying urdf/myarm_m750/finger_right.dae -> /home/tony/colcon_ws/install/mycobot_description/share/mycobot_description/urdf/myarm_m750
[2.483s] copying urdf/myarm_m750/finger_left.dae -> /home/tony/colcon_ws/install/mycobot_description/share/mycobot_description/urdf/myarm_m750
[2.496s] copying urdf/myarm_m750/link5.dae -> /home/tony/colcon_ws/install/mycobot_description/share/mycobot_description/urdf/myarm_m750
[2.517s] copying urdf/myarm_m750/link2.dae -> /home/tony/colcon_ws/install/mycobot_description/share/mycobot_description/urdf/myarm_m750
[2.558s] copying urdf/myarm_m750/myarm_m750_base.dae -> /home/tony/colcon_ws/install/mycobot_description/share/mycobot_description/urdf/myarm_m750
[2.636s] copying urdf/myarm_m750/myarm_m750.urdf -> /home/tony/colcon_ws/install/mycobot_description/share/mycobot_description/urdf/myarm_m750
[2.637s] copying urdf/myarm_m750/link4.dae -> /home/tony/colcon_ws/install/mycobot_description/share/mycobot_description/urdf/myarm_m750
[2.719s] copying urdf/myarm_m750/myarm_m750.urdf.xacro -> /home/tony/colcon_ws/install/mycobot_description/share/mycobot_description/urdf/myarm_m750
[2.720s] copying urdf/myarm_m750/link3.dae -> /home/tony/colcon_ws/install/mycobot_description/share/mycobot_description/urdf/myarm_m750
[2.739s] copying urdf/myarm_m750/endeffector.dae -> /home/tony/colcon_ws/install/mycobot_description/share/mycobot_description/urdf/myarm_m750
[2.758s] copying urdf/myarm_m750/finger_holder.dae -> /home/tony/colcon_ws/install/mycobot_description/share/mycobot_description/urdf/myarm_m750
[2.789s] copying urdf/mycobot_pro_630/link6.dae -> /home/tony/colcon_ws/install/mycobot_description/share/mycobot_description/urdf/mycobot_pro_630
[2.789s] copying urdf/mycobot_pro_630/link1.dae -> /home/tony/colcon_ws/install/mycobot_description/share/mycobot_description/urdf/mycobot_pro_630
[2.789s] copying urdf/mycobot_pro_630/base.dae -> /home/tony/colcon_ws/install/mycobot_description/share/mycobot_description/urdf/mycobot_pro_630
[2.792s] copying urdf/mycobot_pro_630/link5.dae -> /home/tony/colcon_ws/install/mycobot_description/share/mycobot_description/urdf/mycobot_pro_630
[2.795s] copying urdf/mycobot_pro_630/link2.dae -> /home/tony/colcon_ws/install/mycobot_description/share/mycobot_description/urdf/mycobot_pro_630
[2.799s] copying urdf/mycobot_pro_630/link4.dae -> /home/tony/colcon_ws/install/mycobot_description/share/mycobot_description/urdf/mycobot_pro_630
[2.800s] copying urdf/mycobot_pro_630/link3.dae -> /home/tony/colcon_ws/install/mycobot_description/share/mycobot_description/urdf/mycobot_pro_630
[2.803s] copying urdf/mycobot_pro_630/mycobot_pro_630.urdf -> /home/tony/colcon_ws/install/mycobot_description/share/mycobot_description/urdf/mycobot_pro_630
[2.821s] copying urdf/mycobot_280_riscv/joint5.png -> /home/tony/colcon_ws/install/mycobot_description/share/mycobot_description/urdf/mycobot_280_riscv
[2.821s] copying urdf/mycobot_280_riscv/camera_flange.dae -> /home/tony/colcon_ws/install/mycobot_description/share/mycobot_description/urdf/mycobot_280_riscv
[2.840s] copying urdf/mycobot_280_riscv/mycobot_280_riscv_with_camera_flange_pump.urdf -> /home/tony/colcon_ws/install/mycobot_description/share/mycobot_description/urdf/mycobot_280_riscv
[2.840s] copying urdf/mycobot_280_riscv/joint3.png -> /home/tony/colcon_ws/install/mycobot_description/share/mycobot_description/urdf/mycobot_280_riscv
[2.840s] copying urdf/mycobot_280_riscv/joint2.dae -> /home/tony/colcon_ws/install/mycobot_description/share/mycobot_description/urdf/mycobot_280_riscv
[2.843s] copying urdf/mycobot_280_riscv/joint6.png -> /home/tony/colcon_ws/install/mycobot_description/share/mycobot_description/urdf/mycobot_280_riscv
[2.843s] copying urdf/mycobot_280_riscv/G_base.dae -> /home/tony/colcon_ws/install/mycobot_description/share/mycobot_description/urdf/mycobot_280_riscv
[2.869s] copying urdf/mycobot_280_riscv/mycobot_280_riscv_with_pump.urdf -> /home/tony/colcon_ws/install/mycobot_description/share/mycobot_description/urdf/mycobot_280_riscv
[2.872s] copying urdf/mycobot_280_riscv/joint6.dae -> /home/tony/colcon_ws/install/mycobot_description/share/mycobot_description/urdf/mycobot_280_riscv
[2.886s] copying urdf/mycobot_280_riscv/joint7.dae -> /home/tony/colcon_ws/install/mycobot_description/share/mycobot_description/urdf/mycobot_280_riscv
[2.890s] copying urdf/mycobot_280_riscv/joint3.dae -> /home/tony/colcon_ws/install/mycobot_description/share/mycobot_description/urdf/mycobot_280_riscv
[2.897s] copying urdf/mycobot_280_riscv/joint7.png -> /home/tony/colcon_ws/install/mycobot_description/share/mycobot_description/urdf/mycobot_280_riscv
[2.899s] copying urdf/mycobot_280_riscv/joint4.dae -> /home/tony/colcon_ws/install/mycobot_description/share/mycobot_description/urdf/mycobot_280_riscv
[2.901s] copying urdf/mycobot_280_riscv/joint2.png -> /home/tony/colcon_ws/install/mycobot_description/share/mycobot_description/urdf/mycobot_280_riscv
[2.904s] copying urdf/mycobot_280_riscv/mycobot_280_riscv_with_camera_flange.urdf -> /home/tony/colcon_ws/install/mycobot_description/share/mycobot_description/urdf/mycobot_280_riscv
[2.904s] copying urdf/mycobot_280_riscv/joint5.dae -> /home/tony/colcon_ws/install/mycobot_description/share/mycobot_description/urdf/mycobot_280_riscv
[2.917s] copying urdf/mycobot_280_riscv/joint1_pi.dae -> /home/tony/colcon_ws/install/mycobot_description/share/mycobot_description/urdf/mycobot_280_riscv
[2.931s] copying urdf/mycobot_280_riscv/pump_head.dae -> /home/tony/colcon_ws/install/mycobot_description/share/mycobot_description/urdf/mycobot_280_riscv
[2.934s] copying urdf/mycobot_280_riscv/mycobot_280_riscv.urdf -> /home/tony/colcon_ws/install/mycobot_description/share/mycobot_description/urdf/mycobot_280_riscv
[2.934s] copying urdf/mycobot_280_riscv/joint1.png -> /home/tony/colcon_ws/install/mycobot_description/share/mycobot_description/urdf/mycobot_280_riscv
[2.934s] copying urdf/mycobot_280_riscv/pump_box.dae -> /home/tony/colcon_ws/install/mycobot_description/share/mycobot_description/urdf/mycobot_280_riscv
[2.935s] copying urdf/mycobot_280_riscv/joint4.png -> /home/tony/colcon_ws/install/mycobot_description/share/mycobot_description/urdf/mycobot_280_riscv
[2.936s] copying urdf/mycobot_280_rdkx5/joint5.png -> /home/tony/colcon_ws/install/mycobot_description/share/mycobot_description/urdf/mycobot_280_rdkx5
[2.936s] copying urdf/mycobot_280_rdkx5/joint3.png -> /home/tony/colcon_ws/install/mycobot_description/share/mycobot_description/urdf/mycobot_280_rdkx5
[2.936s] copying urdf/mycobot_280_rdkx5/joint2.dae -> /home/tony/colcon_ws/install/mycobot_description/share/mycobot_description/urdf/mycobot_280_rdkx5
[2.939s] copying urdf/mycobot_280_rdkx5/joint6.png -> /home/tony/colcon_ws/install/mycobot_description/share/mycobot_description/urdf/mycobot_280_rdkx5
[2.939s] copying urdf/mycobot_280_rdkx5/joint6.dae -> /home/tony/colcon_ws/install/mycobot_description/share/mycobot_description/urdf/mycobot_280_rdkx5
[2.942s] copying urdf/mycobot_280_rdkx5/joint7.dae -> /home/tony/colcon_ws/install/mycobot_description/share/mycobot_description/urdf/mycobot_280_rdkx5
[2.943s] copying urdf/mycobot_280_rdkx5/joint3.dae -> /home/tony/colcon_ws/install/mycobot_description/share/mycobot_description/urdf/mycobot_280_rdkx5
[2.953s] copying urdf/mycobot_280_rdkx5/joint7.png -> /home/tony/colcon_ws/install/mycobot_description/share/mycobot_description/urdf/mycobot_280_rdkx5
[2.953s] copying urdf/mycobot_280_rdkx5/joint4.dae -> /home/tony/colcon_ws/install/mycobot_description/share/mycobot_description/urdf/mycobot_280_rdkx5
[2.956s] copying urdf/mycobot_280_rdkx5/joint2.png -> /home/tony/colcon_ws/install/mycobot_description/share/mycobot_description/urdf/mycobot_280_rdkx5
[2.956s] copying urdf/mycobot_280_rdkx5/mycobot_280_rdkx5.urdf -> /home/tony/colcon_ws/install/mycobot_description/share/mycobot_description/urdf/mycobot_280_rdkx5
[2.956s] copying urdf/mycobot_280_rdkx5/joint1_rdkx5.dae -> /home/tony/colcon_ws/install/mycobot_description/share/mycobot_description/urdf/mycobot_280_rdkx5
[2.960s] copying urdf/mycobot_280_rdkx5/joint5.dae -> /home/tony/colcon_ws/install/mycobot_description/share/mycobot_description/urdf/mycobot_280_rdkx5
[2.963s] copying urdf/mycobot_280_rdkx5/mycobot_280_rdkx5_adaptive_gripper.urdf -> /home/tony/colcon_ws/install/mycobot_description/share/mycobot_description/urdf/mycobot_280_rdkx5
[2.963s] copying urdf/mycobot_280_rdkx5/joint1.png -> /home/tony/colcon_ws/install/mycobot_description/share/mycobot_description/urdf/mycobot_280_rdkx5
[2.964s] copying urdf/mycobot_280_rdkx5/joint4.png -> /home/tony/colcon_ws/install/mycobot_description/share/mycobot_description/urdf/mycobot_280_rdkx5
[2.964s] copying urdf/mycobot_320_riscv/link6.dae -> /home/tony/colcon_ws/install/mycobot_description/share/mycobot_description/urdf/mycobot_320_riscv
[2.966s] copying urdf/mycobot_320_riscv/link1.dae -> /home/tony/colcon_ws/install/mycobot_description/share/mycobot_description/urdf/mycobot_320_riscv
[2.981s] copying urdf/mycobot_320_riscv/base.dae -> /home/tony/colcon_ws/install/mycobot_description/share/mycobot_description/urdf/mycobot_320_riscv
[3.025s] copying urdf/mycobot_320_riscv/link5.dae -> /home/tony/colcon_ws/install/mycobot_description/share/mycobot_description/urdf/mycobot_320_riscv
[3.041s] copying urdf/mycobot_320_riscv/link2.dae -> /home/tony/colcon_ws/install/mycobot_description/share/mycobot_description/urdf/mycobot_320_riscv
[3.187s] copying urdf/mycobot_320_riscv/mycobot_320_riscv.urdf -> /home/tony/colcon_ws/install/mycobot_description/share/mycobot_description/urdf/mycobot_320_riscv
[3.188s] copying urdf/mycobot_320_riscv/link4.dae -> /home/tony/colcon_ws/install/mycobot_description/share/mycobot_description/urdf/mycobot_320_riscv
[3.193s] copying urdf/mycobot_320_riscv/link3.dae -> /home/tony/colcon_ws/install/mycobot_description/share/mycobot_description/urdf/mycobot_320_riscv
[3.209s] copying urdf/adaptive_gripper/mycobot_adaptive_gripper.urdf -> /home/tony/colcon_ws/install/mycobot_description/share/mycobot_description/urdf/adaptive_gripper
[3.210s] copying urdf/adaptive_gripper/gripper_left1.dae -> /home/tony/colcon_ws/install/mycobot_description/share/mycobot_description/urdf/adaptive_gripper
[3.212s] copying urdf/adaptive_gripper/gripper_right3.dae -> /home/tony/colcon_ws/install/mycobot_description/share/mycobot_description/urdf/adaptive_gripper
[3.214s] copying urdf/adaptive_gripper/gripper_base.dae -> /home/tony/colcon_ws/install/mycobot_description/share/mycobot_description/urdf/adaptive_gripper
[3.217s] copying urdf/adaptive_gripper/gripper_right2.dae -> /home/tony/colcon_ws/install/mycobot_description/share/mycobot_description/urdf/adaptive_gripper
[3.219s] copying urdf/adaptive_gripper/gripper_left3.dae -> /home/tony/colcon_ws/install/mycobot_description/share/mycobot_description/urdf/adaptive_gripper
[3.220s] copying urdf/adaptive_gripper/gripper_right1.dae -> /home/tony/colcon_ws/install/mycobot_description/share/mycobot_description/urdf/adaptive_gripper
[3.221s] copying urdf/adaptive_gripper/gripper_left2.dae -> /home/tony/colcon_ws/install/mycobot_description/share/mycobot_description/urdf/adaptive_gripper
[3.222s] copying urdf/adaptive_gripper/mycobot_adaptive_gripper.xacro -> /home/tony/colcon_ws/install/mycobot_description/share/mycobot_description/urdf/adaptive_gripper
[3.223s] copying urdf/mycobot_280_arduino/joint5.png -> /home/tony/colcon_ws/install/mycobot_description/share/mycobot_description/urdf/mycobot_280_arduino
[3.223s] copying urdf/mycobot_280_arduino/joint1.dae -> /home/tony/colcon_ws/install/mycobot_description/share/mycobot_description/urdf/mycobot_280_arduino
[3.229s] copying urdf/mycobot_280_arduino/joint3.png -> /home/tony/colcon_ws/install/mycobot_description/share/mycobot_description/urdf/mycobot_280_arduino
[3.229s] copying urdf/mycobot_280_arduino/joint2.dae -> /home/tony/colcon_ws/install/mycobot_description/share/mycobot_description/urdf/mycobot_280_arduino
[3.231s] copying urdf/mycobot_280_arduino/joint6.png -> /home/tony/colcon_ws/install/mycobot_description/share/mycobot_description/urdf/mycobot_280_arduino
[3.231s] copying urdf/mycobot_280_arduino/G_base.dae -> /home/tony/colcon_ws/install/mycobot_description/share/mycobot_description/urdf/mycobot_280_arduino
[3.235s] copying urdf/mycobot_280_arduino/joint6.dae -> /home/tony/colcon_ws/install/mycobot_description/share/mycobot_description/urdf/mycobot_280_arduino
[3.237s] copying urdf/mycobot_280_arduino/joint7.dae -> /home/tony/colcon_ws/install/mycobot_description/share/mycobot_description/urdf/mycobot_280_arduino
[3.238s] copying urdf/mycobot_280_arduino/mycobot_280_arduino.urdf -> /home/tony/colcon_ws/install/mycobot_description/share/mycobot_description/urdf/mycobot_280_arduino
[3.239s] copying urdf/mycobot_280_arduino/joint3.dae -> /home/tony/colcon_ws/install/mycobot_description/share/mycobot_description/urdf/mycobot_280_arduino
[3.241s] copying urdf/mycobot_280_arduino/joint7.png -> /home/tony/colcon_ws/install/mycobot_description/share/mycobot_description/urdf/mycobot_280_arduino
[3.241s] copying urdf/mycobot_280_arduino/joint4.dae -> /home/tony/colcon_ws/install/mycobot_description/share/mycobot_description/urdf/mycobot_280_arduino
[3.242s] copying urdf/mycobot_280_arduino/joint2.png -> /home/tony/colcon_ws/install/mycobot_description/share/mycobot_description/urdf/mycobot_280_arduino
[3.242s] copying urdf/mycobot_280_arduino/joint5.dae -> /home/tony/colcon_ws/install/mycobot_description/share/mycobot_description/urdf/mycobot_280_arduino
[3.245s] copying urdf/mycobot_280_arduino/mycobot_280_arduino_adaptive_gripper.urdf -> /home/tony/colcon_ws/install/mycobot_description/share/mycobot_description/urdf/mycobot_280_arduino
[3.245s] copying urdf/mycobot_280_arduino/joint1.png -> /home/tony/colcon_ws/install/mycobot_description/share/mycobot_description/urdf/mycobot_280_arduino
[3.246s] copying urdf/mycobot_280_arduino/joint4.png -> /home/tony/colcon_ws/install/mycobot_description/share/mycobot_description/urdf/mycobot_280_arduino
[3.247s] copying urdf/pro_adaptive_gripper/gripper_left1.dae -> /home/tony/colcon_ws/install/mycobot_description/share/mycobot_description/urdf/pro_adaptive_gripper
[3.253s] copying urdf/pro_adaptive_gripper/pro_camera_flange.dae -> /home/tony/colcon_ws/install/mycobot_description/share/mycobot_description/urdf/pro_adaptive_gripper
[3.254s] copying urdf/pro_adaptive_gripper/gripper_right3.dae -> /home/tony/colcon_ws/install/mycobot_description/share/mycobot_description/urdf/pro_adaptive_gripper
[3.259s] copying urdf/pro_adaptive_gripper/gripper_base.dae -> /home/tony/colcon_ws/install/mycobot_description/share/mycobot_description/urdf/pro_adaptive_gripper
[3.293s] copying urdf/pro_adaptive_gripper/gripper_right2.dae -> /home/tony/colcon_ws/install/mycobot_description/share/mycobot_description/urdf/pro_adaptive_gripper
[3.296s] copying urdf/pro_adaptive_gripper/gripper_left3.dae -> /home/tony/colcon_ws/install/mycobot_description/share/mycobot_description/urdf/pro_adaptive_gripper
[3.319s] copying urdf/pro_adaptive_gripper/mycobot_pro_adaptive_gripper_new.urdf -> /home/tony/colcon_ws/install/mycobot_description/share/mycobot_description/urdf/pro_adaptive_gripper
[3.334s] copying urdf/pro_adaptive_gripper/gripper_right1.dae -> /home/tony/colcon_ws/install/mycobot_description/share/mycobot_description/urdf/pro_adaptive_gripper
[3.360s] copying urdf/pro_adaptive_gripper/pro_gripper_camera_flange.urdf -> /home/tony/colcon_ws/install/mycobot_description/share/mycobot_description/urdf/pro_adaptive_gripper
[3.361s] copying urdf/pro_adaptive_gripper/gripper_left2.dae -> /home/tony/colcon_ws/install/mycobot_description/share/mycobot_description/urdf/pro_adaptive_gripper
[3.369s] copying urdf/pro_force_gripper/pro_gripper_right3.dae -> /home/tony/colcon_ws/install/mycobot_description/share/mycobot_description/urdf/pro_force_gripper
[3.389s] copying urdf/pro_force_gripper/pro_gripper_right1.dae -> /home/tony/colcon_ws/install/mycobot_description/share/mycobot_description/urdf/pro_force_gripper
[3.403s] copying urdf/pro_force_gripper/pro_gripper_left1.dae -> /home/tony/colcon_ws/install/mycobot_description/share/mycobot_description/urdf/pro_force_gripper
[3.413s] copying urdf/pro_force_gripper/pro_gripper_right2.dae -> /home/tony/colcon_ws/install/mycobot_description/share/mycobot_description/urdf/pro_force_gripper
[3.414s] copying urdf/pro_force_gripper/mygripper_f100_connection.dae -> /home/tony/colcon_ws/install/mycobot_description/share/mycobot_description/urdf/pro_force_gripper
[3.419s] copying urdf/pro_force_gripper/pro_gripper_left2.dae -> /home/tony/colcon_ws/install/mycobot_description/share/mycobot_description/urdf/pro_force_gripper
[3.421s] copying urdf/pro_force_gripper/pro_gripper_left3.dae -> /home/tony/colcon_ws/install/mycobot_description/share/mycobot_description/urdf/pro_force_gripper
[3.426s] copying urdf/pro_force_gripper/pro_gripper_base.dae -> /home/tony/colcon_ws/install/mycobot_description/share/mycobot_description/urdf/pro_force_gripper
[3.444s] copying urdf/mycobot_pro_450/PRO450_J4.dae -> /home/tony/colcon_ws/install/mycobot_description/share/mycobot_description/urdf/mycobot_pro_450
[3.460s] copying urdf/mycobot_pro_450/PRO450_J3.dae -> /home/tony/colcon_ws/install/mycobot_description/share/mycobot_description/urdf/mycobot_pro_450
[3.469s] copying urdf/mycobot_pro_450/PRO450_J6.dae -> /home/tony/colcon_ws/install/mycobot_description/share/mycobot_description/urdf/mycobot_pro_450
[3.476s] copying urdf/mycobot_pro_450/PRO450_J2.dae -> /home/tony/colcon_ws/install/mycobot_description/share/mycobot_description/urdf/mycobot_pro_450
[3.482s] copying urdf/mycobot_pro_450/PRO450_J5.dae -> /home/tony/colcon_ws/install/mycobot_description/share/mycobot_description/urdf/mycobot_pro_450
[3.488s] copying urdf/mycobot_pro_450/PRO450_J1.dae -> /home/tony/colcon_ws/install/mycobot_description/share/mycobot_description/urdf/mycobot_pro_450
[3.494s] copying urdf/mycobot_pro_450/mycobot_pro_450.urdf.xacro -> /home/tony/colcon_ws/install/mycobot_description/share/mycobot_description/urdf/mycobot_pro_450
[3.496s] copying urdf/mycobot_pro_450/PRO450_J6_end.dae -> /home/tony/colcon_ws/install/mycobot_description/share/mycobot_description/urdf/mycobot_pro_450
[3.499s] copying urdf/mycobot_pro_450/mycobot_pro_450.urdf -> /home/tony/colcon_ws/install/mycobot_description/share/mycobot_description/urdf/mycobot_pro_450
[3.501s] copying urdf/mycobot_pro_450/mycobot_pro_450_force_gripper.urdf -> /home/tony/colcon_ws/install/mycobot_description/share/mycobot_description/urdf/mycobot_pro_450
[3.501s] running install_egg_info
[3.527s] Copying ../../../build/mycobot_description/mycobot_description.egg-info to /home/tony/colcon_ws/install/mycobot_description/lib/python3.8/site-packages/mycobot_description-0.0.0-py3.8.egg-info
[3.530s] running install_scripts
[3.548s] writing list of installed files to '/home/tony/colcon_ws/build/mycobot_description/install.log'
[3.580s] Invoked command in '/home/tony/colcon_ws/src/mycobot_ros2/mycobot_description' returned '0': PYTHONPATH=/home/tony/colcon_ws/build/mycobot_description/prefix_override:/usr/lib/python3/dist-packages/colcon_core/task/python/colcon_distutils_commands:/home/tony/colcon_ws/install/mycobot_description/lib/python3.8/site-packages:${PYTHONPATH} /usr/bin/python3 -W ignore:setup.py install is deprecated -W ignore:easy_install command is deprecated setup.py egg_info --egg-base ../../../build/mycobot_description build --build-base /home/tony/colcon_ws/build/mycobot_description/build install --record /home/tony/colcon_ws/build/mycobot_description/install.log --install-scripts $base/lib/mycobot_description --single-version-externally-managed install_data --force
