[0.316s] Invoking command in '/home/tony/colcon_ws/src/mycobot_630': PYTHONPATH=/home/tony/colcon_ws/build/mycobot_630/prefix_override:/usr/lib/python3/dist-packages/colcon_core/task/python/colcon_distutils_commands:/home/tony/colcon_ws/install/mycobot_630/lib/python3.8/site-packages:${PYTHONPATH} /usr/bin/python3 -W ignore:setup.py install is deprecated -W ignore:easy_install command is deprecated setup.py egg_info --egg-base ../../build/mycobot_630 build --build-base /home/tony/colcon_ws/build/mycobot_630/build install --record /home/tony/colcon_ws/build/mycobot_630/install.log --install-scripts $base/lib/mycobot_630 --single-version-externally-managed install_data
[0.410s] running egg_info
[0.410s] writing ../../build/mycobot_630/mycobot_630.egg-info/PKG-INFO
[0.410s] writing dependency_links to ../../build/mycobot_630/mycobot_630.egg-info/dependency_links.txt
[0.410s] writing entry points to ../../build/mycobot_630/mycobot_630.egg-info/entry_points.txt
[0.411s] writing requirements to ../../build/mycobot_630/mycobot_630.egg-info/requires.txt
[0.411s] writing top-level names to ../../build/mycobot_630/mycobot_630.egg-info/top_level.txt
[0.426s] reading manifest file '../../build/mycobot_630/mycobot_630.egg-info/SOURCES.txt'
[0.427s] writing manifest file '../../build/mycobot_630/mycobot_630.egg-info/SOURCES.txt'
[0.427s] running build
[0.427s] running build_py
[0.428s] copying mycobot_630/test.py -> /home/tony/colcon_ws/build/mycobot_630/build/lib/mycobot_630
[0.428s] copying mycobot_630/slider_control.py -> /home/tony/colcon_ws/build/mycobot_630/build/lib/mycobot_630
[0.428s] copying mycobot_630/__init__.py -> /home/tony/colcon_ws/build/mycobot_630/build/lib/mycobot_630
[0.428s] running install
[0.429s] running install_lib
[0.429s] creating /home/tony/colcon_ws/install/mycobot_630/lib/python3.8/site-packages/mycobot_630
[0.429s] copying /home/tony/colcon_ws/build/mycobot_630/build/lib/mycobot_630/test.py -> /home/tony/colcon_ws/install/mycobot_630/lib/python3.8/site-packages/mycobot_630
[0.429s] copying /home/tony/colcon_ws/build/mycobot_630/build/lib/mycobot_630/slider_control.py -> /home/tony/colcon_ws/install/mycobot_630/lib/python3.8/site-packages/mycobot_630
[0.429s] copying /home/tony/colcon_ws/build/mycobot_630/build/lib/mycobot_630/__init__.py -> /home/tony/colcon_ws/install/mycobot_630/lib/python3.8/site-packages/mycobot_630
[0.430s] byte-compiling /home/tony/colcon_ws/install/mycobot_630/lib/python3.8/site-packages/mycobot_630/test.py to test.cpython-38.pyc
[0.430s] byte-compiling /home/tony/colcon_ws/install/mycobot_630/lib/python3.8/site-packages/mycobot_630/slider_control.py to slider_control.cpython-38.pyc
[0.431s] byte-compiling /home/tony/colcon_ws/install/mycobot_630/lib/python3.8/site-packages/mycobot_630/__init__.py to __init__.cpython-38.pyc
[0.431s] running install_data
[0.431s] creating /home/tony/colcon_ws/install/mycobot_630/share
[0.431s] creating /home/tony/colcon_ws/install/mycobot_630/share/ament_index
[0.431s] creating /home/tony/colcon_ws/install/mycobot_630/share/ament_index/resource_index
[0.431s] creating /home/tony/colcon_ws/install/mycobot_630/share/ament_index/resource_index/packages
[0.431s] copying resource/mycobot_630 -> /home/tony/colcon_ws/install/mycobot_630/share/ament_index/resource_index/packages
[0.431s] creating /home/tony/colcon_ws/install/mycobot_630/share/mycobot_630
[0.432s] copying package.xml -> /home/tony/colcon_ws/install/mycobot_630/share/mycobot_630
[0.432s] creating /home/tony/colcon_ws/install/mycobot_630/share/mycobot_630/launch
[0.432s] copying launch/setup_assistant.launch.py -> /home/tony/colcon_ws/install/mycobot_630/share/mycobot_630/launch
[0.432s] copying launch/test.launch.py -> /home/tony/colcon_ws/install/mycobot_630/share/mycobot_630/launch
[0.432s] copying launch/slider_control.launch.py -> /home/tony/colcon_ws/install/mycobot_630/share/mycobot_630/launch
[0.432s] creating /home/tony/colcon_ws/install/mycobot_630/share/mycobot_630/config
[0.432s] copying config/mycobot_630.rviz -> /home/tony/colcon_ws/install/mycobot_630/share/mycobot_630/config
[0.432s] running install_egg_info
[0.433s] Copying ../../build/mycobot_630/mycobot_630.egg-info to /home/tony/colcon_ws/install/mycobot_630/lib/python3.8/site-packages/mycobot_630-0.0.0-py3.8.egg-info
[0.434s] running install_scripts
[0.442s] Installing slider_control script to /home/tony/colcon_ws/install/mycobot_630/lib/mycobot_630
[0.442s] writing list of installed files to '/home/tony/colcon_ws/build/mycobot_630/install.log'
[0.452s] Invoked command in '/home/tony/colcon_ws/src/mycobot_630' returned '0': PYTHONPATH=/home/tony/colcon_ws/build/mycobot_630/prefix_override:/usr/lib/python3/dist-packages/colcon_core/task/python/colcon_distutils_commands:/home/tony/colcon_ws/install/mycobot_630/lib/python3.8/site-packages:${PYTHONPATH} /usr/bin/python3 -W ignore:setup.py install is deprecated -W ignore:easy_install command is deprecated setup.py egg_info --egg-base ../../build/mycobot_630 build --build-base /home/tony/colcon_ws/build/mycobot_630/build install --record /home/tony/colcon_ws/build/mycobot_630/install.log --install-scripts $base/lib/mycobot_630 --single-version-externally-managed install_data
