[0.000000] (-) TimerEvent: {}
[0.000143] (-) JobUnselected: {'identifier': 'mecharm'}
[0.000161] (-) JobUnselected: {'identifier': 'mecharm_communication'}
[0.000171] (-) JobUnselected: {'identifier': 'mecharm_pi'}
[0.000177] (-) JobUnselected: {'identifier': 'myarm_300'}
[0.000185] (-) JobUnselected: {'identifier': 'myarm_c650'}
[0.000191] (-) JobUnselected: {'identifier': 'myarm_m750'}
[0.000198] (-) JobUnselected: {'identifier': 'mybuddy'}
[0.000205] (-) JobUnselected: {'identifier': 'mycobot_280'}
[0.000212] (-) JobUnselected: {'identifier': 'mycobot_280_arduino'}
[0.000219] (-) JobUnselected: {'identifier': 'mycobot_280_moveit2_control'}
[0.000227] (-) JobUnselected: {'identifier': 'mycobot_280_rdkx5'}
[0.000235] (-) JobUnselected: {'identifier': 'mycobot_280_riscv'}
[0.000241] (-) JobUnselected: {'identifier': 'mycobot_280_x3pi'}
[0.000250] (-) JobUnselected: {'identifier': 'mycobot_280jn'}
[0.000259] (-) JobUnselected: {'identifier': 'mycobot_280pi'}
[0.000267] (-) JobUnselected: {'identifier': 'mycobot_320'}
[0.000276] (-) JobUnselected: {'identifier': 'mycobot_320_riscv'}
[0.000283] (-) JobUnselected: {'identifier': 'mycobot_320pi'}
[0.000290] (-) JobUnselected: {'identifier': 'mycobot_600'}
[0.000297] (-) JobUnselected: {'identifier': 'mycobot_630'}
[0.000304] (-) JobUnselected: {'identifier': 'mycobot_630_gazebo'}
[0.000311] (-) JobUnselected: {'identifier': 'mycobot_communication'}
[0.000317] (-) JobUnselected: {'identifier': 'mycobot_description'}
[0.000324] (-) JobUnselected: {'identifier': 'mycobot_pro_450'}
[0.000331] (-) JobUnselected: {'identifier': 'mypalletizer_260'}
[0.000338] (-) JobUnselected: {'identifier': 'mypalletizer_260_pi'}
[0.000345] (-) JobUnselected: {'identifier': 'mypalletizer_communication'}
[0.000351] (-) JobUnselected: {'identifier': 'pro450_moveit2_control'}
[0.000359] (-) JobUnselected: {'identifier': 'ultraarm'}
[0.000558] (-) EventReactorShutdown: {}
