/home/tony/colcon_ws/install/mycobot_630/lib/python3.8/site-packages/mycobot_630/test.py
/home/tony/colcon_ws/install/mycobot_630/lib/python3.8/site-packages/mycobot_630/slider_control.py
/home/tony/colcon_ws/install/mycobot_630/lib/python3.8/site-packages/mycobot_630/__init__.py
/home/tony/colcon_ws/install/mycobot_630/lib/python3.8/site-packages/mycobot_630/__pycache__/test.cpython-38.pyc
/home/tony/colcon_ws/install/mycobot_630/lib/python3.8/site-packages/mycobot_630/__pycache__/slider_control.cpython-38.pyc
/home/tony/colcon_ws/install/mycobot_630/lib/python3.8/site-packages/mycobot_630/__pycache__/__init__.cpython-38.pyc
/home/tony/colcon_ws/install/mycobot_630/share/ament_index/resource_index/packages/mycobot_630
/home/tony/colcon_ws/install/mycobot_630/share/mycobot_630/package.xml
/home/tony/colcon_ws/install/mycobot_630/share/mycobot_630/launch/setup_assistant.launch.py
/home/tony/colcon_ws/install/mycobot_630/share/mycobot_630/launch/test.launch.py
/home/tony/colcon_ws/install/mycobot_630/share/mycobot_630/launch/mycobot_630_simulation.launch.py
/home/tony/colcon_ws/install/mycobot_630/share/mycobot_630/launch/slider_control.launch.py
/home/tony/colcon_ws/install/mycobot_630/share/mycobot_630/config/mycobot_630.rviz
/home/tony/colcon_ws/install/mycobot_630/lib/python3.8/site-packages/mycobot_630-0.0.0-py3.8.egg-info/dependency_links.txt
/home/tony/colcon_ws/install/mycobot_630/lib/python3.8/site-packages/mycobot_630-0.0.0-py3.8.egg-info/PKG-INFO
/home/tony/colcon_ws/install/mycobot_630/lib/python3.8/site-packages/mycobot_630-0.0.0-py3.8.egg-info/top_level.txt
/home/tony/colcon_ws/install/mycobot_630/lib/python3.8/site-packages/mycobot_630-0.0.0-py3.8.egg-info/requires.txt
/home/tony/colcon_ws/install/mycobot_630/lib/python3.8/site-packages/mycobot_630-0.0.0-py3.8.egg-info/entry_points.txt
/home/tony/colcon_ws/install/mycobot_630/lib/python3.8/site-packages/mycobot_630-0.0.0-py3.8.egg-info/zip-safe
/home/tony/colcon_ws/install/mycobot_630/lib/python3.8/site-packages/mycobot_630-0.0.0-py3.8.egg-info/SOURCES.txt
/home/tony/colcon_ws/install/mycobot_630/lib/mycobot_630/slider_control
