running develop
running egg_info
writing mecharm_pi.egg-info/PKG-INFO
writing dependency_links to mecharm_pi.egg-info/dependency_links.txt
writing entry points to mecharm_pi.egg-info/entry_points.txt
writing requirements to mecharm_pi.egg-info/requires.txt
writing top-level names to mecharm_pi.egg-info/top_level.txt
reading manifest file 'mecharm_pi.egg-info/SOURCES.txt'
writing manifest file 'mecharm_pi.egg-info/SOURCES.txt'
running build_ext
Creating /home/tony/colcon_ws/install/mecharm_pi/lib/python3.8/site-packages/mecharm-pi.egg-link (link to .)
Installing follow_display script to /home/tony/colcon_ws/install/mecharm_pi/lib/mecharm_pi
Installing listen_real script to /home/tony/colcon_ws/install/mecharm_pi/lib/mecharm_pi
Installing listen_real_of_topic script to /home/tony/colcon_ws/install/mecharm_pi/lib/mecharm_pi
Installing listen_real_service script to /home/tony/colcon_ws/install/mecharm_pi/lib/mecharm_pi
Installing simple_gui script to /home/tony/colcon_ws/install/mecharm_pi/lib/mecharm_pi
Installing slider_control script to /home/tony/colcon_ws/install/mecharm_pi/lib/mecharm_pi
Installing slider_control_adaptive_gripper script to /home/tony/colcon_ws/install/mecharm_pi/lib/mecharm_pi
Installing teleop_keyboard script to /home/tony/colcon_ws/install/mecharm_pi/lib/mecharm_pi

Installed /home/tony/colcon_ws/build/mecharm_pi
running symlink_data
