[0.289s] Invoking command in '/home/tony/colcon_ws/build/mecharm_pi': AMENT_PREFIX_PATH=/home/tony/colcon_ws/install/mycobot_description:/home/tony/colcon_ws/install/mypalletizer_interfaces:/home/tony/colcon_ws/install/mycobot_pro450_interfaces:/home/tony/colcon_ws/install/mycobot_communication:/home/tony/colcon_ws/install/mecharm_communication:/home/tony/colcon_ws/install/mycobot_interfaces:/home/tony/colcon_ws/install/mycobot_280:/home/tony/colcon_ws/install/mybuddy:/home/tony/colcon_ws/install/myarm_300:/home/tony/colcon_ws/install/mecharm_pi:/home/tony/colcon_ws/install/mecharm:/home/tony/colcon_ws/install/mecharm_interfaces:/opt/ros/foxy PYTHONPATH=/home/tony/colcon_ws/build/mecharm_pi/prefix_override:/usr/lib/python3/dist-packages/colcon_core/task/python/colcon_distutils_commands:/home/tony/colcon_ws/install/mecharm_pi/lib/python3.8/site-packages:/home/tony/colcon_ws/build/mycobot_description:/home/tony/colcon_ws/install/mycobot_description/lib/python3.8/site-packages:/home/tony/colcon_ws/install/mypalletizer_interfaces/lib/python3.8/site-packages:/home/tony/colcon_ws/install/mycobot_pro450_interfaces/lib/python3.8/site-packages:/home/tony/colcon_ws/build/mycobot_communication:/home/tony/colcon_ws/install/mycobot_communication/lib/python3.8/site-packages:/home/tony/colcon_ws/build/mecharm_communication:/home/tony/colcon_ws/install/mecharm_communication/lib/python3.8/site-packages:/home/tony/colcon_ws/install/mycobot_interfaces/lib/python3.8/site-packages:/home/tony/colcon_ws/build/mycobot_280:/home/tony/colcon_ws/install/mycobot_280/lib/python3.8/site-packages:/home/tony/colcon_ws/build/mybuddy:/home/tony/colcon_ws/install/mybuddy/lib/python3.8/site-packages:/home/tony/colcon_ws/build/myarm_300:/home/tony/colcon_ws/install/myarm_300/lib/python3.8/site-packages:/home/tony/colcon_ws/build/mecharm_pi:/home/tony/colcon_ws/install/mecharm_pi/lib/python3.8/site-packages:/home/tony/colcon_ws/build/mecharm:/home/tony/colcon_ws/install/mecharm/lib/python3.8/site-packages:/home/tony/colcon_ws/install/mecharm_interfaces/lib/python3.8/site-packages:/opt/ros/foxy/lib/python3.8/site-packages /usr/bin/python3 -W ignore:setup.py install is deprecated -W ignore:easy_install command is deprecated setup.py develop --editable --build-directory /home/tony/colcon_ws/build/mecharm_pi/build --no-deps symlink_data
[0.386s] running develop
[0.427s] running egg_info
[0.427s] writing mecharm_pi.egg-info/PKG-INFO
[0.427s] writing dependency_links to mecharm_pi.egg-info/dependency_links.txt
[0.428s] writing entry points to mecharm_pi.egg-info/entry_points.txt
[0.428s] writing requirements to mecharm_pi.egg-info/requires.txt
[0.428s] writing top-level names to mecharm_pi.egg-info/top_level.txt
[0.441s] reading manifest file 'mecharm_pi.egg-info/SOURCES.txt'
[0.442s] writing manifest file 'mecharm_pi.egg-info/SOURCES.txt'
[0.456s] running build_ext
[0.456s] Creating /home/tony/colcon_ws/install/mecharm_pi/lib/python3.8/site-packages/mecharm-pi.egg-link (link to .)
[0.457s] Installing follow_display script to /home/tony/colcon_ws/install/mecharm_pi/lib/mecharm_pi
[0.457s] Installing listen_real script to /home/tony/colcon_ws/install/mecharm_pi/lib/mecharm_pi
[0.457s] Installing listen_real_of_topic script to /home/tony/colcon_ws/install/mecharm_pi/lib/mecharm_pi
[0.457s] Installing listen_real_service script to /home/tony/colcon_ws/install/mecharm_pi/lib/mecharm_pi
[0.457s] Installing simple_gui script to /home/tony/colcon_ws/install/mecharm_pi/lib/mecharm_pi
[0.457s] Installing slider_control script to /home/tony/colcon_ws/install/mecharm_pi/lib/mecharm_pi
[0.457s] Installing slider_control_adaptive_gripper script to /home/tony/colcon_ws/install/mecharm_pi/lib/mecharm_pi
[0.457s] Installing teleop_keyboard script to /home/tony/colcon_ws/install/mecharm_pi/lib/mecharm_pi
[0.457s] 
[0.457s] Installed /home/tony/colcon_ws/build/mecharm_pi
[0.457s] running symlink_data
[0.471s] Invoked command in '/home/tony/colcon_ws/build/mecharm_pi' returned '0': AMENT_PREFIX_PATH=/home/tony/colcon_ws/install/mycobot_description:/home/tony/colcon_ws/install/mypalletizer_interfaces:/home/tony/colcon_ws/install/mycobot_pro450_interfaces:/home/tony/colcon_ws/install/mycobot_communication:/home/tony/colcon_ws/install/mecharm_communication:/home/tony/colcon_ws/install/mycobot_interfaces:/home/tony/colcon_ws/install/mycobot_280:/home/tony/colcon_ws/install/mybuddy:/home/tony/colcon_ws/install/myarm_300:/home/tony/colcon_ws/install/mecharm_pi:/home/tony/colcon_ws/install/mecharm:/home/tony/colcon_ws/install/mecharm_interfaces:/opt/ros/foxy PYTHONPATH=/home/tony/colcon_ws/build/mecharm_pi/prefix_override:/usr/lib/python3/dist-packages/colcon_core/task/python/colcon_distutils_commands:/home/tony/colcon_ws/install/mecharm_pi/lib/python3.8/site-packages:/home/tony/colcon_ws/build/mycobot_description:/home/tony/colcon_ws/install/mycobot_description/lib/python3.8/site-packages:/home/tony/colcon_ws/install/mypalletizer_interfaces/lib/python3.8/site-packages:/home/tony/colcon_ws/install/mycobot_pro450_interfaces/lib/python3.8/site-packages:/home/tony/colcon_ws/build/mycobot_communication:/home/tony/colcon_ws/install/mycobot_communication/lib/python3.8/site-packages:/home/tony/colcon_ws/build/mecharm_communication:/home/tony/colcon_ws/install/mecharm_communication/lib/python3.8/site-packages:/home/tony/colcon_ws/install/mycobot_interfaces/lib/python3.8/site-packages:/home/tony/colcon_ws/build/mycobot_280:/home/tony/colcon_ws/install/mycobot_280/lib/python3.8/site-packages:/home/tony/colcon_ws/build/mybuddy:/home/tony/colcon_ws/install/mybuddy/lib/python3.8/site-packages:/home/tony/colcon_ws/build/myarm_300:/home/tony/colcon_ws/install/myarm_300/lib/python3.8/site-packages:/home/tony/colcon_ws/build/mecharm_pi:/home/tony/colcon_ws/install/mecharm_pi/lib/python3.8/site-packages:/home/tony/colcon_ws/build/mecharm:/home/tony/colcon_ws/install/mecharm/lib/python3.8/site-packages:/home/tony/colcon_ws/install/mecharm_interfaces/lib/python3.8/site-packages:/opt/ros/foxy/lib/python3.8/site-packages /usr/bin/python3 -W ignore:setup.py install is deprecated -W ignore:easy_install command is deprecated setup.py develop --editable --build-directory /home/tony/colcon_ws/build/mecharm_pi/build --no-deps symlink_data
