[0.313s] Invoking command in '/home/tony/colcon_ws/src/mycobot_ros2/mycobot_description': PYTHONPATH=/home/tony/colcon_ws/build/mycobot_description/prefix_override:/usr/lib/python3/dist-packages/colcon_core/task/python/colcon_distutils_commands:/home/tony/colcon_ws/install/mycobot_description/lib/python3.8/site-packages:${PYTHONPATH} /usr/bin/python3 -W ignore:setup.py install is deprecated -W ignore:easy_install command is deprecated setup.py egg_info --egg-base ../../../build/mycobot_description build --build-base /home/tony/colcon_ws/build/mycobot_description/build install --record /home/tony/colcon_ws/build/mycobot_description/install.log --install-scripts $base/lib/mycobot_description --single-version-externally-managed install_data
[0.397s] running egg_info
[0.398s] writing ../../../build/mycobot_description/mycobot_description.egg-info/PKG-INFO
[0.399s] writing dependency_links to ../../../build/mycobot_description/mycobot_description.egg-info/dependency_links.txt
[0.399s] writing entry points to ../../../build/mycobot_description/mycobot_description.egg-info/entry_points.txt
[0.399s] writing requirements to ../../../build/mycobot_description/mycobot_description.egg-info/requires.txt
[0.399s] writing top-level names to ../../../build/mycobot_description/mycobot_description.egg-info/top_level.txt
[0.416s] reading manifest file '../../../build/mycobot_description/mycobot_description.egg-info/SOURCES.txt'
[0.418s] writing manifest file '../../../build/mycobot_description/mycobot_description.egg-info/SOURCES.txt'
[0.418s] running build
[0.418s] running build_py
[0.419s] running install
[0.419s] running install_lib
[0.420s] running install_data
[0.424s] copying urdf/mycobot_pro_630/mycobot_pro_630.urdf.xarco -> /home/tony/colcon_ws/install/mycobot_description/share/mycobot_description/urdf/mycobot_pro_630
[0.426s] running install_egg_info
[0.427s] removing '/home/tony/colcon_ws/install/mycobot_description/lib/python3.8/site-packages/mycobot_description-0.0.0-py3.8.egg-info' (and everything under it)
[0.427s] Copying ../../../build/mycobot_description/mycobot_description.egg-info to /home/tony/colcon_ws/install/mycobot_description/lib/python3.8/site-packages/mycobot_description-0.0.0-py3.8.egg-info
[0.427s] running install_scripts
[0.434s] writing list of installed files to '/home/tony/colcon_ws/build/mycobot_description/install.log'
[0.442s] Invoked command in '/home/tony/colcon_ws/src/mycobot_ros2/mycobot_description' returned '0': PYTHONPATH=/home/tony/colcon_ws/build/mycobot_description/prefix_override:/usr/lib/python3/dist-packages/colcon_core/task/python/colcon_distutils_commands:/home/tony/colcon_ws/install/mycobot_description/lib/python3.8/site-packages:${PYTHONPATH} /usr/bin/python3 -W ignore:setup.py install is deprecated -W ignore:easy_install command is deprecated setup.py egg_info --egg-base ../../../build/mycobot_description build --build-base /home/tony/colcon_ws/build/mycobot_description/build install --record /home/tony/colcon_ws/build/mycobot_description/install.log --install-scripts $base/lib/mycobot_description --single-version-externally-managed install_data
