running develop
running egg_info
creating mecharm.egg-info
writing mecharm.egg-info/PKG-INFO
writing dependency_links to mecharm.egg-info/dependency_links.txt
writing entry points to mecharm.egg-info/entry_points.txt
writing requirements to mecharm.egg-info/requires.txt
writing top-level names to mecharm.egg-info/top_level.txt
writing manifest file 'mecharm.egg-info/SOURCES.txt'
reading manifest file 'mecharm.egg-info/SOURCES.txt'
writing manifest file 'mecharm.egg-info/SOURCES.txt'
running build_ext
Creating /home/tony/colcon_ws/install/mecharm/lib/python3.8/site-packages/site.py
Creating /home/tony/colcon_ws/install/mecharm/lib/python3.8/site-packages/mecharm.egg-link (link to .)
Installing follow_display script to /home/tony/colcon_ws/install/mecharm/lib/mecharm
Installing listen_real script to /home/tony/colcon_ws/install/mecharm/lib/mecharm
Installing listen_real_of_topic script to /home/tony/colcon_ws/install/mecharm/lib/mecharm
Installing listen_real_service script to /home/tony/colcon_ws/install/mecharm/lib/mecharm
Installing simple_gui script to /home/tony/colcon_ws/install/mecharm/lib/mecharm
Installing slider_control script to /home/tony/colcon_ws/install/mecharm/lib/mecharm
Installing slider_control_adaptive_gripper script to /home/tony/colcon_ws/install/mecharm/lib/mecharm
Installing teleop_keyboard script to /home/tony/colcon_ws/install/mecharm/lib/mecharm

Installed /home/tony/colcon_ws/build/mecharm
running symlink_data
creating /home/tony/colcon_ws/install/mecharm/share/ament_index
creating /home/tony/colcon_ws/install/mecharm/share/ament_index/resource_index
creating /home/tony/colcon_ws/install/mecharm/share/ament_index/resource_index/packages
symbolically linking /home/tony/colcon_ws/build/mecharm/resource/mecharm -> /home/tony/colcon_ws/install/mecharm/share/ament_index/resource_index/packages
symbolically linking /home/tony/colcon_ws/build/mecharm/package.xml -> /home/tony/colcon_ws/install/mecharm/share/mecharm
creating /home/tony/colcon_ws/install/mecharm/share/mecharm/launch
symbolically linking /home/tony/colcon_ws/build/mecharm/launch/test.launch.py -> /home/tony/colcon_ws/install/mecharm/share/mecharm/launch
symbolically linking /home/tony/colcon_ws/build/mecharm/launch/slider_control_adaptive_gripper.launch.py -> /home/tony/colcon_ws/install/mecharm/share/mecharm/launch
symbolically linking /home/tony/colcon_ws/build/mecharm/launch/teleop_keyboard.launch.py -> /home/tony/colcon_ws/install/mecharm/share/mecharm/launch
symbolically linking /home/tony/colcon_ws/build/mecharm/launch/follow.launch.py -> /home/tony/colcon_ws/install/mecharm/share/mecharm/launch
symbolically linking /home/tony/colcon_ws/build/mecharm/launch/simple_gui.launch.py -> /home/tony/colcon_ws/install/mecharm/share/mecharm/launch
symbolically linking /home/tony/colcon_ws/build/mecharm/launch/test_adaptive_gripper.launch.py -> /home/tony/colcon_ws/install/mecharm/share/mecharm/launch
symbolically linking /home/tony/colcon_ws/build/mecharm/launch/slider_control.launch.py -> /home/tony/colcon_ws/install/mecharm/share/mecharm/launch
creating /home/tony/colcon_ws/install/mecharm/share/mecharm/config
symbolically linking /home/tony/colcon_ws/build/mecharm/config/mycobot_with_marker.rviz -> /home/tony/colcon_ws/install/mecharm/share/mecharm/config
symbolically linking /home/tony/colcon_ws/build/mecharm/config/mecharm.rviz -> /home/tony/colcon_ws/install/mecharm/share/mecharm/config
