[0.281s] Invoking command in '/home/tony/colcon_ws/build/mecharm': AMENT_PREFIX_PATH=/home/tony/colcon_ws/install/mycobot_description:${AMENT_PREFIX_PATH} PYTHONPATH=/home/tony/colcon_ws/build/mecharm/prefix_override:/usr/lib/python3/dist-packages/colcon_core/task/python/colcon_distutils_commands:/home/tony/colcon_ws/install/mecharm/lib/python3.8/site-packages:/home/tony/colcon_ws/build/mycobot_description:/home/tony/colcon_ws/install/mycobot_description/lib/python3.8/site-packages:${PYTHONPATH} /usr/bin/python3 -W ignore:setup.py install is deprecated -W ignore:easy_install command is deprecated setup.py develop --editable --build-directory /home/tony/colcon_ws/build/mecharm/build --no-deps symlink_data
[0.368s] running develop
[0.406s] running egg_info
[0.406s] creating mecharm.egg-info
[0.406s] writing mecharm.egg-info/PKG-INFO
[0.406s] writing dependency_links to mecharm.egg-info/dependency_links.txt
[0.406s] writing entry points to mecharm.egg-info/entry_points.txt
[0.406s] writing requirements to mecharm.egg-info/requires.txt
[0.406s] writing top-level names to mecharm.egg-info/top_level.txt
[0.407s] writing manifest file 'mecharm.egg-info/SOURCES.txt'
[0.420s] reading manifest file 'mecharm.egg-info/SOURCES.txt'
[0.420s] writing manifest file 'mecharm.egg-info/SOURCES.txt'
[0.436s] running build_ext
[0.436s] Creating /home/tony/colcon_ws/install/mecharm/lib/python3.8/site-packages/site.py
[0.436s] Creating /home/tony/colcon_ws/install/mecharm/lib/python3.8/site-packages/mecharm.egg-link (link to .)
[0.437s] Installing follow_display script to /home/tony/colcon_ws/install/mecharm/lib/mecharm
[0.437s] Installing listen_real script to /home/tony/colcon_ws/install/mecharm/lib/mecharm
[0.437s] Installing listen_real_of_topic script to /home/tony/colcon_ws/install/mecharm/lib/mecharm
[0.437s] Installing listen_real_service script to /home/tony/colcon_ws/install/mecharm/lib/mecharm
[0.437s] Installing simple_gui script to /home/tony/colcon_ws/install/mecharm/lib/mecharm
[0.437s] Installing slider_control script to /home/tony/colcon_ws/install/mecharm/lib/mecharm
[0.437s] Installing slider_control_adaptive_gripper script to /home/tony/colcon_ws/install/mecharm/lib/mecharm
[0.437s] Installing teleop_keyboard script to /home/tony/colcon_ws/install/mecharm/lib/mecharm
[0.437s] 
[0.437s] Installed /home/tony/colcon_ws/build/mecharm
[0.437s] running symlink_data
[0.437s] creating /home/tony/colcon_ws/install/mecharm/share/ament_index
[0.437s] creating /home/tony/colcon_ws/install/mecharm/share/ament_index/resource_index
[0.437s] creating /home/tony/colcon_ws/install/mecharm/share/ament_index/resource_index/packages
[0.437s] symbolically linking /home/tony/colcon_ws/build/mecharm/resource/mecharm -> /home/tony/colcon_ws/install/mecharm/share/ament_index/resource_index/packages
[0.437s] symbolically linking /home/tony/colcon_ws/build/mecharm/package.xml -> /home/tony/colcon_ws/install/mecharm/share/mecharm
[0.437s] creating /home/tony/colcon_ws/install/mecharm/share/mecharm/launch
[0.437s] symbolically linking /home/tony/colcon_ws/build/mecharm/launch/test.launch.py -> /home/tony/colcon_ws/install/mecharm/share/mecharm/launch
[0.437s] symbolically linking /home/tony/colcon_ws/build/mecharm/launch/slider_control_adaptive_gripper.launch.py -> /home/tony/colcon_ws/install/mecharm/share/mecharm/launch
[0.437s] symbolically linking /home/tony/colcon_ws/build/mecharm/launch/teleop_keyboard.launch.py -> /home/tony/colcon_ws/install/mecharm/share/mecharm/launch
[0.437s] symbolically linking /home/tony/colcon_ws/build/mecharm/launch/follow.launch.py -> /home/tony/colcon_ws/install/mecharm/share/mecharm/launch
[0.437s] symbolically linking /home/tony/colcon_ws/build/mecharm/launch/simple_gui.launch.py -> /home/tony/colcon_ws/install/mecharm/share/mecharm/launch
[0.437s] symbolically linking /home/tony/colcon_ws/build/mecharm/launch/test_adaptive_gripper.launch.py -> /home/tony/colcon_ws/install/mecharm/share/mecharm/launch
[0.437s] symbolically linking /home/tony/colcon_ws/build/mecharm/launch/slider_control.launch.py -> /home/tony/colcon_ws/install/mecharm/share/mecharm/launch
[0.437s] creating /home/tony/colcon_ws/install/mecharm/share/mecharm/config
[0.437s] symbolically linking /home/tony/colcon_ws/build/mecharm/config/mycobot_with_marker.rviz -> /home/tony/colcon_ws/install/mecharm/share/mecharm/config
[0.437s] symbolically linking /home/tony/colcon_ws/build/mecharm/config/mecharm.rviz -> /home/tony/colcon_ws/install/mecharm/share/mecharm/config
[0.455s] Invoked command in '/home/tony/colcon_ws/build/mecharm' returned '0': AMENT_PREFIX_PATH=/home/tony/colcon_ws/install/mycobot_description:${AMENT_PREFIX_PATH} PYTHONPATH=/home/tony/colcon_ws/build/mecharm/prefix_override:/usr/lib/python3/dist-packages/colcon_core/task/python/colcon_distutils_commands:/home/tony/colcon_ws/install/mecharm/lib/python3.8/site-packages:/home/tony/colcon_ws/build/mycobot_description:/home/tony/colcon_ws/install/mycobot_description/lib/python3.8/site-packages:${PYTHONPATH} /usr/bin/python3 -W ignore:setup.py install is deprecated -W ignore:easy_install command is deprecated setup.py develop --editable --build-directory /home/tony/colcon_ws/build/mecharm/build --no-deps symlink_data
