[0.004s] Invoking command in '/home/tony/colcon_ws/build/mypalletizer_interfaces': CMAKE_PREFIX_PATH=/opt/ros/foxy /usr/bin/cmake /home/tony/colcon_ws/src/mycobot_ros2/mypalletizer_260/mypalletizer_interfaces -DAMENT_CMAKE_SYMLINK_INSTALL=1 -DCMAKE_INSTALL_PREFIX=/home/tony/colcon_ws/install/mypalletizer_interfaces
[0.046s] -- The C compiler identification is GNU 9.4.0
[0.078s] -- The CXX compiler identification is GNU 9.4.0
[0.079s] -- Check for working C compiler: /usr/bin/cc
[0.142s] -- Check for working C compiler: /usr/bin/cc -- works
[0.142s] -- Detecting C compiler ABI info
[0.190s] -- Detecting C compiler ABI info - done
[0.195s] -- Detecting C compile features
[0.195s] -- Detecting C compile features - done
[0.197s] -- Check for working CXX compiler: /usr/bin/c++
[0.253s] -- Check for working CXX compiler: /usr/bin/c++ -- works
[0.254s] -- Detecting CXX compiler ABI info
[0.294s] -- Detecting CXX compiler ABI info - done
[0.299s] -- Detecting CXX compile features
[0.299s] -- Detecting CXX compile features - done
[0.300s] -- Found ament_cmake: 0.9.12 (/opt/ros/foxy/share/ament_cmake/cmake)
[0.314s] -- Found PythonInterp: /usr/bin/python3 (found suitable version "3.8.10", minimum required is "3") 
[0.314s] -- Using PYTHON_EXECUTABLE: /usr/bin/python3
[0.379s] -- Override CMake install command with custom implementation using symlinks instead of copying resources
[0.389s] -- Found rosidl_default_generators: 1.0.1 (/opt/ros/foxy/share/rosidl_default_generators/cmake)
[0.394s] -- Using all available rosidl_typesupport_c: rosidl_typesupport_fastrtps_c;rosidl_typesupport_introspection_c
[0.397s] -- Found rosidl_adapter: 1.3.1 (/opt/ros/foxy/share/rosidl_adapter/cmake)
[0.446s] -- Found OpenSSL: /usr/lib/aarch64-linux-gnu/libcrypto.so (found version "1.1.1f")  
[0.463s] -- Found FastRTPS: /opt/ros/foxy/include  
[0.507s] -- Using all available rosidl_typesupport_cpp: rosidl_typesupport_fastrtps_cpp;rosidl_typesupport_introspection_cpp
[0.521s] -- Found rclpy: 1.0.13 (/opt/ros/foxy/share/rclpy/cmake)
[0.521s] -- Found std_msgs: 2.0.5 (/opt/ros/foxy/share/std_msgs/cmake)
[0.551s] -- Found PythonInterp: /usr/bin/python3 (found version "3.8.10") 
[0.657s] -- Found ament_cmake_ros: 0.9.2 (/opt/ros/foxy/share/ament_cmake_ros/cmake)
[0.745s] -- Using all available rosidl_typesupport_c: rosidl_typesupport_fastrtps_c;rosidl_typesupport_introspection_c
[0.871s] -- Using all available rosidl_typesupport_cpp: rosidl_typesupport_fastrtps_cpp;rosidl_typesupport_introspection_cpp
[0.889s] -- Found PythonInterp: /usr/bin/python3 (found suitable version "3.8.10", minimum required is "3.5") 
[0.889s] -- Found python_cmake_module: 0.8.1 (/opt/ros/foxy/share/python_cmake_module/cmake)
[0.910s] -- Found PythonLibs: /usr/lib/aarch64-linux-gnu/libpython3.8.so (found suitable version "3.8.10", minimum required is "3.5") 
[0.910s] -- Using PYTHON_EXECUTABLE: /usr/bin/python3
[0.910s] -- Using PYTHON_INCLUDE_DIRS: /usr/include/python3.8
[0.910s] -- Using PYTHON_LIBRARIES: /usr/lib/aarch64-linux-gnu/libpython3.8.so
[0.942s] -- Found PythonExtra: .so  
[1.034s] -- Found ament_lint_auto: 0.9.8 (/opt/ros/foxy/share/ament_lint_auto/cmake)
[1.055s] -- Added test 'copyright' to check source files copyright and LICENSE
[1.057s] -- Added test 'lint_cmake' to check CMake code style
[1.059s] -- Added test 'xmllint' to check XML markup files
[1.067s] -- Configuring done
[1.134s] -- Generating done
[1.152s] -- Build files have been written to: /home/tony/colcon_ws/build/mypalletizer_interfaces
[1.160s] Invoked command in '/home/tony/colcon_ws/build/mypalletizer_interfaces' returned '0': CMAKE_PREFIX_PATH=/opt/ros/foxy /usr/bin/cmake /home/tony/colcon_ws/src/mycobot_ros2/mypalletizer_260/mypalletizer_interfaces -DAMENT_CMAKE_SYMLINK_INSTALL=1 -DCMAKE_INSTALL_PREFIX=/home/tony/colcon_ws/install/mypalletizer_interfaces
[1.161s] Invoking command in '/home/tony/colcon_ws/build/mypalletizer_interfaces': CMAKE_PREFIX_PATH=/opt/ros/foxy /usr/bin/cmake --build /home/tony/colcon_ws/build/mypalletizer_interfaces -- -j2 -l2
[1.245s] [35m[1mScanning dependencies of target mypalletizer_interfaces__cpp[0m
[1.256s] [  1%] [34m[1mGenerating C code for ROS interfaces[0m
[1.287s] [  1%] [34m[1mGenerating C++ code for ROS interfaces[0m
[2.308s] [35m[1mScanning dependencies of target mypalletizer_interfaces__rosidl_generator_c[0m
[2.318s] [  2%] [32mBuilding C object CMakeFiles/mypalletizer_interfaces__rosidl_generator_c.dir/rosidl_generator_c/mypalletizer_interfaces/msg/detail/mypal_angles__functions.c.o[0m
[2.351s] [  3%] [32mBuilding C object CMakeFiles/mypalletizer_interfaces__rosidl_generator_c.dir/rosidl_generator_c/mypalletizer_interfaces/msg/detail/mypal_coords__functions.c.o[0m
[2.415s] [  3%] [32mBuilding C object CMakeFiles/mypalletizer_interfaces__rosidl_generator_c.dir/rosidl_generator_c/mypalletizer_interfaces/msg/detail/mypal_set_angles__functions.c.o[0m
[2.438s] [  3%] Built target mypalletizer_interfaces__cpp
[2.461s] [  4%] [32mBuilding C object CMakeFiles/mypalletizer_interfaces__rosidl_generator_c.dir/rosidl_generator_c/mypalletizer_interfaces/msg/detail/mypal_set_coords__functions.c.o[0m
[2.467s] [  5%] [34m[1mGenerating C++ introspection for ROS interfaces[0m
[2.533s] [  6%] [32mBuilding C object CMakeFiles/mypalletizer_interfaces__rosidl_generator_c.dir/rosidl_generator_c/mypalletizer_interfaces/msg/detail/mypal_gripper_status__functions.c.o[0m
[2.606s] [  7%] [32mBuilding C object CMakeFiles/mypalletizer_interfaces__rosidl_generator_c.dir/rosidl_generator_c/mypalletizer_interfaces/msg/detail/mypal_pump_status__functions.c.o[0m
[2.641s] [  8%] [32mBuilding C object CMakeFiles/mypalletizer_interfaces__rosidl_generator_c.dir/rosidl_generator_c/mypalletizer_interfaces/srv/detail/get_angles__functions.c.o[0m
[2.673s] [  9%] [32mBuilding C object CMakeFiles/mypalletizer_interfaces__rosidl_generator_c.dir/rosidl_generator_c/mypalletizer_interfaces/srv/detail/set_angles__functions.c.o[0m
[2.744s] [ 10%] [32mBuilding C object CMakeFiles/mypalletizer_interfaces__rosidl_generator_c.dir/rosidl_generator_c/mypalletizer_interfaces/srv/detail/get_coords__functions.c.o[0m
[2.841s] [ 10%] [32mBuilding C object CMakeFiles/mypalletizer_interfaces__rosidl_generator_c.dir/rosidl_generator_c/mypalletizer_interfaces/srv/detail/set_coords__functions.c.o[0m
[2.930s] [ 11%] [32mBuilding C object CMakeFiles/mypalletizer_interfaces__rosidl_generator_c.dir/rosidl_generator_c/mypalletizer_interfaces/srv/detail/gripper_status__functions.c.o[0m
[3.023s] [ 12%] [32mBuilding C object CMakeFiles/mypalletizer_interfaces__rosidl_generator_c.dir/rosidl_generator_c/mypalletizer_interfaces/srv/detail/pump_status__functions.c.o[0m
[3.105s] [ 13%] [32m[1mLinking C shared library libmypalletizer_interfaces__rosidl_generator_c.so[0m
[3.166s] [ 13%] Built target mypalletizer_interfaces__rosidl_generator_c
[3.186s] [ 13%] [34m[1mGenerating C++ type support for eProsima Fast-RTPS[0m
[3.193s] [35m[1mScanning dependencies of target mypalletizer_interfaces__rosidl_typesupport_introspection_cpp[0m
[3.227s] [ 13%] [32mBuilding CXX object CMakeFiles/mypalletizer_interfaces__rosidl_typesupport_introspection_cpp.dir/rosidl_typesupport_introspection_cpp/mypalletizer_interfaces/msg/detail/mypal_angles__type_support.cpp.o[0m
[3.446s] [ 14%] [32mBuilding CXX object CMakeFiles/mypalletizer_interfaces__rosidl_typesupport_introspection_cpp.dir/rosidl_typesupport_introspection_cpp/mypalletizer_interfaces/msg/detail/mypal_coords__type_support.cpp.o[0m
[3.630s] [ 15%] [32mBuilding CXX object CMakeFiles/mypalletizer_interfaces__rosidl_typesupport_introspection_cpp.dir/rosidl_typesupport_introspection_cpp/mypalletizer_interfaces/msg/detail/mypal_set_angles__type_support.cpp.o[0m
[3.849s] [ 16%] [32mBuilding CXX object CMakeFiles/mypalletizer_interfaces__rosidl_typesupport_introspection_cpp.dir/rosidl_typesupport_introspection_cpp/mypalletizer_interfaces/msg/detail/mypal_set_coords__type_support.cpp.o[0m
[4.033s] [35m[1mScanning dependencies of target mypalletizer_interfaces__rosidl_typesupport_fastrtps_cpp[0m
[4.078s] [ 17%] [32mBuilding CXX object CMakeFiles/mypalletizer_interfaces__rosidl_typesupport_fastrtps_cpp.dir/rosidl_typesupport_fastrtps_cpp/mypalletizer_interfaces/msg/detail/dds_fastrtps/mypal_angles__type_support.cpp.o[0m
[4.091s] [ 18%] [32mBuilding CXX object CMakeFiles/mypalletizer_interfaces__rosidl_typesupport_introspection_cpp.dir/rosidl_typesupport_introspection_cpp/mypalletizer_interfaces/msg/detail/mypal_gripper_status__type_support.cpp.o[0m
[4.372s] [ 19%] [32mBuilding CXX object CMakeFiles/mypalletizer_interfaces__rosidl_typesupport_introspection_cpp.dir/rosidl_typesupport_introspection_cpp/mypalletizer_interfaces/msg/detail/mypal_pump_status__type_support.cpp.o[0m
[4.474s] [ 20%] [32mBuilding CXX object CMakeFiles/mypalletizer_interfaces__rosidl_typesupport_fastrtps_cpp.dir/rosidl_typesupport_fastrtps_cpp/mypalletizer_interfaces/msg/detail/dds_fastrtps/mypal_coords__type_support.cpp.o[0m
[4.585s] [ 20%] [32mBuilding CXX object CMakeFiles/mypalletizer_interfaces__rosidl_typesupport_introspection_cpp.dir/rosidl_typesupport_introspection_cpp/mypalletizer_interfaces/srv/detail/get_angles__type_support.cpp.o[0m
[4.801s] [ 21%] [32mBuilding CXX object CMakeFiles/mypalletizer_interfaces__rosidl_typesupport_introspection_cpp.dir/rosidl_typesupport_introspection_cpp/mypalletizer_interfaces/srv/detail/set_angles__type_support.cpp.o[0m
[4.808s] [ 22%] [32mBuilding CXX object CMakeFiles/mypalletizer_interfaces__rosidl_typesupport_fastrtps_cpp.dir/rosidl_typesupport_fastrtps_cpp/mypalletizer_interfaces/msg/detail/dds_fastrtps/mypal_set_angles__type_support.cpp.o[0m
[5.010s] [ 23%] [32mBuilding CXX object CMakeFiles/mypalletizer_interfaces__rosidl_typesupport_introspection_cpp.dir/rosidl_typesupport_introspection_cpp/mypalletizer_interfaces/srv/detail/get_coords__type_support.cpp.o[0m
[5.174s] [ 24%] [32mBuilding CXX object CMakeFiles/mypalletizer_interfaces__rosidl_typesupport_fastrtps_cpp.dir/rosidl_typesupport_fastrtps_cpp/mypalletizer_interfaces/msg/detail/dds_fastrtps/mypal_set_coords__type_support.cpp.o[0m
[5.215s] [ 25%] [32mBuilding CXX object CMakeFiles/mypalletizer_interfaces__rosidl_typesupport_introspection_cpp.dir/rosidl_typesupport_introspection_cpp/mypalletizer_interfaces/srv/detail/set_coords__type_support.cpp.o[0m
[5.479s] [ 26%] [32mBuilding CXX object CMakeFiles/mypalletizer_interfaces__rosidl_typesupport_introspection_cpp.dir/rosidl_typesupport_introspection_cpp/mypalletizer_interfaces/srv/detail/gripper_status__type_support.cpp.o[0m
[5.542s] [ 27%] [32mBuilding CXX object CMakeFiles/mypalletizer_interfaces__rosidl_typesupport_fastrtps_cpp.dir/rosidl_typesupport_fastrtps_cpp/mypalletizer_interfaces/msg/detail/dds_fastrtps/mypal_gripper_status__type_support.cpp.o[0m
[5.763s] [ 28%] [32mBuilding CXX object CMakeFiles/mypalletizer_interfaces__rosidl_typesupport_introspection_cpp.dir/rosidl_typesupport_introspection_cpp/mypalletizer_interfaces/srv/detail/pump_status__type_support.cpp.o[0m
[5.842s] [ 28%] [32mBuilding CXX object CMakeFiles/mypalletizer_interfaces__rosidl_typesupport_fastrtps_cpp.dir/rosidl_typesupport_fastrtps_cpp/mypalletizer_interfaces/msg/detail/dds_fastrtps/mypal_pump_status__type_support.cpp.o[0m
[5.999s] [ 29%] [32m[1mLinking CXX shared library libmypalletizer_interfaces__rosidl_typesupport_introspection_cpp.so[0m
[6.078s] [ 29%] Built target mypalletizer_interfaces__rosidl_typesupport_introspection_cpp
[6.106s] [ 30%] [34m[1mGenerating C++ type support dispatch for ROS interfaces[0m
[6.165s] [ 31%] [32mBuilding CXX object CMakeFiles/mypalletizer_interfaces__rosidl_typesupport_fastrtps_cpp.dir/rosidl_typesupport_fastrtps_cpp/mypalletizer_interfaces/srv/detail/dds_fastrtps/get_angles__type_support.cpp.o[0m
[6.558s] [ 32%] [32mBuilding CXX object CMakeFiles/mypalletizer_interfaces__rosidl_typesupport_fastrtps_cpp.dir/rosidl_typesupport_fastrtps_cpp/mypalletizer_interfaces/srv/detail/dds_fastrtps/set_angles__type_support.cpp.o[0m
[6.741s] [35m[1mScanning dependencies of target mypalletizer_interfaces__rosidl_typesupport_cpp[0m
[6.762s] [ 33%] [32mBuilding CXX object CMakeFiles/mypalletizer_interfaces__rosidl_typesupport_cpp.dir/rosidl_typesupport_cpp/mypalletizer_interfaces/msg/mypal_angles__type_support.cpp.o[0m
[6.945s] [ 34%] [32mBuilding CXX object CMakeFiles/mypalletizer_interfaces__rosidl_typesupport_fastrtps_cpp.dir/rosidl_typesupport_fastrtps_cpp/mypalletizer_interfaces/srv/detail/dds_fastrtps/get_coords__type_support.cpp.o[0m
[6.982s] [ 35%] [32mBuilding CXX object CMakeFiles/mypalletizer_interfaces__rosidl_typesupport_cpp.dir/rosidl_typesupport_cpp/mypalletizer_interfaces/msg/mypal_coords__type_support.cpp.o[0m
[7.312s] [ 36%] [32mBuilding CXX object CMakeFiles/mypalletizer_interfaces__rosidl_typesupport_cpp.dir/rosidl_typesupport_cpp/mypalletizer_interfaces/msg/mypal_set_angles__type_support.cpp.o[0m
[7.410s] [ 37%] [32mBuilding CXX object CMakeFiles/mypalletizer_interfaces__rosidl_typesupport_fastrtps_cpp.dir/rosidl_typesupport_fastrtps_cpp/mypalletizer_interfaces/srv/detail/dds_fastrtps/set_coords__type_support.cpp.o[0m
[7.446s] [ 38%] [32mBuilding CXX object CMakeFiles/mypalletizer_interfaces__rosidl_typesupport_cpp.dir/rosidl_typesupport_cpp/mypalletizer_interfaces/msg/mypal_set_coords__type_support.cpp.o[0m
[7.795s] [ 38%] [32mBuilding CXX object CMakeFiles/mypalletizer_interfaces__rosidl_typesupport_cpp.dir/rosidl_typesupport_cpp/mypalletizer_interfaces/msg/mypal_gripper_status__type_support.cpp.o[0m
[7.831s] [ 39%] [32mBuilding CXX object CMakeFiles/mypalletizer_interfaces__rosidl_typesupport_fastrtps_cpp.dir/rosidl_typesupport_fastrtps_cpp/mypalletizer_interfaces/srv/detail/dds_fastrtps/gripper_status__type_support.cpp.o[0m
[8.099s] [ 40%] [32mBuilding CXX object CMakeFiles/mypalletizer_interfaces__rosidl_typesupport_cpp.dir/rosidl_typesupport_cpp/mypalletizer_interfaces/msg/mypal_pump_status__type_support.cpp.o[0m
[8.179s] [ 40%] [32mBuilding CXX object CMakeFiles/mypalletizer_interfaces__rosidl_typesupport_fastrtps_cpp.dir/rosidl_typesupport_fastrtps_cpp/mypalletizer_interfaces/srv/detail/dds_fastrtps/pump_status__type_support.cpp.o[0m
[8.471s] [ 41%] [32mBuilding CXX object CMakeFiles/mypalletizer_interfaces__rosidl_typesupport_cpp.dir/rosidl_typesupport_cpp/mypalletizer_interfaces/srv/get_angles__type_support.cpp.o[0m
[8.854s] [ 42%] [32mBuilding CXX object CMakeFiles/mypalletizer_interfaces__rosidl_typesupport_cpp.dir/rosidl_typesupport_cpp/mypalletizer_interfaces/srv/set_angles__type_support.cpp.o[0m
[8.865s] [ 43%] [32m[1mLinking CXX shared library libmypalletizer_interfaces__rosidl_typesupport_fastrtps_cpp.so[0m
[8.986s] [ 43%] Built target mypalletizer_interfaces__rosidl_typesupport_fastrtps_cpp
[9.020s] [ 44%] [34m[1mGenerating C introspection for ROS interfaces[0m
[9.054s] [ 45%] [32mBuilding CXX object CMakeFiles/mypalletizer_interfaces__rosidl_typesupport_cpp.dir/rosidl_typesupport_cpp/mypalletizer_interfaces/srv/get_coords__type_support.cpp.o[0m
[9.360s] [ 46%] [32mBuilding CXX object CMakeFiles/mypalletizer_interfaces__rosidl_typesupport_cpp.dir/rosidl_typesupport_cpp/mypalletizer_interfaces/srv/set_coords__type_support.cpp.o[0m
[9.675s] [ 46%] [32mBuilding CXX object CMakeFiles/mypalletizer_interfaces__rosidl_typesupport_cpp.dir/rosidl_typesupport_cpp/mypalletizer_interfaces/srv/gripper_status__type_support.cpp.o[0m
[9.952s] [ 47%] [32mBuilding CXX object CMakeFiles/mypalletizer_interfaces__rosidl_typesupport_cpp.dir/rosidl_typesupport_cpp/mypalletizer_interfaces/srv/pump_status__type_support.cpp.o[0m
[10.108s] [35m[1mScanning dependencies of target mypalletizer_interfaces__rosidl_typesupport_introspection_c[0m
[10.135s] [ 48%] [32mBuilding C object CMakeFiles/mypalletizer_interfaces__rosidl_typesupport_introspection_c.dir/rosidl_typesupport_introspection_c/mypalletizer_interfaces/msg/detail/mypal_angles__type_support.c.o[0m
[10.171s] [ 49%] [32mBuilding C object CMakeFiles/mypalletizer_interfaces__rosidl_typesupport_introspection_c.dir/rosidl_typesupport_introspection_c/mypalletizer_interfaces/msg/detail/mypal_coords__type_support.c.o[0m
[10.172s] [ 50%] [32m[1mLinking CXX shared library libmypalletizer_interfaces__rosidl_typesupport_cpp.so[0m
[10.212s] [ 51%] [32mBuilding C object CMakeFiles/mypalletizer_interfaces__rosidl_typesupport_introspection_c.dir/rosidl_typesupport_introspection_c/mypalletizer_interfaces/msg/detail/mypal_set_angles__type_support.c.o[0m
[10.216s] [ 51%] Built target mypalletizer_interfaces__rosidl_typesupport_cpp
[10.220s] [ 52%] [34m[1mGenerating C type support dispatch for ROS interfaces[0m
[10.272s] [ 52%] [32mBuilding C object CMakeFiles/mypalletizer_interfaces__rosidl_typesupport_introspection_c.dir/rosidl_typesupport_introspection_c/mypalletizer_interfaces/msg/detail/mypal_set_coords__type_support.c.o[0m
[10.321s] [ 53%] [32mBuilding C object CMakeFiles/mypalletizer_interfaces__rosidl_typesupport_introspection_c.dir/rosidl_typesupport_introspection_c/mypalletizer_interfaces/msg/detail/mypal_gripper_status__type_support.c.o[0m
[10.353s] [ 54%] [32mBuilding C object CMakeFiles/mypalletizer_interfaces__rosidl_typesupport_introspection_c.dir/rosidl_typesupport_introspection_c/mypalletizer_interfaces/msg/detail/mypal_pump_status__type_support.c.o[0m
[10.389s] [ 55%] [32mBuilding C object CMakeFiles/mypalletizer_interfaces__rosidl_typesupport_introspection_c.dir/rosidl_typesupport_introspection_c/mypalletizer_interfaces/srv/detail/get_angles__type_support.c.o[0m
[10.450s] [ 56%] [32mBuilding C object CMakeFiles/mypalletizer_interfaces__rosidl_typesupport_introspection_c.dir/rosidl_typesupport_introspection_c/mypalletizer_interfaces/srv/detail/set_angles__type_support.c.o[0m
[10.512s] [ 57%] [32mBuilding C object CMakeFiles/mypalletizer_interfaces__rosidl_typesupport_introspection_c.dir/rosidl_typesupport_introspection_c/mypalletizer_interfaces/srv/detail/get_coords__type_support.c.o[0m
[10.548s] [ 58%] [32mBuilding C object CMakeFiles/mypalletizer_interfaces__rosidl_typesupport_introspection_c.dir/rosidl_typesupport_introspection_c/mypalletizer_interfaces/srv/detail/set_coords__type_support.c.o[0m
[10.609s] [ 58%] [32mBuilding C object CMakeFiles/mypalletizer_interfaces__rosidl_typesupport_introspection_c.dir/rosidl_typesupport_introspection_c/mypalletizer_interfaces/srv/detail/gripper_status__type_support.c.o[0m
[10.653s] [35m[1mScanning dependencies of target mypalletizer_interfaces__rosidl_typesupport_c[0m
[10.684s] [ 59%] [32mBuilding CXX object CMakeFiles/mypalletizer_interfaces__rosidl_typesupport_c.dir/rosidl_typesupport_c/mypalletizer_interfaces/msg/mypal_angles__type_support.cpp.o[0m
[10.687s] [ 60%] [32mBuilding C object CMakeFiles/mypalletizer_interfaces__rosidl_typesupport_introspection_c.dir/rosidl_typesupport_introspection_c/mypalletizer_interfaces/srv/detail/pump_status__type_support.c.o[0m
[10.715s] [ 60%] [32mBuilding CXX object CMakeFiles/mypalletizer_interfaces__rosidl_typesupport_c.dir/rosidl_typesupport_c/mypalletizer_interfaces/msg/mypal_coords__type_support.cpp.o[0m
[10.746s] [ 61%] [32m[1mLinking C shared library libmypalletizer_interfaces__rosidl_typesupport_introspection_c.so[0m
[10.770s] [ 62%] [32mBuilding CXX object CMakeFiles/mypalletizer_interfaces__rosidl_typesupport_c.dir/rosidl_typesupport_c/mypalletizer_interfaces/msg/mypal_set_angles__type_support.cpp.o[0m
[10.803s] [ 62%] Built target mypalletizer_interfaces__rosidl_typesupport_introspection_c
[10.806s] [ 63%] [32mBuilding CXX object CMakeFiles/mypalletizer_interfaces__rosidl_typesupport_c.dir/rosidl_typesupport_c/mypalletizer_interfaces/msg/mypal_set_coords__type_support.cpp.o[0m
[10.830s] [ 64%] [32mBuilding CXX object CMakeFiles/mypalletizer_interfaces__rosidl_typesupport_c.dir/rosidl_typesupport_c/mypalletizer_interfaces/msg/mypal_pump_status__type_support.cpp.o[0m
[10.835s] [ 65%] [32mBuilding CXX object CMakeFiles/mypalletizer_interfaces__rosidl_typesupport_c.dir/rosidl_typesupport_c/mypalletizer_interfaces/msg/mypal_gripper_status__type_support.cpp.o[0m
[10.869s] [ 65%] [32mBuilding CXX object CMakeFiles/mypalletizer_interfaces__rosidl_typesupport_c.dir/rosidl_typesupport_c/mypalletizer_interfaces/srv/set_angles__type_support.cpp.o[0m
[10.870s] [ 66%] [32mBuilding CXX object CMakeFiles/mypalletizer_interfaces__rosidl_typesupport_c.dir/rosidl_typesupport_c/mypalletizer_interfaces/srv/get_angles__type_support.cpp.o[0m
[10.922s] [ 67%] [32mBuilding CXX object CMakeFiles/mypalletizer_interfaces__rosidl_typesupport_c.dir/rosidl_typesupport_c/mypalletizer_interfaces/srv/get_coords__type_support.cpp.o[0m
[10.937s] [ 68%] [34m[1mGenerating C type support for eProsima Fast-RTPS[0m
[10.970s] [ 69%] [32mBuilding CXX object CMakeFiles/mypalletizer_interfaces__rosidl_typesupport_c.dir/rosidl_typesupport_c/mypalletizer_interfaces/srv/set_coords__type_support.cpp.o[0m
[11.019s] [ 70%] [32mBuilding CXX object CMakeFiles/mypalletizer_interfaces__rosidl_typesupport_c.dir/rosidl_typesupport_c/mypalletizer_interfaces/srv/gripper_status__type_support.cpp.o[0m
[11.046s] [ 71%] [32mBuilding CXX object CMakeFiles/mypalletizer_interfaces__rosidl_typesupport_c.dir/rosidl_typesupport_c/mypalletizer_interfaces/srv/pump_status__type_support.cpp.o[0m
[11.126s] [ 72%] [32m[1mLinking CXX shared library libmypalletizer_interfaces__rosidl_typesupport_c.so[0m
[11.226s] [ 72%] Built target mypalletizer_interfaces__rosidl_typesupport_c
[11.675s] [35m[1mScanning dependencies of target mypalletizer_interfaces__rosidl_typesupport_fastrtps_c[0m
[11.691s] [ 73%] [32mBuilding CXX object CMakeFiles/mypalletizer_interfaces__rosidl_typesupport_fastrtps_c.dir/rosidl_typesupport_fastrtps_c/mypalletizer_interfaces/msg/detail/mypal_angles__type_support_c.cpp.o[0m
[11.695s] [ 74%] [32mBuilding CXX object CMakeFiles/mypalletizer_interfaces__rosidl_typesupport_fastrtps_c.dir/rosidl_typesupport_fastrtps_c/mypalletizer_interfaces/msg/detail/mypal_coords__type_support_c.cpp.o[0m
[12.000s] [ 74%] [32mBuilding CXX object CMakeFiles/mypalletizer_interfaces__rosidl_typesupport_fastrtps_c.dir/rosidl_typesupport_fastrtps_c/mypalletizer_interfaces/msg/detail/mypal_set_angles__type_support_c.cpp.o[0m
[12.004s] [ 75%] [32mBuilding CXX object CMakeFiles/mypalletizer_interfaces__rosidl_typesupport_fastrtps_c.dir/rosidl_typesupport_fastrtps_c/mypalletizer_interfaces/msg/detail/mypal_set_coords__type_support_c.cpp.o[0m
[12.166s] [ 76%] [32mBuilding CXX object CMakeFiles/mypalletizer_interfaces__rosidl_typesupport_fastrtps_c.dir/rosidl_typesupport_fastrtps_c/mypalletizer_interfaces/msg/detail/mypal_gripper_status__type_support_c.cpp.o[0m
[12.185s] [ 77%] [32mBuilding CXX object CMakeFiles/mypalletizer_interfaces__rosidl_typesupport_fastrtps_c.dir/rosidl_typesupport_fastrtps_c/mypalletizer_interfaces/msg/detail/mypal_pump_status__type_support_c.cpp.o[0m
[12.331s] [ 78%] [32mBuilding CXX object CMakeFiles/mypalletizer_interfaces__rosidl_typesupport_fastrtps_c.dir/rosidl_typesupport_fastrtps_c/mypalletizer_interfaces/srv/detail/get_angles__type_support_c.cpp.o[0m
[12.391s] [ 79%] [32mBuilding CXX object CMakeFiles/mypalletizer_interfaces__rosidl_typesupport_fastrtps_c.dir/rosidl_typesupport_fastrtps_c/mypalletizer_interfaces/srv/detail/set_angles__type_support_c.cpp.o[0m
[12.551s] [ 79%] [32mBuilding CXX object CMakeFiles/mypalletizer_interfaces__rosidl_typesupport_fastrtps_c.dir/rosidl_typesupport_fastrtps_c/mypalletizer_interfaces/srv/detail/get_coords__type_support_c.cpp.o[0m
[12.599s] [ 80%] [32mBuilding CXX object CMakeFiles/mypalletizer_interfaces__rosidl_typesupport_fastrtps_c.dir/rosidl_typesupport_fastrtps_c/mypalletizer_interfaces/srv/detail/set_coords__type_support_c.cpp.o[0m
[12.770s] [ 81%] [32mBuilding CXX object CMakeFiles/mypalletizer_interfaces__rosidl_typesupport_fastrtps_c.dir/rosidl_typesupport_fastrtps_c/mypalletizer_interfaces/srv/detail/gripper_status__type_support_c.cpp.o[0m
[12.870s] [ 82%] [32mBuilding CXX object CMakeFiles/mypalletizer_interfaces__rosidl_typesupport_fastrtps_c.dir/rosidl_typesupport_fastrtps_c/mypalletizer_interfaces/srv/detail/pump_status__type_support_c.cpp.o[0m
[13.179s] [ 83%] [32m[1mLinking CXX shared library libmypalletizer_interfaces__rosidl_typesupport_fastrtps_c.so[0m
[13.234s] [ 83%] Built target mypalletizer_interfaces__rosidl_typesupport_fastrtps_c
[13.246s] [35m[1mScanning dependencies of target mypalletizer_interfaces[0m
[13.257s] [ 83%] Built target mypalletizer_interfaces
[13.262s] [35m[1mScanning dependencies of target mypalletizer_interfaces__py[0m
[13.268s] [ 84%] [34m[1mGenerating Python code for ROS interfaces[0m
[14.208s] [ 84%] Built target mypalletizer_interfaces__py
[14.213s] [35m[1mScanning dependencies of target mypalletizer_interfaces__python[0m
[14.230s] [ 85%] [32mBuilding C object CMakeFiles/mypalletizer_interfaces__python.dir/rosidl_generator_py/mypalletizer_interfaces/msg/_mypal_angles_s.c.o[0m
[14.233s] [ 86%] [32mBuilding C object CMakeFiles/mypalletizer_interfaces__python.dir/rosidl_generator_py/mypalletizer_interfaces/msg/_mypal_coords_s.c.o[0m
[14.283s] [ 87%] [32mBuilding C object CMakeFiles/mypalletizer_interfaces__python.dir/rosidl_generator_py/mypalletizer_interfaces/msg/_mypal_set_angles_s.c.o[0m
[14.286s] [ 88%] [32mBuilding C object CMakeFiles/mypalletizer_interfaces__python.dir/rosidl_generator_py/mypalletizer_interfaces/msg/_mypal_set_coords_s.c.o[0m
[14.329s] [ 88%] [32mBuilding C object CMakeFiles/mypalletizer_interfaces__python.dir/rosidl_generator_py/mypalletizer_interfaces/msg/_mypal_gripper_status_s.c.o[0m
[14.354s] [ 89%] [32mBuilding C object CMakeFiles/mypalletizer_interfaces__python.dir/rosidl_generator_py/mypalletizer_interfaces/msg/_mypal_pump_status_s.c.o[0m
[14.378s] [ 90%] [32mBuilding C object CMakeFiles/mypalletizer_interfaces__python.dir/rosidl_generator_py/mypalletizer_interfaces/srv/_get_angles_s.c.o[0m
[14.412s] [ 91%] [32mBuilding C object CMakeFiles/mypalletizer_interfaces__python.dir/rosidl_generator_py/mypalletizer_interfaces/srv/_set_angles_s.c.o[0m
[14.445s] [ 92%] [32mBuilding C object CMakeFiles/mypalletizer_interfaces__python.dir/rosidl_generator_py/mypalletizer_interfaces/srv/_get_coords_s.c.o[0m
[14.476s] [ 93%] [32mBuilding C object CMakeFiles/mypalletizer_interfaces__python.dir/rosidl_generator_py/mypalletizer_interfaces/srv/_set_coords_s.c.o[0m
[14.520s] [ 93%] [32mBuilding C object CMakeFiles/mypalletizer_interfaces__python.dir/rosidl_generator_py/mypalletizer_interfaces/srv/_gripper_status_s.c.o[0m
[14.527s] [ 94%] [32mBuilding C object CMakeFiles/mypalletizer_interfaces__python.dir/rosidl_generator_py/mypalletizer_interfaces/srv/_pump_status_s.c.o[0m
[14.585s] [ 95%] [32m[1mLinking C shared library rosidl_generator_py/mypalletizer_interfaces/libmypalletizer_interfaces__python.so[0m
[14.607s] [ 95%] Built target mypalletizer_interfaces__python
[14.612s] [35m[1mScanning dependencies of target mypalletizer_interfaces__rosidl_typesupport_fastrtps_c__pyext[0m
[14.612s] [35m[1mScanning dependencies of target mypalletizer_interfaces__rosidl_typesupport_c__pyext[0m
[14.626s] [ 95%] [32mBuilding C object CMakeFiles/mypalletizer_interfaces__rosidl_typesupport_c__pyext.dir/rosidl_generator_py/mypalletizer_interfaces/_mypalletizer_interfaces_s.ep.rosidl_typesupport_c.c.o[0m
[14.629s] [ 96%] [32mBuilding C object CMakeFiles/mypalletizer_interfaces__rosidl_typesupport_fastrtps_c__pyext.dir/rosidl_generator_py/mypalletizer_interfaces/_mypalletizer_interfaces_s.ep.rosidl_typesupport_fastrtps_c.c.o[0m
[14.696s] [ 97%] [32m[1mLinking C shared library rosidl_generator_py/mypalletizer_interfaces/mypalletizer_interfaces_s__rosidl_typesupport_c.cpython-38-aarch64-linux-gnu.so[0m
[14.705s] [ 98%] [32m[1mLinking CXX shared library rosidl_generator_py/mypalletizer_interfaces/mypalletizer_interfaces_s__rosidl_typesupport_fastrtps_c.cpython-38-aarch64-linux-gnu.so[0m
[14.725s] [ 98%] Built target mypalletizer_interfaces__rosidl_typesupport_c__pyext
[14.733s] [35m[1mScanning dependencies of target mypalletizer_interfaces__rosidl_typesupport_introspection_c__pyext[0m
[14.745s] [ 99%] [32mBuilding C object CMakeFiles/mypalletizer_interfaces__rosidl_typesupport_introspection_c__pyext.dir/rosidl_generator_py/mypalletizer_interfaces/_mypalletizer_interfaces_s.ep.rosidl_typesupport_introspection_c.c.o[0m
[14.748s] [ 99%] Built target mypalletizer_interfaces__rosidl_typesupport_fastrtps_c__pyext
[14.811s] [100%] [32m[1mLinking C shared library rosidl_generator_py/mypalletizer_interfaces/mypalletizer_interfaces_s__rosidl_typesupport_introspection_c.cpython-38-aarch64-linux-gnu.so[0m
[14.839s] [100%] Built target mypalletizer_interfaces__rosidl_typesupport_introspection_c__pyext
[14.844s] Invoked command in '/home/tony/colcon_ws/build/mypalletizer_interfaces' returned '0': CMAKE_PREFIX_PATH=/opt/ros/foxy /usr/bin/cmake --build /home/tony/colcon_ws/build/mypalletizer_interfaces -- -j2 -l2
[14.846s] Invoking command in '/home/tony/colcon_ws/build/mypalletizer_interfaces': CMAKE_PREFIX_PATH=/opt/ros/foxy /usr/bin/cmake --install /home/tony/colcon_ws/build/mypalletizer_interfaces
[14.849s] -- Install configuration: ""
[14.850s] -- Execute custom install script
[14.850s] -- Symlinking: /home/tony/colcon_ws/install/mypalletizer_interfaces/share/ament_index/resource_index/rosidl_interfaces/mypalletizer_interfaces
[14.854s] -- Symlinking: /home/tony/colcon_ws/install/mypalletizer_interfaces/include/mypalletizer_interfaces/msg/detail/mypal_angles__functions.h
[14.857s] -- Symlinking: /home/tony/colcon_ws/install/mypalletizer_interfaces/include/mypalletizer_interfaces/msg/detail/mypal_angles__struct.h
[14.861s] -- Symlinking: /home/tony/colcon_ws/install/mypalletizer_interfaces/include/mypalletizer_interfaces/msg/detail/mypal_angles__type_support.h
[14.864s] -- Symlinking: /home/tony/colcon_ws/install/mypalletizer_interfaces/include/mypalletizer_interfaces/msg/detail/mypal_coords__functions.h
[14.867s] -- Symlinking: /home/tony/colcon_ws/install/mypalletizer_interfaces/include/mypalletizer_interfaces/msg/detail/mypal_coords__struct.h
[14.870s] -- Symlinking: /home/tony/colcon_ws/install/mypalletizer_interfaces/include/mypalletizer_interfaces/msg/detail/mypal_coords__type_support.h
[14.874s] -- Symlinking: /home/tony/colcon_ws/install/mypalletizer_interfaces/include/mypalletizer_interfaces/msg/detail/mypal_gripper_status__functions.h
[14.878s] -- Symlinking: /home/tony/colcon_ws/install/mypalletizer_interfaces/include/mypalletizer_interfaces/msg/detail/mypal_gripper_status__struct.h
[14.881s] -- Symlinking: /home/tony/colcon_ws/install/mypalletizer_interfaces/include/mypalletizer_interfaces/msg/detail/mypal_gripper_status__type_support.h
[14.884s] -- Symlinking: /home/tony/colcon_ws/install/mypalletizer_interfaces/include/mypalletizer_interfaces/msg/detail/mypal_pump_status__functions.h
[14.888s] -- Symlinking: /home/tony/colcon_ws/install/mypalletizer_interfaces/include/mypalletizer_interfaces/msg/detail/mypal_pump_status__struct.h
[14.891s] -- Symlinking: /home/tony/colcon_ws/install/mypalletizer_interfaces/include/mypalletizer_interfaces/msg/detail/mypal_pump_status__type_support.h
[14.896s] -- Symlinking: /home/tony/colcon_ws/install/mypalletizer_interfaces/include/mypalletizer_interfaces/msg/detail/mypal_set_angles__functions.h
[14.900s] -- Symlinking: /home/tony/colcon_ws/install/mypalletizer_interfaces/include/mypalletizer_interfaces/msg/detail/mypal_set_angles__struct.h
[14.908s] -- Symlinking: /home/tony/colcon_ws/install/mypalletizer_interfaces/include/mypalletizer_interfaces/msg/detail/mypal_set_angles__type_support.h
[14.913s] -- Symlinking: /home/tony/colcon_ws/install/mypalletizer_interfaces/include/mypalletizer_interfaces/msg/detail/mypal_set_coords__functions.h
[14.917s] -- Symlinking: /home/tony/colcon_ws/install/mypalletizer_interfaces/include/mypalletizer_interfaces/msg/detail/mypal_set_coords__struct.h
[14.921s] -- Symlinking: /home/tony/colcon_ws/install/mypalletizer_interfaces/include/mypalletizer_interfaces/msg/detail/mypal_set_coords__type_support.h
[14.925s] -- Symlinking: /home/tony/colcon_ws/install/mypalletizer_interfaces/include/mypalletizer_interfaces/msg/mypal_angles.h
[14.931s] -- Symlinking: /home/tony/colcon_ws/install/mypalletizer_interfaces/include/mypalletizer_interfaces/msg/mypal_coords.h
[14.934s] -- Symlinking: /home/tony/colcon_ws/install/mypalletizer_interfaces/include/mypalletizer_interfaces/msg/mypal_gripper_status.h
[14.939s] -- Symlinking: /home/tony/colcon_ws/install/mypalletizer_interfaces/include/mypalletizer_interfaces/msg/mypal_pump_status.h
[14.943s] -- Symlinking: /home/tony/colcon_ws/install/mypalletizer_interfaces/include/mypalletizer_interfaces/msg/mypal_set_angles.h
[14.946s] -- Symlinking: /home/tony/colcon_ws/install/mypalletizer_interfaces/include/mypalletizer_interfaces/msg/mypal_set_coords.h
[14.952s] -- Symlinking: /home/tony/colcon_ws/install/mypalletizer_interfaces/include/mypalletizer_interfaces/msg/rosidl_generator_c__visibility_control.h
[14.955s] -- Symlinking: /home/tony/colcon_ws/install/mypalletizer_interfaces/include/mypalletizer_interfaces/srv/detail/get_angles__functions.h
[14.960s] -- Symlinking: /home/tony/colcon_ws/install/mypalletizer_interfaces/include/mypalletizer_interfaces/srv/detail/get_angles__struct.h
[14.965s] -- Symlinking: /home/tony/colcon_ws/install/mypalletizer_interfaces/include/mypalletizer_interfaces/srv/detail/get_angles__type_support.h
[14.968s] -- Symlinking: /home/tony/colcon_ws/install/mypalletizer_interfaces/include/mypalletizer_interfaces/srv/detail/get_coords__functions.h
[14.973s] -- Symlinking: /home/tony/colcon_ws/install/mypalletizer_interfaces/include/mypalletizer_interfaces/srv/detail/get_coords__struct.h
[14.978s] -- Symlinking: /home/tony/colcon_ws/install/mypalletizer_interfaces/include/mypalletizer_interfaces/srv/detail/get_coords__type_support.h
[14.982s] -- Symlinking: /home/tony/colcon_ws/install/mypalletizer_interfaces/include/mypalletizer_interfaces/srv/detail/gripper_status__functions.h
[14.986s] -- Symlinking: /home/tony/colcon_ws/install/mypalletizer_interfaces/include/mypalletizer_interfaces/srv/detail/gripper_status__struct.h
[14.992s] -- Symlinking: /home/tony/colcon_ws/install/mypalletizer_interfaces/include/mypalletizer_interfaces/srv/detail/gripper_status__type_support.h
[14.995s] -- Symlinking: /home/tony/colcon_ws/install/mypalletizer_interfaces/include/mypalletizer_interfaces/srv/detail/pump_status__functions.h
[14.999s] -- Symlinking: /home/tony/colcon_ws/install/mypalletizer_interfaces/include/mypalletizer_interfaces/srv/detail/pump_status__struct.h
[15.004s] -- Symlinking: /home/tony/colcon_ws/install/mypalletizer_interfaces/include/mypalletizer_interfaces/srv/detail/pump_status__type_support.h
[15.008s] -- Symlinking: /home/tony/colcon_ws/install/mypalletizer_interfaces/include/mypalletizer_interfaces/srv/detail/set_angles__functions.h
[15.012s] -- Symlinking: /home/tony/colcon_ws/install/mypalletizer_interfaces/include/mypalletizer_interfaces/srv/detail/set_angles__struct.h
[15.017s] -- Symlinking: /home/tony/colcon_ws/install/mypalletizer_interfaces/include/mypalletizer_interfaces/srv/detail/set_angles__type_support.h
[15.022s] -- Symlinking: /home/tony/colcon_ws/install/mypalletizer_interfaces/include/mypalletizer_interfaces/srv/detail/set_coords__functions.h
[15.026s] -- Symlinking: /home/tony/colcon_ws/install/mypalletizer_interfaces/include/mypalletizer_interfaces/srv/detail/set_coords__struct.h
[15.031s] -- Symlinking: /home/tony/colcon_ws/install/mypalletizer_interfaces/include/mypalletizer_interfaces/srv/detail/set_coords__type_support.h
[15.036s] -- Symlinking: /home/tony/colcon_ws/install/mypalletizer_interfaces/include/mypalletizer_interfaces/srv/get_angles.h
[15.041s] -- Symlinking: /home/tony/colcon_ws/install/mypalletizer_interfaces/include/mypalletizer_interfaces/srv/get_coords.h
[15.045s] -- Symlinking: /home/tony/colcon_ws/install/mypalletizer_interfaces/include/mypalletizer_interfaces/srv/gripper_status.h
[15.050s] -- Symlinking: /home/tony/colcon_ws/install/mypalletizer_interfaces/include/mypalletizer_interfaces/srv/pump_status.h
[15.055s] -- Symlinking: /home/tony/colcon_ws/install/mypalletizer_interfaces/include/mypalletizer_interfaces/srv/set_angles.h
[15.059s] -- Symlinking: /home/tony/colcon_ws/install/mypalletizer_interfaces/include/mypalletizer_interfaces/srv/set_coords.h
[15.063s] -- Symlinking: /home/tony/colcon_ws/install/mypalletizer_interfaces/share/mypalletizer_interfaces/environment/library_path.sh
[15.067s] -- Symlinking: /home/tony/colcon_ws/install/mypalletizer_interfaces/share/mypalletizer_interfaces/environment/library_path.dsv
[15.072s] -- Symlinking: /home/tony/colcon_ws/install/mypalletizer_interfaces/include/mypalletizer_interfaces/msg/detail/mypal_angles__rosidl_typesupport_fastrtps_c.h
[15.077s] -- Symlinking: /home/tony/colcon_ws/install/mypalletizer_interfaces/include/mypalletizer_interfaces/msg/detail/mypal_coords__rosidl_typesupport_fastrtps_c.h
[15.083s] -- Symlinking: /home/tony/colcon_ws/install/mypalletizer_interfaces/include/mypalletizer_interfaces/msg/detail/mypal_gripper_status__rosidl_typesupport_fastrtps_c.h
[15.086s] -- Symlinking: /home/tony/colcon_ws/install/mypalletizer_interfaces/include/mypalletizer_interfaces/msg/detail/mypal_pump_status__rosidl_typesupport_fastrtps_c.h
[15.090s] -- Symlinking: /home/tony/colcon_ws/install/mypalletizer_interfaces/include/mypalletizer_interfaces/msg/detail/mypal_set_angles__rosidl_typesupport_fastrtps_c.h
[15.096s] -- Symlinking: /home/tony/colcon_ws/install/mypalletizer_interfaces/include/mypalletizer_interfaces/msg/detail/mypal_set_coords__rosidl_typesupport_fastrtps_c.h
[15.099s] -- Symlinking: /home/tony/colcon_ws/install/mypalletizer_interfaces/include/mypalletizer_interfaces/msg/rosidl_typesupport_fastrtps_c__visibility_control.h
[15.104s] -- Symlinking: /home/tony/colcon_ws/install/mypalletizer_interfaces/include/mypalletizer_interfaces/srv/detail/get_angles__rosidl_typesupport_fastrtps_c.h
[15.109s] -- Symlinking: /home/tony/colcon_ws/install/mypalletizer_interfaces/include/mypalletizer_interfaces/srv/detail/get_coords__rosidl_typesupport_fastrtps_c.h
[15.113s] -- Symlinking: /home/tony/colcon_ws/install/mypalletizer_interfaces/include/mypalletizer_interfaces/srv/detail/gripper_status__rosidl_typesupport_fastrtps_c.h
[15.118s] -- Symlinking: /home/tony/colcon_ws/install/mypalletizer_interfaces/include/mypalletizer_interfaces/srv/detail/pump_status__rosidl_typesupport_fastrtps_c.h
[15.122s] -- Symlinking: /home/tony/colcon_ws/install/mypalletizer_interfaces/include/mypalletizer_interfaces/srv/detail/set_angles__rosidl_typesupport_fastrtps_c.h
[15.126s] -- Symlinking: /home/tony/colcon_ws/install/mypalletizer_interfaces/include/mypalletizer_interfaces/srv/detail/set_coords__rosidl_typesupport_fastrtps_c.h
[15.131s] -- Symlinking: /home/tony/colcon_ws/install/mypalletizer_interfaces/lib/libmypalletizer_interfaces__rosidl_typesupport_fastrtps_c.so
[15.136s] -- Symlinking: /home/tony/colcon_ws/install/mypalletizer_interfaces/include/mypalletizer_interfaces/msg/detail/mypal_angles__rosidl_typesupport_fastrtps_cpp.hpp
[15.140s] -- Symlinking: /home/tony/colcon_ws/install/mypalletizer_interfaces/include/mypalletizer_interfaces/msg/detail/mypal_coords__rosidl_typesupport_fastrtps_cpp.hpp
[15.147s] -- Symlinking: /home/tony/colcon_ws/install/mypalletizer_interfaces/include/mypalletizer_interfaces/msg/detail/mypal_gripper_status__rosidl_typesupport_fastrtps_cpp.hpp
[15.150s] -- Symlinking: /home/tony/colcon_ws/install/mypalletizer_interfaces/include/mypalletizer_interfaces/msg/detail/mypal_pump_status__rosidl_typesupport_fastrtps_cpp.hpp
[15.155s] -- Symlinking: /home/tony/colcon_ws/install/mypalletizer_interfaces/include/mypalletizer_interfaces/msg/detail/mypal_set_angles__rosidl_typesupport_fastrtps_cpp.hpp
[15.160s] -- Symlinking: /home/tony/colcon_ws/install/mypalletizer_interfaces/include/mypalletizer_interfaces/msg/detail/mypal_set_coords__rosidl_typesupport_fastrtps_cpp.hpp
[15.164s] -- Symlinking: /home/tony/colcon_ws/install/mypalletizer_interfaces/include/mypalletizer_interfaces/msg/rosidl_typesupport_fastrtps_cpp__visibility_control.h
[15.169s] -- Symlinking: /home/tony/colcon_ws/install/mypalletizer_interfaces/include/mypalletizer_interfaces/srv/detail/get_angles__rosidl_typesupport_fastrtps_cpp.hpp
[15.175s] -- Symlinking: /home/tony/colcon_ws/install/mypalletizer_interfaces/include/mypalletizer_interfaces/srv/detail/get_coords__rosidl_typesupport_fastrtps_cpp.hpp
[15.179s] -- Symlinking: /home/tony/colcon_ws/install/mypalletizer_interfaces/include/mypalletizer_interfaces/srv/detail/gripper_status__rosidl_typesupport_fastrtps_cpp.hpp
[15.183s] -- Symlinking: /home/tony/colcon_ws/install/mypalletizer_interfaces/include/mypalletizer_interfaces/srv/detail/pump_status__rosidl_typesupport_fastrtps_cpp.hpp
[15.188s] -- Symlinking: /home/tony/colcon_ws/install/mypalletizer_interfaces/include/mypalletizer_interfaces/srv/detail/set_angles__rosidl_typesupport_fastrtps_cpp.hpp
[15.192s] -- Symlinking: /home/tony/colcon_ws/install/mypalletizer_interfaces/include/mypalletizer_interfaces/srv/detail/set_coords__rosidl_typesupport_fastrtps_cpp.hpp
[15.199s] -- Symlinking: /home/tony/colcon_ws/install/mypalletizer_interfaces/lib/libmypalletizer_interfaces__rosidl_typesupport_fastrtps_cpp.so
[15.203s] -- Symlinking: /home/tony/colcon_ws/install/mypalletizer_interfaces/include/mypalletizer_interfaces/msg/detail/mypal_angles__rosidl_typesupport_introspection_c.h
[15.208s] -- Symlinking: /home/tony/colcon_ws/install/mypalletizer_interfaces/include/mypalletizer_interfaces/msg/detail/mypal_coords__rosidl_typesupport_introspection_c.h
[15.213s] -- Symlinking: /home/tony/colcon_ws/install/mypalletizer_interfaces/include/mypalletizer_interfaces/msg/detail/mypal_gripper_status__rosidl_typesupport_introspection_c.h
[15.217s] -- Symlinking: /home/tony/colcon_ws/install/mypalletizer_interfaces/include/mypalletizer_interfaces/msg/detail/mypal_pump_status__rosidl_typesupport_introspection_c.h
[15.221s] -- Symlinking: /home/tony/colcon_ws/install/mypalletizer_interfaces/include/mypalletizer_interfaces/msg/detail/mypal_set_angles__rosidl_typesupport_introspection_c.h
[15.227s] -- Symlinking: /home/tony/colcon_ws/install/mypalletizer_interfaces/include/mypalletizer_interfaces/msg/detail/mypal_set_coords__rosidl_typesupport_introspection_c.h
[15.231s] -- Symlinking: /home/tony/colcon_ws/install/mypalletizer_interfaces/include/mypalletizer_interfaces/msg/rosidl_typesupport_introspection_c__visibility_control.h
[15.236s] -- Symlinking: /home/tony/colcon_ws/install/mypalletizer_interfaces/include/mypalletizer_interfaces/srv/detail/get_angles__rosidl_typesupport_introspection_c.h
[15.241s] -- Symlinking: /home/tony/colcon_ws/install/mypalletizer_interfaces/include/mypalletizer_interfaces/srv/detail/get_coords__rosidl_typesupport_introspection_c.h
[15.246s] -- Symlinking: /home/tony/colcon_ws/install/mypalletizer_interfaces/include/mypalletizer_interfaces/srv/detail/gripper_status__rosidl_typesupport_introspection_c.h
[15.250s] -- Symlinking: /home/tony/colcon_ws/install/mypalletizer_interfaces/include/mypalletizer_interfaces/srv/detail/pump_status__rosidl_typesupport_introspection_c.h
[15.254s] -- Symlinking: /home/tony/colcon_ws/install/mypalletizer_interfaces/include/mypalletizer_interfaces/srv/detail/set_angles__rosidl_typesupport_introspection_c.h
[15.259s] -- Symlinking: /home/tony/colcon_ws/install/mypalletizer_interfaces/include/mypalletizer_interfaces/srv/detail/set_coords__rosidl_typesupport_introspection_c.h
[15.266s] -- Symlinking: /home/tony/colcon_ws/install/mypalletizer_interfaces/include/mypalletizer_interfaces/msg/detail/mypal_angles__builder.hpp
[15.270s] -- Symlinking: /home/tony/colcon_ws/install/mypalletizer_interfaces/include/mypalletizer_interfaces/msg/detail/mypal_angles__struct.hpp
[15.274s] -- Symlinking: /home/tony/colcon_ws/install/mypalletizer_interfaces/include/mypalletizer_interfaces/msg/detail/mypal_angles__traits.hpp
[15.280s] -- Symlinking: /home/tony/colcon_ws/install/mypalletizer_interfaces/include/mypalletizer_interfaces/msg/detail/mypal_angles__type_support.hpp
[15.284s] -- Symlinking: /home/tony/colcon_ws/install/mypalletizer_interfaces/include/mypalletizer_interfaces/msg/detail/mypal_coords__builder.hpp
[15.288s] -- Symlinking: /home/tony/colcon_ws/install/mypalletizer_interfaces/include/mypalletizer_interfaces/msg/detail/mypal_coords__struct.hpp
[15.293s] -- Symlinking: /home/tony/colcon_ws/install/mypalletizer_interfaces/include/mypalletizer_interfaces/msg/detail/mypal_coords__traits.hpp
[15.299s] -- Symlinking: /home/tony/colcon_ws/install/mypalletizer_interfaces/include/mypalletizer_interfaces/msg/detail/mypal_coords__type_support.hpp
[15.303s] -- Symlinking: /home/tony/colcon_ws/install/mypalletizer_interfaces/include/mypalletizer_interfaces/msg/detail/mypal_gripper_status__builder.hpp
[15.308s] -- Symlinking: /home/tony/colcon_ws/install/mypalletizer_interfaces/include/mypalletizer_interfaces/msg/detail/mypal_gripper_status__struct.hpp
[15.316s] -- Symlinking: /home/tony/colcon_ws/install/mypalletizer_interfaces/include/mypalletizer_interfaces/msg/detail/mypal_gripper_status__traits.hpp
[15.320s] -- Symlinking: /home/tony/colcon_ws/install/mypalletizer_interfaces/include/mypalletizer_interfaces/msg/detail/mypal_gripper_status__type_support.hpp
[15.324s] -- Symlinking: /home/tony/colcon_ws/install/mypalletizer_interfaces/include/mypalletizer_interfaces/msg/detail/mypal_pump_status__builder.hpp
[15.333s] -- Symlinking: /home/tony/colcon_ws/install/mypalletizer_interfaces/include/mypalletizer_interfaces/msg/detail/mypal_pump_status__struct.hpp
[15.336s] -- Symlinking: /home/tony/colcon_ws/install/mypalletizer_interfaces/include/mypalletizer_interfaces/msg/detail/mypal_pump_status__traits.hpp
[15.339s] -- Symlinking: /home/tony/colcon_ws/install/mypalletizer_interfaces/include/mypalletizer_interfaces/msg/detail/mypal_pump_status__type_support.hpp
[15.344s] -- Symlinking: /home/tony/colcon_ws/install/mypalletizer_interfaces/include/mypalletizer_interfaces/msg/detail/mypal_set_angles__builder.hpp
[15.347s] -- Symlinking: /home/tony/colcon_ws/install/mypalletizer_interfaces/include/mypalletizer_interfaces/msg/detail/mypal_set_angles__struct.hpp
[15.351s] -- Symlinking: /home/tony/colcon_ws/install/mypalletizer_interfaces/include/mypalletizer_interfaces/msg/detail/mypal_set_angles__traits.hpp
[15.354s] -- Symlinking: /home/tony/colcon_ws/install/mypalletizer_interfaces/include/mypalletizer_interfaces/msg/detail/mypal_set_angles__type_support.hpp
[15.359s] -- Symlinking: /home/tony/colcon_ws/install/mypalletizer_interfaces/include/mypalletizer_interfaces/msg/detail/mypal_set_coords__builder.hpp
[15.362s] -- Symlinking: /home/tony/colcon_ws/install/mypalletizer_interfaces/include/mypalletizer_interfaces/msg/detail/mypal_set_coords__struct.hpp
[15.366s] -- Symlinking: /home/tony/colcon_ws/install/mypalletizer_interfaces/include/mypalletizer_interfaces/msg/detail/mypal_set_coords__traits.hpp
[15.369s] -- Symlinking: /home/tony/colcon_ws/install/mypalletizer_interfaces/include/mypalletizer_interfaces/msg/detail/mypal_set_coords__type_support.hpp
[15.372s] -- Symlinking: /home/tony/colcon_ws/install/mypalletizer_interfaces/include/mypalletizer_interfaces/msg/mypal_angles.hpp
[15.375s] -- Symlinking: /home/tony/colcon_ws/install/mypalletizer_interfaces/include/mypalletizer_interfaces/msg/mypal_coords.hpp
[15.378s] -- Symlinking: /home/tony/colcon_ws/install/mypalletizer_interfaces/include/mypalletizer_interfaces/msg/mypal_gripper_status.hpp
[15.382s] -- Symlinking: /home/tony/colcon_ws/install/mypalletizer_interfaces/include/mypalletizer_interfaces/msg/mypal_pump_status.hpp
[15.385s] -- Symlinking: /home/tony/colcon_ws/install/mypalletizer_interfaces/include/mypalletizer_interfaces/msg/mypal_set_angles.hpp
[15.388s] -- Symlinking: /home/tony/colcon_ws/install/mypalletizer_interfaces/include/mypalletizer_interfaces/msg/mypal_set_coords.hpp
[15.391s] -- Symlinking: /home/tony/colcon_ws/install/mypalletizer_interfaces/include/mypalletizer_interfaces/msg/rosidl_generator_cpp__visibility_control.hpp
[15.395s] -- Symlinking: /home/tony/colcon_ws/install/mypalletizer_interfaces/include/mypalletizer_interfaces/srv/detail/get_angles__builder.hpp
[15.398s] -- Symlinking: /home/tony/colcon_ws/install/mypalletizer_interfaces/include/mypalletizer_interfaces/srv/detail/get_angles__struct.hpp
[15.401s] -- Symlinking: /home/tony/colcon_ws/install/mypalletizer_interfaces/include/mypalletizer_interfaces/srv/detail/get_angles__traits.hpp
[15.404s] -- Symlinking: /home/tony/colcon_ws/install/mypalletizer_interfaces/include/mypalletizer_interfaces/srv/detail/get_angles__type_support.hpp
[15.408s] -- Symlinking: /home/tony/colcon_ws/install/mypalletizer_interfaces/include/mypalletizer_interfaces/srv/detail/get_coords__builder.hpp
[15.411s] -- Symlinking: /home/tony/colcon_ws/install/mypalletizer_interfaces/include/mypalletizer_interfaces/srv/detail/get_coords__struct.hpp
[15.415s] -- Symlinking: /home/tony/colcon_ws/install/mypalletizer_interfaces/include/mypalletizer_interfaces/srv/detail/get_coords__traits.hpp
[15.421s] -- Symlinking: /home/tony/colcon_ws/install/mypalletizer_interfaces/include/mypalletizer_interfaces/srv/detail/get_coords__type_support.hpp
[15.426s] -- Symlinking: /home/tony/colcon_ws/install/mypalletizer_interfaces/include/mypalletizer_interfaces/srv/detail/gripper_status__builder.hpp
[15.429s] -- Symlinking: /home/tony/colcon_ws/install/mypalletizer_interfaces/include/mypalletizer_interfaces/srv/detail/gripper_status__struct.hpp
[15.432s] -- Symlinking: /home/tony/colcon_ws/install/mypalletizer_interfaces/include/mypalletizer_interfaces/srv/detail/gripper_status__traits.hpp
[15.435s] -- Symlinking: /home/tony/colcon_ws/install/mypalletizer_interfaces/include/mypalletizer_interfaces/srv/detail/gripper_status__type_support.hpp
[15.438s] -- Symlinking: /home/tony/colcon_ws/install/mypalletizer_interfaces/include/mypalletizer_interfaces/srv/detail/pump_status__builder.hpp
[15.443s] -- Symlinking: /home/tony/colcon_ws/install/mypalletizer_interfaces/include/mypalletizer_interfaces/srv/detail/pump_status__struct.hpp
[15.446s] -- Symlinking: /home/tony/colcon_ws/install/mypalletizer_interfaces/include/mypalletizer_interfaces/srv/detail/pump_status__traits.hpp
[15.451s] -- Symlinking: /home/tony/colcon_ws/install/mypalletizer_interfaces/include/mypalletizer_interfaces/srv/detail/pump_status__type_support.hpp
[15.454s] -- Symlinking: /home/tony/colcon_ws/install/mypalletizer_interfaces/include/mypalletizer_interfaces/srv/detail/set_angles__builder.hpp
[15.457s] -- Symlinking: /home/tony/colcon_ws/install/mypalletizer_interfaces/include/mypalletizer_interfaces/srv/detail/set_angles__struct.hpp
[15.461s] -- Symlinking: /home/tony/colcon_ws/install/mypalletizer_interfaces/include/mypalletizer_interfaces/srv/detail/set_angles__traits.hpp
[15.465s] -- Symlinking: /home/tony/colcon_ws/install/mypalletizer_interfaces/include/mypalletizer_interfaces/srv/detail/set_angles__type_support.hpp
[15.468s] -- Symlinking: /home/tony/colcon_ws/install/mypalletizer_interfaces/include/mypalletizer_interfaces/srv/detail/set_coords__builder.hpp
[15.471s] -- Symlinking: /home/tony/colcon_ws/install/mypalletizer_interfaces/include/mypalletizer_interfaces/srv/detail/set_coords__struct.hpp
[15.474s] -- Symlinking: /home/tony/colcon_ws/install/mypalletizer_interfaces/include/mypalletizer_interfaces/srv/detail/set_coords__traits.hpp
[15.477s] -- Symlinking: /home/tony/colcon_ws/install/mypalletizer_interfaces/include/mypalletizer_interfaces/srv/detail/set_coords__type_support.hpp
[15.480s] -- Symlinking: /home/tony/colcon_ws/install/mypalletizer_interfaces/include/mypalletizer_interfaces/srv/get_angles.hpp
[15.483s] -- Symlinking: /home/tony/colcon_ws/install/mypalletizer_interfaces/include/mypalletizer_interfaces/srv/get_coords.hpp
[15.486s] -- Symlinking: /home/tony/colcon_ws/install/mypalletizer_interfaces/include/mypalletizer_interfaces/srv/gripper_status.hpp
[15.490s] -- Symlinking: /home/tony/colcon_ws/install/mypalletizer_interfaces/include/mypalletizer_interfaces/srv/pump_status.hpp
[15.493s] -- Symlinking: /home/tony/colcon_ws/install/mypalletizer_interfaces/include/mypalletizer_interfaces/srv/set_angles.hpp
[15.496s] -- Symlinking: /home/tony/colcon_ws/install/mypalletizer_interfaces/include/mypalletizer_interfaces/srv/set_coords.hpp
[15.500s] -- Symlinking: /home/tony/colcon_ws/install/mypalletizer_interfaces/include/mypalletizer_interfaces/msg/detail/mypal_angles__rosidl_typesupport_introspection_cpp.hpp
[15.503s] -- Symlinking: /home/tony/colcon_ws/install/mypalletizer_interfaces/include/mypalletizer_interfaces/msg/detail/mypal_coords__rosidl_typesupport_introspection_cpp.hpp
[15.506s] -- Symlinking: /home/tony/colcon_ws/install/mypalletizer_interfaces/include/mypalletizer_interfaces/msg/detail/mypal_gripper_status__rosidl_typesupport_introspection_cpp.hpp
[15.509s] -- Symlinking: /home/tony/colcon_ws/install/mypalletizer_interfaces/include/mypalletizer_interfaces/msg/detail/mypal_pump_status__rosidl_typesupport_introspection_cpp.hpp
[15.512s] -- Symlinking: /home/tony/colcon_ws/install/mypalletizer_interfaces/include/mypalletizer_interfaces/msg/detail/mypal_set_angles__rosidl_typesupport_introspection_cpp.hpp
[15.515s] -- Symlinking: /home/tony/colcon_ws/install/mypalletizer_interfaces/include/mypalletizer_interfaces/msg/detail/mypal_set_coords__rosidl_typesupport_introspection_cpp.hpp
[15.518s] -- Symlinking: /home/tony/colcon_ws/install/mypalletizer_interfaces/include/mypalletizer_interfaces/srv/detail/get_angles__rosidl_typesupport_introspection_cpp.hpp
[15.521s] -- Symlinking: /home/tony/colcon_ws/install/mypalletizer_interfaces/include/mypalletizer_interfaces/srv/detail/get_coords__rosidl_typesupport_introspection_cpp.hpp
[15.524s] -- Symlinking: /home/tony/colcon_ws/install/mypalletizer_interfaces/include/mypalletizer_interfaces/srv/detail/gripper_status__rosidl_typesupport_introspection_cpp.hpp
[15.527s] -- Symlinking: /home/tony/colcon_ws/install/mypalletizer_interfaces/include/mypalletizer_interfaces/srv/detail/pump_status__rosidl_typesupport_introspection_cpp.hpp
[15.530s] -- Symlinking: /home/tony/colcon_ws/install/mypalletizer_interfaces/include/mypalletizer_interfaces/srv/detail/set_angles__rosidl_typesupport_introspection_cpp.hpp
[15.533s] -- Symlinking: /home/tony/colcon_ws/install/mypalletizer_interfaces/include/mypalletizer_interfaces/srv/detail/set_coords__rosidl_typesupport_introspection_cpp.hpp
[15.538s] -- Symlinking: /home/tony/colcon_ws/install/mypalletizer_interfaces/share/mypalletizer_interfaces/environment/pythonpath.sh
[15.541s] -- Symlinking: /home/tony/colcon_ws/install/mypalletizer_interfaces/share/mypalletizer_interfaces/environment/pythonpath.dsv
[15.545s] -- Symlinking: /home/tony/colcon_ws/install/mypalletizer_interfaces/lib/python3.8/site-packages/mypalletizer_interfaces/__init__.py
[15.548s] -- Symlinking: /home/tony/colcon_ws/install/mypalletizer_interfaces/lib/python3.8/site-packages/mypalletizer_interfaces/msg/__init__.py
[15.553s] -- Symlinking: /home/tony/colcon_ws/install/mypalletizer_interfaces/lib/python3.8/site-packages/mypalletizer_interfaces/msg/_mypal_angles.py
[15.554s] -- Symlinking: /home/tony/colcon_ws/install/mypalletizer_interfaces/lib/python3.8/site-packages/mypalletizer_interfaces/msg/_mypal_coords.py
[15.557s] -- Symlinking: /home/tony/colcon_ws/install/mypalletizer_interfaces/lib/python3.8/site-packages/mypalletizer_interfaces/msg/_mypal_gripper_status.py
[15.560s] -- Symlinking: /home/tony/colcon_ws/install/mypalletizer_interfaces/lib/python3.8/site-packages/mypalletizer_interfaces/msg/_mypal_pump_status.py
[15.564s] -- Symlinking: /home/tony/colcon_ws/install/mypalletizer_interfaces/lib/python3.8/site-packages/mypalletizer_interfaces/msg/_mypal_set_angles.py
[15.566s] -- Symlinking: /home/tony/colcon_ws/install/mypalletizer_interfaces/lib/python3.8/site-packages/mypalletizer_interfaces/msg/_mypal_set_coords.py
[15.570s] -- Symlinking: /home/tony/colcon_ws/install/mypalletizer_interfaces/lib/python3.8/site-packages/mypalletizer_interfaces/srv/__init__.py
[15.573s] -- Symlinking: /home/tony/colcon_ws/install/mypalletizer_interfaces/lib/python3.8/site-packages/mypalletizer_interfaces/srv/_get_angles.py
[15.580s] -- Symlinking: /home/tony/colcon_ws/install/mypalletizer_interfaces/lib/python3.8/site-packages/mypalletizer_interfaces/srv/_get_coords.py
[15.583s] -- Symlinking: /home/tony/colcon_ws/install/mypalletizer_interfaces/lib/python3.8/site-packages/mypalletizer_interfaces/srv/_gripper_status.py
[15.586s] -- Symlinking: /home/tony/colcon_ws/install/mypalletizer_interfaces/lib/python3.8/site-packages/mypalletizer_interfaces/srv/_pump_status.py
[15.590s] -- Symlinking: /home/tony/colcon_ws/install/mypalletizer_interfaces/lib/python3.8/site-packages/mypalletizer_interfaces/srv/_set_angles.py
[15.593s] -- Symlinking: /home/tony/colcon_ws/install/mypalletizer_interfaces/lib/python3.8/site-packages/mypalletizer_interfaces/srv/_set_coords.py
[15.596s] -- Symlinking: /home/tony/colcon_ws/install/mypalletizer_interfaces/lib/python3.8/site-packages/mypalletizer_interfaces/mypalletizer_interfaces_s__rosidl_typesupport_fastrtps_c.cpython-38-aarch64-linux-gnu.so
[15.599s] -- Symlinking: /home/tony/colcon_ws/install/mypalletizer_interfaces/lib/python3.8/site-packages/mypalletizer_interfaces/mypalletizer_interfaces_s__rosidl_typesupport_introspection_c.cpython-38-aarch64-linux-gnu.so
[15.602s] -- Symlinking: /home/tony/colcon_ws/install/mypalletizer_interfaces/lib/python3.8/site-packages/mypalletizer_interfaces/mypalletizer_interfaces_s__rosidl_typesupport_c.cpython-38-aarch64-linux-gnu.so
[15.605s] -- Symlinking: /home/tony/colcon_ws/install/mypalletizer_interfaces/lib/libmypalletizer_interfaces__python.so
[15.609s] -- Symlinking: /home/tony/colcon_ws/install/mypalletizer_interfaces/share/mypalletizer_interfaces/msg/MypalAngles.idl
[15.612s] -- Symlinking: /home/tony/colcon_ws/install/mypalletizer_interfaces/share/mypalletizer_interfaces/msg/MypalCoords.idl
[15.615s] -- Symlinking: /home/tony/colcon_ws/install/mypalletizer_interfaces/share/mypalletizer_interfaces/msg/MypalSetAngles.idl
[15.618s] -- Symlinking: /home/tony/colcon_ws/install/mypalletizer_interfaces/share/mypalletizer_interfaces/msg/MypalSetCoords.idl
[15.621s] -- Symlinking: /home/tony/colcon_ws/install/mypalletizer_interfaces/share/mypalletizer_interfaces/msg/MypalGripperStatus.idl
[15.624s] -- Symlinking: /home/tony/colcon_ws/install/mypalletizer_interfaces/share/mypalletizer_interfaces/msg/MypalPumpStatus.idl
[15.627s] -- Symlinking: /home/tony/colcon_ws/install/mypalletizer_interfaces/share/mypalletizer_interfaces/srv/GetAngles.idl
[15.630s] -- Symlinking: /home/tony/colcon_ws/install/mypalletizer_interfaces/share/mypalletizer_interfaces/srv/SetAngles.idl
[15.633s] -- Symlinking: /home/tony/colcon_ws/install/mypalletizer_interfaces/share/mypalletizer_interfaces/srv/GetCoords.idl
[15.636s] -- Symlinking: /home/tony/colcon_ws/install/mypalletizer_interfaces/share/mypalletizer_interfaces/srv/SetCoords.idl
[15.639s] -- Symlinking: /home/tony/colcon_ws/install/mypalletizer_interfaces/share/mypalletizer_interfaces/srv/GripperStatus.idl
[15.642s] -- Symlinking: /home/tony/colcon_ws/install/mypalletizer_interfaces/share/mypalletizer_interfaces/srv/PumpStatus.idl
[15.645s] -- Symlinking: /home/tony/colcon_ws/install/mypalletizer_interfaces/share/mypalletizer_interfaces/msg/MypalAngles.msg
[15.649s] -- Symlinking: /home/tony/colcon_ws/install/mypalletizer_interfaces/share/mypalletizer_interfaces/msg/MypalCoords.msg
[15.652s] -- Symlinking: /home/tony/colcon_ws/install/mypalletizer_interfaces/share/mypalletizer_interfaces/msg/MypalSetAngles.msg
[15.655s] -- Symlinking: /home/tony/colcon_ws/install/mypalletizer_interfaces/share/mypalletizer_interfaces/msg/MypalSetCoords.msg
[15.658s] -- Symlinking: /home/tony/colcon_ws/install/mypalletizer_interfaces/share/mypalletizer_interfaces/msg/MypalGripperStatus.msg
[15.661s] -- Symlinking: /home/tony/colcon_ws/install/mypalletizer_interfaces/share/mypalletizer_interfaces/msg/MypalPumpStatus.msg
[15.664s] -- Symlinking: /home/tony/colcon_ws/install/mypalletizer_interfaces/share/mypalletizer_interfaces/srv/GetAngles.srv
[15.667s] -- Symlinking: /home/tony/colcon_ws/install/mypalletizer_interfaces/share/mypalletizer_interfaces/srv/GetAngles_Request.msg
[15.670s] -- Symlinking: /home/tony/colcon_ws/install/mypalletizer_interfaces/share/mypalletizer_interfaces/srv/GetAngles_Response.msg
[15.673s] -- Symlinking: /home/tony/colcon_ws/install/mypalletizer_interfaces/share/mypalletizer_interfaces/srv/SetAngles.srv
[15.677s] -- Symlinking: /home/tony/colcon_ws/install/mypalletizer_interfaces/share/mypalletizer_interfaces/srv/SetAngles_Request.msg
[15.680s] -- Symlinking: /home/tony/colcon_ws/install/mypalletizer_interfaces/share/mypalletizer_interfaces/srv/SetAngles_Response.msg
[15.683s] -- Symlinking: /home/tony/colcon_ws/install/mypalletizer_interfaces/share/mypalletizer_interfaces/srv/GetCoords.srv
[15.686s] -- Symlinking: /home/tony/colcon_ws/install/mypalletizer_interfaces/share/mypalletizer_interfaces/srv/GetCoords_Request.msg
[15.689s] -- Symlinking: /home/tony/colcon_ws/install/mypalletizer_interfaces/share/mypalletizer_interfaces/srv/GetCoords_Response.msg
[15.692s] -- Symlinking: /home/tony/colcon_ws/install/mypalletizer_interfaces/share/mypalletizer_interfaces/srv/SetCoords.srv
[15.695s] -- Symlinking: /home/tony/colcon_ws/install/mypalletizer_interfaces/share/mypalletizer_interfaces/srv/SetCoords_Request.msg
[15.698s] -- Symlinking: /home/tony/colcon_ws/install/mypalletizer_interfaces/share/mypalletizer_interfaces/srv/SetCoords_Response.msg
[15.701s] -- Symlinking: /home/tony/colcon_ws/install/mypalletizer_interfaces/share/mypalletizer_interfaces/srv/GripperStatus.srv
[15.704s] -- Symlinking: /home/tony/colcon_ws/install/mypalletizer_interfaces/share/mypalletizer_interfaces/srv/GripperStatus_Request.msg
[15.707s] -- Symlinking: /home/tony/colcon_ws/install/mypalletizer_interfaces/share/mypalletizer_interfaces/srv/GripperStatus_Response.msg
[15.712s] -- Symlinking: /home/tony/colcon_ws/install/mypalletizer_interfaces/share/mypalletizer_interfaces/srv/PumpStatus.srv
[15.716s] -- Symlinking: /home/tony/colcon_ws/install/mypalletizer_interfaces/share/mypalletizer_interfaces/srv/PumpStatus_Request.msg
[15.719s] -- Symlinking: /home/tony/colcon_ws/install/mypalletizer_interfaces/share/mypalletizer_interfaces/srv/PumpStatus_Response.msg
[15.723s] -- Symlinking: /home/tony/colcon_ws/install/mypalletizer_interfaces/share/ament_index/resource_index/package_run_dependencies/mypalletizer_interfaces
[15.726s] -- Symlinking: /home/tony/colcon_ws/install/mypalletizer_interfaces/share/ament_index/resource_index/parent_prefix_path/mypalletizer_interfaces
[15.729s] -- Symlinking: /home/tony/colcon_ws/install/mypalletizer_interfaces/share/mypalletizer_interfaces/environment/ament_prefix_path.sh
[15.733s] -- Symlinking: /home/tony/colcon_ws/install/mypalletizer_interfaces/share/mypalletizer_interfaces/environment/ament_prefix_path.dsv
[15.736s] -- Symlinking: /home/tony/colcon_ws/install/mypalletizer_interfaces/share/mypalletizer_interfaces/environment/path.sh
[15.739s] -- Symlinking: /home/tony/colcon_ws/install/mypalletizer_interfaces/share/mypalletizer_interfaces/environment/path.dsv
[15.742s] -- Symlinking: /home/tony/colcon_ws/install/mypalletizer_interfaces/share/mypalletizer_interfaces/local_setup.bash
[15.745s] -- Symlinking: /home/tony/colcon_ws/install/mypalletizer_interfaces/share/mypalletizer_interfaces/local_setup.sh
[15.748s] -- Symlinking: /home/tony/colcon_ws/install/mypalletizer_interfaces/share/mypalletizer_interfaces/local_setup.zsh
[15.751s] -- Symlinking: /home/tony/colcon_ws/install/mypalletizer_interfaces/share/mypalletizer_interfaces/local_setup.dsv
[15.754s] -- Symlinking: /home/tony/colcon_ws/install/mypalletizer_interfaces/share/mypalletizer_interfaces/package.dsv
[15.757s] -- Symlinking: /home/tony/colcon_ws/install/mypalletizer_interfaces/share/ament_index/resource_index/packages/mypalletizer_interfaces
[15.760s] -- Symlinking: /home/tony/colcon_ws/install/mypalletizer_interfaces/share/mypalletizer_interfaces/cmake/rosidl_cmake-extras.cmake
[15.764s] -- Symlinking: /home/tony/colcon_ws/install/mypalletizer_interfaces/share/mypalletizer_interfaces/cmake/ament_cmake_export_dependencies-extras.cmake
[15.767s] -- Symlinking: /home/tony/colcon_ws/install/mypalletizer_interfaces/share/mypalletizer_interfaces/cmake/ament_cmake_export_libraries-extras.cmake
[15.770s] -- Symlinking: /home/tony/colcon_ws/install/mypalletizer_interfaces/share/mypalletizer_interfaces/cmake/ament_cmake_export_targets-extras.cmake
[15.773s] -- Symlinking: /home/tony/colcon_ws/install/mypalletizer_interfaces/share/mypalletizer_interfaces/cmake/ament_cmake_export_include_directories-extras.cmake
[15.776s] -- Symlinking: /home/tony/colcon_ws/install/mypalletizer_interfaces/share/mypalletizer_interfaces/cmake/rosidl_cmake_export_typesupport_libraries-extras.cmake
[15.779s] -- Symlinking: /home/tony/colcon_ws/install/mypalletizer_interfaces/share/mypalletizer_interfaces/cmake/rosidl_cmake_export_typesupport_targets-extras.cmake
[15.782s] -- Symlinking: /home/tony/colcon_ws/install/mypalletizer_interfaces/share/mypalletizer_interfaces/cmake/mypalletizer_interfacesConfig.cmake
[15.785s] -- Symlinking: /home/tony/colcon_ws/install/mypalletizer_interfaces/share/mypalletizer_interfaces/cmake/mypalletizer_interfacesConfig-version.cmake
[15.788s] -- Symlinking: /home/tony/colcon_ws/install/mypalletizer_interfaces/share/mypalletizer_interfaces/package.xml
[15.791s] -- Installing: /home/tony/colcon_ws/install/mypalletizer_interfaces/lib/libmypalletizer_interfaces__rosidl_generator_c.so
[15.791s] -- Set runtime path of "/home/tony/colcon_ws/install/mypalletizer_interfaces/lib/libmypalletizer_interfaces__rosidl_generator_c.so" to ""
[15.791s] -- Installing: /home/tony/colcon_ws/install/mypalletizer_interfaces/lib/libmypalletizer_interfaces__rosidl_typesupport_introspection_c.so
[15.791s] -- Set runtime path of "/home/tony/colcon_ws/install/mypalletizer_interfaces/lib/libmypalletizer_interfaces__rosidl_typesupport_introspection_c.so" to ""
[15.791s] -- Installing: /home/tony/colcon_ws/install/mypalletizer_interfaces/lib/libmypalletizer_interfaces__rosidl_typesupport_c.so
[15.792s] -- Set runtime path of "/home/tony/colcon_ws/install/mypalletizer_interfaces/lib/libmypalletizer_interfaces__rosidl_typesupport_c.so" to ""
[15.792s] -- Installing: /home/tony/colcon_ws/install/mypalletizer_interfaces/lib/libmypalletizer_interfaces__rosidl_typesupport_introspection_cpp.so
[15.792s] -- Set runtime path of "/home/tony/colcon_ws/install/mypalletizer_interfaces/lib/libmypalletizer_interfaces__rosidl_typesupport_introspection_cpp.so" to ""
[15.792s] -- Installing: /home/tony/colcon_ws/install/mypalletizer_interfaces/lib/libmypalletizer_interfaces__rosidl_typesupport_cpp.so
[15.792s] -- Set runtime path of "/home/tony/colcon_ws/install/mypalletizer_interfaces/lib/libmypalletizer_interfaces__rosidl_typesupport_cpp.so" to ""
[15.805s] Compiling '/home/tony/colcon_ws/install/mypalletizer_interfaces/lib/python3.8/site-packages/mypalletizer_interfaces/__init__.py'...
[15.807s] -- Installing: /home/tony/colcon_ws/install/mypalletizer_interfaces/share/mypalletizer_interfaces/cmake/mypalletizer_interfaces__rosidl_generator_cExport.cmake
[15.807s] -- Installing: /home/tony/colcon_ws/install/mypalletizer_interfaces/share/mypalletizer_interfaces/cmake/mypalletizer_interfaces__rosidl_generator_cExport-noconfig.cmake
[15.807s] -- Installing: /home/tony/colcon_ws/install/mypalletizer_interfaces/share/mypalletizer_interfaces/cmake/mypalletizer_interfaces__rosidl_typesupport_introspection_cExport.cmake
[15.807s] -- Installing: /home/tony/colcon_ws/install/mypalletizer_interfaces/share/mypalletizer_interfaces/cmake/mypalletizer_interfaces__rosidl_typesupport_introspection_cExport-noconfig.cmake
[15.807s] -- Installing: /home/tony/colcon_ws/install/mypalletizer_interfaces/share/mypalletizer_interfaces/cmake/mypalletizer_interfaces__rosidl_typesupport_cExport.cmake
[15.807s] -- Installing: /home/tony/colcon_ws/install/mypalletizer_interfaces/share/mypalletizer_interfaces/cmake/mypalletizer_interfaces__rosidl_typesupport_cExport-noconfig.cmake
[15.807s] -- Installing: /home/tony/colcon_ws/install/mypalletizer_interfaces/share/mypalletizer_interfaces/cmake/mypalletizer_interfaces__rosidl_generator_cppExport.cmake
[15.807s] -- Installing: /home/tony/colcon_ws/install/mypalletizer_interfaces/share/mypalletizer_interfaces/cmake/mypalletizer_interfaces__rosidl_typesupport_introspection_cppExport.cmake
[15.807s] -- Installing: /home/tony/colcon_ws/install/mypalletizer_interfaces/share/mypalletizer_interfaces/cmake/mypalletizer_interfaces__rosidl_typesupport_introspection_cppExport-noconfig.cmake
[15.807s] -- Installing: /home/tony/colcon_ws/install/mypalletizer_interfaces/share/mypalletizer_interfaces/cmake/mypalletizer_interfaces__rosidl_typesupport_cppExport.cmake
[15.808s] -- Installing: /home/tony/colcon_ws/install/mypalletizer_interfaces/share/mypalletizer_interfaces/cmake/mypalletizer_interfaces__rosidl_typesupport_cppExport-noconfig.cmake
[15.812s] Invoked command in '/home/tony/colcon_ws/build/mypalletizer_interfaces' returned '0': CMAKE_PREFIX_PATH=/opt/ros/foxy /usr/bin/cmake --install /home/tony/colcon_ws/build/mypalletizer_interfaces
